0.312243	0.58034	0	0	0.312243	0.58034	0.6	0.6	5.19994	0	0.287757	0.0196602	5.19994	0	0	0	0
0.735505	0.629635	7.19981	3.34835e-16	0.862916	0.534212	0.859997	0.600045	5.19975	0.00179686	0.221701	0.0251208	3.93952	0.00127057	74.7698	0	74.7698
0.735505	0.629635	7.19981	3.34835e-16	1.17385	0.481073	1.11998	0.600225	5.19943	0.00538996	0.28643	0.0266276	3.41765	0.00328026	74.7698	0	74.7698
0.897527	0.359049	6.85091	2.38179	0.969149	0.397513	1.37996	0.600629	5.19898	0.0107781	0.346	0.122971	3.07286	1.18551	1.08259	0	1.08259
0.897527	0.359049	6.85091	2.38179	1.65063	0.62469	1.6399	0.601347	5.19839	0.0179597	0.453869	0.1544	2.84608	1.49729	1.08259	0	1.08259
1.28224	0.527732	5.69971	2.62414	1.62331	0.499091	1.89982	0.60247	5.19766	0.0269323	0.485007	0.144212	2.60617	1.72988	6.04917	0	6.04917
1.28224	0.527732	5.69971	2.62414	2.18882	0.648739	2.1597	0.604086	5.19678	0.0376932	0.558228	0.136597	2.42032	1.87634	6.04917	0	6.04917
1.73723	0.531473	5.70401	1.25969	1.96701	0.557117	2.41954	0.606284	5.19573	0.0502389	0.575205	0.130484	2.27113	1.8065	5.74731	0	5.74731
1.73723	0.531473	5.70401	1.25969	2.65526	0.66598	2.67932	0.609155	5.1945	0.0645654	0.62667	0.125717	2.14796	1.74915	5.74731	0	5.74731
2.25933	0.558471	5.71796	-0.515936	2.92034	0.645898	2.93904	0.612786	5.19309	0.080668	0.632175	0.120496	2.04449	1.67008	9.48016	0	9.48016
2.25933	0.558471	5.71796	-0.515936	3.01222	0.637046	3.19869	0.617267	5.19147	0.0985415	0.665982	0.116248	1.95579	1.6031	9.48016	0	9.48016
2.74002	0.468071	5.48864	-1.99377	3.56096	0.485311	3.45825	0.622685	5.18963	0.11818	0.670491	0.119915	1.87452	1.6515	11.3278	0	11.3278
2.74002	0.468071	5.48864	-1.99377	3.89365	0.311793	3.71772	0.62913	5.18754	0.139576	0.698933	0.123567	1.80291	1.69344	11.3278	0	11.3278
3.19451	0.476219	5.63447	-1.56136	4.19786	0.698311	3.97708	0.636689	5.18519	0.162724	0.705236	0.126561	1.74148	1.69565	15.2022	0	15.2022
3.19451	0.476219	5.63447	-1.56136	4.30935	0.578564	4.23632	0.645449	5.18256	0.187614	0.732502	0.129842	1.68647	1.69926	15.2022	0	15.2022
3.62488	0.458614	5.6189	-1.50501	4.61908	0.68951	4.49542	0.655498	5.17962	0.214238	0.741882	0.135011	1.6366	1.70051	14.733	0	14.733
3.62488	0.458614	5.6189	-1.50501	4.35143	0.899174	4.75437	0.666921	5.17634	0.242587	0.770103	0.140386	1.59136	1.70332	14.733	0	14.733
4.04096	0.424536	5.54153	-1.62042	5.20901	0.66599	5.01315	0.679804	5.1727	0.272649	0.7827	0.149109	1.54897	1.71441	21.4013	0	21.4013
4.04096	0.424536	5.54153	-1.62042	5.51894	0.648233	5.27175	0.694234	5.16867	0.304413	0.812468	0.157771	1.51008	1.72613	21.4013	0	21.4013
4.41864	0.419492	5.61904	-1.23698	5.22834	0.639362	5.53013	0.710295	5.16422	0.337868	0.829981	0.166959	1.47535	1.71888	9.85675	0	9.85675
4.41864	0.419492	5.61904	-1.23698	6.022	0.708619	5.78828	0.728072	5.15932	0.372999	0.863362	0.176302	1.44329	1.71385	9.85675	0	9.85675
4.7901	0.333445	5.55006	-1.54393	5.89392	0.373584	6.04618	0.747647	5.15393	0.409793	0.885001	0.193566	1.41263	1.72548	18.2976	0	18.2976
4.7901	0.333445	5.55006	-1.54393	6.34249	0.948833	6.30379	0.769103	5.14803	0.448233	0.9213	0.209978	1.38412	1.73792	18.2976	0	18.2976
5.19545	0.37137	5.59319	-1.10179	6.62134	0.836138	6.5611	0.792523	5.14157	0.488305	0.944	0.22281	1.35811	1.73202	32.7685	0	32.7685
5.19545	0.37137	5.59319	-1.10179	6.78214	0.714036	6.81808	0.817988	5.13452	0.52999	0.980208	0.235875	1.33383	1.72812	32.7685	0	32.7685
5.59525	0.35694	5.56925	-1.03869	7.29121	0.630741	7.07469	0.845578	5.12685	0.573269	1.00401	0.250361	1.3108	1.72379	43.3077	0	43.3077
5.59525	0.35694	5.56925	-1.03869	7.13735	0.957217	7.3309	0.875373	5.11851	0.618123	1.04032	0.265167	1.28922	1.72136	43.3077	0	43.3077
6.05269	0.416309	5.66627	-0.442862	8.08349	0.819605	7.58668	0.907449	5.10946	0.664531	1.06191	0.276437	1.27035	1.70325	53.0713	0	53.0713
6.05269	0.416309	5.66627	-0.442862	7.80533	0.719126	7.84199	0.941886	5.09966	0.712469	1.09507	0.28863	1.25269	1.68732	53.0713	0	53.0713
6.46372	0.500656	5.63633	0.113928	8.40453	0.884557	8.0968	0.978759	5.08907	0.761915	1.11719	0.296901	1.23568	1.66317	55.5209	0	55.5209
6.46372	0.500656	5.63633	0.113928	8.24796	0.840322	8.35106	1.01814	5.07766	0.812843	1.15011	0.306504	1.21972	1.64093	55.5209	0	55.5209
6.87193	0.70895	5.50222	1.19226	8.45858	1.41118	8.60472	1.06011	5.06537	0.865226	1.17271	0.307998	1.20299	1.61613	39.7612	0	39.7612
6.87193	0.70895	5.50222	1.19226	8.74615	1.04858	8.85775	1.10473	5.05216	0.919037	1.20543	0.311022	1.18721	1.59216	39.7612	0	39.7612
7.32462	0.85568	5.36362	1.87585	9.8809	1.1419	9.1101	1.15208	5.03798	0.974245	1.22641	0.310602	1.17095	1.57618	79.7735	0	79.7735
7.32462	0.85568	5.36362	1.87585	9.25579	1.04913	9.36172	1.20223	5.0228	1.03082	1.25686	0.311687	1.15554	1.56005	79.7735	0	79.7735
7.74883	1.04517	5.13558	2.57693	10.1016	1.52474	9.61255	1.25524	5.00656	1.08873	1.27761	0.309315	1.13958	1.5581	68.9133	0	68.9133
7.74883	1.04517	5.13558	2.57693	10.0484	1.44598	9.86254	1.31118	4.98922	1.14794	1.30726	0.308225	1.12433	1.55475	68.9133	0	68.9133
8.14255	1.29219	4.71608	3.37775	10.5377	1.72555	10.1117	1.37011	4.97074	1.20841	1.3289	0.304405	1.11021	1.574	72.1801	0	72.1801
8.14255	1.29219	4.71608	3.37775	10.2492	1.45907	10.3598	1.4321	4.95106	1.2701	1.35896	0.301311	1.09653	1.58992	72.1801	0	72.1801
8.51236	1.51974	4.31189	3.97481	10.9084	1.70343	10.6069	1.49721	4.93014	1.33298	1.38213	0.297542	1.08714	1.62454	69.8043	0	69.8043
8.51236	1.51974	4.31189	3.97481	10.7313	1.45265	10.853	1.56549	4.90794	1.39701	1.41326	0.293978	1.07783	1.65434	69.8043	0	69.8043
8.91534	1.61621	4.35405	4.03322	11.4783	1.42876	11.0979	1.637	4.8844	1.46213	1.43637	0.290475	1.06806	1.68199	79.6653	0	79.6653
8.91534	1.61621	4.35405	4.03322	11.587	1.61462	11.3416	1.71179	4.85948	1.52832	1.467	0.287447	1.05838	1.70564	79.6653	0	79.6653
9.2783	1.76155	4.23189	4.23379	11.4763	1.53917	11.584	1.78992	4.83313	1.59551	1.49131	0.284194	1.0502	1.73242	57.7249	0	57.7249
9.2783	1.76155	4.23189	4.23379	11.7788	1.74591	11.8251	1.87144	4.80531	1.66366	1.52273	0.281496	1.04198	1.75538	57.7249	0	57.7249
9.66661	1.912	4.21101	4.34152	12.136	2.14937	12.0647	1.95639	4.77598	1.73273	1.54704	0.278496	1.03395	1.7783	74.9716	0	74.9716
9.66661	1.912	4.21101	4.34152	12.3226	1.78353	12.3029	2.04482	4.74508	1.80265	1.57806	0.276198	1.02585	1.79783	74.9716	0	74.9716
10.0626	2.03109	4.24948	4.36801	12.5457	1.77728	12.5394	2.13677	4.71257	1.87338	1.60194	0.273731	1.01731	1.81508	75.2112	0	75.2112
10.0626	2.03109	4.24948	4.36801	12.5924	2.17509	12.7743	2.23227	4.67842	1.94485	1.63215	0.272443	1.00874	1.82951	75.2112	0	75.2112
10.4681	2.19974	4.24753	4.45979	13.2198	2.6644	13.0075	2.33137	4.64258	2.01701	1.65518	0.270347	1.00016	1.84378	94.7903	0	94.7903
10.4681	2.19974	4.24753	4.45979	13.0875	2.40708	13.2388	2.43409	4.605	2.08981	1.68417	0.269687	0.991573	1.85553	94.7903	0	94.7903
10.7666	2.46791	3.91611	4.82266	12.7087	3.12439	13.4682	2.54047	4.56565	2.16317	1.70945	0.267271	0.986115	1.87424	50.4641	0	50.4641
10.7666	2.46791	3.91611	4.82266	13.836	2.62479	13.6955	2.65053	4.52448	2.23703	1.74039	0.265923	0.980335	1.89015	50.4641	0	50.4641
11.1294	2.66458	3.80339	4.96983	13.8302	2.73893	13.9208	2.7643	4.48147	2.31134	1.76554	0.263798	0.975589	1.90719	84.9906	0	84.9906
11.1294	2.66458	3.80339	4.96983	14.2106	2.94205	14.1439	2.88179	4.43656	2.38601	1.79602	0.263025	0.970443	1.92162	84.9906	0	84.9906
11.5329	2.82987	3.84299	4.99242	14.5568	2.87021	14.3646	3.00303	4.38974	2.46099	1.81969	0.261691	0.96451	1.9342	108.749	0	108.749
11.5329	2.82987	3.84299	4.99242	14.4616	2.90734	14.583	3.12802	4.34097	2.5362	1.84835	0.262374	0.958285	1.94456	108.749	0	108.749
11.9033	3.06279	3.77467	5.1197	14.6754	3.96041	14.7989	3.25679	4.29021	2.61157	1.87138	0.261347	0.952397	1.95566	100.791	0	100.791
11.9033	3.06279	3.77467	5.1197	15.0261	3.5067	15.0122	3.38932	4.23744	2.68703	1.89908	0.262586	0.946211	1.96471	100.791	0	100.791
12.2633	3.31898	3.61578	5.31049	15.3685	4.14761	15.2228	3.52563	4.18263	2.76249	1.92156	0.261752	0.941142	1.97584	121.073	0	121.073
12.2633	3.31898	3.61578	5.31049	15.5236	3.82936	15.4306	3.66572	4.12575	2.83789	1.94841	0.263367	0.935677	1.98499	121.073	0	121.073
12.6351	3.51993	3.55882	5.38887	15.7234	3.4105	15.6355	3.80957	4.06678	2.91315	1.96984	0.263811	0.93034	1.99386	108.139	0	108.139
12.6351	3.51993	3.55882	5.38887	15.9774	4.00094	15.8375	3.95719	4.00571	2.98817	1.99536	0.267445	0.924642	2.00096	108.139	0	108.139
12.9916	3.76936	3.39725	5.55283	16.3376	4.21632	16.0363	4.10854	3.94251	3.0629	2.01596	0.268713	0.919919	2.00952	133.194	0	133.194
12.9916	3.76936	3.39725	5.55283	16.3313	4.44499	16.2319	4.26363	3.87716	3.13723	2.04037	0.273595	0.914754	2.01639	133.194	0	133.194
13.365	4.00591	3.33065	5.64712	16.7586	4.48231	16.4242	4.42242	3.80966	3.21109	2.05957	0.276313	0.90971	2.02339	136.351	0	136.351
13.365	4.00591	3.33065	5.64712	16.6039	4.67344	16.613	4.5849	3.74	3.28438	2.0823	0.283218	0.90428	2.02888	136.351	0	136.351
13.6756	4.3039	3.03617	5.87612	16.9236	5.10119	16.7983	4.75103	3.66817	3.35704	2.10133	0.286309	0.900872	2.03694	135.611	0	135.611
13.6756	4.3039	3.03617	5.87612	16.9955	5.21099	16.9799	4.92077	3.59416	3.42897	2.12364	0.293768	0.896839	2.04347	135.611	0	135.611
14.011	4.55294	2.88383	5.99039	17.3421	4.64623	17.1579	5.09409	3.51797	3.50008	2.1417	0.298748	0.89363	2.05054	125.716	0	125.716
14.011	4.55294	2.88383	5.99039	17.2894	5.43542	17.3319	5.27094	3.4396	3.57028	2.16278	0.308632	0.889763	2.05621	125.716	0	125.716
14.3332	4.80385	2.70598	6.10415	17.6463	4.74597	17.5019	5.45128	3.35907	3.63949	2.17993	0.315837	0.886908	2.06243	122.577	0	122.577
14.3332	4.80385	2.70598	6.10415	17.7853	5.62476	17.6679	5.63506	3.27637	3.70762	2.19985	0.328406	0.883339	2.06738	122.577	0	122.577
14.6312	5.11076	2.45255	6.26695	17.9216	6.07151	17.8297	5.82221	3.19151	3.77458	2.21634	0.336502	0.881546	2.0737	139.092	0	139.092
14.6312	5.11076	2.45255	6.26695	18.1263	6.16985	17.9872	6.01269	3.10453	3.84027	2.23536	0.3501	0.878879	2.0788	139.092	0	139.092
14.9301	5.42952	2.26097	6.39782	18.1245	6.79027	18.1402	6.20641	3.01542	3.90462	2.25093	0.359025	0.877356	2.08479	140.651	0	140.651
14.9301	5.42952	2.26097	6.39782	18.2164	6.66138	18.2888	6.40332	2.92421	3.96753	2.26879	0.373551	0.874912	2.08964	140.651	0	140.651
15.2124	5.75453	2.03674	6.52769	18.4022	7.02231	18.4328	6.60333	2.83093	4.0289	2.2835	0.38339	0.873924	2.09539	138.098	0	138.098
15.2124	5.75453	2.03674	6.52769	18.5422	6.76013	18.572	6.80638	2.7356	4.08867	2.30027	0.398913	0.871928	2.10009	138.098	0	138.098
15.5113	6.06791	1.90796	6.61322	18.8089	7.24388	18.7064	7.01237	2.63825	4.14672	2.31359	0.410235	0.870299	2.10507	143.271	0	143.271
15.5113	6.06791	1.90796	6.61322	19.1441	7.18344	18.8359	7.22122	2.53893	4.20299	2.32875	0.42736	0.867747	2.1091	143.271	0	143.271
15.7409	6.40347	1.60339	6.73587	18.5479	7.4012	18.9604	7.43283	2.43767	4.25737	2.34165	0.439694	0.867347	2.114	105.639	0	105.639
15.7409	6.40347	1.60339	6.73587	19.0138	7.8688	19.0798	7.64712	2.3345	4.3098	2.35618	0.457861	0.865833	2.11803	105.639	0	105.639
16.0124	6.72211	1.4388	6.81023	19.3089	7.67375	19.1939	7.86397	2.22949	4.36017	2.3677	0.471871	0.864977	2.12229	136.583	0	136.583
16.0124	6.72211	1.4388	6.81023	19.132	8.12845	19.3028	8.08329	2.12266	4.40842	2.38063	0.491773	0.863067	2.12579	136.583	0	136.583
16.2472	7.05802	1.25139	6.88303	19.0239	8.17194	19.4062	8.30497	2.01409	4.45445	2.39114	0.507059	0.861967	2.12956	104.52	0	104.52
16.2472	7.05802	1.25139	6.88303	19.347	8.30741	19.5042	8.5289	1.90381	4.49819	2.40286	0.528225	0.859849	2.13267	104.52	0	104.52
16.4817	7.39121	1.01439	6.95624	19.6843	8.35902	19.5966	8.75494	1.7919	4.53956	2.41214	0.544963	0.858957	2.13611	130.358	0	130.358
16.4817	7.39121	1.01439	6.95624	20.0039	8.8906	19.6835	8.983	1.67841	4.57848	2.42244	0.567554	0.857014	2.13897	130.358	0	130.358
16.6864	7.76008	0.735172	7.03926	19.6061	9.48659	19.7645	9.21294	1.56341	4.61488	2.43069	0.5848	0.856699	2.14235	134.343	0	134.343
16.6864	7.76008	0.735172	7.03926	20.1574	9.45949	19.8398	9.44463	1.44697	4.64869	2.4398	0.607797	0.85524	2.14524	134.343	0	134.343
16.8614	8.13351	0.410305	7.11	19.6163	9.76606	19.9093	9.67795	1.32916	4.67984	2.44722	0.625563	0.855957	2.14854	120.788	0	120.788
16.8614	8.13351	0.410305	7.11	20.1573	9.90876	19.9728	9.91275	1.21005	4.70826	2.45532	0.648969	0.855372	2.15142	120.788	0	120.788
17.0243	8.55965	0.182307	7.1862	19.1911	11.5493	20.0303	10.1489	1.08972	4.73389	2.46182	0.665995	0.855943	2.15484	136.72	0	136.72
17.0243	8.55965	0.182307	7.1862	20.166	10.4687	20.0818	10.3863	0.968259	4.75666	2.46884	0.688478	0.855236	2.15791	136.72	0	136.72
17.1624	8.95074	-0.14736	7.23186	19.6775	10.803	20.1271	10.6247	0.845742	4.77652	2.47452	0.70587	0.856786	2.16122	113.211	0	113.211
17.1624	8.95074	-0.14736	7.23186	20.371	11.0109	20.1663	10.864	0.722256	4.7934	2.48055	0.728598	0.856919	2.16426	113.211	0	113.211
17.2923	9.38399	-0.401592	7.28553	19.4335	12.3402	20.1993	11.1041	0.597892	4.80727	2.48528	0.745407	0.858494	2.1677	135.588	0	135.588
17.2923	9.38399	-0.401592	7.28553	20.3164	11.3483	20.2261	11.3449	0.472738	4.81807	2.49021	0.767371	0.858655	2.17093	135.588	0	135.588
17.3461	9.80935	-0.875833	7.29985	19.2063	12.2418	20.2466	11.5861	0.346889	4.82575	2.49465	0.783924	0.863056	2.17417	103.08	0	103.08
17.3461	9.80935	-0.875833	7.29985	20.6141	11.9422	20.2608	11.8275	0.220439	4.83027	2.49915	0.805469	0.865673	2.17729	103.08	0	103.08
17.4725	10.2043	-1.02674	7.31429	19.966	11.9688	20.2687	12.0692	0.093487	4.83159	2.50224	0.822506	0.868531	2.1805	109.878	0	109.878
17.4725	10.2043	-1.02674	7.31429	20.3263	12.4966	20.2701	12.3108	-0.0338694	4.82968	2.50527	0.844411	0.869824	2.18365	109.878	0	109.878
17.5409	10.603	-1.41247	7.29014	20.0192	12.4823	20.2652	12.5522	-0.161529	4.82451	2.50747	0.861805	0.87428	2.18654	114.96	0	114.96
17.5409	10.603	-1.41247	7.29014	20.498	12.8924	20.254	12.7933	-0.28939	4.81605	2.50951	0.883926	0.876982	2.18945	114.96	0	114.96
17.6547	10.9762	-1.65921	7.26321	20.9151	12.2555	20.2363	13.0339	-0.417348	4.80428	2.5102	0.902164	0.881131	2.19215	140.27	0	140.27
17.6547	10.9762	-1.65921	7.26321	20.1943	13.1688	20.2122	13.2738	-0.545298	4.78918	2.51064	0.925003	0.883591	2.19495	140.27	0	140.27
17.7038	11.3868	-1.9355	7.23453	19.858	13.5236	20.1818	13.5129	-0.673135	4.77072	2.51034	0.943164	0.887839	2.19759	103.969	0	103.969
17.7038	11.3868	-1.9355	7.23453	20.3245	13.8896	20.1449	13.7509	-0.800753	4.74892	2.50972	0.965749	0.890416	2.20041	103.969	0	103.969
17.7502	11.7787	-2.24325	7.17691	20.3387	13.5307	20.1017	13.9878	-0.928043	4.72374	2.50832	0.984152	0.895186	2.20283	114.631	0	114.631
17.7502	11.7787	-2.24325	7.17691	20.1216	14.337	20.0521	14.2233	-1.0549	4.69521	2.50654	1.00681	0.898254	2.2055	114.631	0	114.631
17.755	12.1905	-2.54482	7.11563	19.6717	14.4038	19.9962	14.4573	-1.18121	4.66331	2.50429	1.02494	0.90347	2.20783	95.3529	0	95.3529
17.755	12.1905	-2.54482	7.11563	19.781	14.773	19.934	14.6897	-1.30687	4.62805	2.5016	1.04713	0.906971	2.21046	95.3529	0	95.3529
17.7689	12.5747	-2.79221	7.04482	20.1149	14.0165	19.8655	14.9202	-1.43177	4.58944	2.49833	1.06542	0.91193	2.21273	88.2646	0	88.2646
17.7689	12.5747	-2.79221	7.04482	20.0208	15.2053	19.7908	15.1486	-1.55581	4.54751	2.49458	1.08759	0.915247	2.21536	88.2646	0	88.2646
17.7308	12.9693	-3.26327	6.88265	20.0157	15.3443	19.7099	15.3749	-1.67887	4.50226	2.49059	1.10569	0.923091	2.21684	133.249	0	133.249
17.7308	12.9693	-3.26327	6.88265	19.9131	15.554	19.6229	15.5989	-1.80085	4.45372	2.48609	1.12747	0.929028	2.21873	133.249	0	133.249
17.7026	13.3538	-3.53616	6.77338	19.9388	15.0864	19.5298	15.8203	-1.92164	4.40193	2.48124	1.14541	0.936947	2.22007	93.3447	0	93.3447
17.7026	13.3538	-3.53616	6.77338	19.4748	16.0098	19.4307	16.039	-2.04114	4.3469	2.47586	1.16685	0.943014	2.22189	93.3447	0	93.3447
17.6364	13.759	-3.78056	6.67766	19.1556	16.0022	19.3257	16.2549	-2.15925	4.28868	2.47035	1.18411	0.950668	2.22333	80.052	0	80.052
17.6364	13.759	-3.78056	6.67766	19.238	16.2719	19.2148	16.4679	-2.27586	4.22731	2.4643	1.20464	0.956563	2.2253	80.052	0	80.052
17.56	14.1493	-4.07225	6.53925	19.4007	16.2962	19.0981	16.6777	-2.39087	4.16284	2.45812	1.22134	0.96472	2.22658	91.0233	0	91.0233
17.56	14.1493	-4.07225	6.53925	19.0029	16.8387	18.9757	16.8841	-2.50418	4.0953	2.45144	1.24111	0.971138	2.22843	91.0233	0	91.0233
17.4373	14.5554	-4.47841	6.32791	18.8373	17.7112	18.8477	17.0872	-2.61571	4.02476	2.44482	1.25683	0.981572	2.22905	123.157	0	123.157
17.4373	14.5554	-4.47841	6.32791	18.6148	17.3832	18.7142	17.2866	-2.72534	3.95127	2.43769	1.2754	0.990133	2.23027	123.157	0	123.157
17.3367	14.9506	-4.62149	6.25566	18.8177	17.0316	18.5752	17.4822	-2.83299	3.87489	2.43051	1.2902	0.998984	2.2315	77.7006	0	77.7006
17.3367	14.9506	-4.62149	6.25566	18.1023	17.5529	18.4309	17.674	-2.93858	3.79568	2.42287	1.30763	1.00619	2.23339	77.7006	0	77.7006
17.1939	15.3393	-4.82896	6.13449	18.2749	17.4877	18.2814	17.8617	-3.042	3.71372	2.4153	1.32146	1.01462	2.23492	61.6716	0	61.6716
17.1939	15.3393	-4.82896	6.13449	18.2094	18.0461	18.1268	18.0453	-3.14318	3.62906	2.40732	1.33772	1.02152	2.23714	61.6716	0	61.6716
17.024	15.6932	-5.13416	5.91203	18.3021	17.498	17.9671	18.2246	-3.24204	3.5418	2.39947	1.35093	1.03102	2.23819	55.8804	0	55.8804
17.024	15.6932	-5.13416	5.91203	17.9018	18.2183	17.8026	18.3994	-3.3385	3.45199	2.39126	1.36638	1.03899	2.23997	55.8804	0	55.8804
16.8934	16.0611	-5.32359	5.77223	18.8558	18.1364	17.6334	18.5697	-3.43247	3.35973	2.38306	1.37859	1.04806	2.24133	95.2985	0	95.2985
16.8934	16.0611	-5.32359	5.77223	17.3845	18.7039	17.4595	18.7353	-3.5239	3.26509	2.37459	1.39284	1.05571	2.24344	95.2985	0	95.2985
16.6942	16.4003	-5.58254	5.55077	17.7945	18.0801	17.281	18.8962	-3.61271	3.16817	2.36625	1.40428	1.06544	2.24451	45.4383	0	45.4383
16.6942	16.4003	-5.58254	5.55077	17.1762	18.8863	17.0983	19.0521	-3.69883	3.06904	2.35773	1.41757	1.07379	2.24636	45.4383	0	45.4383
16.4773	16.7844	-5.7961	5.38981	16.9398	19.7311	16.9113	19.203	-3.78221	2.9678	2.34934	1.42749	1.08369	2.2477	77.318	0	77.318
16.4773	16.7844	-5.7961	5.38981	16.5734	19.052	16.7201	19.3488	-3.86278	2.86455	2.34084	1.43905	1.09229	2.24985	77.318	0	77.318
16.2189	17.159	-6.04989	5.17681	16.1674	20.2201	16.5251	19.4894	-3.9405	2.75938	2.33249	1.44748	1.10303	2.25111	68.243	0	68.243
16.2189	17.159	-6.04989	5.17681	16.2338	19.6171	16.3262	19.6246	-4.01531	2.65237	2.3241	1.45735	1.11253	2.2532	68.243	0	68.243
15.9387	17.4361	-6.31329	4.86824	16.4366	18.2742	16.1237	19.7545	-4.08716	2.54364	2.31584	1.46529	1.1244	2.25372	11.0768	0	11.0768
15.9387	17.4361	-6.31329	4.86824	15.9243	19.8703	15.9176	19.8789	-4.15602	2.43329	2.30762	1.47451	1.13504	2.25505	11.0768	0	11.0768
15.6748	17.7471	-6.46308	4.69723	16.2328	19.2166	15.7082	19.9978	-4.22185	2.32141	2.29948	1.4814	1.14656	2.25593	28.2537	0	28.2537
15.6748	17.7471	-6.46308	4.69723	15.4332	20.1836	15.4956	20.111	-4.28461	2.2081	2.29147	1.48939	1.15698	2.25764	28.2537	0	28.2537
15.3502	18.1102	-6.66128	4.51248	14.3677	21.3406	15.2799	20.2185	-4.34427	2.09347	2.28351	1.49457	1.16901	2.2588	60.5301	0	60.5301
15.3502	18.1102	-6.66128	4.51248	15.2016	20.4385	15.0613	20.3203	-4.4008	1.97763	2.27575	1.50067	1.18	2.26082	60.5301	0	60.5301
15.0183	18.3931	-6.86249	4.25006	14.7476	19.9571	14.84	20.4162	-4.4542	1.86068	2.26799	1.50487	1.19273	2.26173	16.0197	0	16.0197
15.0183	18.3931	-6.86249	4.25006	14.6665	20.6088	14.6161	20.5063	-4.50443	1.74272	2.2605	1.50983	1.20447	2.26349	16.0197	0	16.0197
14.6598	18.6912	-7.06934	3.98245	13.841	21.0031	14.3897	20.5904	-4.55149	1.62386	2.25296	1.5128	1.2181	2.26414	30.5926	0	30.5926
14.6598	18.6912	-7.06934	3.98245	14.0521	20.5924	14.1611	20.6686	-4.59537	1.50421	2.24576	1.5164	1.23081	2.26565	30.5926	0	30.5926
14.3	18.9596	-7.25961	3.69693	13.8232	20.859	13.9304	20.7408	-4.63606	1.38386	2.23847	1.51831	1.24526	2.26597	23.2309	0	23.2309
14.3	18.9596	-7.25961	3.69693	13.4686	20.7253	13.6977	20.807	-4.67357	1.26294	2.23158	1.52073	1.25885	2.26712	23.2309	0	23.2309
13.9332	19.1756	-7.46013	3.32344	13.8263	20.4261	13.4632	20.8671	-4.70789	1.14153	2.22456	1.52191	1.27441	2.26657	13.117	0	13.117
13.9332	19.1756	-7.46013	3.32344	13.1072	20.8294	13.2271	20.9211	-4.73904	1.01975	2.21801	1.52348	1.28914	2.26681	13.117	0	13.117
13.5622	19.4121	-7.60893	3.04367	13.2669	21.1579	12.9895	20.969	-4.76702	0.897694	2.21128	1.5237	1.3052	2.26605	22.4217	0	22.4217
13.5622	19.4121	-7.60893	3.04367	12.8729	21.0592	12.7506	21.0108	-4.79186	0.775469	2.2051	1.5242	1.32051	2.26606	22.4217	0	22.4217
13.1293	19.6451	-7.77432	2.73529	11.5171	21.6724	12.5106	21.0465	-4.81358	0.653175	2.19858	1.52344	1.33745	2.26493	21.4616	0	21.4616
13.1293	19.6451	-7.77432	2.73529	12.2062	21.11	12.2695	21.0761	-4.83219	0.530912	2.19264	1.52287	1.3537	2.26455	21.4616	0	21.4616
12.7332	19.8308	-7.90177	2.41854	12.3859	21.1066	12.0276	21.0996	-4.84773	0.408778	2.18641	1.52139	1.37111	2.26303	11.4217	0	11.4217
12.7332	19.8308	-7.90177	2.41854	11.6814	20.8651	11.785	21.117	-4.86022	0.286869	2.18082	1.52003	1.38791	2.26223	11.4217	0	11.4217
12.3072	19.9745	-8.02025	2.06824	11.5265	20.6748	11.5418	21.1283	-4.86971	0.165281	2.17483	1.51801	1.40581	2.26016	2.72933	0	2.72933
12.3072	19.9745	-8.02025	2.06824	11.363	21.0688	11.2982	21.1335	-4.87623	0.0441057	2.16953	1.51605	1.42317	2.25877	2.72933	0	2.72933
11.8516	20.09	-8.12992	1.69705	10.5558	20.5567	11.0544	21.1327	-4.87982	-0.076565	2.16373	1.51358	1.44157	2.25609	4.56049	0	4.56049
11.8516	20.09	-8.12992	1.69705	10.8903	20.927	10.8105	21.1259	-4.88053	-0.196643	2.15862	1.51111	1.4595	2.25405	4.56049	0	4.56049
11.3693	20.2416	-8.2188	1.45306	9.30535	21.3896	10.5666	21.1131	-4.8784	-0.31604	2.15294	1.50803	1.47824	2.25141	14.9139	0	14.9139
11.3693	20.2416	-8.2188	1.45306	10.189	21.209	10.3229	21.0943	-4.87349	-0.434674	2.14795	1.50492	1.49659	2.24938	14.9139	0	14.9139
10.9239	20.3597	-8.28868	1.1715	9.97958	21.2932	10.0795	21.0697	-4.86585	-0.552463	2.14248	1.50139	1.51554	2.24658	5.98441	0	5.98441
10.9239	20.3597	-8.28868	1.1715	9.99634	20.9797	9.83658	21.0391	-4.85554	-0.669327	2.13771	1.49781	1.53417	2.24437	5.98441	0	5.98441
10.4698	20.4713	-8.33501	0.991479	9.38223	21.111	9.59422	21.0028	-4.84262	-0.785189	2.13241	1.49391	1.55315	2.24188	8.25784	0	8.25784
10.4698	20.4713	-8.33501	0.991479	9.53921	20.8762	9.35258	20.9607	-4.82714	-0.899977	2.12783	1.48996	1.57188	2.23997	8.25784	0	8.25784
10.0373	20.5436	-8.37396	0.724272	9.63392	20.9724	9.11177	20.9128	-4.80919	-1.01362	2.12275	1.48584	1.59092	2.23734	1.69483	0	1.69483
10.0373	20.5436	-8.37396	0.724272	8.70331	20.8221	8.87192	20.8594	-4.78881	-1.12605	2.1184	1.48169	1.60978	2.23527	1.69483	0	1.69483
9.62728	20.5545	-8.38384	0.426283	9.84634	20.009	8.63315	20.8003	-4.76608	-1.2372	2.1136	1.47749	1.62863	2.23237	2.60671	0	2.60671
9.62728	20.5545	-8.38384	0.426283	8.22277	20.4839	8.39557	20.7358	-4.74108	-1.34701	2.10956	1.47328	1.64736	2.22999	2.60671	0	2.60671
9.17061	20.5685	-8.40646	0.113094	8.29647	20.4978	8.1593	20.6657	-4.71387	-1.45542	2.10489	1.46906	1.6663	2.22675	3.48086	0	3.48086
9.17061	20.5685	-8.40646	0.113094	7.88599	20.45	7.92445	20.5903	-4.68453	-1.56237	2.10098	1.46486	1.68519	2.22399	3.48086	0	3.48086
8.7317	20.5681	-8.41246	-0.21896	8.29081	20.6565	7.69111	20.5096	-4.65313	-1.66781	2.09647	1.4607	1.70412	2.22035	0.551525	0	0.551525
8.7317	20.5681	-8.41246	-0.21896	7.18029	20.392	7.45939	20.4237	-4.61975	-1.7717	2.09272	1.4566	1.72304	2.21714	0.551525	0	0.551525
8.26027	20.5416	-8.41444	-0.504951	7.09214	20.1196	7.22939	20.3326	-4.58448	-1.87399	2.08827	1.45259	1.74201	2.21328	10.6773	0	10.6773
8.26027	20.5416	-8.41444	-0.504951	6.81542	20.1859	7.00119	20.2364	-4.54738	-1.97462	2.08455	1.44871	1.76102	2.20983	10.6773	0	10.6773
7.79983	20.5083	-8.40692	-0.754595	6.89359	20.1536	6.7749	20.1352	-4.50854	-2.07357	2.08015	1.44495	1.78	2.20587	7.49367	0	7.49367
7.79983	20.5083	-8.40692	-0.754595	6.38914	20.0137	6.55059	20.0292	-4.46805	-2.17079	2.07648	1.44139	1.79906	2.20229	7.49367	0	7.49367
7.34971	20.4652	-8.39043	-0.99864	6.67637	20.2142	6.32834	19.9183	-4.42598	-2.26625	2.07215	1.438	1.81802	2.19824	4.13891	0	4.13891
7.34971	20.4652	-8.39043	-0.99864	5.86119	19.8306	6.10823	19.8027	-4.38241	-2.35993	2.06852	1.4349	1.83709	2.19453	4.13891	0	4.13891
6.86146	20.3665	-8.36299	-1.34538	5.28178	19.5036	5.89034	19.6824	-4.33744	-2.45178	2.06413	1.43188	1.85597	2.19008	23.5014	0	23.5014
6.86146	20.3665	-8.36299	-1.34538	5.69089	19.5755	5.67472	19.5577	-4.29114	-2.5418	2.06039	1.42924	1.875	2.18592	23.5014	0	23.5014
6.42568	20.2395	-8.30683	-1.63223	5.9506	18.9859	5.46145	19.4284	-4.24359	-2.62995	2.05606	1.42664	1.89354	2.18126	21.5494	0	21.5494
6.42568	20.2395	-8.30683	-1.63223	5.17021	19.4397	5.25059	19.2948	-4.19488	-2.71622	2.05236	1.42449	1.91226	2.17687	21.5494	0	21.5494
6.00341	20.1392	-8.26696	-1.79024	5.87397	19.301	5.04219	19.157	-4.1451	-2.80059	2.04809	1.4225	1.93072	2.17232	12.2313	0	12.2313
6.00341	20.1392	-8.26696	-1.79024	4.89149	18.982	4.8363	19.015	-4.09432	-2.88305	2.04443	1.42109	1.94937	2.16802	12.2313	0	12.2313
5.52062	20.0056	-8.22537	-2.07149	3.98679	19.0452	4.63297	18.8689	-4.04263	-2.96359	2.04006	1.41974	1.96778	2.16328	24.4396	0	24.4396
5.52062	20.0056	-8.22537	-2.07149	4.4685	18.834	4.43224	18.7188	-3.99012	-3.0422	2.03623	1.41908	1.9864	2.15875	24.4396	0	24.4396
5.09134	19.854	-8.17599	-2.24008	4.69245	18.4634	4.23416	18.5648	-3.93685	-3.11888	2.03187	1.41843	2.0047	2.15406	27.9611	0	27.9611
5.09134	19.854	-8.17599	-2.24008	4.26269	18.481	4.03876	18.4071	-3.88293	-3.19362	2.02801	1.41858	2.02324	2.14957	27.9611	0	27.9611
4.63383	19.6828	-8.09311	-2.58923	3.42434	18.8357	3.84606	18.2457	-3.82841	-3.26644	2.02357	1.41868	2.04111	2.14457	17.1516	0	17.1516
4.63383	19.6828	-8.09311	-2.58923	3.45919	18.167	3.65611	18.0807	-3.77339	-3.33732	2.01959	1.41968	2.05924	2.13973	17.1516	0	17.1516
4.23462	19.499	-8.03013	-2.72906	4.3011	17.9267	3.46891	17.9122	-3.71795	-3.40627	2.01517	1.42058	2.07695	2.13482	31.8845	0	31.8845
4.23462	19.499	-8.03013	-2.72906	3.12525	17.7493	3.28449	17.7402	-3.66215	-3.47331	2.01119	1.4225	2.09491	2.13005	31.8845	0	31.8845
3.78523	19.2887	-7.94316	-3.02114	2.65664	17.888	3.10287	17.565	-3.60609	-3.53844	2.00669	1.42418	2.11223	2.12498	31.3189	0	31.3189
3.78523	19.2887	-7.94316	-3.02114	2.9449	17.8154	2.92405	17.3866	-3.54982	-3.60167	2.00257	1.42699	2.12981	2.12004	31.3189	0	31.3189
3.39905	19.0298	-7.80548	-3.33153	3.26647	17.0897	2.74805	17.2051	-3.49344	-3.66302	1.99809	1.42925	2.14624	2.11486	43.7755	0	43.7755
3.39905	19.0298	-7.80548	-3.33153	2.55407	17.0853	2.57486	17.0205	-3.437	-3.72251	1.99396	1.43272	2.16296	2.10977	43.7755	0	43.7755
2.98469	18.8011	-7.75757	-3.43515	2.55039	16.8884	2.4045	16.833	-3.38059	-3.78014	1.98944	1.43586	2.17946	2.10468	51.6978	0	51.6978
2.98469	18.8011	-7.75757	-3.43515	2.25371	16.8334	2.23695	16.6427	-3.32428	-3.83595	1.98523	1.44031	2.19624	2.09968	51.6978	0	51.6978
2.5456	18.5328	-7.70146	-3.59002	1.57735	16.0489	2.07221	16.4497	-3.26812	-3.88995	1.98063	1.44415	2.21273	2.09464	83.5908	0	83.5908
2.5456	18.5328	-7.70146	-3.59002	1.88972	16.1054	1.91027	16.254	-3.21219	-3.94216	1.97629	1.44939	2.22949	2.08967	83.5908	0	83.5908
2.14018	18.2761	-7.64375	-3.71374	1.74362	16.2687	1.75112	16.0557	-3.15656	-3.99261	1.97168	1.45412	2.24594	2.08468	52.0065	0	52.0065
2.14018	18.2761	-7.64375	-3.71374	1.44745	16.0853	1.59474	15.8549	-3.10129	-4.04132	1.96727	1.46034	2.26264	2.07976	52.0065	0	52.0065
1.77224	17.9601	-7.49458	-3.99066	1.6097	15.5526	1.44111	15.6517	-3.04644	-4.08832	1.96267	1.46559	2.27817	2.07477	67.9787	0	67.9787
1.77224	17.9601	-7.49458	-3.99066	1.18395	15.4284	1.29021	15.4463	-2.99207	-4.13364	1.95826	1.47238	2.29395	2.06982	67.9787	0	67.9787
1.37051	17.6696	-7.41814	-4.14929	0.828993	15.528	1.14201	15.2386	-2.93825	-4.1773	1.95365	1.47842	2.30927	2.06489	57.4346	0	57.4346
1.37051	17.6696	-7.41814	-4.14929	0.722706	15.0075	0.996486	15.0288	-2.88503	-4.21933	1.94919	1.48607	2.32483	2.05999	57.4346	0	57.4346
1.00219	17.3783	-7.35766	-4.24086	1.03147	15.2134	0.853604	14.8169	-2.83246	-4.25977	1.94461	1.49297	2.34007	2.05513	58.3521	0	58.3521
1.00219	17.3783	-7.35766	-4.24086	0.737301	14.7047	0.71333	14.603	-2.78061	-4.29864	1.94014	1.50155	2.35554	2.0503	58.3521	0	58.3521
0.663223	17.02	-7.19387	-4.49581	0.722177	14.2445	0.575628	14.3872	-2.72952	-4.33598	1.93561	1.50881	2.36977	2.04554	89.7817	0	89.7817
0.663223	17.02	-7.19387	-4.49581	0.253435	14.2029	0.440459	14.1696	-2.67925	-4.37181	1.93117	1.51779	2.38421	2.04079	89.7817	0	89.7817
0.307285	16.6461	-7.00609	-4.79838	-0.0328023	13.9604	0.307779	13.9502	-2.62984	-4.40617	1.92669	1.52535	2.39725	2.03624	85.4958	0	85.4958
0.307285	16.6461	-7.00609	-4.79838	0.459172	13.6856	0.177545	13.7292	-2.58135	-4.43909	1.92227	1.53466	2.41051	2.03169	85.4958	0	85.4958
-0.0169191	16.268	-6.82025	-5.05293	0.0524412	13.6377	0.0497099	13.5065	-2.53381	-4.47061	1.91786	1.54251	2.42243	2.02741	80.8231	0	80.8231
-0.0169191	16.268	-6.82025	-5.05293	-0.190344	13.2856	-0.0757753	13.2823	-2.48728	-4.50075	1.91348	1.55215	2.43457	2.02312	80.8231	0	80.8231
-0.351562	15.8987	-6.72044	-5.18216	-0.275043	13.1456	-0.198962	13.0566	-2.44179	-4.52955	1.90915	1.56043	2.4461	2.01899	91.4874	0	91.4874
-0.351562	15.8987	-6.72044	-5.18216	0.0462308	12.9301	-0.319903	12.8295	-2.39739	-4.55704	1.90483	1.57053	2.45782	2.01486	91.4874	0	91.4874
-0.69234	15.508	-6.63829	-5.29641	-0.684792	12.3563	-0.438654	12.6011	-2.35412	-4.58326	1.90061	1.57908	2.46908	2.01088	119.806	0	119.806
-0.69234	15.508	-6.63829	-5.29641	-0.476482	12.3633	-0.555273	12.3714	-2.31202	-4.60823	1.89637	1.58948	2.48051	2.0069	119.806	0	119.806
-1.02606	15.1322	-6.5579	-5.40571	-0.972122	12.5207	-0.669818	12.1404	-2.27111	-4.63198	1.89228	1.59848	2.49149	2.00308	81.8609	0	81.8609
-1.02606	15.1322	-6.5579	-5.40571	-0.582624	12.0386	-0.78235	11.9083	-2.23144	-4.65456	1.88814	1.60934	2.50262	1.99925	81.8609	0	81.8609
-1.35339	14.7248	-6.4594	-5.54	-1.26757	11.6495	-0.892931	11.6751	-2.19304	-4.67598	1.8842	1.61853	2.51315	1.99565	111.786	0	111.786
-1.35339	14.7248	-6.4594	-5.54	-1.17212	11.3988	-1.00163	11.4409	-2.15594	-4.69628	1.8802	1.62961	2.52383	1.99204	111.786	0	111.786
-1.63215	14.3105	-6.38828	-5.60122	-0.891441	10.959	-1.1085	11.2057	-2.12017	-4.71549	1.87639	1.63898	2.5341	1.98853	141.74	0	141.74
-1.63215	14.3105	-6.38828	-5.60122	-1.39289	11.0424	-1.21362	10.9695	-2.08575	-4.73364	1.87249	1.65023	2.54449	1.98501	141.74	0	141.74
-1.89649	13.882	-6.21611	-5.78197	-1.29894	10.9012	-1.31706	10.7324	-2.05273	-4.75075	1.86881	1.65969	2.55376	1.98186	107.711	0	107.711
-1.89649	13.882	-6.21611	-5.78197	-1.49687	10.4198	-1.41889	10.4945	-2.02111	-4.76686	1.86502	1.67102	2.56313	1.97869	107.711	0	107.711
-2.16224	13.4251	-6.03892	-5.97127	-1.59293	10.0212	-1.51917	10.2559	-1.99093	-4.78198	1.86148	1.68035	2.57137	1.97597	138.996	0	138.996
-2.16224	13.4251	-6.03892	-5.97127	-1.61875	10.2374	-1.61797	10.0165	-1.96221	-4.79615	1.85782	1.69154	2.57971	1.97322	138.996	0	138.996
-2.41581	12.9955	-5.94098	-6.05723	-1.59702	9.96554	-1.71539	9.77637	-1.93498	-4.80939	1.85441	1.70099	2.58747	1.97069	116.896	0	116.896
-2.41581	12.9955	-5.94098	-6.05723	-1.73381	9.71347	-1.81147	9.53564	-1.90924	-4.82172	1.85088	1.71231	2.59532	1.96815	116.896	0	116.896
-2.69691	12.5378	-5.79929	-6.22003	-2.27191	9.37316	-1.90631	9.29431	-1.88502	-4.83316	1.84767	1.72167	2.60232	1.96605	118.871	0	118.871
-2.69691	12.5378	-5.79929	-6.22003	-1.93833	8.77028	-1.99998	9.05243	-1.86233	-4.84374	1.84433	1.73289	2.60939	1.96393	118.871	0	118.871
-2.93523	12.1008	-5.71733	-6.28507	-1.96565	9.13274	-2.09256	8.81003	-1.8412	-4.85347	1.84126	1.74235	2.61599	1.962	116.188	0	116.188
-2.93523	12.1008	-5.71733	-6.28507	-2.1768	8.5411	-2.18412	8.56717	-1.82164	-4.86238	1.83804	1.75366	2.62265	1.96005	116.188	0	116.188
-3.21915	11.622	-5.61479	-6.41852	-2.65862	8.19477	-2.27474	8.32388	-1.80365	-4.87047	1.83522	1.76291	2.62872	1.95851	141.435	0	141.435
-3.21915	11.622	-5.61479	-6.41852	-2.21875	8.15339	-2.3645	8.0802	-1.78726	-4.87778	1.83224	1.77398	2.63482	1.95696	141.435	0	141.435
-3.43014	11.1862	-5.51773	-6.48378	-2.273	8.52315	-2.45348	7.83617	-1.77248	-4.8843	1.82953	1.78336	2.64037	1.95562	99.538	0	99.538
-3.43014	11.1862	-5.51773	-6.48378	-2.59674	7.60288	-2.54177	7.59184	-1.75931	-4.89006	1.82665	1.79456	2.64594	1.95427	99.538	0	99.538
-3.73319	10.7118	-5.52493	-6.53372	-3.08256	7.38874	-2.62944	7.34723	-1.74777	-4.89507	1.82427	1.80378	2.65156	1.95308	139.433	0	139.433
-3.73319	10.7118	-5.52493	-6.53372	-2.79865	7.064	-2.71658	7.10238	-1.73786	-4.89933	1.8217	1.81481	2.65718	1.95188	139.433	0	139.433
-3.95149	10.2379	-5.39851	-6.64695	-2.79412	7.20818	-2.80326	6.85734	-1.72958	-4.90286	1.81947	1.8239	2.66207	1.95108	122.84	0	122.84
-3.95149	10.2379	-5.39851	-6.64695	-2.74651	6.86867	-2.88957	6.61214	-1.72295	-4.90566	1.81704	1.83476	2.66695	1.95028	122.84	0	122.84
-4.15838	9.75985	-5.36377	-6.67476	-2.57673	6.36755	-2.97559	6.36681	-1.71797	-4.90774	1.81493	1.84369	2.67162	1.94957	167.479	0	167.479
-4.15838	9.75985	-5.36377	-6.67476	-2.90217	6.22989	-3.0614	6.12139	-1.71464	-4.90911	1.81261	1.85438	2.67626	1.94887	167.479	0	167.479
-4.4263	9.25578	-5.27708	-6.80332	-3.50172	6.10796	-3.14709	5.87592	-1.71297	-4.90976	1.81079	1.86297	2.6804	1.94865	127.859	0	127.859
-4.4263	9.25578	-5.27708	-6.80332	-3.1778	5.53101	-3.23274	5.63043	-1.71295	-4.9097	1.80875	1.87328	2.68449	1.94844	127.859	0	127.859
-4.67643	8.73525	-5.24981	-6.87705	-3.19736	5.19093	-3.31843	5.38496	-1.71458	-4.90893	1.80718	1.88144	2.6884	1.94851	176.932	0	176.932
-4.67643	8.73525	-5.24981	-6.87705	-3.43031	5.10507	-3.40424	5.13955	-1.71787	-4.90745	1.80538	1.89127	2.69226	1.9486	176.932	0	176.932
-4.90662	8.20751	-5.13447	-7.01345	-3.4281	4.94644	-3.49026	4.89422	-1.72281	-4.90525	1.80401	1.89896	2.69547	1.94925	152.172	0	152.172
-4.90662	8.20751	-5.13447	-7.01345	-3.69435	4.52196	-3.57657	4.64902	-1.72939	-4.90233	1.8024	1.90829	2.69861	1.94991	152.172	0	152.172
-5.16961	7.65791	-5.1298	-7.09573	-3.50501	4.17643	-3.66325	4.40398	-1.73763	-4.89868	1.80134	1.91539	2.70167	1.95094	184.724	0	184.724
-5.16961	7.65791	-5.1298	-7.09573	-4.00238	4.04684	-3.75039	4.15913	-1.74749	-4.8943	1.80001	1.92408	2.70465	1.95198	184.724	0	184.724
-5.43356	7.10742	-5.05646	-7.23399	-4.06447	4.10977	-3.83806	3.91452	-1.75899	-4.88918	1.79926	1.9306	2.7072	1.95365	137.331	0	137.331
-5.43356	7.10742	-5.05646	-7.23399	-3.88053	3.75177	-3.92635	3.67019	-1.77212	-4.8833	1.79822	1.93867	2.70966	1.95534	137.331	0	137.331
-5.70005	6.57437	-5.08574	-7.29275	-4.23729	3.88878	-4.01533	3.42616	-1.78686	-4.87666	1.7978	1.94477	2.71217	1.95732	121.911	0	121.911
-5.70005	6.57437	-5.08574	-7.29275	-4.15119	3.21968	-4.10509	3.18248	-1.8032	-4.86925	1.79707	1.95236	2.71459	1.95932	121.911	0	121.911
-5.98781	5.97546	-5.08894	-7.41577	-4.27467	2.88187	-4.19571	2.93919	-1.82113	-4.86104	1.79705	1.95764	2.71691	1.96193	176.649	0	176.649
-5.98781	5.97546	-5.08894	-7.41577	-4.32451	2.55034	-4.28727	2.69633	-1.84065	-4.85202	1.79669	1.96435	2.71913	1.96457	176.649	0	176.649
-6.25338	5.35398	-5.01212	-7.59257	-4.38481	2.39989	-4.37985	2.45393	-1.86173	-4.84218	1.79699	1.96873	2.72089	1.96814	176.495	0	176.495
-6.25338	5.35398	-5.01212	-7.59257	-4.61223	2.09192	-4.47352	2.21205	-1.88436	-4.83149	1.79692	1.97447	2.72254	1.97173	176.495	0	176.495
-6.51251	4.7269	-5.03608	-7.70091	-4.29257	1.92854	-4.56836	1.97072	-1.90853	-4.81994	1.7975	1.97799	2.72418	1.97593	190.754	0	190.754
-6.51251	4.7269	-5.03608	-7.70091	-4.86829	1.53442	-4.66444	1.72998	-1.93422	-4.80751	1.79769	1.98278	2.72569	1.98016	190.754	0	190.754
-6.78501	4.06996	-5.01021	-7.86858	-4.98165	1.43611	-4.76186	1.48989	-1.9614	-4.79417	1.79859	1.98534	2.72697	1.98537	175.385	0	175.385
-6.78501	4.06996	-5.01021	-7.86858	-4.66779	1.28643	-4.86066	1.25049	-1.99007	-4.7799	1.79907	1.98909	2.72811	1.9906	175.385	0	175.385
-7.00528	3.41575	-4.86628	-8.07776	-4.98594	1.10894	-4.96095	1.01182	-2.02019	-4.76468	1.80004	1.99079	2.72856	1.99712	153.71	0	153.71
-7.00528	3.41575	-4.86628	-8.07776	-4.85498	0.825661	-5.06277	0.77393	-2.05174	-4.74848	1.80059	1.99358	2.72888	2.00366	153.71	0	153.71
-7.20849	2.67881	-4.64175	-8.36563	-4.84736	0.18101	-5.16621	0.536876	-2.08471	-4.73127	1.80153	1.99415	2.72827	2.01208	222.063	0	222.063
-7.20849	2.67881	-4.64175	-8.36563	-5.1231	0.257311	-5.27133	0.300706	-2.11906	-4.71303	1.80205	1.99569	2.72755	2.02052	222.063	0	222.063
-7.39741	1.95852	-4.29719	-8.69118	-5.99809	-0.290765	-5.3782	0.0654719	-2.15477	-4.69374	1.80289	1.99532	2.72564	2.03124	150.263	0	150.263
-7.39741	1.95852	-4.29719	-8.69118	-5.29972	-0.212982	-5.4869	-0.168772	-2.1918	-4.67335	1.80329	1.99582	2.72364	2.04196	150.263	0	150.263
-7.52907	1.31137	-4.02528	-8.89669	-5.64447	-0.144522	-5.59748	-0.401971	-2.23014	-4.65185	1.80377	1.99487	2.72085	2.05421	96.1156	0	96.1156
-7.52907	1.31137	-4.02528	-8.89669	-5.85359	-0.445801	-5.71001	-0.634069	-2.26974	-4.62919	1.80383	1.99469	2.71798	2.06647	96.1156	0	96.1156
-7.62363	0.637257	-3.74751	-9.09622	-5.30947	-0.724468	-5.82456	-0.865006	-2.31058	-4.60536	1.80381	1.99314	2.71446	2.08026	122.959	0	122.959
-7.62363	0.637257	-3.74751	-9.09622	-5.87835	-1.26863	-5.94118	-1.09472	-2.35262	-4.58032	1.80339	1.99226	2.71087	2.09406	122.959	0	122.959
-7.68306	-0.0704337	-3.28747	-9.36234	-5.68069	-1.52871	-6.05993	-1.32316	-2.39581	-4.55404	1.80278	1.99011	2.70655	2.10997	119.716	0	119.716
-7.68306	-0.0704337	-3.28747	-9.36234	-6.27263	-1.50938	-6.18087	-1.55025	-2.44014	-4.52648	1.8018	1.98853	2.7022	2.12588	119.716	0	119.716
-7.74758	-0.716906	-3.00177	-9.52169	-6.11355	-1.75966	-6.30406	-1.77593	-2.48555	-4.49762	1.80065	1.986	2.69758	2.14309	69.0686	0	69.0686
-7.74758	-0.716906	-3.00177	-9.52169	-6.34007	-2.13685	-6.42954	-2.00014	-2.532	-4.46742	1.79918	1.98395	2.69296	2.1603	69.0686	0	69.0686
-7.81076	-1.31939	-2.61724	-9.67849	-6.99344	-2.17445	-6.55738	-2.22281	-2.57946	-4.43585	1.79755	1.98118	2.68821	2.17881	28.7688	0	28.7688
-7.81076	-1.31939	-2.61724	-9.67849	-6.79288	-2.4458	-6.68761	-2.44386	-2.62788	-4.40288	1.79562	1.97883	2.68349	2.19732	28.7688	0	28.7688
-7.85966	-1.9118	-2.2445	-9.81068	-7.14408	-2.67584	-6.82029	-2.66323	-2.6772	-4.36847	1.79353	1.97586	2.67892	2.21696	21.6135	0	21.6135
-7.85966	-1.9118	-2.2445	-9.81068	-6.8003	-3.10086	-6.95546	-2.88084	-2.7274	-4.3326	1.7912	1.97325	2.6744	2.23659	21.6135	0	21.6135
-7.87154	-2.50653	-1.76053	-9.94342	-7.13937	-3.22028	-7.09316	-3.09663	-2.7784	-4.29523	1.78868	1.97012	2.67043	2.25738	23.2275	0	23.2275
-7.87154	-2.50653	-1.76053	-9.94342	-7.12118	-3.26434	-7.23344	-3.3105	-2.83017	-4.25632	1.78597	1.96728	2.66655	2.27816	23.2275	0	23.2275
-7.89033	-3.09908	-1.29728	-10.0588	-7.77186	-4.08999	-7.37632	-3.5224	-2.88265	-4.21586	1.78315	1.96404	2.66357	2.29997	19.2052	0	19.2052
-7.89033	-3.09908	-1.29728	-10.0588	-7.49009	-3.49081	-7.52184	-3.73223	-2.93579	-4.1738	1.78021	1.96102	2.66073	2.32179	19.2052	0	19.2052
-7.89346	-3.64055	-0.894005	-10.1133	-7.52393	-3.88213	-7.67004	-3.93992	-2.98953	-4.13012	1.77721	1.95774	2.659	2.3441	5.51754	0	5.51754
-7.89346	-3.64055	-0.894005	-10.1133	-7.88049	-4.29783	-7.82094	-4.14538	-3.04381	-4.08479	1.77418	1.95461	2.65742	2.36645	5.51754	0	5.51754
-7.90308	-4.17485	-0.486348	-10.1557	-8.08524	-4.57834	-7.97457	-4.34854	-3.09857	-4.03778	1.77116	1.95131	2.65727	2.38922	6.15284	0	6.15284
-7.90308	-4.17485	-0.486348	-10.1557	-8.22492	-4.79812	-8.13095	-4.5493	-3.15376	-3.98906	1.76821	1.94813	2.65731	2.41204	6.15284	0	6.15284
-7.90359	-4.68937	-0.00798998	-10.173	-8.453	-4.95621	-8.2901	-4.74759	-3.2093	-3.93862	1.76536	1.94484	2.65933	2.43507	14.4322	0	14.4322
-7.90359	-4.68937	-0.00798998	-10.173	-8.33552	-5.1059	-8.45204	-4.94331	-3.26514	-3.88641	1.76268	1.94161	2.66157	2.45819	14.4322	0	14.4322
-7.9125	-5.1589	0.396901	-10.1457	-8.55062	-4.79248	-8.61678	-5.13637	-3.32121	-3.83242	1.76019	1.93835	2.66582	2.48116	15.2861	0	15.2861
-7.9125	-5.1589	0.396901	-10.1457	-8.91477	-5.51752	-8.78433	-5.32669	-3.37745	-3.77663	1.75797	1.93513	2.67029	2.50424	15.2861	0	15.2861
-7.9364	-5.64031	0.732984	-10.1221	-9.04115	-5.69364	-8.95469	-5.51417	-3.43377	-3.71901	1.75602	1.93192	2.67667	2.52725	18.1387	0	18.1387
-7.9364	-5.64031	0.732984	-10.1221	-9.03391	-5.80267	-9.12788	-5.69872	-3.49012	-3.65955	1.75444	1.92871	2.68328	2.5504	18.1387	0	18.1387
-7.94144	-6.08434	1.10602	-10.0559	-8.86897	-5.41973	-9.30388	-5.88026	-3.54643	-3.59823	1.75329	1.92555	2.69218	2.57315	22.523	0	22.523
-7.94144	-6.08434	1.10602	-10.0559	-9.30811	-5.82368	-9.4827	-6.05868	-3.60261	-3.53503	1.75263	1.92237	2.70131	2.59607	22.523	0	22.523
-7.99336	-6.53924	1.36291	-10.0081	-9.80646	-6.41174	-9.66432	-6.23389	-3.6586	-3.46994	1.75237	1.91929	2.7122	2.61878	39.8314	0	39.8314
-7.99336	-6.53924	1.36291	-10.0081	-9.62547	-6.55958	-9.84874	-6.4058	-3.71431	-3.40295	1.75272	1.91615	2.72331	2.6417	39.8314	0	39.8314
-8.11837	-6.96361	1.42253	-9.96531	-10.6688	-6.35543	-10.0359	-6.57431	-3.76969	-3.33404	1.75328	1.91315	2.73501	2.66448	71.9503	0	71.9503
-8.11837	-6.96361	1.42253	-9.96531	-10.2246	-6.83402	-10.2259	-6.73933	-3.82463	-3.26321	1.75455	1.91007	2.74693	2.6875	71.9503	0	71.9503
-8.19574	-7.39224	1.57579	-9.90448	-10.2205	-6.71044	-10.4186	-6.90075	-3.87907	-3.19046	1.75627	1.90718	2.76002	2.71027	46.8101	0	46.8101
-8.19574	-7.39224	1.57579	-9.90448	-10.7616	-7.29159	-10.614	-7.05849	-3.93293	-3.11577	1.75882	1.90418	2.77331	2.7333	46.8101	0	46.8101
-8.31374	-7.80404	1.66116	-9.84086	-10.8944	-6.83335	-10.8121	-7.21245	-3.98613	-3.03916	1.7617	1.90141	2.78735	2.7561	72.464	0	72.464
-8.31374	-7.80404	1.66116	-9.84086	-11.2219	-7.56979	-11.0128	-7.36252	-4.03859	-2.96062	1.76552	1.89851	2.80157	2.77918	72.464	0	72.464
-8.4111	-8.22006	1.82299	-9.76431	-10.986	-7.3707	-11.2161	-7.50862	-4.09021	-2.88015	1.76982	1.89589	2.81704	2.80196	70.0156	0	70.0156
-8.4111	-8.22006	1.82299	-9.76431	-11.0934	-7.6776	-11.422	-7.65064	-4.14093	-2.79777	1.77517	1.89314	2.83267	2.82506	70.0156	0	70.0156
-8.53026	-8.62203	1.951	-9.68022	-11.4213	-7.46085	-11.6304	-7.78849	-4.19066	-2.71349	1.78096	1.89071	2.84931	2.84783	85.4168	0	85.4168
-8.53026	-8.62203	1.951	-9.68022	-11.5269	-7.8215	-11.8413	-7.92208	-4.23932	-2.6273	1.78789	1.88811	2.86609	2.87094	85.4168	0	85.4168
-8.65158	-9.01924	2.15255	-9.57549	-11.9422	-7.88317	-12.0546	-8.05131	-4.28682	-2.53924	1.79529	1.88591	2.88439	2.89359	108.034	0	108.034
-8.65158	-9.01924	2.15255	-9.57549	-12.09	-8.08828	-12.2702	-8.17609	-4.33309	-2.44932	1.80394	1.88353	2.90278	2.91662	108.034	0	108.034
-8.83578	-9.41593	2.11181	-9.5156	-12.4462	-8.02117	-12.4881	-8.29633	-4.37802	-2.35756	1.81271	1.88161	2.92097	2.93957	115.508	0	115.508
-8.83578	-9.41593	2.11181	-9.5156	-12.4231	-8.2599	-12.7082	-8.41193	-4.42156	-2.26399	1.82281	1.8795	2.93924	2.9629	115.508	0	115.508
-8.9885	-9.79595	2.27583	-9.39949	-12.7461	-8.19449	-12.9304	-8.5228	-4.4636	-2.16863	1.83325	1.87791	2.95873	2.98576	129.489	0	129.489
-8.9885	-9.79595	2.27583	-9.39949	-13.2911	-8.64594	-13.1547	-8.62886	-4.50407	-2.07151	1.8451	1.87612	2.97826	3.00903	129.489	0	129.489
-9.22694	-10.1809	2.2194	-9.33072	-13.7929	-8.47158	-13.381	-8.73002	-4.54289	-1.97267	1.85672	1.87494	2.99741	3.03221	169.603	0	169.603
-9.22694	-10.1809	2.2194	-9.33072	-13.384	-8.57583	-13.6092	-8.82619	-4.57997	-1.87214	1.86981	1.87356	3.01659	3.05582	169.603	0	169.603
-9.40865	-10.5371	2.3772	-9.19343	-13.6376	-8.26344	-13.8392	-8.91729	-4.61524	-1.76997	1.88308	1.87283	3.03688	3.07885	155.758	0	155.758
-9.40865	-10.5371	2.3772	-9.19343	-13.9959	-8.99264	-14.0709	-9.00324	-4.64861	-1.6662	1.89789	1.87188	3.05714	3.10234	155.758	0	155.758
-9.67118	-10.9115	2.26747	-9.1269	-14.4737	-8.79552	-14.3043	-9.08395	-4.68001	-1.56086	1.91227	1.87174	3.07661	3.12579	174.533	0	174.533
-9.67118	-10.9115	2.26747	-9.1269	-14.4273	-9.1875	-14.5391	-9.15936	-4.70936	-1.45402	1.92823	1.87139	3.09603	3.14972	174.533	0	174.533
-9.89399	-11.2824	2.32188	-9.02169	-14.5757	-9.32634	-14.7754	-9.22939	-4.73658	-1.34573	1.94406	1.87197	3.11578	3.17335	162.255	0	162.255
-9.89399	-11.2824	2.32188	-9.02169	-15.062	-9.04396	-15.013	-9.29397	-4.76161	-1.23603	1.96151	1.87233	3.13546	3.19746	162.255	0	162.255
-10.1774	-11.6569	2.28455	-8.93656	-15.6189	-9.69365	-15.2517	-9.35302	-4.78436	-1.125	1.97836	1.87379	3.1548	3.22144	209.555	0	209.555
-10.1774	-11.6569	2.28455	-8.93656	-15.6682	-9.56749	-15.4916	-9.40649	-4.80476	-1.01269	1.99684	1.87504	3.17404	3.24592	209.555	0	209.555
-10.4489	-12.0055	2.33519	-8.81264	-15.9382	-9.35751	-15.7324	-9.45431	-4.82275	-0.899159	2.01481	1.87745	3.19351	3.27	210.591	0	210.591
-10.4489	-12.0055	2.33519	-8.81264	-16.0862	-9.59819	-15.9741	-9.49642	-4.83827	-0.784484	2.03444	1.87966	3.21285	3.29459	210.591	0	210.591
-10.7585	-12.3333	2.31298	-8.68951	-16.6033	-8.85459	-16.2164	-9.53277	-4.85124	-0.668734	2.05323	1.88309	3.2319	3.3188	233.281	0	233.281
-10.7585	-12.3333	2.31298	-8.68951	-16.4229	-9.37029	-16.4594	-9.5633	-4.8616	-0.55198	2.07368	1.88636	3.25079	3.34354	233.281	0	233.281
-10.9958	-12.6563	2.38642	-8.54829	-16.011	-9.33486	-16.7027	-9.58797	-4.8693	-0.434301	2.09387	1.89097	3.26999	3.36778	168.943	0	168.943
-10.9958	-12.6563	2.38642	-8.54829	-17.1132	-9.43043	-16.9464	-9.60673	-4.87427	-0.315773	2.11574	1.89546	3.28901	3.39255	168.943	0	168.943
-11.2934	-13.0157	2.32494	-8.46438	-16.9255	-10.8571	-17.1903	-9.61954	-4.87646	-0.196479	2.13682	1.90165	3.30741	3.41725	197.202	0	197.202
-11.2934	-13.0157	2.32494	-8.46438	-17.5448	-9.57485	-17.4342	-9.62636	-4.87583	-0.0765024	2.15958	1.90774	3.32561	3.44248	197.202	0	197.202
-11.6431	-13.3267	2.27545	-8.33858	-18.1371	-9.39146	-17.6781	-9.62717	-4.87232	0.0440703	2.1811	1.91547	3.34326	3.46735	259.54	0	259.54
-11.6431	-13.3267	2.27545	-8.33858	-17.9724	-9.42299	-17.9216	-9.62194	-4.86588	0.165151	2.20427	1.92315	3.36068	3.49275	259.54	0	259.54
-11.9758	-13.6183	2.26812	-8.1937	-18.3083	-9.18778	-18.1648	-9.61064	-4.85648	0.286648	2.22635	1.93253	3.37781	3.51766	245.437	0	245.437
-11.9758	-13.6183	2.26812	-8.1937	-18.2763	-9.60997	-18.4074	-9.59325	-4.84408	0.40847	2.25006	1.94191	3.39467	3.5431	245.437	0	245.437
-12.2932	-13.9107	2.20535	-8.07033	-18.2443	-9.58547	-18.6493	-9.56977	-4.82864	0.530522	2.27277	1.95316	3.41088	3.56821	207.153	0	207.153
-12.2932	-13.9107	2.20535	-8.07033	-18.9545	-9.51544	-18.8904	-9.54017	-4.81012	0.652707	2.2971	1.96447	3.42682	3.59385	207.153	0	207.153
-12.6206	-14.1785	2.13701	-7.93424	-18.6983	-9.02886	-19.1305	-9.50447	-4.78851	0.774927	2.32033	1.97765	3.44206	3.61907	221.762	0	221.762
-12.6206	-14.1785	2.13701	-7.93424	-19.2983	-9.09865	-19.3694	-9.46265	-4.76378	0.897083	2.34513	1.99096	3.457	3.64481	221.762	0	221.762
-12.9791	-14.4264	2.12816	-7.76979	-19.7037	-8.79906	-19.6069	-9.41472	-4.73591	1.01907	2.36856	2.00617	3.47158	3.66994	267.983	0	267.983
-12.9791	-14.4264	2.12816	-7.76979	-19.8731	-8.96417	-19.8431	-9.36071	-4.70487	1.1408	2.39353	2.02156	3.48585	3.69559	267.983	0	267.983
-13.3749	-14.6415	2.0571	-7.6003	-20.3815	-7.6755	-20.0775	-9.30061	-4.67066	1.26215	2.41681	2.03876	3.49939	3.72059	308.719	0	308.719
-13.3749	-14.6415	2.0571	-7.6003	-20.1607	-9.59663	-20.3102	-9.23446	-4.63328	1.38303	2.44159	2.05621	3.5126	3.7461	308.719	0	308.719
-13.746	-14.8916	1.97963	-7.46598	-20.4587	-9.7448	-20.5409	-9.16227	-4.59271	1.50334	2.46487	2.07587	3.52506	3.7712	241.285	0	241.285
-13.746	-14.8916	1.97963	-7.46598	-20.6596	-8.91527	-20.7696	-9.08409	-4.54895	1.62296	2.48961	2.09585	3.53717	3.79679	241.285	0	241.285
-14.167	-15.1045	1.89422	-7.30726	-21.5568	-8.5005	-20.9959	-8.99994	-4.50202	1.74179	2.51244	2.11789	3.54849	3.82181	305.444	0	305.444
-14.167	-15.1045	1.89422	-7.30726	-21.0195	-8.85081	-21.2198	-8.90987	-4.45191	1.85972	2.53667	2.1403	3.55946	3.84731	305.444	0	305.444
-14.576	-15.3069	1.83659	-7.1428	-21.8628	-8.64129	-21.4412	-8.81393	-4.39865	1.97666	2.5591	2.16482	3.56979	3.87219	291.793	0	291.793
-14.576	-15.3069	1.83659	-7.1428	-21.5029	-8.87191	-21.6597	-8.71217	-4.34224	2.0925	2.58287	2.18978	3.57976	3.89753	291.793	0	291.793
-14.9478	-15.4645	1.88475	-6.93346	-21.9514	-7.41274	-21.8754	-8.60465	-4.2827	2.20712	2.60512	2.21657	3.58958	3.92195	307.857	0	307.857
-14.9478	-15.4645	1.88475	-6.93346	-21.9793	-8.57089	-22.0881	-8.49143	-4.22007	2.32043	2.62864	2.24387	3.59903	3.94682	307.857	0	307.857
-15.3327	-15.6247	1.80356	-6.76589	-22.1914	-7.70392	-22.2975	-8.37258	-4.15437	2.43232	2.65053	2.27312	3.60772	3.97104	279.641	0	279.641
-15.3327	-15.6247	1.80356	-6.76589	-22.5838	-8.35296	-22.5035	-8.24817	-4.08564	2.5427	2.67363	2.30293	3.61603	3.99568	279.641	0	279.641
-15.6811	-15.7862	1.80124	-6.59066	-22.3177	-8.57758	-22.7061	-8.11829	-4.01391	2.65145	2.69534	2.33479	3.62394	4.01962	243.676	0	243.676
-15.6811	-15.7862	1.80124	-6.59066	-22.9861	-7.6724	-22.9049	-7.98301	-3.93923	2.75848	2.7182	2.36727	3.63147	4.04396	243.676	0	243.676
-16.0593	-15.9276	1.83562	-6.39483	-23.2693	-8.32031	-23.1	-7.84243	-3.86163	2.8637	2.73943	2.4017	3.63875	4.06745	284.347	0	284.347
-16.0593	-15.9276	1.83562	-6.39483	-23.4777	-7.56583	-23.2911	-7.69663	-3.78118	2.967	2.76174	2.4368	3.64564	4.09133	284.347	0	284.347
-16.4571	-16.0413	1.73278	-6.22395	-23.473	-7.02103	-23.4781	-7.54572	-3.69792	3.06828	2.78228	2.47365	3.6517	4.11451	298.904	0	298.904
-16.4571	-16.0413	1.73278	-6.22395	-23.5408	-7.36069	-23.6609	-7.3898	-3.61191	3.16746	2.80382	2.51122	3.65738	4.13804	298.904	0	298.904
-16.8649	-16.1333	1.65677	-6.03805	-24.0505	-6.56968	-23.8393	-7.22897	-3.52321	3.26445	2.82351	2.5504	3.66238	4.16077	318.909	0	318.909
-16.8649	-16.1333	1.65677	-6.03805	-23.9384	-7.26171	-24.0132	-7.06336	-3.43189	3.35916	2.84413	2.59034	3.66699	4.18382	318.909	0	318.909
-17.2616	-16.1988	1.62563	-5.83286	-24.3577	-5.94086	-24.1825	-6.89307	-3.33801	3.45149	2.86298	2.63168	3.67111	4.20595	334.13	0	334.13
-17.2616	-16.1988	1.62563	-5.83286	-24.2574	-6.4352	-24.347	-6.71823	-3.24166	3.54138	2.88269	2.67383	3.67486	4.22838	334.13	0	334.13
-17.6443	-16.2736	1.63135	-5.63337	-24.788	-7.18367	-24.5066	-6.53896	-3.14289	3.62873	2.90071	2.71752	3.67826	4.24991	293.843	0	293.843
-17.6443	-16.2736	1.63135	-5.63337	-24.3008	-6.43799	-24.6612	-6.35538	-3.0418	3.71347	2.91952	2.76203	3.68128	4.27172	293.843	0	293.843
-17.9922	-16.3168	1.64177	-5.42473	-24.6108	-6.00878	-24.8107	-6.16764	-2.93846	3.79553	2.93685	2.80782	3.68398	4.29256	302.57	0	302.57
-17.9922	-16.3168	1.64177	-5.42473	-25.146	-5.91902	-24.955	-5.97587	-2.83295	3.87484	2.95489	2.85447	3.68631	4.31365	302.57	0	302.57
-18.3469	-16.3315	1.62965	-5.21182	-24.8975	-5.02285	-25.094	-5.7802	-2.72537	3.95132	2.9714	2.90214	3.68825	4.33375	333.035	0	333.035
-18.3469	-16.3315	1.62965	-5.21182	-25.1941	-5.64372	-25.2276	-5.58079	-2.61581	4.02492	2.98854	2.9507	3.68984	4.35406	333.035	0	333.035
-18.7292	-16.3464	1.55929	-5.02129	-25.5328	-5.4399	-25.3556	-5.37777	-2.50435	4.09557	3.00398	3.00031	3.69088	4.37351	317.813	0	317.813
-18.7292	-16.3464	1.55929	-5.02129	-25.5713	-5.10241	-25.4779	-5.1713	-2.39109	4.16322	3.01998	3.05084	3.69159	4.39314	317.813	0	317.813
-19.0359	-16.3745	1.5216	-4.84643	-25.0178	-6.55904	-25.5946	-4.96152	-2.27613	4.22781	3.03471	3.10256	3.69187	4.41198	245.089	0	245.089
-19.0359	-16.3745	1.5216	-4.84643	-25.6952	-4.89995	-25.7055	-4.7486	-2.15956	4.2893	3.04993	3.15522	3.69184	4.43098	245.089	0	245.089
-19.3953	-16.3498	1.46733	-4.64514	-25.8162	-4.40681	-25.8105	-4.53268	-2.04149	4.34764	3.06357	3.20857	3.69138	4.44903	334.619	0	334.619
-19.3953	-16.3498	1.46733	-4.64514	-25.9516	-4.26659	-25.9096	-4.31392	-1.92202	4.40279	3.07762	3.26286	3.69062	4.46721	334.619	0	334.619
-19.7898	-16.3051	1.46873	-4.41845	-26.8953	-4.43966	-26.0027	-4.0925	-1.80125	4.45471	3.08992	3.31767	3.68959	4.48431	359.143	0	359.143
-19.7898	-16.3051	1.46873	-4.41845	-26.1198	-3.67723	-26.0897	-3.86856	-1.67928	4.50337	3.10256	3.37343	3.68828	4.5015	359.143	0	359.143
-20.1306	-16.2397	1.50905	-4.18047	-26.5652	-3.85723	-26.1706	-3.64227	-1.55623	4.54875	3.11375	3.42953	3.68681	4.51757	349.735	0	349.735
-20.1306	-16.2397	1.50905	-4.18047	-25.9974	-3.24722	-26.2453	-3.41381	-1.4322	4.59081	3.12522	3.4866	3.68507	4.53371	349.735	0	349.735
-20.4343	-16.15	1.56141	-3.93372	-26.2976	-3.01078	-26.3138	-3.18332	-1.30729	4.62954	3.13543	3.54378	3.6832	4.54868	363.164	0	363.164
-20.4343	-16.15	1.56141	-3.93372	-26.1741	-2.87885	-26.376	-2.95098	-1.18162	4.66493	3.14586	3.60194	3.68109	4.56371	363.164	0	363.164
-20.727	-16.0608	1.58726	-3.70393	-26.4681	-3.44967	-26.4319	-2.71697	-1.05529	4.69696	3.15508	3.66023	3.6788	4.57766	328.662	0	328.662
-20.727	-16.0608	1.58726	-3.70393	-26.674	-2.73852	-26.4815	-2.48143	-0.928411	4.72562	3.16445	3.71949	3.6763	4.59163	328.662	0	328.662
-21.0463	-15.9314	1.56768	-3.4709	-26.657	-1.72382	-26.5247	-2.24456	-0.80109	4.75091	3.1725	3.77852	3.67356	4.60454	393.181	0	393.181
-21.0463	-15.9314	1.56768	-3.4709	-26.6691	-2.17333	-26.5616	-2.0065	-0.673434	4.77284	3.18065	3.83852	3.67062	4.61744	393.181	0	393.181
-21.3265	-15.7871	1.55651	-3.23681	-26.3248	-1.32261	-26.5921	-1.76744	-0.545553	4.79141	3.18767	3.89817	3.66749	4.62928	395.332	0	395.332
-21.3265	-15.7871	1.55651	-3.23681	-26.4671	-1.53207	-26.6161	-1.52753	-0.417552	4.80664	3.19474	3.95879	3.66419	4.64109	395.332	0	395.332
-21.5656	-15.6441	1.60632	-2.98693	-26.4998	-2.19526	-26.6338	-1.28695	-0.289538	4.81852	3.20085	4.01907	3.6608	4.6518	345.776	0	345.776
-21.5656	-15.6441	1.60632	-2.98693	-26.5998	-1.14277	-26.6451	-1.04586	-0.161616	4.8271	3.20697	4.08033	3.65726	4.66246	345.776	0	345.776
-21.8568	-15.4816	1.59359	-2.7531	-27.2008	-1.67679	-26.65	-0.804425	-0.0338883	4.83238	3.21193	4.14107	3.65358	4.67209	358.126	0	358.126
-21.8568	-15.4816	1.59359	-2.7531	-26.7355	-0.59539	-26.6485	-0.562811	0.0935412	4.83439	3.21686	4.20278	3.64977	4.68167	358.126	0	358.126
-22.1336	-15.2752	1.60216	-2.48811	-26.9891	0.0351487	-26.6406	-0.321181	0.220572	4.83317	3.22073	4.26359	3.64586	4.69012	425.444	0	425.444
-22.1336	-15.2752	1.60216	-2.48811	-26.4553	0.0602653	-26.6264	-0.0796947	0.347104	4.82874	3.22453	4.32536	3.64185	4.6985	425.444	0	425.444
-22.3909	-15.0588	1.60353	-2.22632	-26.9537	0.136943	-26.6059	0.161489	0.473041	4.82116	3.22737	4.38616	3.63775	4.7058	412.568	0	412.568
-22.3909	-15.0588	1.60353	-2.22632	-26.6201	0.57588	-26.5792	0.402213	0.598287	4.81045	3.23011	4.44791	3.63358	4.71301	412.568	0	412.568
-22.6375	-14.832	1.57296	-1.98071	-26.8241	0.381506	-26.5462	0.642323	0.722748	4.79667	3.23196	4.50861	3.62933	4.71923	404.969	0	404.969
-22.6375	-14.832	1.57296	-1.98071	-26.7293	1.06082	-26.5069	0.881666	0.846334	4.77986	3.23369	4.57024	3.62502	4.72536	404.969	0	404.969
-22.8711	-14.5545	1.51741	-1.72313	-25.9562	2.60409	-26.4616	1.12009	0.968955	4.76007	3.23462	4.63042	3.62066	4.73049	518.072	0	518.072
-22.8711	-14.5545	1.51741	-1.72313	-26.3986	1.42212	-26.4101	1.35745	1.09053	4.73737	3.2354	4.6915	3.61627	4.73552	518.072	0	518.072
-23.0478	-14.3337	1.48942	-1.49506	-26.5072	-0.563928	-26.3526	1.59361	1.21096	4.71181	3.23557	4.75163	3.61186	4.73968	331.202	0	331.202
-23.0478	-14.3337	1.48942	-1.49506	-26.3594	1.79315	-26.2891	1.82841	1.33018	4.68345	3.23559	4.81264	3.60745	4.74373	331.202	0	331.202
-23.2454	-14.0551	1.44553	-1.24099	-26.3475	1.82827	-26.2197	2.06173	1.44811	4.65235	3.23498	4.87222	3.60305	4.74687	437.037	0	437.037
-23.2454	-14.0551	1.44553	-1.24099	-26.2502	2.18481	-26.1444	2.29342	1.56467	4.61859	3.2342	4.93265	3.59867	4.7499	437.037	0	437.037
-23.434	-13.7602	1.37256	-0.999844	-26.069	2.27896	-26.0633	2.52336	1.67979	4.58223	3.23287	4.99155	3.59433	4.75209	446.697	0	446.697
-23.434	-13.7602	1.37256	-0.999844	-26.0641	2.80701	-25.9765	2.75141	1.79339	4.54334	3.23138	5.05128	3.59004	4.75417	446.697	0	446.697
-23.6236	-13.4501	1.30425	-0.753169	-26.3234	3.02388	-25.8841	2.97746	1.90543	4.502	3.22938	5.10937	3.58582	4.75544	467.741	0	467.741
-23.6236	-13.4501	1.30425	-0.753169	-25.8345	3.42005	-25.7861	3.20139	2.01582	4.45828	3.22724	5.16825	3.58167	4.75659	467.741	0	467.741
-23.8196	-13.1218	1.20121	-0.526734	-26.1824	3.73376	-25.6826	3.42306	2.12452	4.41227	3.22465	5.22538	3.57765	4.75704	484.122	0	484.122
-23.8196	-13.1218	1.20121	-0.526734	-25.6666	3.63509	-25.5737	3.64239	2.23146	4.36404	3.22193	5.28329	3.57371	4.75737	484.122	0	484.122
-23.9385	-12.8199	1.11361	-0.31836	-25.5773	3.13316	-25.4596	3.85924	2.3366	4.31367	3.21893	5.33965	3.56994	4.75707	455.64	0	455.64
-23.9385	-12.8199	1.11361	-0.31836	-25.7492	3.99968	-25.3402	4.07353	2.43989	4.26125	3.21581	5.39675	3.56626	4.75665	455.64	0	455.64
-24.0487	-12.5145	1.01088	-0.132348	-25.3516	3.75691	-25.2157	4.28514	2.54127	4.20686	3.21249	5.4523	3.5628	4.7557	478.19	0	478.19
-24.0487	-12.5145	1.01088	-0.132348	-25.0214	4.52803	-25.0863	4.49399	2.64071	4.15058	3.20907	5.50855	3.55945	4.75464	478.19	0	478.19
-24.0997	-12.2132	0.905926	0.0381789	-24.2719	4.30917	-24.9518	4.69998	2.73817	4.09251	3.20553	5.56328	3.55635	4.7531	540.703	0	540.703
-24.0997	-12.2132	0.905926	0.0381789	-25.0363	4.88499	-24.8126	4.90303	2.83361	4.03273	3.20193	5.61867	3.55338	4.75145	540.703	0	540.703
-24.154	-11.9264	0.8046	0.181169	-24.3609	4.95947	-24.6686	5.10304	2.92701	3.97132	3.19825	5.67265	3.55068	4.74941	554.687	0	554.687
-24.154	-11.9264	0.8046	0.181169	-24.5041	5.35293	-24.5201	5.29995	3.01833	3.90839	3.19453	5.72726	3.54813	4.74726	554.687	0	554.687
-24.1894	-11.6762	0.729589	0.309204	-24.4379	5.24592	-24.367	5.49367	3.10754	3.84401	3.19079	5.7807	3.54583	4.74478	563.626	0	563.626
-24.1894	-11.6762	0.729589	0.309204	-24.1159	5.61152	-24.2095	5.68414	3.19464	3.77827	3.18706	5.83473	3.54369	4.74219	563.626	0	563.626
-24.2064	-11.4583	0.665929	0.429132	-24.5638	4.75836	-24.0477	5.8713	3.27959	3.71127	3.18334	5.8878	3.5418	4.73931	525.063	0	525.063
-24.2064	-11.4583	0.665929	0.429132	-23.9153	5.94377	-23.8818	6.05508	3.36239	3.64309	3.17967	5.94141	3.54006	4.73632	525.063	0	525.063
-24.2436	-11.1896	0.549174	0.526962	-23.5491	6.44495	-23.7117	6.23542	3.44302	3.57383	3.17607	5.9937	3.5387	4.73309	626.462	0	626.462
-24.2436	-11.1896	0.549174	0.526962	-23.6471	6.29102	-23.5377	6.41227	3.52148	3.50357	3.17257	6.04648	3.53749	4.72977	626.462	0	626.462
-24.278	-10.9509	0.450472	0.612922	-23.7544	6.53746	-23.3598	6.58559	3.59775	3.4324	3.1692	6.09813	3.53663	4.72624	613.339	0	613.339
-24.278	-10.9509	0.450472	0.612922	-23.0099	6.86182	-23.1781	6.75533	3.67185	3.36041	3.16598	6.15023	3.53594	4.72263	613.339	0	613.339
-24.2265	-10.7594	0.372563	0.721719	-22.7862	5.74143	-22.9928	6.92146	3.74376	3.28768	3.16288	6.20149	3.53557	4.71879	639.483	0	639.483
-24.2265	-10.7594	0.372563	0.721719	-22.6991	7.063	-22.804	7.08393	3.8135	3.21431	3.15998	6.25316	3.53535	4.71488	639.483	0	639.483
-24.1801	-10.5753	0.310322	0.821912	-22.418	6.76159	-22.6117	7.24273	3.88106	3.14038	3.15725	6.304	3.53543	4.71078	720.37	0	720.37
-24.1801	-10.5753	0.310322	0.821912	-22.5083	7.31524	-22.4161	7.39782	3.94647	3.06598	3.15476	6.35521	3.53567	4.70661	720.37	0	720.37
-24.1395	-10.4003	0.289226	0.911171	-22.0543	7.85452	-22.2173	7.54917	4.00974	2.99118	3.1525	6.40563	3.5361	4.70228	814.227	0	814.227
-24.1395	-10.4003	0.289226	0.911171	-22.1947	7.69478	-22.0154	7.69679	4.07087	2.91607	3.15054	6.45636	3.53668	4.6979	814.227	0	814.227
-24.1373	-10.1818	0.234228	0.976924	-21.6178	9.0351	-21.8105	7.84064	4.12989	2.84074	3.14891	6.50601	3.53754	4.6934	845.559	0	845.559
-24.1373	-10.1818	0.234228	0.976924	-21.6473	7.94	-21.6026	7.98072	4.18681	2.76526	3.14765	6.55592	3.53853	4.68885	845.559	0	845.559
-24.0976	-10.0025	0.239997	1.04478	-21.8637	7.78661	-21.392	8.11703	4.24166	2.68971	3.14672	6.60498	3.53965	4.68419	762.706	0	762.706
-24.0976	-10.0025	0.239997	1.04478	-21.0853	7.83229	-21.1787	8.24957	4.29447	2.61417	3.14623	6.65426	3.5409	4.6795	762.706	0	762.706
-24.0495	-9.79215	0.237262	1.12006	-20.5503	9.28616	-20.9628	8.37833	4.34526	2.53871	3.14609	6.70247	3.54227	4.67471	914.103	0	914.103
-24.0495	-9.79215	0.237262	1.12006	-21.0519	8.50983	-20.7444	8.50333	4.39406	2.46341	3.14646	6.75088	3.54377	4.66989	914.103	0	914.103
-23.947	-9.61033	0.363142	1.19262	-19.9265	9.40847	-20.5237	8.62457	4.4409	2.38835	3.14711	6.79836	3.54506	4.66499	1001.56	0	1001.56
-23.947	-9.61033	0.363142	1.19262	-20.21	8.68914	-20.3006	8.74206	4.48582	2.31358	3.14831	6.84601	3.54646	4.66008	1001.56	0	1001.56
-23.8538	-9.406	0.448847	1.2699	-20.2277	8.8532	-20.0753	8.85583	4.52884	2.23919	3.14986	6.89258	3.54774	4.6551	885.121	0	885.121
-23.8538	-9.406	0.448847	1.2699	-20.0633	8.86724	-19.848	8.96589	4.57001	2.16524	3.15203	6.93927	3.54912	4.6501	885.121	0	885.121
-23.743	-9.19385	0.558609	1.34637	-19.9264	8.78179	-19.6186	9.07227	4.60937	2.09179	3.15452	6.98484	3.55031	4.64507	884.016	0	884.016
-23.743	-9.19385	0.558609	1.34637	-19.4861	8.96665	-19.3873	9.17499	4.64694	2.01891	3.15769	7.0305	3.5516	4.64002	884.016	0	884.016
-23.6006	-8.96232	0.747261	1.40798	-18.5719	10.2069	-19.1542	9.27409	4.68278	1.94666	3.16112	7.07491	3.55249	4.63495	1082.38	0	1082.38
-23.6006	-8.96232	0.747261	1.40798	-18.6786	9.19191	-18.9193	9.36959	4.71692	1.8751	3.16528	7.11939	3.55347	4.62989	1082.38	0	1082.38
-23.4466	-8.73399	0.946126	1.45607	-19.2825	8.98189	-18.6827	9.46154	4.7494	1.80429	3.16969	7.16263	3.55404	4.62481	914.522	0	914.522
-23.4466	-8.73399	0.946126	1.45607	-18.4242	9.46852	-18.4446	9.54996	4.78028	1.73429	3.17487	7.20592	3.55468	4.61975	914.522	0	914.522
-23.2187	-8.50587	1.23665	1.46961	-18.1634	8.72444	-18.2049	9.63492	4.80959	1.66514	3.18007	7.24797	3.55472	4.61469	1024	0	1024
-23.2187	-8.50587	1.23665	1.46961	-17.7736	9.72478	-17.9639	9.71643	4.83737	1.59691	3.18608	7.29004	3.55482	4.60964	1024	0	1024
-23.0452	-8.20476	1.36502	1.60784	-17.2296	9.97767	-17.7214	9.79457	4.86368	1.52964	3.19231	7.33049	3.5547	4.60461	1109.02	0	1109.02
-23.0452	-8.20476	1.36502	1.60784	-17.3436	9.88109	-17.4777	9.86936	4.88856	1.46338	3.1994	7.37094	3.55463	4.59959	1109.02	0	1109.02
-22.8696	-7.89055	1.51812	1.73101	-17.1554	10.212	-17.2328	9.94087	4.91205	1.39818	3.20671	7.40971	3.55429	4.59462	1088.85	0	1088.85
-22.8696	-7.89055	1.51812	1.73101	-16.8876	10.145	-16.9868	10.0091	4.93421	1.33408	3.21493	7.44847	3.55399	4.58967	1088.85	0	1088.85
-22.6823	-7.55343	1.65105	1.8872	-16.5958	10.1078	-16.7396	10.0743	4.95507	1.27113	3.22333	7.48547	3.55347	4.58479	1106.3	0	1106.3
-22.6823	-7.55343	1.65105	1.8872	-16.5153	10.3091	-16.4915	10.1362	4.97469	1.20937	3.23267	7.52244	3.55299	4.57994	1106.3	0	1106.3
-22.5043	-7.18151	1.75036	2.08263	-16.09	10.5824	-16.2424	10.1952	4.99311	1.14883	3.24225	7.5575	3.55235	4.57521	1136.76	0	1136.76
-22.5043	-7.18151	1.75036	2.08263	-16.006	10.1843	-15.9924	10.2511	5.01039	1.08956	3.25281	7.59253	3.55175	4.57052	1136.76	0	1136.76
-22.3289	-6.77946	1.79359	2.32907	-15.7234	10.41	-15.7416	10.3041	5.02655	1.03159	3.26361	7.62556	3.55109	4.56601	1118.06	0	1118.06
-22.3289	-6.77946	1.79359	2.32907	-15.5699	10.1904	-15.4899	10.3543	5.04166	0.974957	3.27544	7.65854	3.55047	4.56155	1118.06	0	1118.06
-22.0831	-6.38355	2.0217	2.44643	-14.2385	10.9109	-15.2376	10.4016	5.05576	0.919692	3.2872	7.6896	3.54945	4.55722	1311.82	0	1311.82
-22.0831	-6.38355	2.0217	2.44643	-14.9365	10.4722	-14.9846	10.4462	5.06889	0.865828	3.30002	7.72061	3.54845	4.55294	1311.82	0	1311.82
-21.8863	-5.9216	1.98046	2.78972	-14.724	9.63507	-14.7309	10.4882	5.0811	0.813394	3.31298	7.74945	3.54756	4.54901	1105.54	0	1105.54
-21.8863	-5.9216	1.98046	2.78972	-14.4088	10.222	-14.4766	10.5276	5.09243	0.762418	3.32703	7.77823	3.54669	4.54514	1105.54	0	1105.54
-21.6665	-5.45393	2.07027	3.0249	-13.9005	10.5238	-14.2218	10.5645	5.10293	0.712926	3.34112	7.80489	3.54568	4.54157	1194.77	0	1194.77
-21.6665	-5.45393	2.07027	3.0249	-13.8049	10.9383	-13.9665	10.5989	5.11263	0.664944	3.35631	7.8315	3.54469	4.53806	1194.77	0	1194.77
-21.4886	-4.90729	1.98102	3.39662	-13.3956	10.7857	-13.7107	10.631	5.12159	0.618496	3.37175	7.85572	3.54389	4.53507	1195.09	0	1195.09
-21.4886	-4.90729	1.98102	3.39662	-13.3556	10.5517	-13.4545	10.6608	5.12983	0.573603	3.38831	7.87989	3.5431	4.53214	1195.09	0	1195.09
-21.2577	-4.3975	2.11968	3.60109	-12.9374	10.8137	-13.1979	10.6884	5.13741	0.530288	3.40485	7.90192	3.54208	4.52957	1197.72	0	1197.72
-21.2577	-4.3975	2.11968	3.60109	-12.9591	11.0099	-12.9409	10.7138	5.14436	0.48857	3.42253	7.9239	3.54108	4.52706	1197.72	0	1197.72
-21.0546	-3.81545	2.14818	3.89774	-12.2518	11.2495	-12.6836	10.7373	5.15071	0.448467	3.44032	7.94354	3.54004	4.52507	1228.7	0	1228.7
-21.0546	-3.81545	2.14818	3.89774	-12.3713	10.6091	-12.426	10.7587	5.15651	0.409997	3.45927	7.96314	3.53901	4.52316	1228.7	0	1228.7
-20.8297	-3.22677	2.22678	4.16498	-11.9352	10.9161	-12.1681	10.7783	5.16179	0.373177	3.4782	7.98048	3.53786	4.52176	1186.73	0	1186.73
-20.8297	-3.22677	2.22678	4.16498	-11.9451	11.0515	-11.91	10.7961	5.16658	0.338022	3.49831	7.99778	3.53672	4.52042	1186.73	0	1186.73
-20.5697	-2.61985	2.39814	4.39443	-10.9703	10.9676	-11.6516	10.8121	5.17092	0.304546	3.51821	8.01287	3.53531	4.51957	1260.8	0	1260.8
-20.5697	-2.61985	2.39814	4.39443	-11.4548	10.9407	-11.393	10.8265	5.17484	0.272761	3.53928	8.02792	3.5339	4.51878	1260.8	0	1260.8
-20.2382	-2.0845	2.88136	4.39233	-11.3472	10.5111	-11.1342	10.8394	5.17836	0.242681	3.55976	8.04111	3.53179	4.51805	1112.65	0	1112.65
-20.2382	-2.0845	2.88136	4.39233	-10.6009	10.6823	-10.8753	10.8509	5.18153	0.214317	3.58141	8.05426	3.5297	4.51738	1112.65	0	1112.65
-19.9569	-1.44145	3.11572	4.58876	-10.6563	10.8369	-10.6161	10.8609	5.18435	0.187679	3.60272	8.0653	3.52731	4.51714	1120.18	0	1120.18
-19.9569	-1.44145	3.11572	4.58876	-10.4142	10.8747	-10.3569	10.8697	5.18687	0.162776	3.62522	8.0763	3.52494	4.51696	1120.18	0	1120.18
-19.7121	-0.715071	3.16054	4.94464	-9.90413	11.2255	-10.0976	10.8772	5.1891	0.139618	3.64756	8.08507	3.52252	4.51756	1152.97	0	1152.97
-19.7121	-0.715071	3.16054	4.94464	-9.83445	11.1032	-9.83809	10.8837	5.19106	0.118212	3.67109	8.09381	3.52012	4.51822	1152.97	0	1152.97
-19.3971	-0.0593265	3.40674	5.13064	-10.195	10.3498	-9.57852	10.8891	5.19278	0.0985664	3.69406	8.10066	3.51745	4.51933	994.649	0	994.649
-19.3971	-0.0593265	3.40674	5.13064	-9.3066	11.0348	-9.31887	10.8936	5.19428	0.0806865	3.71822	8.10749	3.51479	4.52047	994.649	0	994.649
-19.0508	0.62234	3.66295	5.32627	-9.2226	10.3527	-9.05915	10.8972	5.19557	0.0645787	3.74166	8.11249	3.5119	4.5221	1060.37	0	1060.37
-19.0508	0.62234	3.66295	5.32627	-8.78899	11.0707	-8.79937	10.9001	5.19667	0.050248	3.76627	8.11746	3.50901	4.52376	1060.37	0	1060.37
-18.6662	1.2915	3.96412	5.48075	-8.83914	10.0319	-8.53953	10.9023	5.19759	0.0376992	3.78994	8.12076	3.5059	4.52581	1022.86	0	1022.86
-18.6662	1.2915	3.96412	5.48075	-8.62045	10.6577	-8.27965	10.9039	5.19835	0.0269359	3.81478	8.12405	3.50279	4.52787	1022.86	0	1022.86
-18.3	2.04105	4.20995	5.70687	-7.91543	11.1157	-8.01974	10.905	5.19896	0.0179617	3.83879	8.12561	3.49954	4.53051	1073.68	0	1073.68
-18.3	2.04105	4.20995	5.70687	-7.51971	11.0005	-7.75979	10.9057	5.19942	0.0107791	3.86396	8.12717	3.4963	4.53316	1073.68	0	1073.68
-17.8822	2.77334	4.47153	5.91551	-7.25987	10.6458	-7.49981	10.9061	5.19975	0.00539029	3.88801	8.12718	3.49294	4.53634	1084.81	0	1084.81
-17.8822	2.77334	4.47153	5.91551	-7.15631	10.815	-7.23983	10.9063	5.19994	0.00179692	3.91323	8.12719	3.48959	4.53952	1084.81	0	1084.81
