0.312243	0.58034	0	0	0	0.312243	0.58034	0.6	0.6	5.19994	0	0.00691132	5.19994	0	0	0	0	0.287757	0.0196602	5.19994	0
0.735463	0.629594	7.20081	4.12487e-17	-5.88289e-18	0.862916	0.534212	0.859997	0.600045	5.19975	0.000345566	0.0138215	5.19975	0.00179686	0	74.7453	74.7453	0.221713	0.0250964	3.93977	0.00127057
1.1605	0.494951	7.20388	-0.127214	-0.0118554	1.17385	0.481073	1.11998	0.600225	5.19943	0.00103664	0.0207296	5.19943	0.00538996	0.221135	74.7453	0.221135	0.182532	0.0641408	3.40742	0.530791
1.25807	0.533066	7.18919	0.122861	0.0306446	0.969149	0.397513	1.37996	0.600629	5.19899	0.00207312	0.0276344	5.19898	0.0107781	0.221135	1.8248	1.8248	0.169419	0.0650133	3.10563	0.632968
1.61577	0.595369	7.2026	0.161621	0.0462131	1.65063	0.62469	1.6399	0.601347	5.19842	0.00345484	0.0345348	5.19839	0.0179597	0.167631	1.8248	0.167631	0.151917	0.0582111	2.90617	0.762187
1.85109	0.561771	6.01514	0.024984	-0.23516	1.62331	0.499091	1.89982	0.60247	5.19773	0.00518158	0.0414297	5.19766	0.0269323	0.167631	7.75045	7.75045	0.1401	0.0556763	2.67377	0.697597
2.16313	0.591083	6.01468	0.0397078	-0.179213	2.18882	0.648739	2.1597	0.604086	5.19691	0.00725307	0.0483182	5.19678	0.0376932	0.254648	7.75045	0.254648	0.129714	0.0517799	2.49444	0.650306
2.37908	0.636823	5.61699	0.0546424	-0.350755	1.96701	0.557117	2.41954	0.606284	5.19597	0.00966898	0.0551989	5.19573	0.0502389	0.254648	6.38855	6.38855	0.122177	0.0496246	2.33789	0.61503
2.65675	0.653724	5.61412	0.0432332	-0.32777	2.65526	0.66598	2.67932	0.609155	5.19491	0.0124289	0.062071	5.1945	0.0645654	0.00929769	6.38855	0.00929769	0.115435	0.0490886	2.20851	0.582886
2.92324	0.647121	5.54996	-0.00531294	-0.484813	2.92034	0.645898	2.93904	0.612786	5.19372	0.0155325	0.0689333	5.19309	0.080668	0.00929769	0.458568	0.458568	0.109625	0.0478186	2.09821	0.55407
3.15953	0.642414	5.50623	-0.0188212	-0.448477	3.01222	0.637046	3.19869	0.617267	5.19241	0.0189791	0.0757847	5.19147	0.0985415	1.21671	0.458568	1.21671	0.105188	0.0462194	2.0028	0.53179
3.44489	0.538427	5.53709	-0.166921	-0.860307	3.56096	0.485311	3.45825	0.622685	5.19097	0.0227684	0.0826241	5.18963	0.11818	1.21671	1.25395	1.25395	0.100784	0.0504959	1.91913	0.590802
3.74793	0.426392	5.60003	-0.284605	-1.0767	3.89365	0.311793	3.71772	0.62913	5.18942	0.0268996	0.0894504	5.18754	0.139576	2.0516	1.25395	2.0516	0.0971916	0.074266	1.84457	0.740027
4.02907	0.510088	5.5603	-0.148863	-0.556974	4.19786	0.698311	3.97708	0.636689	5.18775	0.0313721	0.0962627	5.18519	0.162724	2.0516	4.18189	4.18189	0.0946813	0.0791602	1.77945	0.760369
4.3032	0.501738	5.54376	-0.142006	-0.473438	4.30935	0.578564	4.23632	0.645449	5.18595	0.0361852	0.10306	5.18256	0.187614	0.389811	4.18189	0.389811	0.0930866	0.0850027	1.72092	0.776294
4.56476	0.535679	5.47475	-0.104112	-0.342512	4.61908	0.68951	4.49542	0.655498	5.18405	0.0413382	0.10984	5.17962	0.214238	0.389811	2.20535	2.20535	0.0917822	0.0875851	1.66759	0.776727
4.75671	0.639894	5.32807	-0.00590106	-0.103824	4.35143	0.899174	4.75437	0.666921	5.18202	0.0468302	0.116604	5.17634	0.242587	13.2633	2.20535	13.2633	0.0890436	0.0852225	1.61822	0.756461
5.01007	0.637092	5.27667	-0.0157201	-0.115432	5.20901	0.66599	5.01315	0.679804	5.17988	0.0526604	0.123349	5.1727	0.272649	13.2633	2.2566	2.2566	0.0865379	0.083431	1.57281	0.73991
5.31102	0.636099	5.31922	-0.0195203	-0.111377	5.51894	0.648233	5.27175	0.694234	5.17763	0.0588279	0.130074	5.16867	0.304413	2.2828	2.2566	2.2828	0.0847104	0.0822938	1.53125	0.72624
5.56849	0.644367	5.3206	-0.0128338	-0.0888014	5.22834	0.639362	5.53013	0.710295	5.17526	0.0653316	0.136779	5.16422	0.337868	2.2828	1.66538	1.66538	0.0830098	0.0815535	1.49288	0.713653
5.86144	0.662367	5.34766	-0.00272374	-0.0645385	6.022	0.708619	5.78828	0.728072	5.17278	0.0721706	0.143463	5.15932	0.372999	1.48474	1.66538	1.48474	0.0825676	0.0808693	1.45749	0.701571
6.10595	0.587679	5.3064	-0.0568083	-0.147342	5.89392	0.373584	6.04618	0.747647	5.1702	0.0793437	0.150124	5.15393	0.409793	1.48474	3.94257	3.94257	0.0816696	0.0860566	1.42431	0.702006
6.36323	0.702154	5.28104	0.0184002	-0.021427	6.34249	0.948833	6.30379	0.769103	5.16751	0.0868499	0.156761	5.14803	0.448233	4.16103	3.94257	4.16103	0.0808303	0.0853148	1.39327	0.690466
6.61555	0.732472	5.25092	0.0319854	-0.000617801	6.62134	0.836138	6.5611	0.792523	5.16471	0.0946879	0.163373	5.14157	0.488305	4.16103	0.927963	0.927963	0.079905	0.0844133	1.36411	0.679085
6.86397	0.732634	5.23721	0.0274493	-0.00685306	6.78214	0.714036	6.81808	0.817988	5.1618	0.102857	0.169959	5.13452	0.52999	0.368378	0.927963	0.368378	0.0788266	0.0844511	1.3367	0.669834
7.11119	0.714703	5.19044	0.0110868	-0.0303416	7.29121	0.630741	7.07469	0.845578	5.1588	0.111355	0.176519	5.12685	0.573269	0.368378	3.78265	3.78265	0.0776266	0.0866976	1.3108	0.664568
7.33495	0.799867	5.14876	0.0554954	0.0309665	7.13735	0.957217	7.3309	0.875373	5.15569	0.120181	0.183051	5.11851	0.618123	3.72223	3.78265	3.72223	0.0761795	0.0863089	1.28631	0.655278
7.62155	0.811434	5.19848	0.0555916	0.0293759	8.08349	0.819605	7.58668	0.907449	5.15249	0.129333	0.189554	5.10946	0.664531	3.72223	3.54794	3.54794	0.0750963	0.0866743	1.26322	0.647375
7.87146	0.791902	5.18957	0.0395473	0.00730278	7.80533	0.719126	7.84199	0.941886	5.14919	0.138811	0.196027	5.09966	0.712469	0.566958	3.54794	0.566958	0.0739928	0.0896051	1.24135	0.643053
8.12459	0.808505	5.1599	0.0420913	0.00882783	8.40453	0.884557	8.0968	0.978759	5.14579	0.148612	0.202468	5.08907	0.761915	0.566958	2.79323	2.79323	0.0729258	0.0934219	1.22055	0.64002
8.36338	0.827808	5.14073	0.0471716	0.0147213	8.24796	0.840322	8.35106	1.01814	5.14231	0.158735	0.208879	5.07766	0.812843	0.698933	2.79323	0.698933	0.0717741	0.0980547	1.20074	0.637894
8.62677	0.913828	5.17285	0.0849865	0.0609229	8.45858	1.41118	8.60472	1.06011	5.13873	0.169179	0.215255	5.06537	0.865226	0.698933	6.69033	6.69033	0.0707512	0.0999148	1.18194	0.632351
8.8639	0.973946	5.1529	0.10679	0.0836983	8.74615	1.04858	8.85775	1.10473	5.13507	0.179942	0.221599	5.05216	0.919037	1.09473	6.69033	1.09473	0.0696792	0.100989	1.16396	0.626015
9.14876	1.01157	5.18719	0.114676	0.0877375	9.8809	1.1419	9.1101	1.15208	5.13132	0.191022	0.227907	5.03798	0.974245	1.09473	6.45056	6.45056	0.0689662	0.102369	1.14688	0.620186
9.38575	1.04652	5.16685	0.122003	0.0915338	9.25579	1.04913	9.36172	1.20223	5.12748	0.202417	0.234179	5.0228	1.03082	0.868329	6.45056	0.868329	0.0680951	0.104273	1.13052	0.615028
9.66071	1.11679	5.19606	0.14367	0.111506	10.1016	1.52474	9.61255	1.25524	5.12357	0.214126	0.240414	5.00656	1.08873	0.868329	4.48633	4.48633	0.0676209	0.105372	1.11494	0.609142
9.92937	1.24427	5.21521	0.190006	0.159449	10.0484	1.44598	9.86254	1.31118	5.11958	0.226147	0.246611	4.98922	1.14794	3.30478	4.48633	3.30478	0.0675996	0.104519	1.09998	0.601451
10.1815	1.33222	5.19501	0.21648	0.18269	10.5377	1.72555	10.1117	1.37011	5.11551	0.238478	0.252769	4.97074	1.20841	3.30478	4.73071	4.73071	0.0676605	0.103317	1.08554	0.593674
10.4083	1.41544	5.17183	0.239079	0.199166	10.2492	1.45907	10.3598	1.4321	5.11137	0.251116	0.258887	4.95106	1.2701	1.44659	4.73071	1.44659	0.0672381	0.102019	1.0716	0.586058
10.6463	1.50119	5.13307	0.262782	0.218609	10.9084	1.70343	10.6069	1.49721	5.10717	0.26406	0.264964	4.93014	1.33298	1.44659	4.50837	4.50837	0.0666836	0.100738	1.05813	0.578686
10.875	1.53713	5.10925	0.260698	0.203861	10.7313	1.45265	10.853	1.56549	5.10289	0.277309	0.271	4.90794	1.39701	1.47352	4.50837	1.47352	0.0659553	0.0996002	1.04515	0.571722
11.1373	1.5887	5.126	0.262323	0.192896	11.4783	1.42876	11.0979	1.637	5.09855	0.290859	0.276993	4.8844	1.46213	1.47352	1.59743	1.59743	0.065449	0.0986892	1.03269	0.565247
11.4127	1.6369	5.15011	0.2609	0.179099	11.587	1.61462	11.3416	1.71179	5.09414	0.304708	0.282942	4.85948	1.52832	1.61202	1.59743	1.61202	0.0655844	0.0982013	1.02076	0.559466
11.6472	1.69697	5.12317	0.268794	0.179478	11.4763	1.53917	11.584	1.78992	5.08968	0.318855	0.288846	4.83313	1.59551	1.61202	1.13285	1.13285	0.0655316	0.0980851	1.00922	0.554205
11.8788	1.76364	5.10808	0.27809	0.180244	11.7788	1.74591	11.8251	1.87144	5.08516	0.333298	0.294705	4.80531	1.66366	0.526158	1.13285	0.526158	0.065292	0.0983116	0.998074	0.549397
12.1304	1.85148	5.13021	0.292787	0.185401	12.136	2.14937	12.0647	1.95639	5.08058	0.348033	0.300517	4.77598	1.73273	0.526158	1.20657	1.20657	0.0653002	0.0984598	0.987369	0.544661
12.3735	1.88344	5.1169	0.283153	0.163286	12.3226	1.78353	12.3029	2.04482	5.07596	0.363059	0.306282	4.74508	1.80265	0.754349	1.20657	0.754349	0.0654177	0.100211	0.977116	0.541577
12.626	1.9434	5.13361	0.283728	0.152569	12.5457	1.77728	12.5394	2.13677	5.07128	0.378373	0.311998	4.71257	1.87338	0.754349	0.94443	0.94443	0.0659272	0.103014	0.967386	0.539593
12.8277	2.07751	5.10815	0.323214	0.190821	12.5924	2.17509	12.7743	2.23227	5.06656	0.393973	0.317665	4.67842	1.94485	3.61088	0.94443	3.61088	0.065695	0.104327	0.957754	0.536041
13.0874	2.17941	5.15255	0.336696	0.191628	13.2198	2.6644	13.0075	2.33137	5.0618	0.409856	0.323282	4.64258	2.01701	3.61088	3.63696	3.63696	0.0660093	0.105491	0.948642	0.532517
13.2907	2.32087	5.132	0.375114	0.226129	13.0875	2.40708	13.2388	2.43409	5.057	0.42602	0.328848	4.605	2.08981	2.73076	3.63696	2.73076	0.0657617	0.105648	0.939598	0.528087
13.4786	2.46859	5.07781	0.419699	0.271258	12.7087	3.12439	13.4682	2.54047	5.05217	0.442462	0.334362	4.56565	2.16317	2.73076	11.0937	11.0937	0.0651425	0.105101	0.930572	0.523147
13.7246	2.58378	5.09595	0.435694	0.273626	13.836	2.62479	13.6955	2.65053	5.0473	0.459181	0.339823	4.52448	2.23703	0.719975	11.0937	0.719975	0.0646483	0.104507	0.921844	0.518324
13.9454	2.69859	5.08423	0.454345	0.281093	13.8302	2.73893	13.9208	2.7643	5.0424	0.476172	0.34523	4.48147	2.31134	0.719975	0.280293	0.280293	0.0641346	0.10392	0.913345	0.513617
14.1714	2.85049	5.09848	0.485142	0.300228	14.2106	2.94205	14.1439	2.88179	5.03748	0.493433	0.350583	4.43656	2.38601	0.596673	0.280293	0.596673	0.0636571	0.103058	0.905059	0.508928
14.4169	2.95529	5.12822	0.485856	0.277806	14.5568	2.87021	14.3646	3.00303	5.03253	0.510962	0.355881	4.38974	2.46099	0.596673	1.53187	1.53187	0.0634725	0.102333	0.897151	0.504441
14.6258	3.03409	5.09401	0.484824	0.261602	14.4616	2.90734	14.583	3.12802	5.02756	0.528756	0.361122	4.34097	2.5362	2.27298	1.53187	2.27298	0.0631686	0.102191	0.889518	0.500458
14.8535	3.1805	5.12254	0.505047	0.26543	14.6754	3.96041	14.7989	3.25679	5.02257	0.546812	0.366307	4.29021	2.61157	2.27298	3.98627	3.98627	0.0630309	0.1018	0.88218	0.496432
15.0574	3.37047	5.1361	0.548245	0.299709	15.0261	3.5067	15.0122	3.38932	5.01757	0.565128	0.371433	4.23744	2.68703	1.28679	3.98627	1.28679	0.0627711	0.100964	0.874878	0.492209
15.2693	3.53391	5.13711	0.57814	0.319662	15.3685	4.14761	15.2228	3.52563	5.01256	0.583699	0.376501	4.18263	2.76249	1.28679	2.4923	2.4923	0.0625342	0.100125	0.867694	0.488124
15.4794	3.71981	5.15696	0.612386	0.340044	15.5236	3.82936	15.4306	3.66572	5.00754	0.602525	0.381509	4.12575	2.83789	0.827191	2.4923	0.827191	0.0623336	0.0995418	0.860637	0.484377
15.6923	3.85313	5.15145	0.621959	0.331412	15.7234	3.4105	15.6355	3.80957	5.00251	0.6216	0.386458	4.06678	2.91315	0.827191	0.90887	0.90887	0.062247	0.0988906	0.853804	0.480585
15.9121	3.99857	5.15833	0.633622	0.325495	15.9774	4.00094	15.8375	3.95719	4.99749	0.640923	0.391345	4.00571	2.98817	0.224431	0.90887	0.224431	0.0624625	0.0982411	0.847215	0.476828
16.1097	4.16435	5.14339	0.661557	0.345708	16.3376	4.21632	16.0363	4.10854	4.99246	0.66049	0.39617	3.94251	3.0629	0.224431	1.74131	1.74131	0.0626477	0.0977199	0.840695	0.473244
16.3058	4.35786	5.15979	0.692722	0.36095	16.3313	4.44499	16.2319	4.26363	4.98744	0.680299	0.400933	3.87716	3.13723	0.491962	1.74131	0.491962	0.0628364	0.097667	0.834283	0.469998
16.5154	4.51908	5.16963	0.704819	0.352438	16.7586	4.48231	16.4242	4.42242	4.98243	0.700345	0.405632	3.80966	3.21109	0.491962	0.667284	0.667284	0.0633627	0.0976518	0.828089	0.466734
16.6946	4.69144	5.1589	0.7274	0.358556	16.6039	4.67344	16.613	4.5849	4.97743	0.720627	0.410268	3.74	3.28438	0.441491	0.667284	0.441491	0.0636733	0.0977905	0.822002	0.463581
16.8502	4.89407	5.12411	0.776784	0.410709	16.9236	5.10119	16.7983	4.75103	4.97244	0.74114	0.414838	3.66817	3.35704	0.441491	4.90356	4.90356	0.0635162	0.0986066	0.815938	0.46104
17.0152	5.11567	5.13991	0.815267	0.430434	16.9955	5.21099	16.9799	4.92077	4.96747	0.761882	0.419343	3.59416	3.42897	0.605617	4.90356	0.605617	0.0631966	0.100662	0.810047	0.45923
17.1849	5.29382	5.12275	0.837953	0.437002	17.3421	4.64623	17.1579	5.09409	4.96252	0.782849	0.423782	3.51797	3.50008	0.605617	1.87053	1.87053	0.0628269	0.102752	0.804314	0.457417
17.3469	5.47705	5.11103	0.858764	0.436405	17.2894	5.43542	17.3319	5.27094	4.9576	0.804038	0.428154	3.4396	3.57028	0.257984	1.87053	0.257984	0.0624082	0.104917	0.798718	0.455568
17.5021	5.65856	5.08564	0.883964	0.447795	17.6463	4.74597	17.5019	5.45128	4.9527	0.825446	0.432459	3.35907	3.63949	0.257984	3.56686	3.56686	0.0619733	0.107011	0.79331	0.45371
17.6992	5.78727	5.05806	0.873876	0.412671	17.7853	5.62476	17.6679	5.63506	4.94783	0.847069	0.436695	3.27637	3.70762	2.15204	3.56686	2.15204	0.0616561	0.107759	0.787865	0.451036
17.8395	5.99603	5.04236	0.912268	0.443247	17.9216	6.07151	17.8297	5.82221	4.943	0.868904	0.440862	3.19151	3.77458	2.15204	1.52479	1.52479	0.0612487	0.108919	0.78262	0.448664
18.0167	6.18007	5.04544	0.921973	0.429105	18.1263	6.16985	17.9872	6.01269	4.9382	0.890947	0.444959	3.10453	3.84027	0.669545	1.52479	0.669545	0.0609347	0.109903	0.777412	0.446147
18.1627	6.39278	5.04937	0.949049	0.436938	18.1245	6.79027	18.1402	6.20641	4.93344	0.913195	0.448987	3.01542	3.90462	0.669545	0.605665	0.605665	0.0605872	0.111251	0.772328	0.443794
18.2867	6.62146	5.05513	0.983423	0.45068	18.2164	6.66138	18.2888	6.40332	4.92872	0.935644	0.452943	2.92421	3.96753	0.393426	0.605665	0.393426	0.060193	0.113288	0.767424	0.441753
18.4154	6.84114	5.05259	1.0141	0.463949	18.4022	7.02231	18.4328	6.60333	4.92404	0.958291	0.456828	2.83093	4.0289	0.393426	0.299326	0.299326	0.0598383	0.115735	0.762707	0.439904
18.5672	6.98599	5.00254	1.01158	0.437815	18.5422	6.76013	18.572	6.80638	4.91942	0.981133	0.46064	2.7356	4.08867	2.984	0.299326	2.984	0.0594608	0.116762	0.75792	0.437445
18.7131	7.19487	5.0126	1.02322	0.420709	18.8089	7.24388	18.7064	7.01237	4.91484	1.00417	0.46438	2.63825	4.14672	2.984	0.436613	0.436613	0.0590927	0.117811	0.753175	0.434956
18.9127	7.3348	4.98388	1.00206	0.375327	19.1441	7.18344	18.8359	7.22122	4.91032	1.02738	0.468047	2.53893	4.20299	4.64042	0.436613	4.64042	0.0593438	0.117759	0.748685	0.432263
18.9966	7.55483	4.95234	1.04896	0.420996	18.5479	7.4012	18.9604	7.43283	4.90586	1.05079	0.47164	2.43767	4.25737	4.64042	4.67994	4.67994	0.0591165	0.117812	0.744114	0.429638
19.0913	7.80085	4.96661	1.0861	0.438219	19.0138	7.8688	19.0798	7.64712	4.90145	1.07437	0.475158	2.3345	4.3098	0.654499	4.67994	0.654499	0.058773	0.11831	0.739621	0.427143
19.2084	8.01496	4.96317	1.10433	0.433331	19.3089	7.67375	19.1939	7.86397	4.89711	1.09813	0.478601	2.22949	4.36017	0.654499	0.351196	0.351196	0.0584436	0.118752	0.735205	0.424667
19.2907	8.22629	4.93951	1.13234	0.441361	19.132	8.12845	19.3028	8.08329	4.89283	1.12206	0.481969	2.12266	4.40842	1.7823	0.351196	1.7823	0.0581135	0.119066	0.730873	0.422218
19.3865	8.44343	4.93331	1.15106	0.432945	19.0239	8.17194	19.4062	8.30497	4.88863	1.14615	0.48526	2.01409	4.45445	1.7823	2.44913	2.44913	0.057814	0.119309	0.726611	0.419792
19.4839	8.59967	4.86544	1.15778	0.419692	19.347	8.30741	19.5042	8.5289	4.88449	1.17042	0.488475	1.90381	4.49819	5.53942	2.44913	5.53942	0.0575221	0.118864	0.722443	0.417397
19.5698	8.81911	4.85352	1.18493	0.431941	19.6843	8.35902	19.5966	8.75494	4.88042	1.19484	0.491613	1.7919	4.53956	5.53942	0.827004	0.827004	0.0572658	0.118384	0.718336	0.415043
19.7348	8.98796	4.82874	1.16839	0.391502	20.0039	8.8906	19.6835	8.983	4.87643	1.21942	0.494673	1.67841	4.57848	4.79648	0.827004	4.79648	0.0572027	0.117719	0.714644	0.412955
19.8026	9.21944	4.82024	1.20549	0.420261	19.6061	9.48659	19.7645	9.21294	4.87251	1.24416	0.497655	1.56341	4.61488	4.79648	1.08457	1.08457	0.0570251	0.117065	0.71086	0.410826
19.9372	9.4299	4.82419	1.20535	0.397084	20.1574	9.45949	19.8398	9.44463	4.86868	1.26904	0.500558	1.44697	4.64869	2.67254	1.08457	2.67254	0.057623	0.11643	0.707539	0.408838
19.9769	9.66398	4.80511	1.25433	0.444718	19.6163	9.76606	19.9093	9.67795	4.86493	1.29407	0.503383	1.32916	4.67984	2.67254	3.05051	3.05051	0.057741	0.115805	0.703897	0.406781
20.0689	9.88899	4.80797	1.26862	0.43598	20.1573	9.90876	19.9728	9.91275	4.86127	1.31923	0.506127	1.21005	4.70826	0.439665	3.05051	0.439665	0.0582887	0.115207	0.700477	0.404774
20.1262	10.1367	4.82506	1.29435	0.435176	19.1911	11.5493	20.0303	10.1489	4.85769	1.34454	0.508793	1.08972	4.73389	0.439665	6.70981	6.70981	0.0588167	0.114599	0.697135	0.402727
20.1784	10.3909	4.8439	1.32368	0.442525	20.166	10.4687	20.0818	10.3863	4.85421	1.36998	0.511377	0.968259	4.75666	0.356658	6.70981	0.356658	0.0593412	0.113995	0.693812	0.400649
20.1916	10.6323	4.83086	1.37255	0.484508	19.6775	10.803	20.1271	10.6247	4.85081	1.39555	0.513881	0.845742	4.77652	0.356658	3.153	3.153	0.0593967	0.113403	0.690273	0.398578
20.2539	10.889	4.85567	1.39293	0.479245	20.371	11.0109	20.1663	10.864	4.84751	1.42124	0.516304	0.722256	4.7934	1.46797	3.153	1.46797	0.0597556	0.112845	0.686846	0.396521
20.2821	11.1419	4.86855	1.4211	0.480388	19.4335	12.3402	20.1993	11.1041	4.84431	1.44706	0.518645	0.597892	4.80727	1.46797	4.73493	4.73493	0.0600354	0.112333	0.683456	0.394493
20.3177	11.3762	4.86201	1.44347	0.478966	20.3164	11.3483	20.2261	11.3449	4.8412	1.47299	0.520904	0.472738	4.81807	0.0425767	4.73493	0.0425767	0.0604361	0.111808	0.680151	0.392496
20.2621	11.6283	4.84704	1.52026	0.562535	19.2063	12.2418	20.2466	11.5861	4.8382	1.49904	0.523081	0.346889	4.82575	0.0425767	11.1569	11.1569	0.060153	0.111328	0.676818	0.390531
20.3352	11.8645	4.8507	1.5235	0.536101	20.6141	11.9422	20.2608	11.8275	4.83529	1.52519	0.525176	0.220439	4.83027	4.50294	11.1569	4.50294	0.0603105	0.110836	0.67346	0.388596
20.3593	12.0998	4.85089	1.53036	0.497101	19.966	11.9688	20.2687	12.0692	4.83249	1.55145	0.527187	0.093487	4.83159	4.50294	3.61264	3.61264	0.0606816	0.110333	0.670227	0.38669
20.3501	12.3722	4.88156	1.56349	0.504015	20.3263	12.4966	20.2701	12.3108	4.8298	1.57781	0.529115	-0.0338694	4.82968	0.896503	3.61264	0.896503	0.0608978	0.109963	0.667001	0.384842
20.2993	12.6133	4.86918	1.62214	0.560114	20.0192	12.4823	20.2652	12.5522	4.82722	1.60426	0.53096	-0.161529	4.82451	0.896503	3.48525	3.48525	0.0606962	0.109597	0.663843	0.383005
20.3244	12.8521	4.8666	1.63448	0.543989	20.498	12.8924	20.254	12.7933	4.82474	1.63081	0.532721	-0.28939	4.81605	1.72147	3.48525	1.72147	0.0607963	0.109225	0.660677	0.381198
20.3095	13.087	4.85768	1.66273	0.549575	20.9151	12.2555	20.2363	13.0339	4.82237	1.65745	0.534397	-0.417348	4.80428	1.72147	2.1632	2.1632	0.0609253	0.108831	0.65756	0.379409
20.2732	13.3046	4.83225	1.6935	0.554478	20.1943	13.1688	20.2122	13.2738	4.82012	1.68417	0.53599	-0.545298	4.78918	1.27675	2.1632	1.27675	0.0609257	0.108362	0.654495	0.377632
20.2329	13.5407	4.82995	1.72106	0.550359	19.858	13.5236	20.1818	13.5129	4.81798	1.71097	0.537498	-0.673135	4.77072	1.27675	1.32353	1.32353	0.060842	0.107892	0.651475	0.37588
20.2148	13.7923	4.84303	1.74072	0.541497	20.3245	13.8896	20.1449	13.7509	4.81595	1.73784	0.53892	-0.800753	4.74892	1.11885	1.32353	1.11885	0.0609312	0.107469	0.648482	0.374159
20.157	14.0227	4.83523	1.7782	0.560203	20.3387	13.5307	20.1017	13.9878	4.81404	1.76479	0.540258	-0.928043	4.72374	1.11885	0.950048	0.950048	0.0608822	0.107031	0.64556	0.372456
20.1043	14.2709	4.84872	1.80585	0.559039	20.1216	14.337	20.0521	14.2233	4.81225	1.7918	0.54151	-1.0549	4.69521	0.244833	0.950048	0.244833	0.06081	0.106644	0.642685	0.370779
20.0316	14.5006	4.84529	1.83803	0.562575	19.6717	14.4038	19.9962	14.4573	4.81058	1.81888	0.542677	-1.18121	4.66331	0.244833	1.43455	1.43455	0.0606303	0.106245	0.639876	0.369121
19.9269	14.7462	4.86615	1.87934	0.574793	19.781	14.773	19.934	14.6897	4.80903	1.84601	0.543759	-1.30687	4.62805	1.23655	1.43455	1.23655	0.0603651	0.105908	0.637241	0.367485
19.8587	14.967	4.85398	1.89787	0.554351	20.1149	14.0165	19.8655	14.9202	4.80759	1.8732	0.544754	-1.43177	4.58944	1.23655	3.42783	3.42783	0.0601031	0.105533	0.634553	0.36587
19.8247	15.1894	4.83611	1.90907	0.538642	20.0208	15.2053	19.7908	15.1486	4.80628	1.90044	0.545663	-1.55581	4.54751	2.1269	3.42783	2.1269	0.059925	0.105142	0.631805	0.364279
19.6911	15.4015	4.83308	1.98319	0.628164	20.0157	15.3443	19.7099	15.3749	4.80509	1.92772	0.546486	-1.67887	4.50226	2.1269	8.0347	8.0347	0.0596917	0.104717	0.629532	0.362771
19.6553	15.6008	4.79237	1.99347	0.609122	19.9131	15.554	19.6229	15.5989	4.80403	1.95504	0.547223	-1.80085	4.45372	3.83239	8.0347	3.83239	0.0595116	0.104269	0.627022	0.361299
19.5576	15.8106	4.78364	2.02118	0.60391	19.9388	15.0864	19.5298	15.8203	4.80309	1.98241	0.547873	-1.92164	4.40193	3.83239	1.43373	1.43373	0.0593142	0.10383	0.624535	0.359872
19.4554	16.0212	4.77874	2.04992	0.602728	19.4748	16.0098	19.4307	16.039	4.80227	2.0098	0.548437	-2.04114	4.3469	0.0284896	1.43373	0.0284896	0.0591078	0.103406	0.622082	0.358489
19.3514	16.2321	4.77468	2.06691	0.575031	19.1556	16.0022	19.3257	16.2549	4.80158	2.03722	0.548915	-2.15925	4.28868	0.0284896	1.86096	1.86096	0.0589079	0.102995	0.619571	0.357086
19.2395	16.4128	4.74479	2.09738	0.578552	19.238	16.2719	19.2148	16.4679	4.80101	2.06467	0.549305	-2.27586	4.22731	1.05453	1.86096	1.05453	0.0587069	0.102691	0.617085	0.35579
19.1184	16.6127	4.74123	2.12739	0.581352	19.4007	16.2962	19.0981	16.6777	4.80057	2.09213	0.549609	-2.39087	4.16284	1.05453	0.323766	0.323766	0.0584946	0.102438	0.614637	0.354546
18.9921	16.8161	4.74447	2.15531	0.579996	19.0029	16.8387	18.9757	16.8841	4.80025	2.11961	0.549826	-2.50418	4.0953	0.0329807	0.323766	0.0329807	0.058275	0.102205	0.61222	0.353323
18.8351	17.0075	4.75526	2.21222	0.636811	18.8373	17.7112	18.8477	17.0872	4.80006	2.1471	0.549957	-2.61571	4.02476	0.0329807	6.41931	6.41931	0.0580506	0.102043	0.610094	0.352423
18.672	17.2277	4.79562	2.24467	0.635062	18.6148	17.3832	18.7142	17.2866	4.8	2.1746	0.55	-2.72534	3.95127	1.48685	6.41931	1.48685	0.0579409	0.10177	0.608119	0.351484
18.5661	17.4347	4.78398	2.23248	0.553348	18.8177	17.0316	18.5752	17.4822	4.80006	2.2021	0.549957	-2.83299	3.87489	1.48685	6.1648	6.1648	0.0577162	0.101454	0.605775	0.350201
18.3598	17.6159	4.81078	2.27857	0.570275	18.1023	17.5529	18.4309	17.674	4.80025	2.2296	0.549826	-2.93858	3.79568	3.78902	6.1648	3.78902	0.057834	0.101185	0.603619	0.349042
18.2229	17.8077	4.80415	2.28314	0.523843	18.2749	17.4877	18.2814	17.8617	4.80057	2.25709	0.549609	-3.042	3.71372	3.78902	2.51294	2.51294	0.0578393	0.100902	0.601319	0.347744
18.0893	17.9944	4.79514	2.30035	0.515357	18.2094	18.0461	18.1268	18.0453	4.80101	2.28457	0.549305	-3.14318	3.62906	0.912978	2.51294	0.912978	0.0577091	0.10061	0.599002	0.346426
17.9127	18.1513	4.7885	2.34227	0.543843	18.3021	17.498	17.9671	18.2246	4.80158	2.31204	0.548915	-3.24204	3.5418	0.912978	1.92644	1.92644	0.0576848	0.100428	0.596753	0.345224
17.7741	18.3009	4.75125	2.3648	0.54113	17.9018	18.2183	17.8026	18.3994	4.80227	2.33948	0.548437	-3.3385	3.45199	1.27335	1.92644	1.27335	0.0575182	0.100414	0.594487	0.344067
17.6377	18.4851	4.74339	2.37214	0.513477	18.8558	18.1364	17.6334	18.5697	4.80309	2.3669	0.547873	-3.43247	3.35973	1.27335	6.76977	6.76977	0.0573012	0.100304	0.592235	0.3428
17.4498	18.6584	4.76325	2.39973	0.514404	17.3845	18.7039	17.4595	18.7353	4.80403	2.3943	0.547223	-3.5239	3.26509	0.348101	6.76977	0.348101	0.0570915	0.100148	0.590006	0.341533
17.2671	18.8021	4.75545	2.43391	0.528789	17.7945	18.0801	17.281	18.8962	4.80509	2.42166	0.546486	-3.61271	3.16817	0.348101	1.76905	1.76905	0.0568908	0.100104	0.5878	0.340321
17.1021	18.9414	4.73209	2.4587	0.528251	17.1762	18.8863	17.0983	19.0521	4.80628	2.44898	0.545663	-3.69883	3.06904	0.467799	1.76905	0.467799	0.0566807	0.100187	0.585624	0.339133
16.9347	19.1116	4.73613	2.47051	0.506963	16.9398	19.7311	16.9113	19.203	4.80759	2.47627	0.544754	-3.78221	2.9678	0.467799	3.04699	3.04699	0.0565078	0.100125	0.583501	0.33789
16.7195	19.2248	4.73224	2.51072	0.522023	16.5734	19.052	16.7201	19.3488	4.80903	2.5035	0.543759	-3.86278	2.86455	2.70133	3.04699	2.70133	0.0563012	0.10032	0.581378	0.336713
16.5311	19.3767	4.74137	2.53395	0.521771	16.1674	20.2201	16.5251	19.4894	4.81058	2.53069	0.542677	-3.9405	2.75938	2.70133	3.18331	3.18331	0.0560991	0.100415	0.579282	0.33552
16.3151	19.5291	4.77203	2.55959	0.51991	16.2338	19.6171	16.3262	19.6246	4.81225	2.55783	0.54151	-4.01531	2.65237	0.78556	3.18331	0.78556	0.0559049	0.100381	0.5772	0.33432
16.0906	19.6145	4.762	2.60916	0.55381	16.4366	18.2742	16.1237	19.7545	4.81404	2.5849	0.540258	-4.08716	2.54364	0.78556	10.0695	10.0695	0.0557749	0.100719	0.575136	0.333295
15.8889	19.7552	4.77429	2.62951	0.545895	15.9243	19.8703	15.9176	19.8789	4.81595	2.61191	0.53892	-4.15602	2.43329	0.768772	10.0695	0.768772	0.0556294	0.100901	0.573093	0.332205
15.6976	19.8815	4.76044	2.63574	0.504679	16.2328	19.2166	15.7082	19.9978	4.81798	2.63886	0.537498	-4.22185	2.32141	0.768772	3.25409	3.25409	0.0554403	0.101018	0.571092	0.331036
15.4754	20.0273	4.79406	2.6541	0.496225	15.4332	20.1836	15.4956	20.111	4.82012	2.66574	0.53599	-4.28461	2.2081	1.41904	3.25409	1.41904	0.055272	0.100907	0.569107	0.329891
15.2687	20.1657	4.80589	2.66555	0.476786	14.3677	21.3406	15.2799	20.2185	4.82237	2.69253	0.534397	-4.34427	2.09347	1.41904	5.77675	5.77675	0.0550876	0.100652	0.567159	0.328869
15.0772	20.2992	4.80207	2.67719	0.464762	15.2016	20.4385	15.0613	20.3203	4.82474	2.71925	0.532721	-4.4008	1.97763	1.84013	5.77675	1.84013	0.0549131	0.10032	0.565271	0.328048
14.8482	20.3816	4.80163	2.71364	0.483955	14.7476	19.9571	14.84	20.4162	4.82721	2.74589	0.53096	-4.4542	1.86068	1.84013	2.10062	2.10062	0.0547289	0.100017	0.563376	0.327105
14.6331	20.5003	4.81086	2.73044	0.476192	14.6665	20.6088	14.6161	20.5063	4.8298	2.77244	0.529115	-4.50443	1.74272	0.684171	2.10062	0.684171	0.0545605	0.0996774	0.561511	0.326329
14.4004	20.5854	4.81999	2.76577	0.497992	13.841	21.0031	14.3897	20.5904	4.8325	2.79889	0.527187	-4.55149	1.62386	0.684171	1.32206	1.32206	0.054383	0.0993409	0.559638	0.325444
14.1551	20.6596	4.8324	2.79762	0.504445	14.0521	20.5924	14.1611	20.6686	4.83529	2.82525	0.525176	-4.59537	1.50421	0.798991	1.32206	0.798991	0.0542024	0.0990098	0.55777	0.324513
13.921	20.7295	4.83675	2.8325	0.523136	13.8232	20.859	13.9304	20.7408	4.8382	2.85151	0.523081	-4.63606	1.38386	0.798991	0.409601	0.409601	0.0540269	0.0986835	0.555912	0.323508
13.6526	20.7911	4.86787	2.86715	0.530358	13.4686	20.7253	13.6977	20.807	4.8412	2.87767	0.520904	-4.67357	1.26294	2.02649	0.409601	2.02649	0.0539724	0.0983647	0.554069	0.322467
13.407	20.8211	4.8707	2.91935	0.576726	13.8263	20.4261	13.4632	20.8671	4.84431	2.90371	0.518645	-4.70789	1.14153	2.02649	2.48711	2.48711	0.0539873	0.0981116	0.552255	0.321452
13.159	20.8652	4.87757	2.95149	0.579732	13.1072	20.8294	13.2271	20.9211	4.84751	2.92964	0.516304	-4.73904	1.01975	0.208404	2.48711	0.208404	0.0540917	0.0978948	0.550462	0.320498
12.9282	20.9225	4.87459	2.974	0.572719	13.2669	21.1579	12.9895	20.969	4.85081	2.95546	0.513881	-4.76702	0.897694	0.208404	1.71436	1.71436	0.0541415	0.0976484	0.548681	0.319528
12.7175	20.9733	4.84999	2.99476	0.565992	12.8729	21.0592	12.7506	21.0108	4.85421	2.98115	0.511377	-4.79186	0.775469	1.66007	1.71436	1.66007	0.0540322	0.0973794	0.546909	0.31854
12.4693	21.0114	4.86228	3.02385	0.569383	11.5171	21.6724	12.5106	21.0465	4.85769	3.00672	0.508793	-4.81358	0.653175	1.66007	2.66767	2.66767	0.0539602	0.0971075	0.545154	0.317585
12.2222	21.0501	4.8728	3.04811	0.564602	12.2062	21.11	12.2695	21.0761	4.86127	3.03216	0.506127	-4.83219	0.530912	0.21072	2.66767	0.21072	0.0539203	0.09682	0.543418	0.31663
11.9839	21.0694	4.8713	3.07959	0.57354	12.3859	21.1066	12.0276	21.0996	4.86493	3.05747	0.503383	-4.84773	0.408778	0.21072	0.948578	0.948578	0.0538616	0.096543	0.541696	0.315741
11.7359	21.044	4.86481	3.12169	0.587471	11.6814	20.8651	11.785	21.117	4.86868	3.08264	0.500558	-4.86022	0.286869	1.86042	0.948578	1.86042	0.0538327	0.0964129	0.53999	0.315108
11.4892	21.0302	4.86529	3.15764	0.595602	11.5265	20.6748	11.5418	21.1283	4.87251	3.10767	0.497655	-4.86971	0.165281	1.86042	1.09587	1.09587	0.0538251	0.0964236	0.5383	0.31471
11.2653	21.0278	4.84634	3.18474	0.59385	11.363	21.0688	11.2982	21.1335	4.87643	3.13255	0.494673	-4.87623	0.0441057	0.591655	1.09587	0.591655	0.0537206	0.0964845	0.536633	0.314365
11.0125	20.9886	4.85338	3.22487	0.605504	10.5558	20.5567	11.0544	21.1327	4.88042	3.15728	0.491613	-4.87982	-0.076565	0.591655	4.18806	4.18806	0.0536554	0.0968508	0.534985	0.314445
10.7932	20.9543	4.82778	3.2585	0.610302	10.8903	20.927	10.8105	21.1259	4.88449	3.18186	0.488475	-4.88053	-0.196643	0.559427	4.18806	0.559427	0.0535077	0.097484	0.533383	0.314791
10.5453	20.9531	4.8276	3.26513	0.566273	9.30535	21.3896	10.5666	21.1131	4.88862	3.20629	0.48526	-4.8784	-0.31604	0.559427	5.5611	5.5611	0.0533703	0.0979863	0.531799	0.314584
10.2759	20.9764	4.86768	3.27239	0.542377	10.189	21.209	10.3229	21.0943	4.89283	3.23055	0.481969	-4.87349	-0.434674	3.44059	5.5611	3.44059	0.0533342	0.0981196	0.530198	0.314016
10.037	20.9578	4.86573	3.29182	0.532166	9.97958	21.2932	10.0795	21.0697	4.89711	3.25465	0.478601	-4.86585	-0.552463	3.44059	1.01433	1.01433	0.0532758	0.0982078	0.528615	0.313366
9.8306	20.9223	4.82978	3.31763	0.533098	9.99634	20.9797	9.83658	21.0391	4.90145	3.27858	0.475158	-4.85554	-0.669327	1.62409	1.01433	1.62409	0.053118	0.0983295	0.527088	0.312725
9.59279	20.9148	4.81699	3.31637	0.484159	9.38223	21.111	9.59422	21.0028	4.90586	3.30234	0.47164	-4.84262	-0.785189	1.62409	2.47268	2.47268	0.0529598	0.0982709	0.525572	0.311819
9.38925	20.8644	4.78113	3.34399	0.489282	9.53921	20.8762	9.35258	20.9607	4.91032	3.32592	0.468047	-4.82714	-0.899977	1.22221	2.47268	1.22221	0.0528782	0.0982594	0.524131	0.31093
9.16271	20.825	4.77381	3.36453	0.485637	9.63392	20.9724	9.11177	20.9128	4.91484	3.34932	0.46438	-4.80919	-1.01362	1.22221	1.5292	1.5292	0.052867	0.0982013	0.52272	0.310031
8.88689	20.7879	4.82097	3.37957	0.474184	8.70331	20.8221	8.87192	20.8594	4.91942	3.37254	0.46064	-4.78881	-1.12605	1.93544	1.5292	1.93544	0.0527246	0.0980662	0.52125	0.309124
8.66665	20.7105	4.80883	3.41204	0.485576	9.84634	20.009	8.63315	20.8003	4.92404	3.39557	0.456828	-4.76608	-1.2372	1.93544	4.4765	4.4765	0.0526331	0.0980202	0.51983	0.308246
8.40267	20.6235	4.84601	3.4415	0.489543	8.22277	20.4839	8.39557	20.7358	4.92872	3.41841	0.452943	-4.74108	-1.34701	2.69518	4.4765	2.69518	0.0524835	0.0981083	0.518394	0.307421
8.17409	20.5437	4.84692	3.47018	0.496824	8.29647	20.4978	8.1593	20.6657	4.93344	3.44106	0.448987	-4.71387	-1.45542	2.69518	0.0883957	0.0883957	0.0523445	0.0982626	0.516991	0.306647
7.93506	20.463	4.8585	3.49399	0.495317	7.88599	20.45	7.92445	20.5903	4.9382	3.46351	0.444959	-4.68453	-1.56237	0.137905	0.0883957	0.137905	0.0522009	0.0984532	0.515598	0.305892
7.71813	20.377	4.85654	3.52628	0.51334	8.29081	20.6565	7.69111	20.5096	4.943	3.48576	0.440862	-4.65313	-1.66781	0.137905	3.48463	3.48463	0.0520923	0.0986802	0.514258	0.305245
7.42902	20.3164	4.92087	3.53272	0.490863	7.18029	20.392	7.45939	20.4237	4.94783	3.5078	0.436695	-4.61975	-1.7717	3.8376	3.48463	3.8376	0.051995	0.0987305	0.512831	0.304482
7.20075	20.2186	4.92147	3.55603	0.487321	7.09214	20.1196	7.22939	20.3326	4.9527	3.52963	0.432459	-4.58448	-1.87399	3.8376	0.230304	0.230304	0.0518932	0.0988227	0.511423	0.303733
6.942	20.1365	4.95424	3.56892	0.47411	6.81542	20.1859	7.00119	20.2364	4.9576	3.55126	0.428154	-4.54738	-1.97462	1.05979	0.230304	1.05979	0.0519369	0.0988285	0.510001	0.302941
6.71893	20.0437	4.94702	3.58571	0.463397	6.89359	20.1536	6.7749	20.1352	4.96252	3.57266	0.423782	-4.50854	-2.07357	1.05979	0.428808	0.428808	0.0519601	0.0987894	0.508591	0.302123
6.47168	19.9539	4.96871	3.59855	0.451821	6.38914	20.0137	6.55059	20.0292	4.96747	3.59385	0.419343	-4.46805	-2.17079	0.604461	0.428808	0.604461	0.0521472	0.0986747	0.507185	0.301291
6.25561	19.8594	4.95857	3.61591	0.447082	6.67637	20.2142	6.32834	19.9183	4.97244	3.61482	0.414838	-4.42598	-2.26625	0.604461	2.72661	2.72661	0.0522824	0.0984999	0.505791	0.300462
5.99666	19.7674	4.99294	3.62385	0.43084	5.86119	19.8306	6.10823	19.8027	4.97743	3.63556	0.410268	-4.38241	-2.35993	1.29891	2.72661	1.29891	0.0527876	0.098265	0.504416	0.299658
5.77638	19.6207	5.01332	3.66377	0.461668	5.28178	19.5036	5.89034	19.6824	4.98243	3.65608	0.405632	-4.33744	-2.45178	1.29891	2.17612	2.17612	0.0533101	0.0981033	0.503044	0.298864
5.58364	19.5012	4.98728	3.6879	0.463603	5.69089	19.5755	5.67472	19.5577	4.98744	3.67636	0.400933	-4.29114	-2.5418	0.892041	2.17612	0.892041	0.0535859	0.0979259	0.501687	0.298078
5.38358	19.3514	4.98506	3.72134	0.477538	5.9506	18.9859	5.46145	19.4284	4.99246	3.6964	0.39617	-4.24359	-2.62995	0.892041	1.68437	1.68437	0.0537459	0.0978256	0.500365	0.297367
5.16421	19.2516	4.98319	3.72958	0.461152	5.17021	19.4397	5.25059	19.2948	4.99749	3.71621	0.391345	-4.19488	-2.71622	1.89729	1.68437	1.89729	0.0539728	0.097615	0.499038	0.296592
4.96634	19.1392	4.95463	3.73805	0.437072	5.87397	19.301	5.04219	19.157	5.00251	3.73578	0.386458	-4.1451	-2.80059	1.89729	4.47408	4.47408	0.0541126	0.0973637	0.497721	0.295805
4.79146	18.9888	4.9303	3.76856	0.447052	4.89149	18.982	4.8363	19.015	5.00754	3.7551	0.381509	-4.09432	-2.88305	0.575832	4.47408	0.575832	0.0540677	0.0971245	0.496457	0.295022
4.58666	18.8389	4.94513	3.79477	0.456804	3.98679	19.0452	4.63297	18.8689	5.01256	3.77418	0.376501	-4.04263	-2.96359	0.575832	1.50644	1.50644	0.0540298	0.096893	0.49522	0.29426
4.40145	18.7073	4.92677	3.81273	0.452221	4.4685	18.834	4.43224	18.7188	5.01757	3.793	0.371433	-3.99012	-3.0422	1.05738	1.50644	1.05738	0.0539342	0.0966426	0.494014	0.293493
4.21293	18.5652	4.90772	3.82523	0.432818	4.69245	18.4634	4.23416	18.5648	5.02257	3.81158	0.366307	-3.93685	-3.11888	1.05738	1.3931	1.3931	0.0538154	0.0963906	0.492818	0.292731
4.07409	18.4082	4.86085	3.85829	0.446637	4.26269	18.481	4.03876	18.4071	5.02756	3.82989	0.361122	-3.88293	-3.19362	2.23125	1.3931	2.23125	0.053736	0.0961406	0.49179	0.291971
3.89511	18.2364	4.88823	3.89839	0.484866	3.42434	18.8357	3.84606	18.2457	5.03253	3.84795	0.355881	-3.82841	-3.26644	2.23125	7.09386	7.09386	0.0537129	0.0958948	0.490916	0.291289
3.65488	18.0963	4.93204	3.89718	0.455845	3.45919	18.167	3.65611	18.0807	5.03748	3.86574	0.350583	-3.77339	-3.33732	2.58003	7.09386	2.58003	0.0535751	0.0956552	0.489832	0.290559
3.48476	17.9444	4.90193	3.90854	0.434143	4.3011	17.9267	3.46891	17.9122	5.0424	3.88327	0.34523	-3.71795	-3.40627	2.58003	3.35746	3.35746	0.0534502	0.0954386	0.488766	0.289817
3.26823	17.7784	4.93633	3.91741	0.419034	3.12525	17.7493	3.28449	17.7402	5.0473	3.90053	0.339823	-3.66215	-3.47331	1.20586	3.35746	1.20586	0.053327	0.0952349	0.487624	0.289083
3.09385	17.5955	4.95606	3.94925	0.441955	2.65664	17.888	3.10287	17.565	5.05217	3.91752	0.334362	-3.60609	-3.53844	1.20586	2.4894	2.4894	0.053196	0.0950187	0.48656	0.288368
2.90903	17.4772	4.93212	3.94814	0.41762	2.9449	17.8154	2.92405	17.3866	5.057	3.93424	0.328848	-3.54982	-3.60167	6.05372	2.4894	6.05372	0.0530728	0.094997	0.485433	0.287658
2.76933	17.2619	4.94919	3.99899	0.46525	3.26647	17.0897	2.74805	17.2051	5.0618	3.95068	0.323282	-3.49344	-3.66302	6.05372	3.35676	3.35676	0.0529614	0.0948444	0.484553	0.286992
2.5956	17.0779	4.95817	4.01682	0.459078	2.55407	17.0853	2.57486	17.0205	5.06656	3.96685	0.317665	-3.437	-3.72251	0.10671	3.35676	0.10671	0.0528497	0.0946945	0.483693	0.286339
2.4285	16.9094	4.93231	4.02039	0.425368	2.55039	16.8884	2.4045	16.833	5.07128	3.98273	0.311998	-3.38059	-3.78014	0.10671	1.92988	1.92988	0.0527458	0.0946126	0.482773	0.285632
2.26267	16.7369	4.92847	4.03313	0.416209	2.25371	16.8334	2.23695	16.6427	5.07596	3.99833	0.306282	-3.32428	-3.83595	0.502764	1.92988	0.502764	0.0526467	0.0946104	0.481849	0.284927
2.09083	16.5414	4.93279	4.04232	0.394399	1.57735	16.0489	2.07221	16.4497	5.08058	4.01365	0.300517	-3.26812	-3.88995	0.502764	5.07475	5.07475	0.0525336	0.0945966	0.48088	0.284233
1.93892	16.3125	4.95728	4.07124	0.403674	1.88972	16.1054	1.91027	16.254	5.08516	4.02867	0.294705	-3.21219	-3.94216	2.3321	5.07475	2.3321	0.0524436	0.0944542	0.480016	0.283547
1.77937	16.135	4.93839	4.0746	0.376751	1.74362	16.2687	1.75112	16.0557	5.08968	4.04341	0.288846	-3.15656	-3.99261	2.3321	1.13159	1.13159	0.0523531	0.0943866	0.479086	0.282863
1.57931	15.967	4.95784	4.06724	0.347488	1.44745	16.0853	1.59474	15.8549	5.09414	4.05785	0.282942	-3.10129	-4.04132	1.88354	1.13159	1.88354	0.0522375	0.0944799	0.478001	0.282234
1.4556	15.7378	4.97888	4.10891	0.385527	1.6097	15.5526	1.44111	15.6517	5.09855	4.07199	0.276993	-3.04644	-4.08832	1.88354	2.00067	2.00067	0.0521215	0.094441	0.477096	0.281556
1.28691	15.5224	5.00779	4.1208	0.376644	1.18395	15.4284	1.29021	15.4463	5.10289	4.08584	0.271	-2.99207	-4.13364	1.03773	2.00067	1.03773	0.0519971	0.0943619	0.476153	0.280886
1.13294	15.3289	5.00342	4.12797	0.360823	0.828993	15.528	1.14201	15.2386	5.10717	4.09939	0.264964	-2.93825	-4.1773	1.03773	0.988792	0.988792	0.051877	0.0943429	0.475176	0.280216
0.930055	15.115	5.05495	4.12439	0.335725	0.722706	15.0075	0.996486	15.0288	5.11138	4.11264	0.258887	-2.88503	-4.21933	3.06049	0.988792	3.06049	0.0519556	0.0943061	0.474082	0.279553
0.78174	14.9316	5.02637	4.12389	0.3077	1.03147	15.2134	0.853604	14.8169	5.11551	4.12559	0.252769	-2.83246	-4.25977	3.06049	2.33987	2.33987	0.0520673	0.0944126	0.472971	0.278946
0.669215	14.7153	5.01354	4.14947	0.319149	0.737301	14.7047	0.71333	14.603	5.11958	4.13823	0.246611	-2.78061	-4.29864	0.290509	2.33987	0.290509	0.0520328	0.0945047	0.471915	0.278319
0.560458	14.4759	5.03191	4.18635	0.350809	0.722177	14.2445	0.575628	14.3872	5.12357	4.15056	0.240414	-2.72952	-4.33598	0.290509	1.74396	1.74396	0.0519215	0.0944786	0.471015	0.27767
0.389922	14.2569	5.06403	4.18789	0.332521	0.253435	14.2029	0.440459	14.1696	5.12748	4.16258	0.234179	-2.67925	-4.37181	1.2395	1.74396	1.2395	0.0519151	0.0944464	0.47002	0.277025
0.278454	14.0085	5.10252	4.22715	0.372455	-0.0328023	13.9604	0.307779	13.9502	5.13132	4.17429	0.227907	-2.62984	-4.40617	1.2395	3.58875	3.58875	0.0518332	0.094311	0.469239	0.276479
0.244712	13.7576	5.06798	4.28073	0.411709	0.459172	13.6856	0.177545	13.7292	5.13507	4.18568	0.221599	-2.58135	-4.43909	3.14465	3.58875	3.14465	0.0519143	0.0941132	0.469201	0.276066
0.147088	13.5165	5.08805	4.31137	0.430489	0.0524412	13.6377	0.0497099	13.5065	5.13873	4.19676	0.215255	-2.53381	-4.47061	3.14465	1.27218	1.27218	0.0522133	0.0938996	0.469591	0.275812
-0.0155938	13.2903	5.12102	4.30656	0.400134	-0.190344	13.2856	-0.0757753	13.2823	5.14231	4.20752	0.208879	-2.48728	-4.50075	1.86866	1.27218	1.86866	0.0522524	0.0936865	0.469573	0.275528
-0.132206	13.0699	5.10615	4.31217	0.378044	-0.275043	13.1456	-0.198962	13.0566	5.14579	4.21797	0.202468	-2.44179	-4.52955	1.86866	0.8702	0.8702	0.0523275	0.0934777	0.469496	0.275149
-0.155772	12.8385	5.05996	4.35848	0.410327	0.0462308	12.9301	-0.319903	12.8295	5.14919	4.22809	0.196027	-2.39739	-4.55704	2.86519	0.8702	2.86519	0.0533636	0.0932679	0.47043	0.274821
-0.275196	12.6118	5.04916	4.35698	0.376401	-0.684792	12.3563	-0.438654	12.6011	5.15249	4.23789	0.189554	-2.35412	-4.58326	2.86519	3.61183	3.61183	0.0543617	0.0930604	0.471077	0.274387
-0.393139	12.3765	5.06475	4.36267	0.361017	-0.476482	12.3633	-0.555273	12.3714	5.15569	4.24737	0.183051	-2.31202	-4.60823	0.435264	3.61183	0.435264	0.0553157	0.0928521	0.471603	0.273955
-0.518489	12.166	5.04811	4.35524	0.32644	-0.972122	12.5207	-0.669818	12.1404	5.1588	4.25652	0.176519	-2.27111	-4.63198	0.435264	3.88024	3.88024	0.0561106	0.0926603	0.471763	0.27342
-0.601389	11.9431	5.03358	4.37061	0.325832	-0.582624	12.0386	-0.78235	11.9083	5.1618	4.26535	0.169959	-2.23144	-4.65456	0.482971	3.88024	0.482971	0.0572708	0.0924833	0.472111	0.272875
-0.726499	11.7155	5.03664	4.36469	0.296006	-1.26757	11.6495	-0.892931	11.6751	5.16471	4.27385	0.163373	-2.19304	-4.67598	0.482971	2.92809	2.92809	0.0582065	0.0923175	0.472132	0.272299
-0.911304	11.4765	5.0869	4.3388	0.248542	-1.17212	11.3988	-1.00163	11.4409	5.16751	4.28201	0.156761	-2.15594	-4.69628	4.46701	2.92809	4.46701	0.0583867	0.0921443	0.47151	0.271712
-1.01971	11.2486	5.06535	4.33344	0.21641	-0.891441	10.959	-1.1085	11.2057	5.1702	4.28985	0.150124	-2.12017	-4.71549	4.46701	3.17303	3.17303	0.0585546	0.0919861	0.470757	0.271116
-1.19102	11.023	5.09405	4.31094	0.178447	-1.39289	11.0424	-1.21362	10.9695	5.17278	4.29736	0.143463	-2.08575	-4.73364	2.54472	3.17303	2.54472	0.0584457	0.0918531	0.469771	0.270539
-1.27028	10.7788	5.10734	4.33599	0.205493	-1.29894	10.9012	-1.31706	10.7324	5.17526	4.30453	0.136779	-2.05273	-4.75075	2.54472	1.14208	1.14208	0.0584	0.0917042	0.468891	0.269951
-1.39696	10.5275	5.13668	4.33475	0.192307	-1.49687	10.4198	-1.41889	10.4945	5.17763	4.31137	0.130074	-2.02111	-4.76686	1.17544	1.14208	1.17544	0.0582913	0.0915312	0.46795	0.269366
-1.47934	10.2684	5.16169	4.35763	0.214533	-1.59293	10.0212	-1.51917	10.2559	5.17988	4.31787	0.123349	-1.99093	-4.78198	1.17544	1.57981	1.57981	0.0582243	0.0913374	0.467121	0.268812
-1.58431	10.0549	5.14292	4.35771	0.20306	-1.61875	10.2374	-1.61797	10.0165	5.18202	4.32404	0.116604	-1.96221	-4.79615	1.79075	1.57981	1.79075	0.0581411	0.0911759	0.46626	0.26824
-1.67498	9.82352	5.12957	4.36276	0.194017	-1.59702	9.96554	-1.71539	9.77637	5.18405	4.32987	0.10984	-1.93498	-4.80939	1.79075	0.453438	0.453438	0.0580768	0.0910331	0.465408	0.267667
-1.75598	9.59936	5.1108	4.37235	0.194139	-1.73381	9.71347	-1.81147	9.53564	5.18596	4.33536	0.10306	-1.90924	-4.82172	0.692113	0.453438	0.692113	0.0580661	0.0909342	0.464609	0.267097
-1.85969	9.35138	5.13654	4.38019	0.198484	-2.27191	9.37316	-1.90631	9.29431	5.18775	4.34052	0.0962627	-1.88502	-4.83316	0.692113	2.66414	2.66414	0.0580224	0.0908174	0.463825	0.266535
-1.93809	9.06381	5.17697	4.39763	0.206269	-1.93833	8.77028	-1.99998	9.05243	5.18942	4.34533	0.0894504	-1.86233	-4.84374	4.41148	2.66414	4.41148	0.0580392	0.0906286	0.463152	0.266021
-2.02768	8.83777	5.15266	4.39572	0.185756	-1.96565	9.13274	-2.09256	8.81003	5.19097	4.3498	0.0826241	-1.8412	-4.85347	4.41148	1.68058	1.68058	0.0580697	0.0904559	0.462433	0.265477
-2.1239	8.58648	5.1669	4.39901	0.178887	-2.1768	8.5411	-2.18412	8.56717	5.19241	4.35393	0.0757847	-1.82164	-4.86238	0.269082	1.68058	0.269082	0.0580788	0.0902751	0.461701	0.264943
-2.24609	8.33671	5.19015	4.39038	0.158072	-2.65862	8.19477	-2.27474	8.32388	5.19372	4.35772	0.0689333	-1.80365	-4.87047	0.269082	3.12922	3.12922	0.0579872	0.0900906	0.460856	0.264412
-2.30109	8.09829	5.17024	4.40768	0.168769	-2.21875	8.15339	-2.3645	8.0802	5.19491	4.36117	0.062071	-1.78726	-4.87778	0.551022	3.12922	0.551022	0.0580107	0.0899111	0.46015	0.263886
-2.37192	7.87991	5.13587	4.41245	0.161664	-2.273	8.52315	-2.45348	7.83617	5.19597	4.36427	0.0551989	-1.77248	-4.8843	0.551022	5.34641	5.34641	0.0581277	0.0897692	0.459491	0.263344
-2.48208	7.63065	5.15623	4.40703	0.146451	-2.59674	7.60288	-2.54177	7.59184	5.19691	4.36703	0.0483182	-1.75931	-4.89006	0.803244	5.34641	0.803244	0.0581342	0.0896189	0.458741	0.262808
-2.64229	7.39841	5.1645	4.36818	0.0794566	-3.08256	7.38874	-2.62944	7.34723	5.19773	4.36945	0.0414297	-1.74777	-4.89507	0.803244	6.05432	6.05432	0.0580208	0.089495	0.4578	0.262278
-2.74465	7.14331	5.1838	4.36736	0.0740085	-2.79865	7.064	-2.71658	7.10238	5.19842	4.37152	0.0345348	-1.73786	-4.89933	0.489459	6.05432	0.489459	0.05793	0.0893505	0.456866	0.261745
-2.81063	6.90639	5.17235	4.38306	0.0934588	-2.79412	7.20818	-2.80326	6.85734	5.19899	4.37325	0.0276344	-1.72958	-4.90286	0.489459	1.46767	1.46767	0.0578141	0.0892235	0.45595	0.261213
-2.86216	6.68942	5.12963	4.39661	0.103241	-2.74651	6.86867	-2.88957	6.61214	5.19943	4.37463	0.0207296	-1.72295	-4.90566	2.40547	1.46767	2.40547	0.0577233	0.0891784	0.455102	0.260691
-2.93611	6.46068	5.09797	4.39052	0.0752337	-2.57673	6.36755	-2.97559	6.36681	5.19975	4.37567	0.0138215	-1.71797	-4.90774	2.40547	4.36489	4.36489	0.0576613	0.0891978	0.454232	0.260204
-2.99296	6.22047	5.08483	4.40293	0.0846036	-2.90217	6.22989	-3.0614	6.12139	5.19994	4.37636	0.00691132	-1.71464	-4.90911	0.465064	4.36489	0.465064	0.0577086	0.0892397	0.453442	0.259715
-3.10714	5.97652	5.10645	4.39428	0.0721208	-3.50172	6.10796	-3.14709	5.87592	5.2	4.3767	-1.76894e-16	-1.71297	-4.90976	0.465064	3.19663	3.19663	0.0576485	0.089288	0.452593	0.259222
-3.18498	5.70651	5.13325	4.4015	0.0759429	-3.1778	5.53101	-3.23274	5.63043	5.19994	4.3767	-0.00691132	-1.71295	-4.9097	1.58639	3.19663	1.58639	0.0576124	0.0892392	0.45178	0.258709
-3.2938	5.4604	5.1396	4.38293	0.0364768	-3.19736	5.19093	-3.31843	5.38496	5.19975	4.37636	-0.0138215	-1.71458	-4.90893	1.58639	2.37962	2.37962	0.0575189	0.0891886	0.450895	0.258211
-3.38657	5.20201	5.16018	4.38278	0.0343857	-3.43031	5.10507	-3.40424	5.13955	5.19943	4.37567	-0.0207296	-1.71787	-4.90745	0.587963	2.37962	0.587963	0.0574159	0.0890988	0.450013	0.257705
-3.45594	4.95531	5.15901	4.39386	0.0499214	-3.4281	4.94644	-3.49026	4.89422	5.19899	4.37463	-0.0276344	-1.72281	-4.90525	0.587963	0.186536	0.186536	0.0573432	0.0890058	0.449176	0.257198
-3.56344	4.68478	5.19946	4.38946	0.0429043	-3.69435	4.52196	-3.57657	4.64902	5.19842	4.37325	-0.0345348	-1.72939	-4.90233	2.28264	0.186536	2.28264	0.0572366	0.0888593	0.448322	0.256699
-3.6721	4.43418	5.20934	4.37089	0.00435287	-3.50501	4.17643	-3.66325	4.40398	5.19773	4.37152	-0.0414297	-1.73763	-4.89868	2.28264	2.42746	2.42746	0.0571274	0.0887057	0.447446	0.256198
-3.79842	4.17037	5.24958	4.35957	-0.00713998	-4.00238	4.04684	-3.75039	4.15913	5.19691	4.36945	-0.0483182	-1.74749	-4.8943	2.98367	2.42746	2.98367	0.0570948	0.0885357	0.446594	0.255707
-3.88233	3.9283	5.24467	4.36704	0.00963976	-4.06447	4.10977	-3.83806	3.91452	5.19597	4.36703	-0.0551989	-1.75899	-4.88918	2.98367	1.0473	1.0473	0.0570506	0.0883681	0.445729	0.255227
-3.95763	3.69066	5.22783	4.3709	0.0127174	-3.88053	3.75177	-3.92635	3.67019	5.19491	4.36427	-0.062071	-1.77212	-4.8833	0.500397	1.0473	0.500397	0.0569735	0.0882066	0.444869	0.254747
-4.06424	3.47812	5.19842	4.35191	-0.021619	-4.23729	3.88878	-4.01533	3.42616	5.19372	4.36117	-0.0689333	-1.78686	-4.87666	0.500397	4.13489	4.13489	0.0569447	0.0880957	0.444023	0.254258
-4.15511	3.23288	5.2003	4.3514	-0.0209951	-4.15119	3.21968	-4.10509	3.18248	5.19241	4.35772	-0.0757847	-1.8032	-4.86925	0.00986884	4.13489	0.00986884	0.0569198	0.0879821	0.443176	0.253771
-4.26968	2.98185	5.21949	4.33647	-0.046174	-4.27467	2.88187	-4.19571	2.93919	5.19097	4.35393	-0.0826241	-1.82113	-4.86104	0.00986884	0.921995	0.921995	0.0569945	0.0878536	0.442368	0.253286
-4.35669	2.71228	5.24413	4.34069	-0.0387632	-4.32451	2.55034	-4.28727	2.69633	5.18942	4.3498	-0.0894504	-1.84065	-4.85202	1.41921	0.921995	1.41921	0.0570468	0.0876919	0.441544	0.252813
-4.44499	2.46228	5.24698	4.34426	-0.0292725	-4.38481	2.39989	-4.37985	2.45393	5.18775	4.34533	-0.0962627	-1.86173	-4.84218	1.41921	0.168573	0.168573	0.0570797	0.0875272	0.44071	0.252355
-4.54716	2.2017	5.26921	4.3429	-0.0281961	-4.61223	2.09192	-4.47352	2.21205	5.18596	4.34052	-0.10306	-1.88436	-4.83149	0.823962	0.168573	0.823962	0.0571512	0.0873642	0.439879	0.251929
-4.65863	1.96779	5.26535	4.31891	-0.0761446	-4.29257	1.92854	-4.56836	1.97072	5.18405	4.33536	-0.10984	-1.90853	-4.81994	0.823962	4.12467	4.12467	0.0573116	0.0872	0.439104	0.251469
-4.7705	1.70118	5.29833	4.3159	-0.0736347	-4.86829	1.53442	-4.66444	1.72998	5.18202	4.32987	-0.116604	-1.93422	-4.80751	1.88294	4.12467	1.88294	0.0575712	0.0870544	0.438334	0.251045
-4.89454	1.45444	5.31499	4.29795	-0.100744	-4.98165	1.43611	-4.76186	1.48989	5.17988	4.32404	-0.123349	-1.9614	-4.79417	1.88294	0.838238	0.838238	0.0580325	0.0869188	0.437652	0.250614
-4.95668	1.21247	5.28844	4.30564	-0.0892588	-4.66779	1.28643	-4.86066	1.25049	5.17763	4.31787	-0.130074	-1.99007	-4.7799	4.53849	0.838238	4.53849	0.0582196	0.0867881	0.436882	0.250191
-5.05555	0.987843	5.26349	4.30216	-0.0857449	-4.98594	1.10894	-4.96095	1.01182	5.17526	4.31137	-0.136779	-2.02019	-4.76468	4.53849	0.936812	0.936812	0.0583962	0.0866395	0.436099	0.249756
-5.11914	0.748264	5.23872	4.30933	-0.075319	-4.85498	0.825661	-5.06277	0.77393	5.17278	4.30453	-0.143463	-2.05174	-4.74848	3.8633	0.936812	3.8633	0.0583889	0.0864935	0.435294	0.249332
-5.21006	0.464395	5.28463	4.31284	-0.0723535	-4.84736	0.18101	-5.16621	0.536876	5.1702	4.29736	-0.150124	-2.08471	-4.73127	3.8633	5.33455	5.33455	0.0583421	0.0864462	0.434496	0.249012
-5.28623	0.219963	5.27164	4.3171	-0.0647232	-5.1231	0.257311	-5.27133	0.300706	5.16751	4.28985	-0.156761	-2.11906	-4.71303	1.43811	5.33455	1.43811	0.0582421	0.086426	0.433733	0.248726
-5.39655	-0.0171361	5.26432	4.31884	-0.0462958	-5.99809	-0.290765	-5.3782	0.0654719	5.16471	4.28201	-0.163373	-2.15477	-4.69374	1.43811	5.95154	5.95154	0.0581463	0.0864124	0.433019	0.248479
-5.46917	-0.260362	5.24997	4.32475	-0.0381458	-5.29972	-0.212982	-5.4869	-0.168772	5.1618	4.27385	-0.169959	-2.1918	-4.67335	1.58973	5.95154	1.58973	0.0580503	0.0864317	0.432412	0.248283
-5.59127	-0.455816	5.20801	4.30389	-0.064567	-5.64447	-0.144522	-5.59748	-0.401971	5.1588	4.26535	-0.176519	-2.23014	-4.65185	1.58973	4.0738	4.0738	0.0579462	0.0863359	0.431737	0.247952
-5.72971	-0.649702	5.17362	4.28074	-0.088419	-5.85359	-0.445801	-5.71001	-0.634069	5.15569	4.25652	-0.183051	-2.26974	-4.62919	3.12686	4.0738	3.12686	0.0578537	0.086185	0.431003	0.24754
-5.84378	-0.876656	5.17795	4.26123	-0.123108	-5.30947	-0.724468	-5.82456	-0.865006	5.15249	4.24737	-0.189554	-2.31058	-4.60536	3.12686	5.44178	5.44178	0.057761	0.0860327	0.430239	0.247116
-5.93815	-1.13719	5.2005	4.26716	-0.108342	-5.87835	-1.26863	-5.94118	-1.09472	5.14919	4.23789	-0.196027	-2.35262	-4.58032	1.14123	5.44178	1.14123	0.0576577	0.085916	0.429521	0.246766
-6.02599	-1.39907	5.22053	4.27497	-0.0932743	-5.68069	-1.52871	-6.05993	-1.32316	5.14579	4.22809	-0.202468	-2.39581	-4.55404	1.14123	2.63265	2.63265	0.0575904	0.0858824	0.428895	0.246547
-6.16464	-1.60952	5.20496	4.25587	-0.110552	-6.27263	-1.50938	-6.18087	-1.55025	5.14231	4.21797	-0.208879	-2.44014	-4.52648	1.21064	2.63265	1.21064	0.0574959	0.0858023	0.428219	0.24626
-6.30693	-1.83964	5.23326	4.22571	-0.160958	-6.11355	-1.75966	-6.30406	-1.77593	5.13873	4.20752	-0.215255	-2.48555	-4.49762	1.21064	4.37667	4.37667	0.0573942	0.085734	0.427465	0.245942
-6.41194	-2.08513	5.24105	4.2269	-0.14989	-6.34007	-2.13685	-6.42954	-2.00014	5.13507	4.19676	-0.221599	-2.532	-4.46742	0.440643	4.37667	0.440643	0.0573022	0.0857314	0.42674	0.24571
-6.5638	-2.29171	5.22657	4.20512	-0.165997	-6.99344	-2.17445	-6.55738	-2.22281	5.13132	4.18568	-0.227907	-2.57946	-4.43585	0.440643	3.12011	3.12011	0.0572025	0.0856779	0.425995	0.245403
-6.71262	-2.5022	5.2179	4.18587	-0.179211	-6.79288	-2.4458	-6.68761	-2.44386	5.12748	4.17429	-0.234179	-2.62788	-4.40288	0.54603	3.12011	0.54603	0.0571213	0.0855973	0.425247	0.245056
-6.86829	-2.71486	5.22001	4.16407	-0.19758	-7.14408	-2.67584	-6.82029	-2.66323	5.12357	4.16258	-0.240414	-2.6772	-4.36847	0.54603	1.22768	1.22768	0.0570919	0.085502	0.424511	0.24468
-6.96044	-2.97615	5.23984	4.17866	-0.167824	-6.8003	-3.10086	-6.95546	-2.88084	5.11958	4.15056	-0.246611	-2.7274	-4.3326	2.36853	1.22768	2.36853	0.0569932	0.0855381	0.423786	0.244481
-7.09002	-3.20099	5.23261	4.1744	-0.159241	-7.13937	-3.22028	-7.09316	-3.09663	5.11551	4.13823	-0.252769	-2.7784	-4.29523	2.36853	0.201869	0.201869	0.0568944	0.0856106	0.423088	0.244335
-7.21519	-3.4019	5.20423	4.16338	-0.163914	-7.12118	-3.26434	-7.23344	-3.3105	5.11137	4.12559	-0.258887	-2.83017	-4.25632	1.41509	0.201869	1.41509	0.056806	0.0856313	0.422409	0.24415
-7.36099	-3.64377	5.22932	4.15793	-0.159479	-7.77186	-4.08999	-7.37632	-3.5224	5.10717	4.11264	-0.264964	-2.88265	-4.21586	1.41509	4.43102	4.43102	0.0567152	0.0857802	0.421749	0.244103
-7.52058	-3.79619	5.17037	4.1245	-0.191681	-7.49009	-3.49081	-7.52184	-3.73223	5.10289	4.09939	-0.271	-2.93579	-4.1738	5.09564	4.43102	5.09564	0.0566177	0.0857147	0.421043	0.243799
-7.66487	-4.00576	5.16964	4.11201	-0.197497	-7.52393	-3.88213	-7.67004	-3.93992	5.09855	4.08584	-0.276993	-2.98953	-4.13012	5.09564	0.492235	0.492235	0.0565215	0.0856545	0.420341	0.243511
-7.81953	-4.22898	5.18418	4.10258	-0.196545	-7.88049	-4.29783	-7.82094	-4.14538	5.09414	4.07199	-0.282942	-3.04381	-4.08479	0.430048	0.492235	0.430048	0.056425	0.0856475	0.419645	0.243286
-7.97039	-4.44615	5.18908	4.09429	-0.193876	-8.08524	-4.57834	-7.97457	-4.34854	5.08968	4.05785	-0.288846	-3.09857	-4.03778	0.430048	0.365485	0.365485	0.0563295	0.085691	0.418965	0.243128
-8.1316	-4.67756	5.21418	4.08713	-0.190182	-8.22492	-4.79812	-8.13095	-4.5493	5.08516	4.04341	-0.294705	-3.15376	-3.98906	1.1866	0.365485	1.1866	0.0562339	0.0858709	0.418297	0.243113
-8.27202	-4.88645	5.18468	4.08871	-0.167346	-8.453	-4.95621	-8.2901	-4.74759	5.08058	4.02867	-0.300517	-3.2093	-3.93862	1.1866	2.59433	2.59433	0.0561487	0.0861049	0.417722	0.243208
-8.40597	-5.10462	5.18289	4.08871	-0.157382	-8.33552	-5.1059	-8.45204	-4.94331	5.07596	4.01365	-0.306282	-3.26514	-3.88641	0.277853	2.59433	0.277853	0.0561178	0.086468	0.417247	0.243511
-8.55271	-5.2831	5.13358	4.07968	-0.151608	-8.55062	-4.79248	-8.61678	-5.13637	5.07128	3.99833	-0.311998	-3.32121	-3.83242	0.277853	4.41761	4.41761	0.0561464	0.0867402	0.416875	0.243753
-8.74476	-5.47894	5.1459	4.05606	-0.170522	-8.91477	-5.51752	-8.78433	-5.32669	5.06656	3.98273	-0.317665	-3.37745	-3.77663	1.63296	4.41761	1.63296	0.0560991	0.0870415	0.416404	0.243964
-8.90299	-5.67894	5.13624	4.04861	-0.166507	-9.04115	-5.69364	-8.95469	-5.51417	5.0618	3.96685	-0.323282	-3.43377	-3.71901	1.63296	0.453523	0.453523	0.056085	0.0874155	0.416	0.244286
-9.06246	-5.86609	5.1239	4.036	-0.171823	-9.03391	-5.80267	-9.12788	-5.69872	5.057	3.95068	-0.328848	-3.49012	-3.65955	0.254418	0.453523	0.254418	0.0561186	0.0878017	0.415628	0.244649
-9.20139	-6.03549	5.06639	4.03117	-0.161522	-8.86897	-5.41973	-9.30388	-5.88026	5.05217	3.93424	-0.334362	-3.54643	-3.59823	0.254418	7.13897	7.13897	0.0563352	0.0881102	0.415444	0.245014
-9.3847	-6.14754	5.00677	3.99111	-0.200508	-9.30811	-5.82368	-9.4827	-6.05868	5.0473	3.91752	-0.339823	-3.60261	-3.53503	6.05035	7.13897	6.05035	0.0565232	0.0881126	0.415108	0.24495
-9.55793	-6.33277	5.00372	3.97944	-0.200782	-9.80646	-6.41174	-9.66432	-6.23389	5.0424	3.90053	-0.34523	-3.6586	-3.46994	6.05035	0.899854	0.899854	0.0567592	0.0881502	0.414807	0.244963
-9.70182	-6.53557	5.00433	3.98271	-0.184991	-9.62547	-6.55958	-9.84874	-6.4058	5.03748	3.88327	-0.350583	-3.71431	-3.40295	0.385844	0.899854	0.385844	0.0572871	0.0883187	0.414693	0.245278
-9.92035	-6.69512	5.02424	3.94657	-0.219577	-10.6688	-6.35543	-10.0359	-6.57431	5.03253	3.86574	-0.355881	-3.76969	-3.33404	0.385844	6.63737	6.63737	0.0575739	0.0884443	0.41434	0.245427
-10.1254	-6.85434	5.02599	3.9194	-0.238706	-10.2246	-6.83402	-10.2259	-6.73933	5.02756	3.84795	-0.361122	-3.82463	-3.26321	0.607477	6.63737	0.607477	0.0577657	0.0885438	0.413899	0.245489
-10.3086	-7.01766	5.02406	3.90187	-0.246583	-10.2205	-6.71044	-10.4186	-6.90075	5.02257	3.82989	-0.366307	-3.87907	-3.19046	0.607477	1.1202	1.1202	0.0580113	0.0886505	0.41345	0.245579
-10.5375	-7.1885	5.05344	3.87442	-0.263799	-10.7616	-7.29159	-10.614	-7.05849	5.01757	3.81158	-0.371433	-3.93293	-3.11577	3.15888	1.1202	3.15888	0.0580804	0.0888155	0.412903	0.245643
-10.7417	-7.33258	5.04933	3.84823	-0.280004	-10.8944	-6.83335	-10.8121	-7.21245	5.01256	3.793	-0.376501	-3.98613	-3.03916	3.15888	2.05972	2.05972	0.0581245	0.0889342	0.412319	0.245623
-10.9862	-7.48589	5.0779	3.81504	-0.301906	-11.2219	-7.56979	-11.0128	-7.36252	5.00754	3.77418	-0.381509	-4.03859	-2.96062	3.29015	2.05972	3.29015	0.0580506	0.0890663	0.411675	0.245507
-11.1757	-7.62985	5.05357	3.79925	-0.302484	-10.986	-7.3707	-11.2161	-7.50862	5.00251	3.7551	-0.386458	-4.09021	-2.88015	3.29015	1.38382	1.38382	0.0580027	0.0891879	0.411046	0.245398
-11.3293	-7.78384	5.02032	3.79887	-0.286074	-11.0934	-7.6776	-11.422	-7.65064	4.99749	3.73578	-0.391345	-4.14093	-2.79777	3.4628	1.38382	3.4628	0.0581467	0.0893631	0.410497	0.245479
-11.5256	-7.91427	4.99712	3.77843	-0.293412	-11.4213	-7.46085	-11.6304	-7.78849	4.99246	3.71621	-0.39617	-4.19066	-2.71349	3.4628	2.08024	2.08024	0.0583546	0.0895026	0.409959	0.24552
-11.7103	-8.02018	4.9561	3.75436	-0.305676	-11.5269	-7.8215	-11.8413	-7.92208	4.98744	3.6964	-0.400933	-4.23932	-2.6273	3.74985	2.08024	3.74985	0.0587273	0.0895312	0.409441	0.245452
-11.9072	-8.13807	4.91232	3.73323	-0.312454	-11.9422	-7.88317	-12.0546	-8.05131	4.98243	3.67636	-0.405632	-4.28682	-2.53924	3.74985	2.53657	2.53657	0.0592174	0.0895225	0.408962	0.245323
-12.1254	-8.22784	4.89337	3.6973	-0.336806	-12.09	-8.08828	-12.2702	-8.17609	4.97743	3.65608	-0.410268	-4.33309	-2.44932	1.18162	2.53657	1.18162	0.0596802	0.0894285	0.408436	0.245048
-12.3473	-8.35322	4.92339	3.67667	-0.340472	-12.4462	-8.02117	-12.4881	-8.29633	4.97244	3.63556	-0.414838	-4.37802	-2.35756	1.18162	2.29302	2.29302	0.060107	0.0893447	0.407872	0.244813
-12.5542	-8.43305	4.89215	3.64483	-0.358784	-12.4231	-8.2599	-12.7082	-8.41193	4.96747	3.61482	-0.419343	-4.42156	-2.26399	2.46477	2.29302	2.46477	0.060629	0.0892124	0.407304	0.244487
-12.7642	-8.52189	4.85259	3.61658	-0.372964	-12.7461	-8.19449	-12.9304	-8.5228	4.96252	3.59385	-0.423782	-4.4636	-2.16863	2.46477	2.31866	2.31866	0.0612434	0.0890729	0.406751	0.244121
-13.0378	-8.60543	4.8871	3.57351	-0.400079	-13.2911	-8.64594	-13.1547	-8.62886	4.9576	3.57266	-0.428154	-4.50407	-2.07151	3.52306	2.31866	3.52306	0.0614953	0.0889437	0.406134	0.243745
-13.2818	-8.70408	4.91518	3.54899	-0.403214	-13.7929	-8.47158	-13.381	-8.73002	4.9527	3.55126	-0.432459	-4.54289	-1.97267	3.52306	2.50556	2.50556	0.0616483	0.0888172	0.405506	0.24337
-13.5058	-8.74955	4.8882	3.50962	-0.426548	-13.384	-8.57583	-13.6092	-8.82619	4.94783	3.52963	-0.436695	-4.57997	-1.87214	2.3949	2.50556	2.3949	0.0618209	0.0887821	0.404879	0.243075
-13.7286	-8.792	4.84039	3.46819	-0.455494	-13.6376	-8.26344	-13.8392	-8.91729	4.943	3.5078	-0.440862	-4.61524	-1.76997	2.3949	4.38887	4.38887	0.0620305	0.0889178	0.404257	0.242999
-13.9539	-8.89847	4.85029	3.45937	-0.438968	-13.9959	-8.99264	-14.0709	-9.00324	4.9382	3.48576	-0.444959	-4.64861	-1.6662	0.596385	4.38887	0.596385	0.0622742	0.0889709	0.403641	0.242769
-14.198	-8.98851	4.89098	3.44647	-0.422207	-14.4737	-8.79552	-14.3043	-9.08395	4.93344	3.46351	-0.448987	-4.68001	-1.56086	0.596385	2.66375	2.66375	0.0624566	0.0889915	0.403023	0.24245
-14.4201	-9.09576	4.89398	3.44293	-0.401912	-14.4273	-9.1875	-14.5391	-9.15936	4.92872	3.44106	-0.452943	-4.70936	-1.45402	0.521285	2.66375	0.521285	0.0627075	0.0889249	0.402411	0.242079
-14.6506	-9.16577	4.8852	3.42224	-0.404184	-14.5757	-9.32634	-14.7754	-9.22939	4.92404	3.41841	-0.456828	-4.73658	-1.34573	0.521285	0.251373	0.251373	0.0629899	0.0888587	0.401804	0.24171
-14.9306	-9.1631	4.9062	3.36516	-0.445409	-15.062	-9.04396	-15.013	-9.29397	4.91942	3.39557	-0.46064	-4.76161	-1.23603	2.02048	0.251373	2.02048	0.063058	0.0890164	0.401195	0.241481
-15.1845	-9.23674	4.92969	3.35075	-0.434511	-15.6189	-9.69365	-15.2517	-9.35302	4.91484	3.37254	-0.46438	-4.78436	-1.125	2.02048	4.41019	4.41019	0.0630712	0.0891116	0.400592	0.24118
-15.4435	-9.34782	4.96463	3.35321	-0.405349	-15.6682	-9.56749	-15.4916	-9.40649	4.91032	3.34932	-0.468047	-4.80476	-1.01269	5.17758	4.41019	5.17758	0.0630313	0.0890353	0.399995	0.240821
-15.6896	-9.37712	4.94648	3.31862	-0.427967	-15.9382	-9.35751	-15.7324	-9.45431	4.90586	3.32592	-0.47164	-4.82275	-0.899159	5.17758	1.90731	1.90731	0.0629801	0.089002	0.3994	0.240463
-15.9443	-9.45922	4.96704	3.31356	-0.408461	-16.0862	-9.59819	-15.9741	-9.49642	4.90145	3.30234	-0.475158	-4.83827	-0.784484	2.07869	1.90731	2.07869	0.0629066	0.0888917	0.398812	0.240128
-16.1969	-9.46858	4.95945	3.27553	-0.432502	-16.6033	-8.85459	-16.2164	-9.53277	4.89711	3.27858	-0.478601	-4.85124	-0.668734	2.07869	2.2882	2.2882	0.0628214	0.088828	0.39823	0.239769
-16.4486	-9.46248	4.95904	3.23736	-0.451251	-16.4229	-9.37029	-16.4594	-9.5633	4.89283	3.25465	-0.481969	-4.8616	-0.55198	0.549737	2.2882	0.549737	0.0627303	0.0888662	0.397656	0.239448
-16.6735	-9.45924	4.92485	3.20309	-0.470148	-16.011	-9.33486	-16.7027	-9.58797	4.88862	3.23055	-0.48526	-4.8693	-0.434301	0.549737	5.27949	5.27949	0.0626571	0.0890113	0.397072	0.239199
-16.9513	-9.44687	4.95516	3.16584	-0.484144	-17.1132	-9.43043	-16.9464	-9.60673	4.88449	3.20629	-0.488475	-4.87427	-0.315773	1.42669	5.27949	1.42669	0.0625647	0.0893047	0.396506	0.239082
-17.201	-9.50596	4.97036	3.17013	-0.446455	-16.9255	-10.8571	-17.1903	-9.61954	4.88042	3.18186	-0.491613	-4.87646	-0.196479	1.42669	7.84121	7.84121	0.0624748	0.0893862	0.39595	0.238747
-17.4596	-9.52352	4.98204	3.15281	-0.440278	-17.5448	-9.57485	-17.4342	-9.62636	4.87643	3.15728	-0.494673	-4.87583	-0.0765024	0.509638	7.84121	0.509638	0.0623977	0.0894289	0.395408	0.238397
-17.717	-9.51315	4.98401	3.12225	-0.453883	-18.1371	-9.39146	-17.6781	-9.62717	4.87252	3.13255	-0.497655	-4.87232	0.0440703	0.509638	1.69118	1.69118	0.0623416	0.0895111	0.394871	0.238063
-17.9711	-9.48098	4.98941	3.08871	-0.465711	-17.9724	-9.42299	-17.9216	-9.62194	4.86868	3.10767	-0.500558	-4.86588	0.165151	0.212941	1.69118	0.212941	0.0623078	0.0897051	0.394343	0.237773
-18.2172	-9.44229	4.97926	3.05093	-0.48824	-18.3083	-9.18778	-18.1648	-9.61064	4.86493	3.08264	-0.503383	-4.85648	0.286648	0.212941	0.73779	0.73779	0.0622811	0.0900353	0.393805	0.237592
-18.4284	-9.48181	4.93835	3.05554	-0.458142	-18.2763	-9.60997	-18.4074	-9.59325	4.86127	3.05747	-0.506127	-4.84408	0.40847	2.3742	0.73779	2.3742	0.0622006	0.0901051	0.393251	0.237247
-18.666	-9.46686	4.93516	3.04045	-0.445086	-18.2443	-9.58547	-18.6493	-9.56977	4.85769	3.03216	-0.508793	-4.82864	0.530522	2.3742	1.68455	1.68455	0.0621166	0.0901449	0.392704	0.236908
-18.9137	-9.45931	4.93624	3.02674	-0.43557	-18.9545	-9.51544	-18.8904	-9.54017	4.85421	3.00672	-0.511377	-4.81012	0.652707	0.269277	1.68455	0.269277	0.0620392	0.0901194	0.392167	0.236611
-19.1456	-9.41924	4.92845	3.00412	-0.433216	-18.6983	-9.02886	-19.1305	-9.50447	4.85081	2.98115	-0.513881	-4.78851	0.774927	0.269277	3.98932	3.98932	0.0619549	0.0901056	0.391632	0.236329
-19.3874	-9.30476	4.93766	2.94941	-0.469281	-19.2983	-9.09865	-19.3694	-9.46265	4.84751	2.95546	-0.516304	-4.76378	0.897083	2.96189	3.98932	2.96189	0.0618731	0.090374	0.391092	0.236001
-19.6226	-9.22708	4.92858	2.90824	-0.496637	-19.7037	-8.79906	-19.6069	-9.41472	4.84431	2.92964	-0.518645	-4.73591	1.01907	2.96189	1.17447	1.17447	0.0617898	0.0908029	0.390543	0.23575
-19.8696	-9.10921	4.94854	2.8594	-0.521982	-19.8731	-8.96417	-19.8431	-9.36071	4.8412	2.90371	-0.520904	-4.70487	1.1408	1.31008	1.17447	1.31008	0.0617177	0.0916667	0.389992	0.235755
-20.1054	-9.00969	4.95462	2.82228	-0.53313	-20.3815	-7.6755	-20.0775	-9.30061	4.8382	2.87767	-0.523081	-4.67066	1.26215	1.31008	4.97396	4.97396	0.0616474	0.092847	0.389438	0.235939
-20.2975	-9.11901	4.86219	2.87131	-0.456068	-20.1607	-9.59663	-20.3102	-9.23446	4.83529	2.85151	-0.525176	-4.63328	1.38303	15.2613	4.97396	15.2613	0.0615633	0.0929192	0.388893	0.235646
-20.5371	-9.07305	4.86513	2.86004	-0.440433	-20.4587	-9.7448	-20.5409	-9.16227	4.83249	2.82525	-0.527187	-4.59271	1.50334	15.2613	1.52924	1.52924	0.0614761	0.0929089	0.388364	0.235449
-20.7569	-8.9813	4.8585	2.82838	-0.451255	-20.6596	-8.91527	-20.7696	-9.08409	4.8298	2.79889	-0.529115	-4.54895	1.62296	0.733807	1.52924	0.733807	0.0613927	0.0929384	0.387833	0.235211
-20.9979	-8.89876	4.86894	2.80224	-0.45762	-21.5568	-8.5005	-20.9959	-8.99994	4.82722	2.77244	-0.53096	-4.50202	1.74179	0.733807	2.32541	2.32541	0.061306	0.0929627	0.387314	0.234967
-21.1976	-8.82881	4.83545	2.78247	-0.455951	-21.0195	-8.85081	-21.2198	-8.90987	4.82474	2.74589	-0.532721	-4.45191	1.85972	1.67068	2.32541	1.67068	0.0612309	0.0929313	0.386789	0.23479
-21.4308	-8.73786	4.8413	2.75533	-0.465139	-21.8628	-8.64129	-21.4412	-8.81393	4.82237	2.71925	-0.534397	-4.39865	1.97666	1.67068	1.82694	1.82694	0.0611473	0.0928882	0.386272	0.2346
-21.6298	-8.70782	4.79287	2.75487	-0.44292	-21.5029	-8.87191	-21.6597	-8.71217	4.82012	2.69253	-0.53599	-4.34224	2.0925	2.51228	1.82694	2.51228	0.0610822	0.0927583	0.385764	0.234755
-21.8251	-8.55651	4.77775	2.69177	-0.507596	-21.9514	-7.41274	-21.8754	-8.60465	4.81798	2.66574	-0.537498	-4.2827	2.20712	2.51228	6.83187	6.83187	0.0610548	0.0926636	0.385227	0.234528
-22.0292	-8.48287	4.75437	2.67812	-0.496104	-21.9793	-8.57089	-22.0881	-8.49143	4.81595	2.63886	-0.53892	-4.22007	2.32043	0.604386	6.83187	0.604386	0.0610489	0.0925356	0.384694	0.234427
-22.2391	-8.37026	4.75846	2.65645	-0.486364	-22.1914	-7.70392	-22.2975	-8.37258	4.81404	2.61191	-0.540258	-4.15437	2.43232	0.604386	1.84971	1.84971	0.0610417	0.0924071	0.38417	0.234371
-22.4654	-8.28079	4.76386	2.6436	-0.473813	-22.5838	-8.35296	-22.5035	-8.24817	4.81225	2.5849	-0.54151	-4.08564	2.5427	1.02327	1.84971	1.02327	0.06099	0.092295	0.383673	0.234468
-22.6596	-8.15673	4.75167	2.61045	-0.490512	-22.3177	-8.57758	-22.7061	-8.11829	4.81058	2.55783	-0.542677	-4.01391	2.65145	1.02327	1.12351	1.12351	0.0609547	0.0921895	0.383168	0.234496
-22.8814	-7.94009	4.81761	2.55376	-0.521412	-22.9861	-7.6724	-22.9049	-7.98301	4.80903	2.53069	-0.543759	-3.93923	2.75848	4.87529	1.12351	4.87529	0.0608832	0.09209	0.382657	0.234218
-23.0728	-7.78813	4.81249	2.50716	-0.561399	-23.2693	-8.32031	-23.1	-7.84243	4.80759	2.5035	-0.544754	-3.86163	2.8637	4.87529	3.70034	3.70034	0.0608161	0.0920075	0.382132	0.233896
-23.2936	-7.62312	4.85022	2.47698	-0.561511	-23.4777	-7.56583	-23.2911	-7.69663	4.80628	2.47627	-0.545663	-3.78118	2.967	1.9422	3.70034	1.9422	0.0607329	0.0919619	0.381613	0.233579
-23.4921	-7.48372	4.8557	2.46538	-0.53021	-23.473	-7.02103	-23.4781	-7.54572	4.80509	2.44898	-0.546486	-3.69792	3.06828	1.9422	1.63144	1.63144	0.0606542	0.0918933	0.38112	0.233265
-23.6602	-7.33684	4.83441	2.43785	-0.532545	-23.5408	-7.36069	-23.6609	-7.3898	4.80403	2.42166	-0.547223	-3.61191	3.16746	0.768176	1.63144	0.768176	0.0605716	0.0918096	0.38062	0.232956
-23.8496	-7.17855	4.84188	2.41637	-0.521918	-24.0505	-6.56968	-23.8393	-7.22897	4.80309	2.3943	-0.547873	-3.52321	3.26445	0.768176	0.873782	0.873782	0.0604916	0.0917225	0.380138	0.232656
-24.017	-7.07446	4.79316	2.40701	-0.507498	-23.9384	-7.26171	-24.0132	-7.06336	4.80227	2.3669	-0.548437	-3.43189	3.35916	2.36224	0.873782	2.36224	0.0604099	0.0915999	0.379679	0.232465
-24.1839	-6.89214	4.7976	2.36914	-0.526274	-24.3577	-5.94086	-24.1825	-6.89307	4.80158	2.33948	-0.548915	-3.33801	3.45149	2.36224	1.94388	1.94388	0.0603283	0.0914761	0.3792	0.232213
-24.3382	-6.65414	4.83344	2.31817	-0.549698	-24.2574	-6.4352	-24.347	-6.71823	4.80101	2.31204	-0.549305	-3.24166	3.54138	3.14126	1.94388	3.14126	0.0602486	0.0914133	0.378695	0.2319
-24.5052	-6.47771	4.83389	2.28584	-0.564448	-24.788	-7.18367	-24.5066	-6.53896	4.80057	2.28457	-0.549609	-3.14289	3.62873	3.14126	3.48478	3.48478	0.0601676	0.0913455	0.378188	0.23159
-24.6113	-6.32364	4.77224	2.25488	-0.571002	-24.3008	-6.43799	-24.6612	-6.35538	4.80025	2.25709	-0.549826	-3.0418	3.71347	5.70747	3.48478	5.70747	0.0601426	0.0912378	0.377683	0.231281
-24.7521	-6.13204	4.77034	2.2228	-0.575373	-24.6108	-6.00878	-24.8107	-6.16764	4.80006	2.2296	-0.549957	-2.93846	3.79553	5.70747	0.338673	0.338673	0.0601386	0.0911344	0.377185	0.230972
-24.9297	-5.93797	4.79877	2.20233	-0.565099	-25.146	-5.91902	-24.955	-5.97587	4.8	2.2021	-0.55	-2.83295	3.87484	2.44023	0.338673	2.44023	0.0600726	0.0910338	0.376682	0.230664
-25.0599	-5.73351	4.80016	2.17122	-0.565418	-24.8975	-5.02285	-25.094	-5.7802	4.80006	2.1746	-0.549957	-2.72537	3.95132	2.44023	1.87095	1.87095	0.0600184	0.0909446	0.376181	0.230357
-25.1939	-5.55792	4.78091	2.14955	-0.559886	-25.1941	-5.64372	-25.2276	-5.58079	4.80025	2.1471	-0.549826	-2.61581	4.02492	0.419584	1.87095	0.419584	0.0599638	0.0908315	0.375682	0.230054
-25.3464	-5.3722	4.78463	2.14159	-0.525885	-25.5328	-5.4399	-25.3556	-5.37777	4.80057	2.11961	-0.549609	-2.50435	4.09557	0.419584	1.29786	1.29786	0.0598862	0.0907117	0.375208	0.229778
-25.4865	-5.15592	4.80524	2.11584	-0.524085	-25.5713	-5.10241	-25.4779	-5.1713	4.80101	2.09213	-0.549305	-2.39109	4.16322	0.529936	1.29786	0.529936	0.0598088	0.0905954	0.374748	0.229491
-25.6192	-4.97435	4.79063	2.11022	-0.487277	-25.0178	-6.55904	-25.5946	-4.96152	4.80158	2.06467	-0.548915	-2.27613	4.22781	0.529936	6.52352	6.52352	0.0597433	0.0904785	0.374374	0.229268
-25.7345	-4.7952	4.76257	2.09069	-0.483964	-25.6952	-4.89995	-25.7055	-4.7486	4.80227	2.03722	-0.548437	-2.15956	4.2893	0.694541	6.52352	0.694541	0.0596834	0.0903912	0.374032	0.229106
-25.8553	-4.58944	4.76404	2.07261	-0.471625	-25.8162	-4.40681	-25.8105	-4.53268	4.80309	2.0098	-0.547873	-2.04149	4.34764	0.694541	0.263465	0.263465	0.0596492	0.0903195	0.373761	0.228974
-25.9637	-4.35542	4.78406	2.04284	-0.476878	-25.9516	-4.26659	-25.9096	-4.31392	4.80403	1.98241	-0.547223	-1.92202	4.40279	0.453761	0.263465	0.453761	0.0596353	0.0902265	0.373497	0.228789
-26.073	-4.13622	4.7897	2.00214	-0.518274	-26.8953	-4.43966	-26.0027	-4.0925	4.80509	1.95504	-0.546486	-1.80125	4.45471	0.453761	10.9264	10.9264	0.0596657	0.0901365	0.373152	0.228553
-26.1598	-3.86684	4.83219	1.96298	-0.529608	-26.1198	-3.67723	-26.0897	-3.86856	4.80628	1.92772	-0.545663	-1.67928	4.50337	2.11466	10.9264	2.11466	0.0596953	0.0900194	0.372765	0.228264
-26.234	-3.63256	4.83462	1.91439	-0.574757	-26.5652	-3.85723	-26.1706	-3.64227	4.8076	1.90044	-0.544754	-1.55623	4.54875	2.11466	3.58246	3.58246	0.0597051	0.0899041	0.3723	0.227968
-26.2627	-3.3681	4.84517	1.86383	-0.596279	-25.9974	-3.24722	-26.2453	-3.41381	4.80903	1.8732	-0.543759	-1.4322	4.59081	4.55384	3.58246	4.55384	0.0596345	0.0898179	0.371822	0.227686
-26.312	-3.12645	4.84736	1.81893	-0.623476	-26.2976	-3.01078	-26.3138	-3.18332	4.81058	1.84601	-0.542677	-1.30729	4.62954	4.55384	0.617486	0.617486	0.0595577	0.0897486	0.37139	0.22742
-26.3382	-2.88624	4.83891	1.77752	-0.634264	-26.1741	-2.87885	-26.376	-2.95098	4.81225	1.81888	-0.54151	-1.18162	4.66493	1.41655	0.617486	1.41655	0.059512	0.0896932	0.371035	0.227156
-26.396	-2.65848	4.83327	1.7537	-0.622806	-26.4681	-3.44967	-26.4319	-2.71697	4.81404	1.7918	-0.540258	-1.05529	4.69696	1.41655	1.3333	1.3333	0.0594634	0.0896271	0.370667	0.226882
-26.4758	-2.48517	4.7816	1.74391	-0.604743	-26.674	-2.73852	-26.4815	-2.48143	4.81595	1.76479	-0.53892	-0.928411	4.72562	5.67783	1.3333	5.67783	0.059388	0.0895126	0.37023	0.226593
-26.5305	-2.24992	4.78506	1.72603	-0.582304	-26.657	-1.72382	-26.5247	-2.24456	4.81798	1.73784	-0.537498	-0.80109	4.75091	5.67783	0.93485	0.93485	0.0593129	0.0893988	0.369771	0.226307
-26.5816	-2.04514	4.75729	1.70623	-0.574725	-26.6691	-2.17333	-26.5616	-2.0065	4.82012	1.71097	-0.53599	-0.673434	4.77284	1.32169	0.93485	1.32169	0.059246	0.0893063	0.369303	0.226038
-26.6123	-1.80741	4.75758	1.6856	-0.555097	-26.3248	-1.32261	-26.5921	-1.76744	4.82237	1.68417	-0.534397	-0.545553	4.79141	1.32169	1.97831	1.97831	0.0591795	0.0892156	0.368835	0.225775
-26.6096	-1.5622	4.75952	1.64799	-0.564847	-26.4671	-1.53207	-26.6161	-1.52753	4.82474	1.65745	-0.532721	-0.417552	4.80664	1.12307	1.97831	1.12307	0.0591055	0.0891197	0.368376	0.22551
-26.6071	-1.32827	4.75397	1.60657	-0.589573	-26.4998	-2.19526	-26.6338	-1.28695	4.82721	1.63081	-0.53096	-0.289538	4.81852	1.12307	1.73533	1.73533	0.059046	0.0890313	0.36796	0.225251
-26.6105	-1.10063	4.74299	1.57719	-0.590108	-26.5998	-1.14277	-26.6451	-1.04586	4.8298	1.60426	-0.529115	-0.161616	4.8271	0.103251	1.73533	0.103251	0.0589972	0.0889616	0.367555	0.225007
-26.6395	-0.872109	4.73876	1.56138	-0.57309	-27.2008	-1.67679	-26.65	-0.804425	4.83249	1.57781	-0.527187	-0.0338883	4.83238	0.103251	5.16561	5.16561	0.0589254	0.0889145	0.367114	0.224773
-26.6496	-0.628216	4.74913	1.53792	-0.567301	-26.7355	-0.59539	-26.6485	-0.562811	4.83529	1.55145	-0.525176	0.0935412	4.83439	0.446043	5.16561	0.446043	0.0588515	0.0888634	0.366667	0.224535
-26.6369	-0.387328	4.75645	1.50088	-0.587762	-26.9891	0.0351487	-26.6406	-0.321181	4.8382	1.52519	-0.523081	0.220572	4.83317	0.446043	2.2194	2.2194	0.0587782	0.0888138	0.366251	0.224297
-26.5909	-0.110087	4.79783	1.46126	-0.595745	-26.4553	0.0602653	-26.6264	-0.0796947	4.8412	1.49904	-0.520904	0.347104	4.82874	2.56861	2.2194	2.56861	0.0587317	0.088716	0.365901	0.224037
-26.5714	0.127967	4.80037	1.43201	-0.599811	-26.9537	0.136943	-26.6059	0.161489	4.84431	1.47299	-0.518645	0.473041	4.82116	2.56861	1.75474	1.75474	0.058684	0.0886213	0.36557	0.223783
-26.5478	0.404741	4.84468	1.40652	-0.592855	-26.6201	0.57588	-26.5792	0.402213	4.84751	1.44706	-0.516304	0.598287	4.81045	1.87907	1.75474	1.87907	0.058632	0.0885114	0.365244	0.223511
-26.535	0.641588	4.83935	1.39613	-0.56093	-26.8241	0.381506	-26.5462	0.642323	4.85081	1.42124	-0.513881	0.722748	4.79667	1.87907	1.75054	1.75054	0.058562	0.0884018	0.364839	0.223239
-26.5274	0.913501	4.87702	1.38196	-0.545031	-26.7293	1.06082	-26.5069	0.881666	4.85421	1.39555	-0.511377	0.846334	4.77986	3.33982	1.75054	3.33982	0.0584985	0.0883068	0.364405	0.222964
-26.4895	1.1649	4.88343	1.37321	-0.504292	-25.9562	2.60409	-26.4616	1.12009	4.85769	1.36998	-0.508793	0.968955	4.76007	3.33982	7.37028	7.37028	0.0584429	0.088226	0.363956	0.222694
-26.4324	1.40704	4.88757	1.34592	-0.506162	-26.3986	1.42212	-26.4101	1.35745	4.86127	1.34454	-0.506127	1.09053	4.73737	0.0724198	7.37028	0.0724198	0.0583815	0.0881518	0.363509	0.222424
-26.3936	1.63012	4.86682	1.33361	-0.483311	-26.5072	-0.563928	-26.3526	1.59361	4.86493	1.31923	-0.503383	1.21096	4.71181	0.0724198	8.22635	8.22635	0.0583453	0.0880623	0.363078	0.222153
-26.3376	1.85204	4.85134	1.31016	-0.4833	-26.3594	1.79315	-26.2891	1.82841	4.86868	1.29407	-0.500558	1.33018	4.68345	0.21521	8.22635	0.21521	0.0583233	0.0879623	0.362656	0.221882
-26.2702	2.08299	4.84999	1.28293	-0.489845	-26.3475	1.82827	-26.2197	2.06173	4.87252	1.26904	-0.497655	1.44811	4.65235	0.21521	0.191455	0.191455	0.0583057	0.0878612	0.36223	0.221611
-26.2064	2.28988	4.82199	1.2596	-0.489847	-26.2502	2.18481	-26.1444	2.29342	4.87643	1.24416	-0.494673	1.56467	4.61859	0.706064	0.191455	0.706064	0.0583151	0.0877545	0.361816	0.221345
-26.1438	2.51964	4.81629	1.24859	-0.463317	-26.069	2.27896	-26.0633	2.52336	4.88042	1.21942	-0.491613	1.67979	4.58223	0.706064	0.888146	0.888146	0.0583792	0.0876481	0.361457	0.221078
-26.065	2.75853	4.82875	1.22631	-0.461937	-26.0641	2.80701	-25.9765	2.75141	4.88449	1.19484	-0.488475	1.79339	4.54334	0.12924	0.888146	0.12924	0.0584709	0.0875426	0.361107	0.22081
-25.9708	2.98088	4.83351	1.18723	-0.496629	-26.3234	3.02388	-25.8841	2.97746	4.88862	1.17042	-0.48526	1.90543	4.502	0.12924	2.79237	2.79237	0.0585558	0.087437	0.360702	0.220545
-25.8716	3.24524	4.87955	1.16414	-0.493136	-25.8345	3.42005	-25.7861	3.20139	4.89283	1.14615	-0.481969	2.01582	4.45828	1.75192	2.79237	1.75192	0.0586356	0.0873581	0.360292	0.220282
-25.7891	3.47272	4.88083	1.14492	-0.488732	-26.1824	3.73376	-25.6826	3.42306	4.89711	1.12206	-0.478601	2.12452	4.41227	1.75192	2.16219	2.16219	0.0587976	0.087287	0.359898	0.220023
-25.6825	3.6822	4.86958	1.11819	-0.491461	-25.6666	3.63509	-25.5737	3.64239	4.90145	1.09813	-0.475158	2.23146	4.36404	0.136	2.16219	0.136	0.0589682	0.0872041	0.359501	0.219761
-25.5659	3.89142	4.86437	1.08807	-0.500397	-25.5773	3.13316	-25.4596	3.85924	4.90586	1.07437	-0.47164	2.3366	4.31367	0.136	1.09691	1.09691	0.0591266	0.0871139	0.359091	0.219498
-25.4961	4.08588	4.82937	1.07568	-0.489044	-25.7492	3.99968	-25.3402	4.07353	4.91032	1.05079	-0.468047	2.43989	4.26125	3.76703	1.09691	3.76703	0.0595452	0.087012	0.358732	0.219236
-25.3726	4.29059	4.82576	1.04723	-0.494916	-25.3516	3.75691	-25.2157	4.28514	4.91484	1.02738	-0.46438	2.54127	4.20686	3.76703	0.608289	0.608289	0.059965	0.0869088	0.35836	0.218979
-25.2146	4.50287	4.84354	1.01186	-0.504957	-25.0214	4.52803	-25.0863	4.49399	4.91942	1.00417	-0.46064	2.64071	4.15058	1.99161	0.608289	1.99161	0.0602194	0.0868066	0.357951	0.21873
-25.0638	4.70075	4.83954	0.987186	-0.492527	-24.2719	4.30917	-24.9518	4.69998	4.92404	0.981133	-0.456828	2.73817	4.09251	1.99161	8.92944	8.92944	0.0603945	0.0867036	0.357544	0.218486
-24.9445	4.89827	4.83014	0.967372	-0.488028	-25.0363	4.88499	-24.8126	4.90303	4.92872	0.958291	-0.452943	2.83361	4.03273	0.450829	8.92944	0.450829	0.0606632	0.0866014	0.35715	0.218244
-24.7885	5.09005	4.83125	0.937797	-0.491734	-24.3609	4.95947	-24.6686	5.10304	4.93344	0.935644	-0.448987	2.92701	3.97132	0.450829	2.29942	2.29942	0.0608707	0.0865015	0.356744	0.218018
-24.6226	5.29626	4.85392	0.909107	-0.494986	-24.5041	5.35293	-24.5201	5.29995	4.9382	0.913195	-0.444959	3.01833	3.90839	0.909292	2.29942	0.909292	0.0610021	0.0863999	0.356328	0.217795
-24.4514	5.47385	4.85915	0.86703	-0.526021	-24.4379	5.24592	-24.367	5.49367	4.943	0.890947	-0.440862	3.10754	3.84401	0.909292	0.969437	0.969437	0.0610674	0.0863038	0.355914	0.217644
-24.2651	5.64676	4.86267	0.830655	-0.536132	-24.1159	5.61152	-24.2095	5.68414	4.94783	0.868904	-0.436695	3.19464	3.77827	1.23817	0.969437	1.23817	0.0610552	0.0862216	0.355521	0.217579
-24.0986	5.81114	4.85605	0.79533	-0.553897	-24.5638	4.75836	-24.0477	5.8713	4.9527	0.847069	-0.432459	3.27959	3.71127	1.23817	3.24434	3.24434	0.0610333	0.0861699	0.355152	0.217643
-23.9245	5.9741	4.84959	0.765362	-0.556518	-23.9153	5.94377	-23.8818	6.05508	4.9576	0.825446	-0.428154	3.36239	3.64309	0.0561333	3.24434	0.0561333	0.0609971	0.0861582	0.354798	0.21782
-23.7785	6.16337	4.83324	0.771516	-0.492581	-23.5491	6.44495	-23.7117	6.23542	4.96252	0.804038	-0.423782	3.44302	3.57383	0.0561333	4.70615	4.70615	0.0610112	0.086128	0.354387	0.217788
-23.6096	6.32176	4.82238	0.746781	-0.493197	-23.6471	6.29102	-23.5377	6.41227	4.96747	0.782849	-0.419343	3.52148	3.50357	0.125768	4.70615	0.125768	0.0610386	0.0861385	0.353976	0.217812
-23.459	6.50017	4.81102	0.743017	-0.458798	-23.7544	6.53746	-23.3598	6.58559	4.97244	0.761882	-0.414838	3.59775	3.4324	0.125768	1.93909	1.93909	0.0611545	0.0861368	0.353576	0.217728
-23.2417	6.70225	4.87193	0.720019	-0.456203	-23.0099	6.86182	-23.1781	6.75533	4.97743	0.74114	-0.410268	3.67185	3.36041	4.20991	1.93909	4.20991	0.0611601	0.0860751	0.353168	0.217592
-23.0456	6.84689	4.86275	0.695191	-0.451791	-22.7862	5.74143	-22.9928	6.92146	4.98243	0.720627	-0.405632	3.74376	3.28768	4.20991	5.56654	5.56654	0.0611421	0.0860503	0.352761	0.2175
-22.8346	7.01325	4.88891	0.670022	-0.453396	-22.6991	7.063	-22.804	7.08393	4.98744	0.700345	-0.400933	3.8135	3.21431	1.09058	5.56654	1.09058	0.0610894	0.0860181	0.352357	0.217418
-22.6235	7.14758	4.89237	0.63499	-0.471436	-22.418	6.76159	-22.6117	7.24273	4.99246	0.680299	-0.39617	3.88106	3.14038	1.09058	1.48642	1.48642	0.0610219	0.0860402	0.351963	0.217468
-22.4371	7.29603	4.88851	0.616032	-0.466841	-22.5083	7.31524	-22.4161	7.39782	4.99749	0.66049	-0.391345	3.94647	3.06598	0.284675	1.48642	0.284675	0.0609604	0.0860795	0.351566	0.217526
-22.2111	7.41763	4.90829	0.568049	-0.511933	-22.0543	7.85452	-22.2173	7.54917	5.00251	0.640923	-0.386458	4.00974	2.99118	0.284675	2.60992	2.60992	0.0608915	0.0862106	0.351218	0.217922
-22.0305	7.5802	4.91363	0.55866	-0.49502	-22.1947	7.69478	-22.0154	7.69679	5.00754	0.6216	-0.381509	4.07087	2.91607	2.1542	2.60992	2.1542	0.0608264	0.0862919	0.350847	0.218182
-21.8469	7.74731	4.90999	0.563243	-0.447485	-21.6178	9.0351	-21.8105	7.84064	5.01256	0.602525	-0.376501	4.12989	2.84074	2.1542	5.86195	5.86195	0.060782	0.0863086	0.35045	0.218184
-21.6394	7.89047	4.91977	0.545552	-0.44225	-21.6473	7.94	-21.6026	7.98072	5.01757	0.583699	-0.371433	4.18681	2.76526	0.144105	5.86195	0.144105	0.0607383	0.0863177	0.350053	0.218171
-21.4475	8.02692	4.90721	0.535691	-0.423304	-21.8637	7.78661	-21.392	8.11703	5.02257	0.565128	-0.366307	4.24166	2.68971	0.144105	1.65102	1.65102	0.0607269	0.0863265	0.349659	0.218101
-21.2144	8.07751	4.8721	0.487532	-0.45254	-21.0853	7.83229	-21.1787	8.24957	5.02756	0.546812	-0.361122	4.29447	2.61417	4.32285	1.65102	4.32285	0.060682	0.0866157	0.349264	0.218425
-21.0218	8.23418	4.86277	0.501189	-0.389709	-20.5503	9.28616	-20.9628	8.37833	5.03253	0.528756	-0.355881	4.34526	2.53871	4.32285	6.70273	6.70273	0.0606781	0.0867882	0.348892	0.21839
-20.8416	8.38546	4.85956	0.500393	-0.3703	-21.0519	8.50983	-20.7444	8.50333	5.03748	0.510962	-0.350583	4.39406	2.46341	3.17356	6.70273	3.17356	0.0607847	0.0868705	0.348554	0.218234
-20.6039	8.49271	4.88314	0.467329	-0.395691	-19.9265	9.40847	-20.5237	8.62457	5.0424	0.493433	-0.34523	4.4409	2.38835	3.17356	4.22404	4.22404	0.0608352	0.0869974	0.348185	0.218172
-20.36	8.62182	4.91854	0.4497	-0.392411	-20.21	8.68914	-20.3006	8.74206	5.0473	0.476172	-0.339823	4.48582	2.31358	1.43159	4.22404	1.43159	0.0608319	0.0870859	0.347805	0.218086
-20.1597	8.75531	4.90319	0.456256	-0.347307	-20.2277	8.8532	-20.0753	8.85583	5.05217	0.459181	-0.334362	4.52884	2.23919	1.43159	2.06324	2.06324	0.0608943	0.0871182	0.347469	0.217874
-19.9563	8.86197	4.88832	0.442294	-0.344156	-20.0633	8.86724	-19.848	8.96589	5.057	0.442462	-0.328848	4.57001	2.16524	0.592929	2.06324	0.592929	0.0610409	0.0871592	0.347156	0.217658
-19.7541	8.98675	4.87212	0.447183	-0.305318	-19.9264	8.78179	-19.6186	9.07227	5.0618	0.42602	-0.323282	4.60937	2.09179	0.592929	1.72691	1.72691	0.0613067	0.0871556	0.34692	0.217418
-19.5281	9.0619	4.85986	0.421276	-0.316672	-19.4861	8.96665	-19.3873	9.17499	5.06656	0.409856	-0.317665	4.64694	2.01891	0.613146	1.72691	0.613146	0.0615967	0.0872216	0.346679	0.217182
-19.2913	9.1665	4.88002	0.402752	-0.322809	-18.5719	10.2069	-19.1542	9.27409	5.07128	0.393973	-0.311998	4.68278	1.94666	0.613146	4.30929	4.30929	0.0618659	0.087272	0.346414	0.216947
-19.0123	9.24818	4.92173	0.373417	-0.335686	-18.6786	9.19191	-18.9193	9.36959	5.07596	0.378373	-0.306282	4.71692	1.8751	5.92006	4.30929	5.92006	0.061952	0.087362	0.346089	0.21674
-18.7935	9.33477	4.91199	0.357196	-0.336447	-19.2825	8.98189	-18.6827	9.46154	5.08058	0.363059	-0.300517	4.7494	1.80429	5.92006	1.66202	1.66202	0.0621018	0.0874683	0.345777	0.216539
-18.5427	9.43202	4.93801	0.341871	-0.334329	-18.4242	9.46852	-18.4446	9.54996	5.08516	0.348033	-0.294705	4.78028	1.73429	0.811989	1.66202	0.811989	0.062204	0.087547	0.345449	0.216333
-18.2802	9.46056	4.9539	0.288238	-0.392793	-18.1634	8.72444	-18.2049	9.63492	5.08968	0.333298	-0.288846	4.80959	1.66514	0.811989	5.82595	5.82595	0.0622356	0.0878313	0.345081	0.21643
-18.0014	9.57866	5.01848	0.280565	-0.37876	-17.7736	9.72478	-17.9639	9.71643	5.09414	0.318855	-0.282942	4.83737	1.59691	3.99308	5.82595	3.99308	0.0621923	0.0879715	0.344704	0.216411
-17.7586	9.66548	5.01795	0.277505	-0.349076	-17.2296	9.97767	-17.7214	9.79457	5.09855	0.304708	-0.276993	4.86368	1.52964	3.99308	2.90443	2.90443	0.0621486	0.0880822	0.344332	0.216295
-17.4898	9.77043	5.06258	0.270455	-0.336998	-17.3436	9.88109	-17.4777	9.86936	5.10289	0.290859	-0.271	4.88856	1.46338	1.85941	2.90443	1.85941	0.0620834	0.0881073	0.343957	0.216122
-17.2453	9.84207	5.06727	0.254576	-0.337631	-17.1554	10.212	-17.2328	9.94087	5.10717	0.277309	-0.264964	4.91205	1.39818	1.85941	0.532017	0.532017	0.0620186	0.0881319	0.343584	0.215961
-16.9792	9.96347	5.11469	0.257094	-0.316076	-16.8876	10.145	-16.9868	10.0091	5.11138	0.26406	-0.258887	4.93421	1.33408	2.403	0.532017	2.403	0.0619523	0.088062	0.343211	0.215733
-16.7279	10.0252	5.11844	0.239802	-0.318399	-16.5958	10.1078	-16.7396	10.0743	5.11551	0.251116	-0.252769	4.95507	1.27113	2.403	0.119538	0.119538	0.0618876	0.0879962	0.34284	0.215515
-16.4794	10.1369	5.14104	0.243259	-0.297589	-16.5153	10.3091	-16.4915	10.1362	5.11958	0.238478	-0.246611	4.97469	1.20937	1.78138	0.119538	1.78138	0.0618233	0.0879012	0.342471	0.215286
-16.2267	10.1993	5.14834	0.22617	-0.303821	-16.09	10.5824	-16.2424	10.1952	5.12357	0.226147	-0.240414	4.99311	1.14883	1.78138	0.666808	0.666808	0.0617609	0.0878066	0.342103	0.215054
-15.9817	10.2377	5.13517	0.205184	-0.310127	-16.006	10.1843	-15.9924	10.2511	5.12748	0.214126	-0.234179	5.01039	1.08956	0.200735	0.666808	0.200735	0.0616965	0.0877144	0.341736	0.214832
-15.7347	10.3013	5.13095	0.19892	-0.294788	-15.7234	10.41	-15.7416	10.3041	5.13132	0.202417	-0.227907	5.02655	1.03159	0.200735	0.267653	0.267653	0.0616311	0.0876203	0.341369	0.214603
-15.4996	10.3102	5.09886	0.171027	-0.309152	-15.5699	10.1904	-15.4899	10.3543	5.13507	0.191022	-0.221599	5.04166	0.974957	1.12215	0.267653	1.12215	0.0615667	0.0875501	0.341005	0.21443
-15.2143	10.3244	5.13939	0.13008	-0.353563	-14.2385	10.9109	-15.2376	10.4016	5.13873	0.179942	-0.215255	5.05576	0.919692	1.12215	8.27947	8.27947	0.0615103	0.0875294	0.340645	0.21452
-14.9528	10.3836	5.15606	0.122307	-0.342795	-14.9365	10.4722	-14.9846	10.4462	5.14231	0.169179	-0.208879	5.06889	0.865828	0.475993	8.27947	0.475993	0.0614621	0.0874839	0.340289	0.21457
-14.7044	10.423	5.13232	0.12364	-0.302976	-14.724	9.63507	-14.7309	10.4882	5.14579	0.158735	-0.202468	5.0811	0.813394	0.475993	6.34873	6.34873	0.0614089	0.0874425	0.339927	0.214503
-14.4507	10.3995	5.11409	0.0886463	-0.324439	-14.4088	10.222	-14.4766	10.5276	5.14919	0.148612	-0.196027	5.09243	0.762418	1.8964	6.34873	1.8964	0.0613554	0.0875488	0.339566	0.21475
-14.1906	10.4252	5.11805	0.0762184	-0.317093	-13.9005	10.5238	-14.2218	10.5645	5.15249	0.138811	-0.189554	5.10293	0.712926	1.8964	0.646655	0.646655	0.0613072	0.0876907	0.339207	0.215038
-13.9	10.564	5.18984	0.104449	-0.268335	-13.8049	10.9383	-13.9665	10.5989	5.15569	0.129333	-0.183051	5.11263	0.664944	8.79906	0.646655	8.79906	0.0613187	0.0876127	0.338855	0.214886
-13.6446	10.6257	5.18172	0.117314	-0.222646	-13.3956	10.7857	-13.7107	10.631	5.1588	0.120181	-0.176519	5.12159	0.618496	8.79906	2.35117	2.35117	0.0613294	0.0875206	0.338499	0.21466
-13.3861	10.6316	5.17674	0.097442	-0.23205	-13.3556	10.5517	-13.4545	10.6608	5.1618	0.111355	-0.169959	5.12983	0.573603	0.408277	2.35117	0.408277	0.0613452	0.0874387	0.338145	0.214458
-13.1241	10.657	5.18254	0.0856684	-0.233038	-12.9374	10.8137	-13.1979	10.6884	5.16471	0.102857	-0.163373	5.13741	0.530288	0.408277	0.256203	0.256203	0.061374	0.0873586	0.337791	0.214269
-12.8685	10.7512	5.19874	0.101689	-0.203456	-12.9591	11.0099	-12.9409	10.7138	5.16751	0.0946879	-0.156761	5.14436	0.48857	4.19358	0.256203	4.19358	0.0613994	0.0872837	0.337439	0.214052
-12.6057	10.8012	5.20468	0.104937	-0.183108	-12.2518	11.2495	-12.6836	10.7373	5.1702	0.0868499	-0.150124	5.15071	0.448467	4.19358	1.59169	1.59169	0.0614386	0.0872415	0.337088	0.213874
-12.3583	10.777	5.18045	0.0775173	-0.20256	-12.3713	10.6091	-12.426	10.7587	5.17278	0.0793437	-0.143463	5.15651	0.409997	1.64193	1.59169	1.64193	0.0614525	0.0871544	0.336736	0.213651
-12.0998	10.8165	5.17801	0.0818661	-0.177544	-11.9352	10.9161	-12.1681	10.7783	5.17526	0.0721706	-0.136779	5.16179	0.373177	1.64193	0.757409	0.757409	0.0614676	0.087081	0.336385	0.21344
-11.8501	10.8809	5.17975	0.0897047	-0.15991	-11.9451	11.0515	-11.91	10.7961	5.17763	0.0653316	-0.130074	5.16658	0.338022	2.06589	0.757409	2.06589	0.0614644	0.0870764	0.336036	0.213296
-11.5763	10.9007	5.19547	0.0807552	-0.160122	-10.9703	10.9676	-11.6516	10.8121	5.17988	0.0588279	-0.123349	5.17092	0.304546	2.06589	2.75145	2.75145	0.0614962	0.0870795	0.335687	0.213138
-11.338	10.9202	5.17374	0.073285	-0.1596	-11.4548	10.9407	-11.393	10.8265	5.18202	0.0526604	-0.116604	5.17484	0.272761	0.731432	2.75145	0.731432	0.0614835	0.0870936	0.33534	0.212972
-11.0749	10.8533	5.18798	0.00682541	-0.26007	-11.3472	10.5111	-11.1342	10.8394	5.18405	0.0468302	-0.10984	5.17836	0.242681	0.731432	9.70825	9.70825	0.0614791	0.0870058	0.334994	0.212961
-10.7883	10.8244	5.21109	-0.0175091	-0.27181	-10.6009	10.6823	-10.8753	10.8509	5.18596	0.0413382	-0.10306	5.18153	0.214317	2.87098	9.70825	2.87098	0.0615425	0.0869244	0.334651	0.213193
-10.5317	10.8209	5.20726	-0.0296518	-0.269809	-10.6563	10.8369	-10.6161	10.8609	5.18775	0.0361852	-0.0962627	5.18435	0.187679	2.87098	0.143574	0.143574	0.0615984	0.0868539	0.334308	0.213538
-10.2918	10.8196	5.18723	-0.0398622	-0.266548	-10.4142	10.8747	-10.3569	10.8697	5.18942	0.0313721	-0.0894504	5.18687	0.162776	0.930279	0.143574	0.930279	0.0616058	0.0867944	0.333964	0.213975
-10.0381	10.877	5.16805	-0.00672559	-0.18747	-9.90413	11.2255	-10.0976	10.8772	5.19097	0.0268996	-0.0826241	5.1891	0.139618	0.930279	6.65195	6.65195	0.0616015	0.0867054	0.333623	0.213901
-9.77974	10.9206	5.17552	0.00121455	-0.168894	-9.83445	11.1032	-9.83809	10.8837	5.19241	0.0227684	-0.0757847	5.19106	0.118212	1.99214	6.65195	1.99214	0.061595	0.0866328	0.333283	0.213742
-9.53922	10.9078	5.15185	-0.00929654	-0.167909	-10.195	10.3498	-9.57852	10.8891	5.19372	0.0189791	-0.0689333	5.19278	0.0985664	1.99214	4.08473	4.08473	0.0615578	0.0865485	0.332948	0.213626
-9.28086	10.9305	5.1567	-0.00802467	-0.157641	-9.3066	11.0348	-9.31887	10.8936	5.19491	0.0155325	-0.062071	5.19428	0.0806865	0.632455	4.08473	0.632455	0.061519	0.0864764	0.332613	0.21348
-9.02877	10.9155	5.14484	-0.0160438	-0.151688	-9.2226	10.3527	-9.05915	10.8972	5.19597	0.0124289	-0.0551989	5.19557	0.0645787	0.632455	2.76059	2.76059	0.0614717	0.0863924	0.332283	0.213366
-8.7686	10.9424	5.15257	-0.0118797	-0.1393	-8.78899	11.0707	-8.79937	10.9001	5.19691	0.00966898	-0.0483182	5.19667	0.050248	0.928756	2.76059	0.928756	0.0614249	0.0863258	0.331952	0.213209
-8.52063	10.905	5.13668	-0.0297611	-0.148781	-8.83914	10.0319	-8.53953	10.9023	5.19773	0.00725307	-0.0414297	5.19759	0.0376992	0.928756	6.56578	6.56578	0.0613686	0.0862385	0.331628	0.213165
-8.33075	10.836	5.05688	-0.0593996	-0.172039	-8.62045	10.6577	-8.27965	10.9039	5.19842	0.00518158	-0.0345348	5.19835	0.0269359	6.48144	6.56578	6.48144	0.0613496	0.0862053	0.331361	0.213457
-8.07514	10.852	5.05633	-0.0483968	-0.140159	-7.91543	11.1157	-8.01974	10.905	5.19899	0.00345484	-0.0276344	5.19896	0.0179617	6.48144	1.45571	1.45571	0.0613382	0.0861512	0.331094	0.213567
-7.7673	10.8815	5.12135	-0.039318	-0.123129	-7.51971	11.0005	-7.75979	10.9057	5.19943	0.00207312	-0.0207296	5.19942	0.0107791	4.18946	1.45571	4.18946	0.0612774	0.0860714	0.330782	0.213564
-7.50407	10.8833	5.12302	-0.0315778	-0.0953637	-7.25987	10.6458	-7.49981	10.9061	5.19975	0.00103664	-0.0138215	5.19975	0.00539029	4.18946	2.15849	2.15849	0.0612162	0.085991	0.330468	0.213481
-7.23512	10.8664	5.13649	-0.039258	-0.0984326	-7.15631	10.815	-7.23983	10.9063	5.19994	0.000345566	-0.00691132	5.19994	0.00179692	0.458017	2.15849	0.458017	0.0611552	0.0859234	0.330151	0.213461
