0.201778	0.385989	2.68215	0	0.201778	0.385989	0.359997	0.600041	-4.80025	0.0016588	0.158219	0.214052	7.4824	0.0016588	0	0	0
0.220385	0.679579	2.67833	0.0598846	0.218966	0.686146	0.119984	0.600207	-4.80057	0.00497648	0.132502	0.161428	7.48065	0.0388436	0.0917087	0.0917087	0
-0.0845213	0.879876	0.710601	2.17284	-0.0814087	0.49792	-0.120044	0.600581	-4.801	0.00995308	0.110114	0.208266	6.88714	1.24915	8.23359	0.0917087	8.23359
-0.176237	0.779665	0.220676	1.73916	-0.306645	0.557228	-0.360093	0.601244	-4.80155	0.0165887	0.132456	0.20122	6.47149	1.38278	5.68405	5.68405	8.23359
-0.65335	0.676954	-2.68554	1.21909	-0.423231	0.382203	-0.60017	0.602281	-4.80221	0.0248832	0.120836	0.183049	5.86517	1.34718	52.9906	5.68405	52.9906
-0.787251	0.702768	-2.73554	1.00606	-0.920801	0.498185	-0.840279	0.603774	-4.80296	0.0348368	0.112412	0.171918	5.42026	1.29214	2.96716	2.96716	52.9906
-0.992431	0.661139	-3.32803	1.6304	-0.999175	0.569138	-1.08042	0.605806	-4.8038	0.0464493	0.109258	0.160533	5.04909	1.33773	28.1282	2.96716	28.1282
-1.16591	0.717104	-3.49446	1.21383	-1.21709	0.564086	-1.32061	0.608459	-4.80472	0.0597206	0.115916	0.155	4.74565	1.31618	1.29896	1.29896	28.1282
-1.44173	0.689155	-3.98455	-0.0225216	-1.31575	0.565548	-1.56084	0.611818	-4.8057	0.0746505	0.116275	0.148392	4.48261	1.24133	9.2289	1.29896	9.2289
-1.61771	0.671479	-3.9078	-0.406828	-1.46626	0.627215	-1.80112	0.615965	-4.80673	0.0912385	0.124627	0.141867	4.26207	1.18811	1.25795	1.25795	9.2289
-1.86372	0.687352	-4.08036	-0.320789	-1.76309	0.586975	-2.04145	0.620982	-4.80778	0.109484	0.130352	0.136737	4.06964	1.14023	12.14	1.25795	12.14
-2.09431	0.681787	-4.11645	-0.55392	-2.28461	0.787442	-2.28182	0.626953	-4.80884	0.129387	0.136036	0.131869	3.9015	1.10936	2.43508	2.43508	12.14
-2.38879	0.593045	-4.23059	-1.11115	-2.50204	0.4664	-2.52225	0.63396	-4.80989	0.150946	0.13584	0.127203	3.75189	1.12185	15.8452	2.43508	15.8452
-2.61909	0.590192	-4.25868	-1.03687	-2.7473	0.847233	-2.76273	0.642086	-4.81089	0.174159	0.136411	0.123358	3.61842	1.12845	4.47496	4.47496	15.8452
-2.89079	0.641691	-4.39197	-0.55121	-3.65705	0.865703	-3.00325	0.651414	-4.81184	0.199026	0.134947	0.119202	3.4974	1.10727	11.5797	4.47496	11.5797
-3.1382	0.669969	-4.42956	-0.352432	-3.30883	0.881059	-3.24381	0.662026	-4.8127	0.225545	0.133303	0.115434	3.3877	1.0818	4.0499	4.0499	11.5797
-3.39073	0.642791	-4.48204	-0.438722	-3.47146	0.613185	-3.48441	0.674004	-4.81344	0.253712	0.131304	0.112243	3.28754	1.06285	2.35515	4.0499	2.35515
-3.63478	0.56376	-4.48977	-0.789954	-3.76347	0.400296	-3.72504	0.687432	-4.81403	0.283526	0.129366	0.112908	3.19583	1.06344	2.44642	2.44642	2.35515
-3.88196	0.644922	-4.53885	-0.265038	-3.79537	0.758312	-3.9657	0.702391	-4.81445	0.314984	0.127372	0.110685	3.11123	1.0436	5.78068	2.44642	5.78068
-4.15499	0.578594	-4.59633	-0.533012	-4.43196	0.438228	-4.20636	0.718963	-4.81465	0.348081	0.124677	0.112355	3.03285	1.03608	5.19073	5.19073	5.78068
-4.40083	0.586225	-4.62345	-0.41239	-4.35973	0.613548	-4.44703	0.73723	-4.81461	0.382812	0.12209	0.114492	2.96005	1.02589	1.87	5.19073	1.87
-4.64478	0.656132	-4.63121	-0.0847629	-4.72477	0.881914	-4.68769	0.757274	-4.81428	0.419174	0.119633	0.113919	2.89226	1.00805	3.51634	3.51634	1.87
-4.87563	0.739315	-4.61113	0.257332	-4.42669	0.850619	-4.92832	0.779176	-4.81363	0.45716	0.117518	0.111725	2.829	0.986769	7.06238	3.51634	7.06238
-5.13153	0.740348	-4.64292	0.241441	-5.28802	0.714213	-5.1689	0.803017	-4.81263	0.496763	0.115296	0.110118	2.76965	0.967398	1.3149	1.3149	7.06238
-5.39108	0.715516	-4.69103	0.143151	-5.47463	0.612257	-5.40943	0.828877	-4.81122	0.537976	0.113026	0.110249	2.7138	0.951136	4.04203	1.3149	4.04203
-5.61357	0.823702	-4.64358	0.493346	-5.5629	1.05194	-5.64986	0.856837	-4.80937	0.580791	0.11106	0.108304	2.6613	0.932823	3.47651	3.47651	4.04203
-5.8511	0.927934	-4.60087	0.781541	-6.29502	1.26514	-5.8902	0.886977	-4.80703	0.625197	0.109243	0.106571	2.61185	0.91588	5.51135	3.47651	5.51135
-6.05462	0.946328	-4.57819	0.775998	-5.88309	0.886	-6.1304	0.919375	-4.80415	0.671184	0.108226	0.104774	2.56514	0.899594	1.72441	1.72441	5.51135
-6.29455	0.97882	-4.59659	0.805235	-5.95255	0.944273	-6.37044	0.954111	-4.8007	0.718741	0.107274	0.103054	2.52081	0.884094	6.87268	1.72441	6.87268
-6.55737	0.974296	-4.63986	0.722907	-6.75307	0.884443	-6.61028	0.991262	-4.79662	0.767854	0.105912	0.10137	2.47861	0.869273	2.53791	2.53791	6.87268
-6.79474	1.00404	-4.64786	0.745652	-6.62052	0.961842	-6.84991	1.03091	-4.79187	0.818509	0.10466	0.0998379	2.43844	0.855238	1.8769	2.53791	1.8769
-7.03274	1.09818	-4.6214	0.937137	-7.10876	1.23352	-7.08928	1.07312	-4.78638	0.87069	0.103495	0.0983653	2.40021	0.84185	1.42822	1.42822	1.8769
-7.28283	1.09383	-4.65431	0.846776	-7.52937	0.8358	-7.32835	1.11798	-4.78012	0.92438	0.102223	0.0969546	2.36367	0.829107	2.74114	1.42822	2.74114
-7.52081	1.13984	-4.65036	0.895042	-7.56319	1.15044	-7.56709	1.16556	-4.77304	0.979561	0.10102	0.09562	2.32874	0.816952	0.0971584	0.0971584	2.74114
-7.74095	1.18313	-4.63615	0.933511	-7.25187	1.11533	-7.80545	1.21593	-4.76506	1.03621	0.100162	0.094407	2.29534	0.805384	3.10297	0.0971584	3.10297
-7.97747	1.21447	-4.63836	0.934715	-8.00209	1.17936	-8.04339	1.26918	-4.75615	1.09431	0.0993701	0.0935321	2.26332	0.794564	0.112997	0.112997	3.10297
-8.20515	1.32154	-4.60758	1.11841	-8.07459	1.74513	-8.28085	1.32536	-4.74625	1.15383	0.0988049	0.0922617	2.23264	0.783775	4.58385	0.112997	4.58385
-8.44197	1.35465	-4.61245	1.10816	-8.47207	1.30248	-8.51779	1.38455	-4.7353	1.21475	0.0982689	0.0911687	2.20316	0.773587	0.226214	0.226214	4.58385
-8.66808	1.40635	-4.58877	1.1462	-8.95167	1.35495	-8.75416	1.44681	-4.72324	1.27704	0.0979752	0.0902252	2.17483	0.763892	4.24856	0.226214	4.24856
-8.90215	1.49713	-4.5668	1.26413	-8.97275	1.58275	-8.98989	1.51223	-4.71002	1.34067	0.0977323	0.0891223	2.1476	0.75438	0.687317	0.687317	4.24856
-9.13195	1.52754	-4.58067	1.2294	-8.71353	1.22502	-9.22493	1.58085	-4.69558	1.40561	0.0976193	0.0884215	2.12132	0.745631	5.24665	0.687317	5.24665
-9.38957	1.54174	-4.6135	1.15572	-9.55672	1.45188	-9.45921	1.65276	-4.67987	1.47183	0.0970468	0.0890262	2.09594	0.738314	2.01055	2.01055	5.24665
-9.63299	1.55344	-4.64076	1.07883	-9.55852	1.10142	-9.69268	1.728	-4.66282	1.53929	0.0963427	0.0919236	2.07143	0.73305	4.10943	2.01055	4.10943
-9.89417	1.67197	-4.6333	1.24432	-10.1925	1.86579	-9.92526	1.80665	-4.64437	1.60795	0.0953568	0.0931137	2.04775	0.726742	6.56911	6.56911	4.10943
-10.1158	1.79739	-4.58727	1.423	-10.0357	2.49884	-10.1569	1.88875	-4.62448	1.67776	0.0944905	0.093075	2.02488	0.719625	5.70021	6.56911	5.70021
-10.3254	1.89128	-4.54588	1.52028	-10.2047	1.92272	-10.3875	1.97438	-4.60307	1.7487	0.0939056	0.0928696	2.00277	0.712556	0.823708	0.823708	5.70021
-10.5687	1.97278	-4.55559	1.56205	-10.746	2.16649	-10.6169	2.06357	-4.58009	1.82071	0.0931673	0.0928258	1.98135	0.705944	3.45429	0.823708	3.45429
-10.805	2.02739	-4.56086	1.55109	-10.8445	1.97723	-10.8452	2.15639	-4.55549	1.89375	0.0923738	0.093722	1.9606	0.7003	0.252088	0.252088	3.45429
-11.0293	2.12075	-4.54214	1.62195	-10.8211	2.33578	-11.0722	2.25288	-4.52921	1.96776	0.0916316	0.0946617	1.94049	0.694876	1.47386	0.252088	1.47386
-11.2233	2.27012	-4.45819	1.82033	-11.0683	2.3968	-11.2979	2.35309	-4.50118	2.04269	0.0913224	0.0944419	1.921	0.68861	2.38269	2.38269	1.47386
-11.4584	2.35319	-4.46244	1.8407	-11.6414	2.33697	-11.5221	2.45707	-4.47136	2.11849	0.0908614	0.0946361	1.90208	0.682935	1.01776	2.38269	1.01776
-11.6872	2.49054	-4.41967	1.98021	-11.81	2.61859	-11.7448	2.56486	-4.43968	2.1951	0.0903368	0.0942867	1.8837	0.676992	1.68602	1.68602	1.01776
-11.9281	2.59379	-4.43274	2.01332	-12.1673	2.93299	-11.9658	2.6765	-4.4061	2.27246	0.0896306	0.0940816	1.86585	0.671519	4.77067	1.68602	4.77067
-12.1609	2.72529	-4.40141	2.11977	-12.3079	2.82794	-12.1851	2.79202	-4.37055	2.35051	0.0888579	0.0936477	1.8485	0.666013	1.64362	1.64362	4.77067
-12.398	2.80766	-4.41704	2.10646	-12.6907	2.51318	-12.4026	2.91145	-4.333	2.42918	0.0880486	0.093842	1.83165	0.661364	1.77059	1.64362	1.77059
-12.6076	2.97372	-4.34202	2.28056	-12.6407	3.12177	-12.6182	3.03483	-4.29338	2.5084	0.0872703	0.0933582	1.81523	0.656139	1.40039	1.40039	1.77059
-12.8299	3.09411	-4.32584	2.33247	-12.8479	3.34065	-12.8317	3.16218	-4.25165	2.5881	0.0865018	0.0929739	1.79927	0.651239	0.994201	1.40039	0.994201
-13.0261	3.27655	-4.22804	2.52159	-13.0124	3.4261	-13.0431	3.29353	-4.20776	2.66821	0.0857817	0.0921958	1.78369	0.645887	1.44381	1.44381	0.994201
-13.2251	3.3961	-4.19001	2.56706	-12.7477	3.16125	-13.2522	3.42888	-4.16167	2.74865	0.0851246	0.0915107	1.76851	0.640826	3.22105	1.44381	3.22105
-13.4173	3.54576	-4.12049	2.67059	-13.3393	3.57168	-13.459	3.56827	-4.11333	2.82935	0.0845835	0.0907915	1.75371	0.635794	0.379395	0.379395	3.22105
-13.6387	3.69484	-4.10114	2.73681	-13.9985	4.35452	-13.6633	3.71169	-4.0627	2.91022	0.0839462	0.0900701	1.73929	0.630952	5.33492	0.379395	5.33492
-13.849	3.81621	-4.08289	2.75997	-13.8581	3.77748	-13.865	3.85915	-4.00974	2.99118	0.0832913	0.089507	1.72523	0.626531	0.101774	0.101774	5.33492
-14.0421	3.98261	-4.00874	2.87297	-13.9436	4.59359	-14.064	4.01066	-3.95441	3.07214	0.0826736	0.0888641	1.71149	0.622045	2.14491	0.101774	2.14491
-14.2369	4.14596	-3.94648	2.96596	-14.2501	4.19728	-14.2602	4.16622	-3.89669	3.15303	0.082077	0.0882035	1.69808	0.617609	0.164346	0.164346	2.14491
-14.4542	4.3012	-3.92464	3.0214	-15.1095	4.72468	-14.4535	4.32581	-3.83653	3.23373	0.0814432	0.0875756	1.68501	0.613406	6.64903	0.164346	6.64903
-14.6375	4.50064	-3.82627	3.16634	-14.6748	4.63724	-14.6436	4.48943	-3.77392	3.31417	0.0808274	0.0869206	1.6722	0.609013	1.15817	1.15817	6.64903
-14.8336	4.66092	-3.78594	3.22172	-14.98	4.78418	-14.8306	4.65706	-3.70883	3.39425	0.0802227	0.0862708	1.6597	0.604818	0.394846	1.15817	0.394846
-14.9906	4.84773	-3.67368	3.33839	-14.8394	4.85714	-15.0143	4.82869	-3.64123	3.47388	0.0796827	0.0856652	1.64746	0.600579	1.2368	1.2368	0.394846
-15.1693	5.01119	-3.6135	3.39608	-15.1197	4.75476	-15.1945	5.00428	-3.5711	3.55294	0.0791613	0.0850462	1.63549	0.596511	0.447052	1.2368	0.447052
-15.3524	5.21141	-3.53755	3.49913	-15.4595	5.33623	-15.3712	5.1838	-3.49844	3.63135	0.0786258	0.0845011	1.62377	0.592445	1.38312	1.38312	0.447052
-15.5069	5.41769	-3.39845	3.63367	-15.4323	6.03152	-15.5441	5.36723	-3.42323	3.70901	0.0781947	0.0841173	1.6123	0.588326	2.7017	1.38312	2.7017
-15.7181	5.55024	-3.4349	3.59621	-15.8636	5.46187	-15.7133	5.55452	-3.34546	3.78581	0.0776518	0.0835326	1.6011	0.584653	1.76604	1.76604	2.7017
-15.8857	5.71881	-3.37949	3.63734	-15.7856	5.16246	-15.8785	5.74562	-3.26513	3.86164	0.0771228	0.0830179	1.59015	0.581228	1.85142	1.76604	1.85142
-16.026	5.91855	-3.26423	3.73386	-15.899	5.91441	-16.0396	5.94048	-3.18223	3.9364	0.0766163	0.0824944	1.5794	0.577768	0.866043	0.866043	1.85142
-16.1836	6.10818	-3.16974	3.80928	-16.4427	5.87663	-16.1965	6.13906	-3.09679	4.00999	0.0761185	0.0820202	1.56885	0.574371	1.23778	0.866043	1.23778
-16.3205	6.34062	-3.03602	3.93326	-16.3132	6.46809	-16.3491	6.34128	-3.00879	4.08229	0.0756872	0.0814788	1.5585	0.570836	0.961715	0.961715	1.23778
-16.4561	6.52602	-2.92265	3.99691	-16.473	5.43254	-16.4972	6.54708	-2.91826	4.1532	0.0753397	0.0809836	1.54835	0.567396	6.06443	0.961715	6.06443
-16.6216	6.71591	-2.88473	4.02923	-16.7212	6.72454	-16.6407	6.75639	-2.82522	4.22261	0.0748863	0.0805932	1.53841	0.564173	0.535174	0.535174	6.06443
-16.7741	6.91982	-2.83023	4.0758	-16.8736	7.23338	-16.7795	6.96912	-2.72968	4.29042	0.0744133	0.0802734	1.52868	0.56111	0.82186	0.535174	0.82186
-16.9684	7.13166	-2.83625	4.10791	-17.312	7.32125	-16.9135	7.18521	-2.63167	4.3565	0.0742008	0.0799945	1.51927	0.558285	7.74278	7.74278	0.82186
-17.0828	7.35992	-2.67143	4.21575	-16.9134	7.89837	-17.0425	7.40456	-2.53122	4.42077	0.0738773	0.0796538	1.50994	0.555295	2.12131	7.74278	2.12131
-17.1809	7.61655	-2.49831	4.33654	-17.1166	7.75043	-17.1665	7.62707	-2.42838	4.4831	0.0734426	0.0791751	1.50072	0.552136	1.34145	1.34145	2.12131
-17.317	7.81782	-2.46361	4.3524	-17.3858	7.23331	-17.2852	7.85264	-2.32317	4.54339	0.073082	0.0787895	1.49174	0.5492	1.67684	1.34145	1.67684
-17.4415	8.00029	-2.40782	4.35819	-17.3617	7.8192	-17.3986	8.08118	-2.21565	4.60153	0.0727965	0.0788148	1.48298	0.546566	2.01842	2.01842	1.67684
-17.5422	8.23736	-2.26484	4.43872	-17.2143	9.0337	-17.5066	8.31257	-2.10586	4.65742	0.0724697	0.0787734	1.47433	0.543859	2.45137	2.01842	2.45137
-17.6847	8.45593	-2.23223	4.46558	-17.8436	8.51915	-17.6091	8.54669	-1.99386	4.71095	0.0725069	0.0789232	1.46596	0.541335	1.51177	1.51177	2.45137
-17.754	8.68566	-2.02434	4.54832	-17.5099	8.1616	-17.7059	8.78343	-1.87971	4.76202	0.0722734	0.0791653	1.45759	0.538703	4.21863	1.51177	4.21863
-17.8249	8.94968	-1.85231	4.63701	-17.7757	9.07777	-17.797	9.02267	-1.76348	4.81052	0.071923	0.0790978	1.44932	0.535952	1.10074	1.10074	4.21863
-17.8866	9.2043	-1.62587	4.72466	-17.8359	9.90657	-17.8822	9.26426	-1.64522	4.85637	0.0715193	0.0789085	1.44115	0.533116	3.90378	1.10074	3.90378
-17.8979	9.49546	-1.35122	4.82808	-17.7006	9.64203	-17.9614	9.50807	-1.52502	4.89946	0.071435	0.0784802	1.43324	0.530199	3.62507	3.62507	3.90378
-17.9568	9.74686	-1.19843	4.8733	-17.8028	10.3244	-18.0346	9.75398	-1.40296	4.9397	0.0715079	0.0780513	1.42551	0.527324	1.18347	3.62507	1.18347
-18.0403	9.97906	-1.12397	4.88963	-18.1418	9.9702	-18.1016	10.0018	-1.27911	4.97699	0.0714044	0.0776622	1.41783	0.524529	0.587395	0.587395	1.18347
-18.1196	10.207	-1.05402	4.89924	-19.0447	8.88465	-18.1624	10.2515	-1.15357	5.01125	0.0711581	0.0773811	1.41022	0.521831	7.17964	0.587395	7.17964
-18.1234	10.47	-0.834492	4.94378	-17.949	10.4783	-18.2169	10.5027	-1.02642	5.04239	0.0714324	0.0770423	1.40284	0.519147	1.71547	1.71547	7.17964
-18.2143	10.704	-0.892347	4.9354	-18.4785	10.383	-18.265	10.7555	-0.897764	5.07032	0.0712452	0.0768175	1.39544	0.516593	3.88413	1.71547	3.88413
-18.2658	10.9186	-0.805931	4.92756	-18.2427	10.7283	-18.3066	11.0095	-0.767697	5.09498	0.0709952	0.0769774	1.38816	0.514179	1.89819	1.89819	3.88413
-18.3032	11.1653	-0.672976	4.94722	-18.592	11.0156	-18.3417	11.2647	-0.636323	5.11627	0.0707366	0.0772423	1.38099	0.51181	0.67085	1.89819	0.67085
-18.2968	11.4742	-0.467819	5.01171	-18.2521	11.808	-18.3702	11.5209	-0.503751	5.13414	0.0707647	0.0769917	1.37393	0.509342	6.0245	6.0245	0.67085
-18.3382	11.7246	-0.408694	5.01963	-18.5573	11.765	-18.392	11.778	-0.370091	5.14852	0.0706139	0.0767898	1.36698	0.506929	0.765635	6.0245	0.765635
-18.3639	11.9745	-0.307008	5.02705	-18.3979	11.9824	-18.4072	12.0356	-0.235457	5.15934	0.0703935	0.0766486	1.36015	0.504561	0.0663505	0.0663505	0.765635
-18.4038	12.2207	-0.313367	5.02582	-18.2756	12.0095	-18.4156	12.2937	-0.099968	5.16654	0.0700541	0.0766133	1.35356	0.502252	2.70698	0.0663505	2.70698
-18.4359	12.481	-0.242558	5.03833	-18.5334	12.5747	-18.4171	12.552	0.0362564	5.17007	0.0697348	0.0765606	1.34719	0.499955	0.933285	0.933285	2.70698
-18.4469	12.7403	-0.141132	5.04815	-18.1665	13.4543	-18.4119	12.8105	0.173093	5.16989	0.069481	0.0765011	1.341	0.497666	1.62255	0.933285	1.62255
-18.4531	13.0121	-0.0384528	5.06519	-18.4912	13.149	-18.3998	13.0688	0.310414	5.16594	0.0693435	0.0763354	1.33497	0.495366	1.01928	1.01928	1.62255
-18.428	13.258	0.174184	5.0552	-18.9473	12.4856	-18.3809	13.3269	0.448093	5.1582	0.0691652	0.0762684	1.32887	0.493104	3.64659	1.01928	3.64659
-18.3784	13.5394	0.362378	5.06696	-18.2622	13.6861	-18.355	13.5845	0.585998	5.14663	0.0688755	0.0760341	1.32276	0.490834	1.94152	1.94152	3.64659
-18.3685	13.8035	0.454802	5.06835	-18.1306	14.7596	-18.3223	13.8414	0.723997	5.1312	0.0686985	0.0757665	1.31683	0.488573	3.54816	1.94152	3.54816
-18.3256	14.0682	0.602796	5.0623	-18.2698	14.1282	-18.2826	14.0974	0.861956	5.11189	0.068505	0.0754673	1.31095	0.486329	0.37271	0.37271	3.54816
-18.2847	14.3266	0.776708	5.04355	-18.3678	14.848	-18.2361	14.3524	0.999739	5.08868	0.0683491	0.0751609	1.3051	0.484112	2.671	0.37271	2.671
-18.2312	14.5694	0.919628	5.01308	-18.1737	14.4943	-18.1827	14.6061	1.13721	5.06157	0.0681948	0.0749003	1.29932	0.481929	0.456542	0.456542	2.671
-18.1562	14.8228	1.1667	4.96675	-18.1394	15.4391	-18.1224	14.8584	1.27423	5.03055	0.0679629	0.0746387	1.29349	0.479791	4.45193	0.456542	4.45193
-18.0742	15.0881	1.33594	4.94015	-18.0078	15.1957	-18.0553	15.1091	1.41067	4.99562	0.0676822	0.0743313	1.28773	0.477673	0.856375	0.856375	4.45193
-18.0207	15.3422	1.39086	4.92871	-17.4962	15.9091	-17.9814	15.3578	1.54638	4.95679	0.0674835	0.0740162	1.2821	0.475562	2.10591	0.856375	2.10591
-17.9391	15.5894	1.53175	4.8894	-17.9036	15.5953	-17.9007	15.6046	1.68122	4.91408	0.0672829	0.0737047	1.27654	0.473478	0.0721222	0.0721222	2.10591
-17.8645	15.8269	1.60771	4.85855	-17.8307	15.1843	-17.8133	15.8491	1.81507	4.8675	0.0671599	0.0734128	1.27112	0.471415	3.33764	0.0721222	3.33764
-17.7681	16.0655	1.74935	4.80909	-17.7118	16.0351	-17.7192	16.0912	1.94777	4.81708	0.0670236	0.0731347	1.26577	0.46938	0.218822	0.218822	3.33764
-17.7379	16.3174	1.67022	4.83332	-18.7022	15.56	-17.6185	16.3307	2.0792	4.76286	0.0676438	0.0728319	1.26091	0.467415	7.20971	0.218822	7.20971
-17.585	16.5602	1.88388	4.77005	-17.3057	16.5441	-17.5113	16.5674	2.20923	4.70486	0.0676972	0.0725257	1.25592	0.465469	4.30683	4.30683	7.20971
-17.4357	16.7736	2.16513	4.64383	-17.2848	16.3539	-17.3977	16.8011	2.33771	4.64314	0.067502	0.0722644	1.25073	0.463509	5.22947	4.30683	5.22947
-17.327	17.0139	2.27764	4.5971	-17.3409	17.0829	-17.2776	17.0316	2.46452	4.57774	0.0673714	0.0719808	1.24562	0.461577	0.25142	0.25142	5.22947
-17.1712	17.2263	2.55705	4.44946	-17.3363	17.2838	-17.1512	17.2588	2.58952	4.50871	0.0671172	0.0717437	1.24047	0.459697	4.61221	0.25142	4.61221
-17.0404	17.4784	2.67837	4.40455	-17.0467	17.6995	-17.0187	17.4824	2.71259	4.43613	0.0668705	0.07145	1.23538	0.457818	2.48573	2.48573	4.61221
-16.8813	17.683	2.86473	4.28318	-16.7259	17.405	-16.88	17.7023	2.83361	4.36005	0.0665982	0.0711801	1.23035	0.456006	1.44439	2.48573	1.44439
-16.7486	17.9032	2.96937	4.21328	-16.8092	17.9605	-16.7354	17.9184	2.95245	4.28054	0.0663397	0.0709057	1.22538	0.454204	0.367111	0.367111	1.44439
-16.5933	18.1096	3.08819	4.12627	-16.294	18.1023	-16.5848	18.1303	3.069	4.19769	0.0660781	0.0706457	1.22047	0.452428	0.626867	0.367111	0.626867
-16.4135	18.2786	3.24795	3.98076	-16.3146	18.044	-16.4285	18.3381	3.18313	4.11157	0.065829	0.070564	1.21563	0.45078	3.34386	3.34386	0.626867
-16.2699	18.486	3.29245	3.93958	-16.6234	18.1814	-16.2665	18.5415	3.29475	4.02228	0.06557	0.0704579	1.21083	0.449062	1.35259	3.34386	1.35259
-16.0976	18.6859	3.40797	3.84757	-16.0729	18.7231	-16.0991	18.7403	3.40374	3.9299	0.0653135	0.0703465	1.2061	0.447363	0.102972	0.102972	1.35259
-15.9175	18.8741	3.53377	3.73572	-15.5341	19.1726	-15.9262	18.9344	3.50999	3.83452	0.0650643	0.0702738	1.20141	0.445711	0.480587	0.102972	0.480587
-15.7358	19.0878	3.6343	3.66656	-15.7147	19.2819	-15.7481	19.1237	3.61342	3.73626	0.0648226	0.0700738	1.19679	0.444035	1.95154	1.95154	0.480587
-15.5485	19.2638	3.75971	3.53765	-15.8172	19.1796	-15.5649	19.308	3.71392	3.63521	0.0645905	0.0699124	1.19222	0.442419	0.449826	1.95154	0.449826
-15.3695	19.4625	3.83981	3.46567	-15.4174	19.6167	-15.3767	19.4872	3.8114	3.53148	0.0643485	0.0696801	1.18769	0.440778	1.35145	1.35145	0.449826
-15.1638	19.6222	3.98205	3.30337	-15.1705	19.6712	-15.1838	19.6612	3.90579	3.42518	0.0641295	0.0694999	1.18324	0.439245	0.606602	1.35145	0.606602
-14.957	19.8145	4.07696	3.21914	-14.9167	20.0068	-14.9862	19.8297	3.99699	3.31643	0.0639395	0.0692525	1.17884	0.437683	1.9832	1.9832	0.606602
-14.768	19.976	4.1535	3.1093	-16.2753	19.2089	-14.7841	19.9928	4.08495	3.20535	0.0637172	0.0690106	1.17448	0.436137	6.22229	1.9832	6.22229
-14.5926	20.1271	4.20511	3.00642	-14.7756	20.1032	-14.5777	20.1503	4.16958	3.09206	0.0634955	0.0687853	1.17015	0.434593	1.79448	1.79448	6.22229
-14.3899	20.2783	4.24997	2.93198	-14.8586	19.6043	-14.3671	20.302	4.25082	2.97668	0.0632934	0.0685636	1.16588	0.433021	2.6772	1.79448	2.6772
-14.1595	20.4324	4.34432	2.81755	-14.0673	20.5034	-14.1526	20.448	4.32862	2.85933	0.0630664	0.0683277	1.16164	0.431464	0.700716	0.700716	2.6772
-13.9328	20.56	4.43942	2.66512	-13.8455	20.4367	-13.9342	20.588	4.40292	2.74015	0.0628392	0.0681228	1.15746	0.429956	0.345755	0.700716	0.345755
-13.7301	20.7043	4.48837	2.57162	-13.8405	20.7784	-13.7123	20.722	4.47367	2.61927	0.0626325	0.0678956	1.15332	0.428437	0.935853	0.935853	0.345755
-13.5005	20.8228	4.57291	2.41797	-13.606	20.7507	-13.4868	20.8499	4.54085	2.49681	0.0624207	0.0676927	1.14923	0.426966	0.143584	0.935853	0.143584
-13.2621	20.9448	4.64711	2.2883	-13.2142	20.9737	-13.2582	20.9717	4.6044	2.37291	0.0622014	0.0674918	1.14518	0.42552	0.162263	0.162263	0.143584
-13.0215	21.057	4.7087	2.1675	-12.0825	21.3646	-13.0264	21.0872	4.6643	2.2477	0.0619848	0.0673028	1.14117	0.424082	2.32616	0.162263	2.32616
-12.7756	21.1886	4.77203	2.06998	-12.7118	21.3432	-12.7917	21.1965	4.72053	2.12131	0.0617838	0.067072	1.13721	0.422629	1.45221	1.45221	2.32616
-12.5469	21.3077	4.79107	2.01871	-12.6946	21.2291	-12.5543	21.2994	4.77306	1.99388	0.0615734	0.0668439	1.13329	0.421174	0.990977	1.45221	0.990977
-12.2871	21.4241	4.85657	1.91264	-12.1679	21.5349	-12.3143	21.3959	4.8219	1.86555	0.0614034	0.0666554	1.1294	0.419747	1.37027	1.37027	0.990977
-12.0301	21.5013	4.92587	1.73822	-11.2552	21.6205	-12.072	21.486	4.86702	1.73644	0.0612916	0.0664404	1.12556	0.418317	1.96813	1.37027	1.96813
-11.8121	21.6128	4.94142	1.66546	-11.9786	21.7567	-11.8276	21.5696	4.90844	1.60668	0.0610975	0.0663109	1.12176	0.416929	2.54742	2.54742	1.96813
-11.563	21.695	4.98119	1.5461	-11.3033	21.7891	-11.5811	21.6467	4.94615	1.47643	0.0609102	0.0662065	1.11799	0.415567	0.172793	2.54742	0.172793
-11.2899	21.7372	5.04157	1.35449	-11.1569	21.5707	-11.3329	21.7173	4.98017	1.34579	0.0608085	0.0660054	1.11427	0.41418	2.39062	2.39062	0.172793
-11.0461	21.8144	5.05934	1.27049	-11.6156	21.6417	-11.083	21.7813	5.01051	1.21491	0.0606811	0.0658416	1.11058	0.412831	1.02658	2.39062	1.02658
-10.796	21.8386	5.08801	1.0828	-10.8239	21.6462	-10.8317	21.8388	5.03719	1.08391	0.0605503	0.0656247	1.10693	0.411471	1.99219	1.99219	1.02658
-10.5355	21.8818	5.1278	0.901153	-10.0557	22.2319	-10.5792	21.8898	5.06025	0.952912	0.0604557	0.0654131	1.10332	0.410145	1.20356	1.99219	1.20356
-10.2679	21.9185	5.15871	0.749296	-10.2017	21.894	-10.3256	21.9341	5.07971	0.822051	0.0604381	0.0652125	1.09975	0.408854	0.258302	0.258302	1.20356
-10.0028	21.9328	5.1824	0.565309	-9.88122	21.5481	-10.0711	21.972	5.09561	0.691445	0.060492	0.0650781	1.09622	0.407659	1.89541	0.258302	1.89541
-9.74714	21.9598	5.19352	0.426317	-9.77038	21.9721	-9.81592	22.0033	5.10799	0.561215	0.0605488	0.0649627	1.09272	0.406493	0.0358487	0.0358487	1.89541
-9.48482	21.9659	5.20642	0.240986	-9.48221	21.8931	-9.56019	22.0282	5.11691	0.431476	0.0606547	0.064946	1.08926	0.405482	0.217909	0.0358487	0.217909
-9.24903	22.0047	5.19757	0.152147	-9.41029	22.1647	-9.3041	22.0465	5.1224	0.302344	0.0606209	0.0648253	1.08582	0.404373	2.68558	2.68558	0.217909
-8.98761	21.9966	5.20026	-0.0325381	-9.05214	21.8671	-9.04782	22.0584	5.12453	0.17393	0.0606184	0.0648068	1.08242	0.403432	0.260069	2.68558	0.260069
-8.71731	22.0111	5.20973	-0.149233	-8.65675	22.1083	-8.79151	22.0639	5.12336	0.046341	0.0607126	0.0647386	1.07905	0.402466	0.696785	0.696785	0.260069
-8.45953	21.9896	5.20101	-0.384123	-8.60582	22.4381	-8.53534	22.0631	5.11895	-0.0803171	0.060818	0.0647964	1.07572	0.401928	4.29842	0.696785	4.29842
-8.18575	21.9948	5.20651	-0.494003	-8.108	22.1304	-8.27947	22.0559	5.11137	-0.205944	0.0610755	0.0647741	1.07242	0.401325	1.30511	1.30511	4.29842
-7.92242	21.9861	5.19883	-0.606676	-7.07631	22.599	-8.02405	22.0425	5.10068	-0.330441	0.061406	0.0647259	1.06915	0.400676	3.16788	1.30511	3.16788
-7.6738	21.9804	5.1802	-0.706516	-7.76	22.1292	-7.76924	22.0229	5.08697	-0.453715	0.0616704	0.0646133	1.06591	0.39994	1.54243	1.54243	3.16788
-7.4192	21.9268	5.14585	-0.933509	-7.67843	22.0828	-7.51519	21.9971	5.07031	-0.575677	0.0619357	0.0646495	1.06269	0.399698	1.77127	1.54243	1.77127
-7.17569	21.8947	5.11271	-1.05533	-7.2723	21.9974	-7.26204	21.9653	5.05078	-0.696241	0.0621116	0.0646867	1.0595	0.399466	1.02294	1.02294	1.77127
-6.9171	21.846	5.08677	-1.18283	-6.434	22.0079	-7.00994	21.9275	5.02847	-0.815324	0.0623407	0.0648007	1.05633	0.399282	0.612456	1.02294	0.612456
-6.70406	21.7837	5.01728	-1.33063	-6.96025	21.824	-6.75902	21.8838	5.00346	-0.932849	0.0622993	0.0650671	1.05318	0.399273	3.44856	3.44856	0.612456
-6.45896	21.7535	5.0033	-1.32867	-7.61343	21.5459	-6.50942	21.8342	4.97584	-1.04874	0.0622359	0.0651708	1.05006	0.398672	6.08454	3.44856	6.08454
-6.25372	21.691	4.9323	-1.45305	-6.53769	21.7748	-6.26126	21.7789	4.94569	-1.16294	0.0620553	0.0653274	1.04697	0.39812	4.47662	4.47662	6.08454
-5.99735	21.636	4.92698	-1.46005	-5.6148	21.2147	-6.01466	21.7179	4.91312	-1.27537	0.0618877	0.0654368	1.04391	0.397206	6.46897	4.47662	6.46897
-5.76391	21.5804	4.88906	-1.54671	-5.86181	21.6984	-5.76976	21.6513	4.87822	-1.38597	0.0617092	0.0654701	1.04087	0.396239	1.20355	1.20355	6.46897
-5.52692	21.5031	4.83904	-1.69162	-5.92345	21.8491	-5.52665	21.5793	4.84107	-1.49469	0.0615306	0.0655372	1.03785	0.395376	2.76566	1.20355	2.76566
-5.27456	21.4462	4.82111	-1.75877	-5.2419	21.5904	-5.28546	21.5018	4.80178	-1.60148	0.0613591	0.0654842	1.03487	0.394418	1.18446	1.18446	2.76566
-5.01759	21.3715	4.80604	-1.82491	-3.33441	21.6774	-5.04628	21.4191	4.76045	-1.70628	0.0612219	0.0653958	1.03191	0.393392	7.0343	1.18446	7.0343
-4.78632	21.3146	4.77407	-1.87611	-4.88396	21.5199	-4.80922	21.3312	4.71717	-1.80906	0.0610722	0.0652217	1.02899	0.392305	2.66845	2.66845	7.0343
-4.54585	21.2372	4.76402	-1.87673	-5.29911	20.7449	-4.57436	21.2382	4.67204	-1.90978	0.0609371	0.0650372	1.0261	0.391203	5.26981	2.66845	5.26981
-4.2759	21.2334	4.79912	-1.81251	-4.20854	21.6781	-4.34181	21.1401	4.62517	-2.0084	0.0609662	0.0652304	1.0233	0.390379	10.914	10.914	5.26981
-4.02492	21.1604	4.7908	-1.84434	-3.1589	21.4431	-4.11165	21.0373	4.57664	-2.10489	0.0611402	0.0656954	1.02056	0.389774	2.38982	10.914	2.38982
-3.84276	21.0291	4.68715	-2.00283	-4.1265	20.9097	-3.88395	20.9296	4.52656	-2.19922	0.0610474	0.0659307	1.01779	0.388965	5.11924	5.11924	2.38982
-3.62242	20.8884	4.58831	-2.23325	-3.56887	20.8741	-3.65879	20.8173	4.47504	-2.29137	0.0609385	0.0659605	1.01501	0.387913	2.85955	5.11924	2.85955
-3.39743	20.7366	4.51385	-2.39261	-3.36091	20.5346	-3.43624	20.7004	4.42216	-2.38133	0.0608389	0.0658336	1.01224	0.386847	2.20634	2.20634	2.85955
-3.17706	20.623	4.46866	-2.46163	-3.91178	20.5601	-3.21637	20.5791	4.36803	-2.46907	0.060742	0.0657336	1.0095	0.385789	1.59583	2.20634	1.59583
-2.93856	20.5051	4.4357	-2.54202	-2.85438	20.5218	-2.99923	20.4534	4.31275	-2.5546	0.0607416	0.0656655	1.00679	0.38474	0.394781	0.394781	1.59583
-2.6955	20.3941	4.43583	-2.55598	-1.29645	20.3141	-2.78489	20.3235	4.2564	-2.63789	0.0609327	0.0656932	1.00415	0.383746	6.7443	0.394781	6.7443
-2.50215	20.2448	4.3445	-2.68013	-2.62511	20.1777	-2.57339	20.1895	4.1991	-2.71895	0.0609927	0.0656418	1.00151	0.382724	1.07786	1.07786	6.7443
-2.28793	20.1025	4.271	-2.80248	-1.97724	20.2519	-2.36478	20.0515	4.14093	-2.79777	0.0610884	0.0655723	0.998872	0.3817	0.775836	1.07786	0.775836
-2.09747	19.9118	4.15428	-2.97077	-2.13855	19.6683	-2.1591	19.9097	4.082	-2.87437	0.0610914	0.0653979	0.996226	0.380748	3.27434	3.27434	0.775836
-1.90006	19.7397	4.05348	-3.11135	-2.05241	19.4221	-1.95638	19.764	4.02238	-2.94874	0.0610671	0.0652487	0.99359	0.379924	1.32439	3.27434	1.32439
-1.69318	19.5772	3.98478	-3.20837	-1.65223	19.5396	-1.75666	19.6147	3.96217	-3.02089	0.06108	0.0651334	0.990973	0.379166	0.156455	0.156455	1.32439
-1.49599	19.3961	3.87795	-3.35278	-0.738775	19.2577	-1.55997	19.4618	3.90147	-3.09085	0.0610956	0.0651363	0.988377	0.378647	2.57106	0.156455	2.57106
-1.30845	19.2424	3.80399	-3.42322	-1.35851	19.3467	-1.36632	19.3055	3.84036	-3.15861	0.0610792	0.0651258	0.985803	0.378142	0.678755	0.678755	2.57106
-1.12143	19.0606	3.71349	-3.52498	-1.01545	18.8516	-1.17574	19.1458	3.77892	-3.22421	0.0610461	0.0652458	0.983257	0.377782	0.559221	0.678755	0.559221
-0.963564	18.878	3.59168	-3.62706	-1.08512	18.8972	-0.988236	18.9829	3.71725	-3.28766	0.0609143	0.065512	0.980761	0.377594	0.80759	0.80759	0.559221
-0.762069	18.7206	3.59323	-3.62052	-0.297213	18.675	-0.803824	18.8169	3.65542	-3.34899	0.0608315	0.0657063	0.978253	0.377127	2.80104	0.80759	2.80104
-0.585583	18.5737	3.53854	-3.65136	-0.656428	18.8029	-0.622508	18.6479	3.59351	-3.40821	0.0607334	0.0657523	0.975762	0.376564	2.92659	2.92659	2.80104
-0.40968	18.3895	3.46867	-3.71619	-0.507529	18.2624	-0.444288	18.476	3.53161	-3.46536	0.0606292	0.0658743	0.973293	0.376032	0.297916	2.92659	0.297916
-0.280988	18.1968	3.32536	-3.81215	-0.472563	18.2416	-0.269164	18.3013	3.46979	-3.52047	0.0604817	0.0661259	0.970886	0.375654	2.07302	2.07302	0.297916
-0.121511	18.0079	3.23138	-3.88786	-0.402717	18.2	-0.0971295	18.1238	3.40813	-3.57357	0.0603543	0.0664695	0.968525	0.37537	0.7355	2.07302	0.7355
0.0546179	17.8342	3.18565	-3.92464	0.0904022	17.9513	0.0718255	17.9438	3.34669	-3.6247	0.0602156	0.0667544	0.966168	0.375031	0.809315	0.809315	0.7355
0.246939	17.6638	3.22551	-3.88628	0.752102	17.4652	0.237714	17.7612	3.28556	-3.67388	0.0600691	0.0669414	0.963771	0.374397	4.85997	0.809315	4.85997
0.427357	17.4877	3.19702	-3.91297	0.484895	17.5811	0.400552	17.5762	3.22479	-3.72115	0.0599499	0.0670651	0.961384	0.373713	0.669827	0.669827	4.85997
0.642001	17.344	3.29	-3.83013	1.8428	17.8251	0.560361	17.389	3.16445	-3.76656	0.060076	0.0669743	0.959054	0.372818	11.1594	0.669827	11.1594
0.752919	17.1341	3.14298	-3.92483	0.558563	17.1082	0.717162	17.1994	3.10461	-3.81013	0.0599808	0.0669663	0.956704	0.371989	2.17791	2.17791	11.1594
0.911286	16.9439	3.09624	-3.95713	0.759535	17.0392	0.870984	17.0078	3.04533	-3.85192	0.0599005	0.0669518	0.954374	0.371154	0.249001	2.17791	0.249001
1.02439	16.7519	2.97806	-4.01389	0.841759	16.8684	1.02185	16.8141	2.98666	-3.89195	0.0597552	0.0669296	0.952055	0.370349	2.44655	2.44655	0.249001
1.16784	16.5504	2.8835	-4.08499	1.37472	16.8477	1.16981	16.6185	2.92867	-3.93028	0.0596108	0.0669354	0.949758	0.36961	1.77949	2.44655	1.77949
1.26519	16.329	2.73205	-4.16905	1.10394	16.291	1.31487	16.4209	2.87142	-3.96695	0.0595671	0.0670778	0.947521	0.368987	1.56911	1.56911	1.77949
1.40443	16.1265	2.67427	-4.20318	1.38463	16.2359	1.4571	16.2216	2.81494	-4.00199	0.059536	0.0672399	0.945302	0.368366	0.177718	1.56911	0.177718
1.59285	15.9275	2.69803	-4.21529	1.8035	15.923	1.59651	16.0206	2.7593	-4.03546	0.0593946	0.0673868	0.943058	0.367697	2.50123	2.50123	0.177718
1.71604	15.7224	2.6356	-4.23978	0.827112	15.8045	1.73317	15.8179	2.70454	-4.06739	0.0592654	0.0675478	0.940833	0.367017	3.94946	2.50123	3.94946
1.76083	15.5018	2.42286	-4.32003	1.43418	15.5774	1.86711	15.6137	2.65071	-4.09783	0.0595743	0.0678251	0.938741	0.366468	6.20703	6.20703	3.94946
1.91731	15.3171	2.45433	-4.29575	2.50862	15.7505	1.99838	15.408	2.59786	-4.12682	0.0596933	0.067952	0.936587	0.36579	5.09203	6.20703	5.09203
2.03453	15.1064	2.38241	-4.33056	2.01311	15.1473	2.12703	15.2009	2.54602	-4.15442	0.0598884	0.0681004	0.934463	0.365133	0.107235	0.107235	5.09203
2.15073	14.8901	2.29173	-4.38199	2.37797	15.114	2.25311	14.9924	2.49524	-4.18065	0.0601556	0.0682992	0.932391	0.364542	1.27811	0.107235	1.27811
2.29023	14.6677	2.26311	-4.41293	2.39489	14.6113	2.37668	14.7827	2.44555	-4.20557	0.0603038	0.0685887	0.930313	0.36397	0.759307	0.759307	1.27811
2.39181	14.4389	2.17316	-4.45763	2.13497	14.2461	2.49779	14.5718	2.397	-4.22922	0.0605932	0.0690231	0.928291	0.363462	0.894653	0.759307	0.894653
2.55759	14.2544	2.22766	-4.43238	2.72365	14.4703	2.6165	14.3597	2.34961	-4.25165	0.0605856	0.0692328	0.926196	0.362833	4.10774	4.10774	0.894653
2.67154	14.0308	2.14554	-4.48025	3.16438	14.1304	2.73287	14.1465	2.30343	-4.27288	0.060589	0.0695156	0.924141	0.362275	2.05934	4.10774	2.05934
2.78537	13.8099	2.09365	-4.50604	2.81109	13.828	2.84695	13.9322	2.25847	-4.29298	0.0605936	0.0698457	0.922105	0.361736	0.0564834	0.0564834	2.05934
2.88017	13.5746	2.01066	-4.54575	2.70333	13.2741	2.95882	13.717	2.21478	-4.31197	0.0606874	0.070343	0.920119	0.361259	1.3543	0.0564834	1.3543
2.94249	13.3515	1.87849	-4.58192	2.8064	13.4294	3.06854	13.5009	2.17238	-4.32991	0.0611387	0.0708971	0.918256	0.360841	1.32961	1.32961	1.3543
3.05126	13.1461	1.8984	-4.55417	2.58903	13.4515	3.17617	13.2839	2.13129	-4.34682	0.0615722	0.0713372	0.916328	0.360299	4.21913	1.32961	4.21913
3.18807	12.9454	1.92824	-4.54041	3.31266	13.1104	3.28177	13.0661	2.09154	-4.36275	0.0617528	0.0716333	0.914345	0.35969	2.34244	2.34244	4.21913
3.32057	12.7244	2.00012	-4.51038	3.50416	12.2406	3.38542	12.8475	2.05316	-4.37774	0.0617669	0.0719438	0.912318	0.358999	5.36852	2.34244	5.36852
3.4029	12.5501	1.94869	-4.48721	3.29401	12.964	3.48718	12.6282	2.01617	-4.39182	0.0618846	0.0719722	0.910308	0.35826	9.16883	9.16883	5.36852
3.52774	12.339	1.97817	-4.47327	3.88839	12.4809	3.58713	12.4083	1.98058	-4.40503	0.0618738	0.0719605	0.908301	0.357498	1.59972	9.16883	1.59972
3.64153	12.1238	1.96987	-4.47712	3.69076	12.1757	3.68533	12.1876	1.94641	-4.41741	0.0618061	0.0719268	0.906308	0.356736	0.282454	0.282454	1.59972
3.74055	11.9069	1.96332	-4.47123	3.3772	11.9578	3.78186	11.9664	1.9137	-4.42898	0.0617314	0.0718772	0.904333	0.355967	1.48305	0.282454	1.48305
3.86388	11.6938	1.97911	-4.46707	3.95029	11.7531	3.87678	11.7446	1.88244	-4.43979	0.0616029	0.071799	0.902387	0.355197	0.616592	0.616592	1.48305
3.95054	11.4766	1.90839	-4.49099	3.85773	11.9001	3.97018	11.5223	1.85266	-4.44986	0.061483	0.0717066	0.90044	0.354437	2.22279	0.616592	2.22279
4.04183	11.2304	1.85641	-4.52771	4.04721	11.0677	4.06213	11.2996	1.82437	-4.45922	0.0613648	0.0716961	0.898499	0.353701	1.3318	1.3318	2.22279
4.17248	11.0257	1.922	-4.49619	4.60651	11.3932	4.1527	11.0763	1.79758	-4.4679	0.0612467	0.0716188	0.896606	0.352946	3.98233	1.3318	3.98233
4.24828	10.8332	1.87218	-4.48455	4.14933	11.0963	4.24196	10.8527	1.77231	-4.47593	0.0611171	0.071477	0.894712	0.352192	3.97719	3.97719	3.98233
4.33064	10.613	1.81932	-4.49955	4.1326	10.843	4.33	10.6287	1.74858	-4.48333	0.0609869	0.0713321	0.892818	0.351443	0.87053	3.97719	0.87053
4.42257	10.4002	1.79591	-4.50025	4.42111	10.4937	4.41689	10.4043	1.72638	-4.49013	0.0608587	0.0711813	0.890936	0.350698	0.439517	0.439517	0.87053
4.52524	10.1782	1.79341	-4.50391	4.75659	10.1975	4.50271	10.1796	1.70573	-4.49636	0.0607478	0.0710311	0.889073	0.349958	0.544868	0.439517	0.544868
4.5884	9.95557	1.7197	-4.52042	4.48366	9.99235	4.58753	9.95461	1.68663	-4.50203	0.0606201	0.0708817	0.887206	0.349224	0.671662	0.671662	0.544868
4.67798	9.73819	1.67684	-4.534	4.96096	10.1488	4.67143	9.72935	1.66911	-4.50715	0.0604946	0.0707356	0.885348	0.348497	3.11142	0.671662	3.11142
4.7436	9.53473	1.62245	-4.5293	4.65898	9.72335	4.7545	9.50385	1.65315	-4.51176	0.0603725	0.0706162	0.883504	0.347772	2.1606	2.1606	3.11142
4.8302	9.34476	1.64109	-4.49411	4.47989	10.361	4.83681	9.27814	1.63878	-4.51587	0.0602487	0.0706001	0.881669	0.347053	12.6614	2.1606	12.6614
4.85528	9.10019	1.50472	-4.53549	4.63217	8.98022	4.91844	9.05223	1.62599	-4.51949	0.060261	0.0705215	0.87988	0.346336	3.5147	3.5147	12.6614
4.93542	8.86323	1.47499	-4.55512	5.06495	8.52665	4.99946	8.82616	1.61479	-4.52264	0.060277	0.0704164	0.878113	0.345629	1.4875	3.5147	1.4875
5.01722	8.62786	1.45238	-4.57138	5.05882	8.56623	5.07997	8.59994	1.60519	-4.52532	0.0602873	0.0702947	0.876367	0.344933	0.282852	0.282852	1.4875
5.13373	8.40661	1.55675	-4.54167	5.36813	8.24251	5.16003	8.37361	1.59718	-4.52755	0.0601876	0.0701827	0.87458	0.344229	2.85428	0.282852	2.85428
5.20489	8.16151	1.51554	-4.56731	5.18715	8.02727	5.23973	8.14717	1.59078	-4.52933	0.0601062	0.0700459	0.872814	0.343538	0.926963	0.926963	2.85428
5.31366	7.93176	1.59115	-4.55093	5.49333	7.6344	5.31916	7.92067	1.58598	-4.53068	0.0599854	0.0699075	0.871045	0.342844	2.43173	0.926963	2.43173
5.37979	7.69843	1.5494	-4.56521	5.32495	7.66023	5.39838	7.6941	1.58279	-4.5316	0.059876	0.069767	0.86929	0.342159	0.239993	0.239993	2.43173
5.49025	7.47095	1.62342	-4.54808	5.74756	7.30442	5.47748	7.46751	1.5812	-4.53209	0.0597611	0.0696271	0.867547	0.341472	1.85982	0.239993	1.85982
5.52923	7.23336	1.53577	-4.57161	5.34165	7.17527	5.55654	7.24091	1.58122	-4.53215	0.0596665	0.0694893	0.865815	0.340798	2.08932	2.08932	1.85982
5.64924	7.01756	1.69319	-4.51421	5.52242	6.92525	5.63564	7.01431	1.58285	-4.53178	0.0595537	0.0693511	0.864116	0.34012	4.38791	2.08932	4.38791
5.7542	6.79218	1.72846	-4.508	5.85104	6.78356	5.71486	6.78775	1.58608	-4.53098	0.059487	0.0692139	0.862447	0.339448	0.50757	0.50757	4.38791
5.80556	6.5676	1.63493	-4.53176	5.5405	6.7359	5.79428	6.56124	1.59093	-4.52975	0.0593736	0.0690781	0.860745	0.338776	2.17206	0.50757	2.17206
5.85682	6.33877	1.57855	-4.54272	5.70661	6.33767	5.87398	6.33481	1.59737	-4.52808	0.0592664	0.0689425	0.85905	0.33811	1.20535	1.20535	2.17206
5.9199	6.0917	1.53135	-4.56947	5.63609	5.57892	5.95405	6.10848	1.60542	-4.52597	0.0591887	0.0688152	0.857376	0.337457	4.13399	1.20535	4.13399
5.98959	5.87163	1.51363	-4.56644	5.95076	5.93707	6.03455	5.88226	1.61507	-4.52341	0.0591398	0.0686839	0.855724	0.336808	0.292982	0.292982	4.13399
6.03305	5.63556	1.39103	-4.60314	5.96266	5.64138	6.11558	5.65619	1.62631	-4.52038	0.0592487	0.0685622	0.854183	0.336192	1.51907	0.292982	1.51907
6.09389	5.41847	1.36274	-4.59843	6.0423	5.52	6.19721	5.43028	1.63914	-4.51687	0.0594826	0.0684331	0.8527	0.335578	0.654175	0.654175	1.51907
6.16791	5.18891	1.36199	-4.60011	6.20583	5.17266	6.27951	5.20457	1.65356	-4.51288	0.0597713	0.0683078	0.851245	0.334974	0.0651984	0.654175	0.0651984
6.24681	4.95641	1.36085	-4.60625	6.30992	4.93053	6.36258	4.97906	1.66956	-4.50838	0.0600867	0.0681908	0.849822	0.334384	0.241367	0.241367	0.0651984
6.3168	4.75016	1.34862	-4.5917	6.49415	5.34675	6.44648	4.7538	1.68714	-4.50337	0.0605063	0.0680604	0.848451	0.333788	5.24889	0.241367	5.24889
6.42097	4.49567	1.38228	-4.6141	6.64607	4.28476	6.53131	4.52881	1.70628	-4.49781	0.0607743	0.0679612	0.847067	0.333227	4.83491	4.83491	5.24889
6.51777	4.26515	1.47955	-4.59042	6.42345	4.10243	6.61712	4.30411	1.72698	-4.4917	0.0609672	0.0678744	0.845593	0.332649	2.30356	4.83491	2.30356
6.61793	4.01632	1.51006	-4.60507	6.7837	3.85166	6.70401	4.07974	1.74923	-4.485	0.0610818	0.0678581	0.844118	0.332101	2.7625	2.7625	2.30356
6.73475	3.78932	1.64743	-4.56697	6.88194	3.71244	6.79205	3.85571	1.77302	-4.4777	0.0610679	0.0678526	0.842559	0.331519	2.70735	2.7625	2.70735
6.78734	3.56979	1.61106	-4.56281	6.60478	3.66164	6.88132	3.63207	1.79834	-4.46978	0.0612248	0.0678325	0.841053	0.330944	2.13433	2.13433	2.70735
6.87391	3.34601	1.65677	-4.5445	6.71835	3.36038	6.97188	3.40885	1.82518	-4.4612	0.0614035	0.0678145	0.839539	0.330363	0.654551	2.13433	0.654551
6.99548	3.16183	1.74315	-4.48901	7.17782	3.43284	7.06383	3.18607	1.85352	-4.45194	0.0614309	0.0677041	0.837999	0.329754	5.57005	5.57005	0.654551
7.11335	2.96973	1.88177	-4.41567	7.10962	3.4589	7.15723	2.96378	1.88336	-4.44197	0.0613749	0.0675791	0.83644	0.329144	6.20426	5.57005	6.20426
7.21297	2.7558	1.9174	-4.39651	7.23497	2.79647	7.25216	2.742	1.91468	-4.43125	0.0613076	0.0674591	0.834889	0.328541	0.111545	0.111545	6.20426
7.31305	2.54171	1.91188	-4.39499	7.81269	2.7161	7.34868	2.52078	1.94746	-4.41977	0.0612326	0.0673465	0.83335	0.327938	3.85161	0.111545	3.85161
7.39884	2.32511	1.9196	-4.38556	7.33132	2.35955	7.44688	2.30016	1.98168	-4.40749	0.0611893	0.0672396	0.831825	0.327337	0.290488	0.290488	3.85161
7.46535	2.08114	1.83558	-4.4307	7.29836	1.74476	7.54683	2.08018	2.01733	-4.39436	0.0612759	0.0671164	0.830373	0.326745	3.50495	0.290488	3.50495
7.55892	1.84852	1.8446	-4.43713	7.58602	1.76558	7.64859	1.86087	2.0544	-4.38037	0.0614034	0.0669979	0.828954	0.326166	0.382002	0.382002	3.50495
7.68579	1.63879	1.96297	-4.38981	7.99229	1.72323	7.75224	1.6423	2.09284	-4.36546	0.0614225	0.0668763	0.827482	0.325576	2.38087	0.382002	2.38087
7.79995	1.37276	1.9838	-4.42642	7.97494	1.01608	7.85785	1.42449	2.13266	-4.34961	0.0614101	0.0668276	0.82603	0.325018	7.87967	7.87967	2.38087
7.92422	1.17397	2.07937	-4.3735	8.13791	1.49328	7.96547	1.2075	2.17382	-4.33277	0.0613493	0.0667373	0.824557	0.32444	2.63223	7.87967	2.63223
7.98429	0.933345	2.02729	-4.40059	7.74579	0.856143	8.07519	0.991377	2.21629	-4.31491	0.061481	0.066708	0.823151	0.323897	3.34094	3.34094	2.63223
8.10014	0.71802	2.11393	-4.36344	7.9966	0.717656	8.18706	0.776179	2.26005	-4.29598	0.061591	0.0666794	0.821721	0.323341	0.990441	3.34094	0.990441
8.22888	0.513563	2.18146	-4.32709	8.34388	0.562841	8.30115	0.561955	2.30508	-4.27595	0.0616324	0.066623	0.820286	0.322778	0.839381	0.839381	0.990441
8.36473	0.312567	2.2573	-4.28515	8.9356	0.484177	8.41752	0.348763	2.35134	-4.25478	0.0616032	0.0665394	0.818844	0.322208	4.22246	0.839381	4.22246
8.48604	0.125639	2.31409	-4.23426	8.48104	0.291966	8.53623	0.136661	2.39881	-4.23241	0.0615664	0.0664245	0.817407	0.321636	1.42694	1.42694	4.22246
8.66428	-0.0638382	2.54821	-4.11264	9.02773	0.00101087	8.65734	-0.0742907	2.44744	-4.20881	0.061459	0.06631	0.815983	0.321118	7.85197	1.42694	7.85197
8.82434	-0.242976	2.65486	-4.03483	8.96733	-0.139408	8.78091	-0.28403	2.4972	-4.18394	0.0614048	0.066238	0.814599	0.320674	1.70357	1.70357	7.85197
8.98186	-0.405953	2.79053	-3.92208	8.87814	0.254363	8.90699	-0.492491	2.54807	-4.15775	0.0614572	0.06632	0.813295	0.320416	7.28636	1.70357	7.28636
9.12959	-0.599093	2.85843	-3.87444	9.16885	-0.602737	9.03564	-0.699608	2.59998	-4.1302	0.0616007	0.0664703	0.812016	0.320212	0.080798	0.080798	7.28636
9.27048	-0.80684	2.90392	-3.85302	9.30978	-1.13129	9.16691	-0.905311	2.65292	-4.10124	0.0617964	0.0666085	0.810736	0.31999	1.41168	0.080798	1.41168
9.35971	-1.05957	2.84549	-3.92326	9.13964	-1.3033	9.30084	-1.10953	2.70683	-4.07084	0.0617865	0.0665579	0.809368	0.319552	6.01632	6.01632	1.41168
9.51309	-1.26767	2.95583	-3.86696	9.30144	-1.67135	9.4375	-1.31219	2.76168	-4.03893	0.0618396	0.0664942	0.808047	0.319159	4.96357	6.01632	4.96357
9.68449	-1.46892	3.0367	-3.82393	9.84791	-1.57675	9.57692	-1.51322	2.8174	-4.00549	0.0620552	0.0664304	0.806756	0.318787	1.90978	1.90978	4.96357
9.8239	-1.65248	3.03829	-3.80198	9.81628	-1.35201	9.71914	-1.71253	2.87396	-3.97047	0.0622521	0.0664095	0.805426	0.318392	2.36008	1.90978	2.36008
9.9382	-1.85372	3.02621	-3.80118	9.72359	-1.82788	9.86421	-1.91005	2.93131	-3.93381	0.0622961	0.0663776	0.804065	0.317941	2.43186	2.43186	2.36008
10.1062	-2.0373	3.14618	-3.71692	9.92581	-2.08875	10.0122	-2.1057	2.98938	-3.89549	0.0624317	0.0663846	0.802744	0.317569	2.60045	2.43186	2.60045
10.25	-2.24121	3.16617	-3.70859	10.2065	-2.31135	10.163	-2.29939	3.04813	-3.85546	0.0625317	0.0663584	0.801407	0.317144	0.391359	0.391359	2.60045
10.3722	-2.42779	3.11621	-3.71982	9.93719	-2.06904	10.3169	-2.49103	3.1075	-3.81368	0.0625085	0.0663481	0.800048	0.316653	5.99248	0.391359	5.99248
10.5187	-2.65548	3.11679	-3.7503	10.5663	-2.86039	10.4737	-2.68054	3.16742	-3.7701	0.0624577	0.066252	0.798701	0.31612	2.33467	2.33467	5.99248
10.6568	-2.84885	3.08842	-3.7598	10.6621	-2.78836	10.6335	-2.86783	3.22785	-3.72468	0.0623671	0.0661495	0.797396	0.315594	1.51979	2.33467	1.51979
10.7825	-3.04739	3.07259	-3.76466	10.6279	-3.02971	10.7963	-3.05279	3.2887	-3.67739	0.0622676	0.0660392	0.796155	0.315105	1.26932	1.26932	1.51979
10.9746	-3.21038	3.23705	-3.64191	10.9936	-3.04182	10.9622	-3.23535	3.34992	-3.62819	0.0621675	0.0659445	0.79485	0.314578	4.72642	1.26932	4.72642
11.1367	-3.39452	3.27524	-3.60991	11.141	-3.40911	11.1311	-3.4154	3.41144	-3.57705	0.0620646	0.0658455	0.793563	0.314059	0.0121945	0.0121945	4.72642
11.3162	-3.55924	3.37593	-3.5216	11.1921	-3.33868	11.3032	-3.59284	3.47319	-3.52392	0.061966	0.0657646	0.792263	0.313537	1.9074	0.0121945	1.9074
11.4917	-3.75718	3.41438	-3.5087	11.5914	-3.89091	11.4783	-3.76758	3.53509	-3.46877	0.0618681	0.0656583	0.790981	0.313026	1.39931	1.39931	1.9074
11.6729	-3.93637	3.47827	-3.45996	11.8203	-4.21307	11.6565	-3.9395	3.59707	-3.41158	0.0617731	0.0655501	0.789704	0.312521	1.12431	1.39931	1.12431
11.8454	-4.13086	3.50478	-3.45155	11.8945	-4.23758	11.8378	-4.10852	3.65905	-3.35231	0.061673	0.0654548	0.788454	0.312059	0.716249	0.716249	1.12431
12.048	-4.29775	3.6057	-3.3688	12.4401	-4.50646	12.0223	-4.27453	3.72095	-3.29094	0.0615894	0.0653609	0.787188	0.311579	2.9643	0.716249	2.9643
12.2418	-4.45665	3.67245	-3.29819	12.298	-4.45269	12.2098	-4.43741	3.7827	-3.22744	0.0615158	0.0652633	0.785926	0.311096	0.174135	0.174135	2.9643
12.4484	-4.60224	3.7931	-3.17633	12.3763	-4.33915	12.4003	-4.59707	3.84421	-3.16178	0.061477	0.0651576	0.78465	0.31059	3.52221	0.174135	3.52221
12.6516	-4.73052	3.87438	-3.06028	12.6495	-4.63194	12.594	-4.75339	3.90539	-3.09395	0.0614649	0.0650648	0.783377	0.310091	0.557528	0.557528	3.52221
12.8534	-4.87899	3.9312	-2.98879	13.0698	-4.87656	12.7907	-4.90626	3.96616	-3.02393	0.0614689	0.0649779	0.782111	0.309595	0.529713	0.557528	0.529713
13.0512	-5.04915	3.96734	-2.96199	13.118	-5.15028	12.9904	-5.05558	4.02643	-2.95171	0.0614668	0.064874	0.780856	0.309096	0.754828	0.754828	0.529713
13.2266	-5.20351	3.97919	-2.93116	12.6188	-5.16246	13.1931	-5.20124	4.0861	-2.87726	0.0613974	0.0647698	0.779623	0.308614	4.0776	0.754828	4.0776
13.3875	-5.39935	3.94346	-2.98746	13.2779	-5.50545	13.3988	-5.34312	4.1451	-2.80059	0.0613023	0.0647442	0.778456	0.3083	1.46419	1.46419	4.0776
13.627	-5.51406	4.0981	-2.81264	13.8504	-4.96233	13.6074	-5.48111	4.20332	-2.72168	0.0612143	0.0646675	0.777235	0.30785	8.51963	1.46419	8.51963
13.8082	-5.6717	4.10195	-2.79875	13.699	-5.67898	13.8189	-5.6151	4.26067	-2.64053	0.0611197	0.0646434	0.776048	0.30749	0.657662	0.657662	8.51963
14.0426	-5.79855	4.20741	-2.67753	14.3872	-5.71768	14.0332	-5.74499	4.31706	-2.55715	0.0610249	0.0646113	0.77484	0.307076	3.59979	0.657662	3.59979
14.2732	-5.92623	4.27674	-2.58391	14.392	-5.96477	14.2504	-5.87065	4.37238	-2.47154	0.0609418	0.0645847	0.773631	0.306655	0.788255	0.788255	3.59979
14.4962	-6.05705	4.33849	-2.50471	14.5382	-6.20694	14.4703	-5.99197	4.42655	-2.38369	0.060863	0.0645862	0.772426	0.306246	1.02958	0.788255	1.02958
14.7344	-6.14527	4.422	-2.34677	14.7763	-6.0709	14.6928	-6.10885	4.47946	-2.29364	0.0608119	0.0645169	0.771217	0.305779	0.477801	0.477801	1.02958
14.9558	-6.25983	4.47487	-2.25998	14.7003	-6.11223	14.918	-6.22118	4.53101	-2.20138	0.0607533	0.0644521	0.770014	0.305317	2.2874	0.477801	2.2874
15.1432	-6.359	4.48122	-2.18251	14.8509	-6.21469	15.1457	-6.32884	4.58111	-2.10694	0.0606585	0.0643734	0.76883	0.304869	5.27784	5.27784	2.2874
15.3812	-6.46379	4.53819	-2.08479	15.7265	-6.46475	15.3758	-6.43173	4.62966	-2.01035	0.0605647	0.0642979	0.767649	0.304422	1.32913	5.27784	1.32913
15.6125	-6.56579	4.58021	-1.99709	15.6399	-6.57617	15.6084	-6.52973	4.67655	-1.91162	0.060471	0.0642295	0.766474	0.303986	0.0427287	0.0427287	1.32913
15.848	-6.67012	4.63261	-1.92143	15.7316	-6.60536	15.8432	-6.62276	4.72169	-1.81079	0.0603779	0.0641841	0.765303	0.303578	3.64219	0.0427287	3.64219
16.0824	-6.81278	4.64862	-1.93357	16.2265	-6.97743	16.0803	-6.71069	4.76497	-1.7079	0.0602848	0.0643354	0.764148	0.303368	2.50012	2.50012	3.64219
16.2971	-6.90182	4.66047	-1.85185	15.8267	-6.78095	16.3195	-6.79342	4.8063	-1.60298	0.0602047	0.0645172	0.763015	0.303215	3.38384	2.50012	3.38384
16.534	-7.01393	4.68597	-1.81335	16.6141	-7.09003	16.5607	-6.87087	4.84558	-1.49608	0.0601306	0.0649036	0.761895	0.303259	0.628198	0.628198	3.38384
16.7594	-7.11246	4.70379	-1.7615	16.4214	-7.35453	16.8038	-6.94292	4.88271	-1.38725	0.0600888	0.065479	0.760793	0.303502	1.0175	0.628198	1.0175
17.007	-7.17225	4.75444	-1.62085	17.0335	-7.12355	17.0487	-7.00949	4.9176	-1.27653	0.0600413	0.0659939	0.759686	0.303634	0.207542	0.207542	1.0175
17.2397	-7.23555	4.78009	-1.50577	17.0944	-6.8385	17.2953	-7.07048	4.95015	-1.16398	0.0600283	0.066519	0.758589	0.303758	1.49565	0.207542	1.49565
17.5218	-7.20353	4.87405	-1.16982	17.6002	-7.00217	17.5434	-7.1258	4.98026	-1.04968	0.0599491	0.0665558	0.757461	0.303369	3.16473	3.16473	1.49565
17.7843	-7.24676	4.92194	-1.05011	18.2702	-6.07225	17.793	-7.17537	5.00785	-0.933668	0.0598604	0.0665709	0.756331	0.302978	7.90888	3.16473	7.90888
18.048	-7.24316	4.96514	-0.8208	18.068	-7.13549	18.044	-7.21909	5.03282	-0.816029	0.0597706	0.0664837	0.7552	0.302522	0.804354	0.804354	7.90888
18.2962	-7.24171	4.98321	-0.614195	18.3087	-6.15194	18.2961	-7.2569	5.05509	-0.696834	0.0596808	0.066389	0.754075	0.302101	4.98266	0.804354	4.98266
18.5443	-7.2701	4.99538	-0.499288	18.5372	-7.26977	18.5492	-7.28872	5.07456	-0.57616	0.059592	0.0662974	0.752958	0.301678	0.00254998	0.00254998	4.98266
18.8138	-7.30489	5.02401	-0.418983	19.5536	-7.06548	18.8033	-7.31446	5.09116	-0.454089	0.0595057	0.0662005	0.751843	0.301233	5.55049	0.00254998	5.55049
19.0503	-7.32145	5.02097	-0.306544	18.9302	-7.29311	19.0581	-7.33408	5.10481	-0.330708	0.0594186	0.0661055	0.750737	0.300788	0.756388	0.756388	5.55049
19.2919	-7.35459	5.01973	-0.239992	18.816	-8.27535	19.3135	-7.3475	5.11543	-0.206107	0.059342	0.0660084	0.74964	0.300347	2.95185	0.756388	2.95185
19.6019	-7.29656	5.06351	0.0383131	19.9881	-7.22324	19.5694	-7.35466	5.12294	-0.0803797	0.0592806	0.0659864	0.748537	0.299971	8.10285	8.10285	2.95185
19.8632	-7.31407	5.07605	0.0817596	20.1094	-7.15442	19.8255	-7.35551	5.12728	0.0463764	0.0592285	0.0659275	0.747438	0.299535	1.78004	8.10285	1.78004
20.1417	-7.28214	5.08807	0.256972	20.3189	-7.25458	20.0818	-7.35	5.12836	0.17406	0.0592304	0.0659332	0.746341	0.299128	1.65812	1.65812	1.78004
20.3967	-7.32191	5.10175	0.193034	20.0602	-7.86255	20.3381	-7.33809	5.12615	0.302565	0.0592284	0.0658423	0.745247	0.298748	5.46701	1.65812	5.46701
20.6235	-7.33134	5.07835	0.24692	20.4141	-7.35358	20.5942	-7.31974	5.12056	0.431784	0.0591629	0.065749	0.74416	0.298478	2.25043	2.25043	5.46701
20.8764	-7.29752	5.06519	0.406513	21.0198	-6.96188	20.8499	-7.29491	5.11155	0.561605	0.0590939	0.0656532	0.743079	0.29816	0.704651	2.25043	0.704651
21.1398	-7.21109	5.04951	0.652028	21.1782	-7.07525	21.1051	-7.26358	5.09906	0.691914	0.0590376	0.0656188	0.742003	0.297734	1.28713	1.28713	0.704651
21.3996	-7.1914	5.05081	0.705336	21.6131	-6.92172	21.3596	-7.22573	5.08306	0.822593	0.0589913	0.0655497	0.740929	0.29737	1.06414	1.28713	1.06414
21.6357	-7.26354	5.04776	0.574924	21.5691	-7.50657	21.6132	-7.18134	5.06349	0.953522	0.0589184	0.0656039	0.739858	0.297636	4.05771	4.05771	1.06414
21.8846	-7.18522	5.00435	0.834335	22.3609	-6.74362	21.8657	-7.1304	5.04032	1.08458	0.0588422	0.0655754	0.738793	0.297511	6.65721	4.05771	6.65721
22.1757	-7.04435	4.98494	1.14475	22.4821	-6.84052	22.117	-7.07291	5.01352	1.21564	0.0588416	0.065499	0.737733	0.297107	7.46156	7.46156	6.65721
22.4062	-6.94479	4.89818	1.41845	22.0518	-7.75788	22.3669	-7.00887	4.98307	1.34657	0.0587949	0.065495	0.736689	0.296706	6.09528	7.46156	6.09528
22.6225	-6.84701	4.82402	1.59914	22.3914	-6.78652	22.6151	-6.93829	4.94893	1.47726	0.0587121	0.0655831	0.735666	0.296354	2.88015	2.88015	6.09528
22.8729	-6.81435	4.83334	1.57855	22.6149	-7.88858	22.8616	-6.86119	4.9111	1.60756	0.0586315	0.0655373	0.734629	0.295935	4.116	2.88015	4.116
23.108	-6.81582	4.8277	1.53273	23.0586	-7.02348	23.106	-6.77759	4.86956	1.73734	0.0585483	0.0654759	0.733588	0.295716	2.80573	2.80573	4.116
23.3272	-6.71786	4.75045	1.71657	22.6521	-7.46004	23.3483	-6.68751	4.82431	1.86648	0.0584761	0.065403	0.732559	0.295404	4.49672	2.80573	4.49672
23.5631	-6.63993	4.71231	1.81146	23.5581	-6.66759	23.5883	-6.59099	4.77535	1.99484	0.0584087	0.0653624	0.731531	0.295148	0.0483874	0.0483874	4.49672
23.8151	-6.58214	4.71676	1.81778	23.969	-7.15519	23.8257	-6.48809	4.72269	2.12228	0.0583291	0.0654608	0.7305	0.295175	2.46553	0.0483874	2.46553
24.0306	-6.46969	4.64742	1.96535	23.8837	-6.42686	24.0604	-6.37883	4.66633	2.24867	0.0582686	0.065546	0.729474	0.295142	1.2008	1.2008	2.46553
24.2537	-6.34812	4.56561	2.14422	24.3438	-6.1767	24.2922	-6.26328	4.6063	2.37389	0.0582226	0.0656079	0.728455	0.294979	0.840265	1.2008	0.840265
24.4935	-6.21054	4.50836	2.30056	24.6144	-6.12588	24.5209	-6.14151	4.54262	2.49779	0.0581592	0.0656178	0.727439	0.294751	1.14261	1.14261	0.840265
24.7364	-6.1272	4.52399	2.28208	24.8015	-5.92355	24.7463	-6.01357	4.47532	2.62023	0.0580805	0.0658002	0.72643	0.294881	2.58788	1.14261	2.58788
24.9597	-6.00078	4.46515	2.39988	24.9561	-5.97289	24.9683	-5.87956	4.40444	2.7411	0.0580016	0.0660186	0.725427	0.29502	0.0476264	0.0476264	2.58788
25.1728	-5.86149	4.37681	2.55485	25.2043	-5.60245	25.1866	-5.73954	4.33001	2.86026	0.0579257	0.0662388	0.724426	0.295049	0.514272	0.0476264	0.514272
25.4023	-5.71601	4.31926	2.67756	25.5127	-5.65871	25.4011	-5.5936	4.25209	2.97757	0.0578457	0.0664593	0.723433	0.295063	0.787248	0.787248	0.514272
25.5936	-5.55889	4.19336	2.85477	25.1219	-6.08842	25.6117	-5.44185	4.17073	3.09291	0.0577738	0.0666514	0.722437	0.294921	2.77338	0.787248	2.77338
25.7562	-5.31129	3.99576	3.14072	25.5133	-5.02906	25.8181	-5.28439	4.08598	3.20616	0.0577854	0.0665747	0.72146	0.294536	7.93283	7.93283	2.77338
25.9525	-5.15265	3.90942	3.24581	25.8718	-5.258	26.0202	-5.12131	3.99791	3.31719	0.0578148	0.0665037	0.720486	0.294155	0.0644893	7.93283	0.0644893
26.1538	-5.02813	3.85863	3.28787	26.1696	-5.15715	26.2178	-4.95274	3.90659	3.42588	0.0578325	0.0665296	0.719505	0.293842	0.987826	0.987826	0.0644893
26.3435	-4.84227	3.74397	3.42941	26.7614	-3.08969	26.4107	-4.7788	3.81209	3.53212	0.0578601	0.0665214	0.718533	0.29349	5.38162	0.987826	5.38162
26.5323	-4.61652	3.61594	3.60155	26.6275	-4.42212	26.5989	-4.5996	3.7145	3.63578	0.0578856	0.0664369	0.717574	0.293097	2.54791	2.54791	5.38162
26.7402	-4.46478	3.63005	3.59148	26.871	-4.28196	26.7821	-4.41529	3.6139	3.73676	0.0578484	0.0663968	0.716602	0.292797	2.58162	2.54791	2.58162
26.9021	-4.2977	3.52629	3.66943	26.7603	-4.37714	26.9602	-4.226	3.51038	3.83494	0.0578489	0.0664117	0.715633	0.292528	1.33409	1.33409	2.58162
27.105	-4.14015	3.56073	3.63924	27.0374	-3.55517	27.1331	-4.03186	3.40403	3.93023	0.0577892	0.06656	0.714715	0.292523	4.66862	1.33409	4.66862
27.3141	-3.94355	3.51577	3.71797	27.5646	-3.84582	27.3006	-3.83304	3.29495	4.02252	0.0577157	0.066717	0.713845	0.292556	3.63871	3.63871	4.66862
27.473	-3.73605	3.3383	3.88102	27.8979	-3.80197	27.4625	-3.62967	3.18325	4.11172	0.0576409	0.0668548	0.712933	0.292408	4.97604	3.63871	4.97604
27.6576	-3.53738	3.26983	3.9552	27.8006	-3.49682	27.6188	-3.42193	3.06903	4.19774	0.0575988	0.0670317	0.712055	0.292286	1.11494	1.11494	4.97604
27.8092	-3.32072	3.11078	4.08756	28.156	-2.47925	27.7694	-3.20995	2.95242	4.28049	0.0575587	0.0671862	0.711152	0.292066	2.7776	1.11494	2.7776
27.9384	-3.07091	2.94279	4.22553	27.8439	-2.91563	27.914	-2.99393	2.83351	4.35989	0.0574959	0.0672141	0.710228	0.29176	1.86885	1.86885	2.7776
28.0778	-2.85253	2.81691	4.31137	28.0476	-2.41976	28.0527	-2.77401	2.71243	4.43586	0.0574342	0.0672466	0.709306	0.291443	0.325318	1.86885	0.325318
28.1843	-2.59706	2.62983	4.43656	28.0346	-2.4696	28.1853	-2.55039	2.5893	4.50833	0.0573582	0.0672005	0.70837	0.291081	2.14325	2.14325	0.325318
28.2914	-2.35879	2.41361	4.55817	28.3248	-2.46974	28.3116	-2.32322	2.46425	4.57724	0.0572919	0.0671366	0.707439	0.290698	1.31578	2.14325	1.31578
28.4377	-2.1468	2.33576	4.60118	28.5977	-2.18783	28.4317	-2.0927	2.3374	4.64252	0.0572173	0.0671057	0.706508	0.290323	1.45119	1.45119	1.31578
28.5759	-1.9303	2.29512	4.62141	28.6844	-2.17053	28.5453	-1.859	2.20888	4.70412	0.0571637	0.067117	0.705594	0.289973	1.15249	1.45119	1.15249
28.7073	-1.70107	2.20342	4.6728	28.8261	-1.68876	28.6526	-1.62231	2.07883	4.76199	0.0571575	0.0671501	0.704699	0.289629	0.73666	0.73666	1.15249
28.813	-1.47102	2.12128	4.70513	28.3124	-1.6871	28.7532	-1.38282	1.94737	4.8161	0.0571646	0.0672137	0.703834	0.289306	3.51496	0.73666	3.51496
28.9182	-1.20314	1.98887	4.78631	28.9751	-1.03856	28.8473	-1.14071	1.81465	4.86639	0.0572047	0.0672016	0.702973	0.288958	1.58312	1.58312	3.51496
28.9988	-0.956597	1.85576	4.83701	28.4647	-0.32712	28.9347	-0.896184	1.6808	4.91284	0.0572237	0.0671849	0.702116	0.288609	4.08391	1.58312	4.08391
29.0753	-0.698337	1.70405	4.8987	29.0173	-0.634573	29.0154	-0.649428	1.54595	4.95543	0.0572307	0.067144	0.701253	0.288249	0.407631	0.407631	4.08391
29.1215	-0.436152	1.44615	4.98244	28.9615	0.162307	29.0893	-0.400636	1.41024	4.99413	0.0571801	0.0670815	0.700348	0.287877	2.51607	0.407631	2.51607
29.1798	-0.211709	1.30089	5.00022	29.0872	-0.363706	29.1564	-0.150004	1.27382	5.02893	0.0571187	0.0670682	0.699447	0.287509	1.62341	1.62341	2.51607
29.2425	0.0470879	1.11057	5.05429	29.7564	1.14927	29.2167	0.102274	1.13682	5.05982	0.0570602	0.0670403	0.698548	0.28714	5.60348	1.62341	5.60348
29.2902	0.316934	0.948588	5.09813	29.2861	0.404402	29.2701	0.356002	0.999371	5.08681	0.0569961	0.0669835	0.697657	0.286772	0.405598	0.405598	5.60348
29.3354	0.573849	0.819866	5.12098	29.1776	1.14383	29.3166	0.610984	0.861619	5.10989	0.0569311	0.0669242	0.696767	0.286406	0.781458	0.405598	0.781458
29.4052	0.791888	0.740034	5.11251	29.5469	0.605555	29.3563	0.867027	0.723698	5.12908	0.056912	0.0669464	0.695879	0.286041	2.95913	2.95913	0.781458
29.4229	1.05738	0.527048	5.14434	29.3942	2.37688	29.389	1.12393	0.585743	5.14439	0.0568652	0.0669454	0.694999	0.285677	2.79668	2.95913	2.79668
29.4652	1.32862	0.404895	5.16985	29.5867	1.42748	29.4149	1.38152	0.447888	5.15584	0.0568495	0.0669135	0.69412	0.285315	1.258	1.258	2.79668
29.5011	1.58718	0.287326	5.18129	29.9335	1.97385	29.4338	1.63957	0.310266	5.16347	0.0568784	0.0668807	0.693242	0.284955	2.55417	1.258	2.55417
29.4982	1.85013	0.113988	5.18868	29.4282	1.86217	29.4459	1.89792	0.173006	5.1673	0.0568674	0.0668394	0.692372	0.284597	0.268405	0.268405	2.55417
29.4893	2.10786	-0.102141	5.18879	29.7238	1.41909	29.4512	2.15637	0.0362376	5.16738	0.0568279	0.0667995	0.691534	0.284241	1.78914	0.268405	1.78914
29.4693	2.40541	-0.285772	5.21012	29.4355	2.62855	29.4496	2.41474	-0.0999139	5.16374	0.056765	0.0667172	0.690728	0.283893	2.66048	2.66048	1.78914
29.4526	2.66364	-0.442297	5.19794	29.525	2.24548	29.4412	2.67283	-0.235325	5.15644	0.0566967	0.0666351	0.68994	0.283544	0.244321	2.66048	0.244321
29.4737	2.959	-0.524215	5.22218	29.7424	3.20057	29.426	2.93047	-0.369875	5.14552	0.0566759	0.0665671	0.68912	0.283216	6.75241	6.75241	0.244321
29.4433	3.22183	-0.630847	5.20905	28.9264	3.72211	29.4042	3.18747	-0.503448	5.13105	0.0566388	0.0665061	0.688289	0.282889	3.48229	6.75241	3.48229
29.4344	3.46506	-0.732394	5.18373	29.5679	3.37337	29.3757	3.44367	-0.635928	5.11309	0.0566441	0.0664319	0.68745	0.282559	1.38955	1.38955	3.48229
29.3884	3.7245	-0.87065	5.16187	29.0715	3.9654	29.3406	3.69889	-0.767205	5.09171	0.0566238	0.0663617	0.686616	0.28223	1.10071	1.38955	1.10071
29.3243	3.94376	-1.04081	5.09985	29.2254	3.70749	29.299	3.95295	-0.897172	5.06698	0.0565677	0.0662811	0.685802	0.281885	3.39037	3.39037	1.10071
29.3081	4.20219	-1.06657	5.09359	29.7082	4.22378	29.2509	4.2057	-1.02573	5.03897	0.0565693	0.0661995	0.684958	0.28155	2.9081	3.39037	2.9081
29.2194	4.43397	-1.25321	5.03433	29.0468	4.29607	29.1964	4.45697	-1.15277	5.00776	0.0565111	0.0661277	0.684132	0.281206	2.55006	2.55006	2.9081
29.1465	4.68444	-1.38981	4.99787	28.8869	4.75902	29.1356	4.7066	-1.2782	4.97344	0.0564442	0.0660556	0.683314	0.280863	0.731044	2.55006	0.731044
29.0588	4.94614	-1.54645	4.96336	28.9789	5.02462	29.0686	4.95444	-1.40194	4.93609	0.0563771	0.0659759	0.682513	0.280522	0.655383	0.655383	0.731044
28.995	5.19788	-1.58626	4.94801	28.7325	5.2483	28.9954	5.20034	-1.52389	4.8958	0.0563081	0.0658953	0.681686	0.280191	2.27831	0.655383	2.27831
28.9593	5.43528	-1.63459	4.91949	29.2109	5.37581	28.9162	5.44416	-1.64397	4.85267	0.0562797	0.0658163	0.680854	0.279868	3.51579	3.51579	2.27831
28.8543	5.68498	-1.80761	4.8671	28.1556	7.7268	28.831	5.68575	-1.7621	4.80678	0.056223	0.0657362	0.680029	0.279543	6.73099	3.51579	6.73099
28.7629	5.93128	-1.92544	4.82491	28.7725	5.9562	28.7399	5.92498	-1.87822	4.75823	0.0561661	0.0656571	0.679207	0.279223	0.0372405	0.0372405	6.73099
28.6371	6.16988	-2.11745	4.74993	28.0465	7.37839	28.6431	6.16173	-1.99225	4.70713	0.0560988	0.0655788	0.678412	0.278893	3.6615	0.0372405	3.6615
28.5316	6.39835	-2.23715	4.68769	28.5522	6.35276	28.5407	6.39585	-2.10412	4.65358	0.0560328	0.0654997	0.677624	0.278561	0.129606	0.129606	3.6615
28.4611	6.64671	-2.27956	4.66971	29.2418	7.54597	28.4327	6.62724	-2.21379	4.59767	0.0559827	0.0654277	0.676815	0.278248	11.6299	0.129606	11.6299
28.3623	6.85432	-2.37367	4.59744	28.4717	6.70428	28.3192	6.85578	-2.32119	4.53952	0.0559553	0.0653491	0.676006	0.277927	1.78196	1.78196	11.6299
28.2418	7.08079	-2.45633	4.54914	28.1177	6.26311	28.2005	7.08135	-2.42628	4.47922	0.0559248	0.0652707	0.675196	0.277615	2.26974	1.78196	2.26974
28.1206	7.3506	-2.5501	4.53383	28.123	7.60344	28.0765	7.30386	-2.529	4.41689	0.0558995	0.0652326	0.674389	0.277342	3.33614	3.33614	2.26974
27.9849	7.57716	-2.67613	4.46471	27.7497	8.38372	27.9475	7.52321	-2.62933	4.35263	0.0558626	0.065208	0.673587	0.277065	0.989498	3.33614	0.989498
27.8568	7.7947	-2.77206	4.39957	27.9059	7.76757	27.8135	7.73929	-2.72722	4.28656	0.055836	0.0651864	0.672789	0.27679	0.162907	0.162907	0.989498
27.701	8.0082	-2.90934	4.3122	27.3838	8.21907	27.6747	7.95203	-2.82265	4.21877	0.0557843	0.0651665	0.672002	0.276498	0.865073	0.162907	0.865073
27.5389	8.21865	-3.03552	4.22689	27.46	8.20897	27.5312	8.16134	-2.91558	4.14938	0.0557195	0.065149	0.671231	0.276196	0.331564	0.331564	0.865073
27.3595	8.40677	-3.24248	4.06921	27.7325	7.24638	27.3831	8.36714	-3.00599	4.07849	0.0556653	0.0651005	0.670536	0.27587	4.11024	0.331564	4.11024
27.2088	8.58854	-3.3376	3.96723	27.3044	8.47237	27.2305	8.56936	-3.09388	4.00622	0.0556096	0.0650303	0.669849	0.275551	1.16545	1.16545	4.11024
27.0398	8.78798	-3.45906	3.8672	26.9578	9.67899	27.0736	8.76794	-3.17922	3.93267	0.0555683	0.064961	0.669198	0.275245	1.68074	1.16545	1.68074
26.8268	9.02426	-3.60292	3.79681	26.5692	9.29585	26.9125	8.9628	-3.262	3.85794	0.055658	0.064953	0.668616	0.274938	7.20608	7.20608	1.68074
26.6428	9.2121	-3.66677	3.72951	26.3023	8.56687	26.7473	9.1539	-3.34223	3.78216	0.0558225	0.0649381	0.668018	0.274627	4.55581	7.20608	4.55581
26.4415	9.36317	-3.79242	3.57928	26.3716	9.20367	26.5781	9.34119	-3.4199	3.70541	0.056147	0.0648708	0.66748	0.274374	1.62923	1.62923	4.55581
26.2865	9.56912	-3.7701	3.59546	26.372	9.97194	26.4052	9.52461	-3.49502	3.62781	0.0563736	0.0648308	0.666834	0.274058	3.56871	1.62923	3.56871
26.1058	9.77198	-3.83531	3.54345	26.1471	9.89295	26.2285	9.70414	-3.56759	3.54945	0.0566179	0.064838	0.666183	0.27374	0.881143	0.881143	3.56871
25.9337	9.97525	-3.81059	3.56838	25.3582	10.7466	26.0483	9.87973	-3.63763	3.47045	0.0568211	0.064926	0.665462	0.273463	5.37395	0.881143	5.37395
25.755	10.1134	-3.87987	3.44729	25.8724	9.91294	25.8646	10.0514	-3.70515	3.39089	0.0569998	0.0649193	0.664744	0.27316	2.80967	2.80967	5.37395
25.5557	10.2787	-3.9834	3.33047	25.6726	10.5934	25.6776	10.219	-3.77016	3.31087	0.0572346	0.0649077	0.664055	0.272846	1.16177	2.80967	1.16177
25.3598	10.3868	-4.0668	3.16895	25.4369	10.1104	25.4875	10.3826	-3.8327	3.2305	0.0574964	0.0648332	0.663385	0.272547	4.36618	4.36618	1.16177
25.1611	10.5608	-4.10434	3.12731	24.4778	11.9539	25.2942	10.5422	-3.89278	3.14987	0.0577837	0.0647647	0.6627	0.272236	4.04356	4.36618	4.04356
24.9457	10.7066	-4.18349	3.02015	24.8955	10.6742	25.098	10.6978	-3.95044	3.06906	0.0581764	0.0646918	0.662033	0.271933	0.189681	0.189681	4.04356
24.7417	10.869	-4.19616	2.99917	24.3543	10.8958	24.899	10.8493	-4.00571	2.98817	0.0585951	0.0646246	0.661338	0.271623	2.9251	0.189681	2.9251
24.5377	10.9946	-4.25428	2.88697	24.6024	10.8869	24.6973	10.9967	-4.05861	2.90729	0.0590229	0.0645508	0.660649	0.271314	0.828288	0.828288	2.9251
24.3393	11.158	-4.29049	2.83869	24.1967	12.6404	24.493	11.1402	-4.10919	2.8265	0.05941	0.0644828	0.659953	0.271006	6.17008	0.828288	6.17008
24.1476	11.305	-4.31807	2.77849	24.3047	11.321	24.2862	11.2795	-4.15749	2.74589	0.059709	0.064421	0.659247	0.270702	1.28123	1.28123	6.17008
23.9306	11.429	-4.39367	2.64982	24.5863	10.4852	24.0771	11.4149	-4.20354	2.66553	0.0600479	0.0643515	0.658561	0.270396	2.87893	1.28123	2.87893
23.7132	11.4963	-4.45961	2.46617	23.7789	11.2152	23.8657	11.5462	-4.24739	2.58551	0.060417	0.0643224	0.657893	0.270149	4.49938	4.49938	2.87893
23.5052	11.6345	-4.46718	2.44115	23.7361	11.4278	23.6522	11.6736	-4.28909	2.50589	0.0607516	0.0642766	0.657205	0.269862	1.09463	4.49938	1.09463
23.2886	11.7556	-4.50705	2.3578	23.3423	11.7567	23.4366	11.797	-4.32868	2.42676	0.061088	0.0642342	0.656519	0.269578	0.146851	0.146851	1.09463
23.066	11.8804	-4.53923	2.29648	22.8857	12.2555	23.2191	11.9164	-4.36622	2.34818	0.0614494	0.0641847	0.655832	0.269286	0.390651	0.146851	0.390651
22.8377	11.9979	-4.58221	2.21548	22.8321	12.0192	22.9998	12.0319	-4.40174	2.27022	0.0618585	0.0641329	0.655152	0.268996	0.0263744	0.0263744	0.390651
22.6232	12.1284	-4.58769	2.19722	22.7202	12.4833	22.7788	12.1436	-4.43532	2.19295	0.0622263	0.0640652	0.654459	0.268695	1.32221	0.0263744	1.32221
22.4009	12.2195	-4.62304	2.09136	22.4654	12.1469	22.5561	12.2513	-4.46699	2.11642	0.0625878	0.0640112	0.653769	0.268398	0.495727	0.495727	1.32221
22.1896	12.3525	-4.59118	2.13979	22.4194	11.8766	22.3319	12.3553	-4.49681	2.04071	0.0628777	0.06394	0.653056	0.268139	3.52563	0.495727	3.52563
21.9373	12.4402	-4.6495	2.02765	21.7874	12.3787	22.1062	12.4555	-4.52484	1.96586	0.0633103	0.063873	0.652357	0.267857	1.36185	1.36185	3.52563
21.7112	12.5428	-4.68406	1.94318	22.0426	12.7495	21.8792	12.552	-4.55114	1.89194	0.0637329	0.0638036	0.651663	0.267571	1.91564	1.36185	1.91564
21.4801	12.6142	-4.71704	1.82807	21.515	12.5172	21.6509	12.6448	-4.57575	1.81899	0.0641675	0.0637492	0.650976	0.267275	0.581083	0.581083	1.91564
21.2561	12.7182	-4.71241	1.81975	21.6464	12.0735	21.4215	12.734	-4.59875	1.74706	0.0645662	0.0636831	0.650279	0.267002	1.94902	0.581083	1.94902
21.0527	12.8784	-4.69332	1.88266	21.2694	13.1512	21.1909	12.8197	-4.62018	1.6762	0.0648204	0.0636725	0.649571	0.266884	6.5721	6.5721	1.94902
20.813	12.9619	-4.74669	1.75621	20.6799	13.6331	20.9593	12.9018	-4.6401	1.60647	0.0651113	0.0636649	0.648876	0.266683	2.4148	6.5721	2.4148
20.6078	13.0266	-4.74765	1.66308	20.8491	12.9353	20.7267	12.9804	-4.65858	1.53789	0.0652779	0.0636319	0.648178	0.266454	3.39487	3.39487	2.4148
20.3622	13.0649	-4.82288	1.42659	21.2381	12.1655	20.4932	13.0557	-4.67567	1.47051	0.0654939	0.0635637	0.647505	0.266171	7.59267	3.39487	7.59267
20.1357	13.1546	-4.83302	1.37937	20.2433	13.2333	20.2589	13.1276	-4.69142	1.40437	0.0656752	0.0635068	0.646831	0.265883	0.934779	0.934779	7.59267
19.8906	13.2372	-4.84014	1.36302	19.1758	13.6223	20.0239	13.1962	-4.70591	1.3395	0.0658978	0.0634664	0.646157	0.265595	3.6669	0.934779	3.6669
19.677	13.2549	-4.84284	1.21031	19.89	13.0662	19.7882	13.2616	-4.71918	1.27594	0.0660302	0.0633982	0.64548	0.265324	4.2776	4.2776	3.6669
19.4393	13.3409	-4.848	1.20024	18.8414	14.4265	19.5518	13.3239	-4.73129	1.21372	0.0661663	0.0633343	0.644802	0.265037	3.65325	4.2776	3.65325
19.1716	13.4038	-4.88739	1.11987	18.9873	13.4215	19.3149	13.3831	-4.7423	1.15287	0.0664302	0.0632731	0.644139	0.264754	1.73189	1.73189	3.65325
18.9264	13.4453	-4.90626	1.01776	19.2999	12.6552	19.0774	13.4392	-4.75226	1.09341	0.0667283	0.0632053	0.643483	0.264491	1.78246	1.73189	1.78246
18.6941	13.4598	-4.91304	0.879726	18.7874	13.332	18.8395	13.4925	-4.76124	1.03538	0.0669971	0.0631554	0.642828	0.264305	1.36274	1.36274	1.78246
18.4409	13.4989	-4.93364	0.786816	17.9617	13.7891	18.6011	13.5429	-4.76928	0.97879	0.0673361	0.0631205	0.642182	0.264171	1.08782	1.36274	1.08782
18.229	13.5851	-4.91745	0.803739	18.5012	13.776	18.3624	13.5904	-4.77644	0.923668	0.0675471	0.0630532	0.641526	0.263946	5.75115	5.75115	1.08782
17.9858	13.664	-4.9084	0.861703	17.2223	14.5158	18.1233	13.6353	-4.78278	0.870034	0.067774	0.0629997	0.640865	0.263663	4.9416	5.75115	4.9416
17.764	13.7126	-4.90013	0.814402	17.9436	13.7469	17.8839	13.6775	-4.78834	0.817907	0.0679278	0.0629533	0.640201	0.263381	1.6857	1.6857	4.9416
17.5257	13.7477	-4.91518	0.705382	17.9681	13.9542	17.6443	13.7172	-4.79318	0.767303	0.068076	0.0629019	0.639543	0.263116	3.27245	1.6857	3.27245
17.2831	13.7697	-4.92245	0.613515	17.3027	13.7285	17.4044	13.7543	-4.79734	0.718238	0.0682331	0.062839	0.638888	0.26288	0.116422	0.116422	3.27245
17.0433	13.8146	-4.92649	0.570149	17.0811	14.3435	17.1644	13.789	-4.80088	0.670728	0.0683887	0.0627833	0.638236	0.262642	1.88929	0.116422	1.88929
16.8132	13.8634	-4.92144	0.544015	16.9456	13.9531	16.9242	13.8214	-4.80385	0.624784	0.0685068	0.0627466	0.637582	0.26239	1.31989	1.31989	1.88929
16.5731	13.8795	-4.91991	0.477294	17.3034	12.7369	16.6839	13.8516	-4.80628	0.580418	0.0686237	0.0626933	0.636929	0.262155	4.76254	1.31989	4.76254
16.364	13.8694	-4.89571	0.358782	16.6201	13.7709	16.4434	13.8795	-4.80823	0.537642	0.0686482	0.0626289	0.63627	0.262007	3.90656	3.90656	4.76254
16.1269	13.9147	-4.88472	0.402254	16.2884	13.7529	16.2029	13.9054	-4.80974	0.496465	0.0686644	0.0625644	0.635609	0.261767	1.9477	3.90656	1.9477
15.9138	13.9114	-4.86398	0.308257	16.1305	13.8507	15.9623	13.9292	-4.81085	0.456895	0.0686283	0.0625039	0.634945	0.261581	2.6095	2.6095	1.9477
15.6785	13.9351	-4.85506	0.305982	16.2232	13.2228	15.7217	13.9511	-4.8116	0.418941	0.0685849	0.0624427	0.634283	0.261358	2.89672	2.6095	2.89672
15.4401	13.9548	-4.85515	0.262132	15.4765	13.9799	15.481	13.9712	-4.81203	0.382607	0.0685386	0.0623818	0.633622	0.261142	0.100157	0.100157	2.89672
15.207	13.9782	-4.85205	0.223899	15.6433	14.169	15.2404	13.9895	-4.81218	0.347902	0.068484	0.0623188	0.632963	0.260931	2.41319	0.100157	2.41319
14.9928	14.0061	-4.83319	0.207559	15.2167	14.0962	14.9997	14.006	-4.81208	0.314829	0.0684134	0.0622539	0.632304	0.260705	2.94243	2.94243	2.41319
14.7703	14.0098	-4.82241	0.129956	16.1471	13.3014	14.7591	14.021	-4.81178	0.283394	0.0683441	0.0621912	0.631646	0.260528	9.2465	2.94243	9.2465
14.5171	14.0082	-4.83245	0.0606392	14.4216	13.9722	14.5184	14.0344	-4.8113	0.2536	0.0682732	0.0621382	0.630992	0.260406	0.525542	0.525542	9.2465
14.2713	14.003	-4.83518	-0.00533239	14.0834	13.8593	14.2778	14.0464	-4.81067	0.22545	0.0682031	0.0621053	0.630339	0.260348	0.640767	0.525542	0.640767
13.9999	14.0158	-4.85984	-0.0382759	13.7936	14.0438	14.0373	14.057	-4.80993	0.198947	0.0681539	0.0620693	0.629692	0.260302	2.21742	2.21742	0.640767
13.7399	14.0136	-4.86892	-0.0521503	12.7125	13.9172	13.7967	14.0663	-4.8091	0.174094	0.0681324	0.0620515	0.629048	0.260237	9.08208	2.21742	9.08208
13.5003	14.0196	-4.86649	-0.0832861	13.5367	14.0609	13.5563	14.0745	-4.80821	0.150893	0.0681097	0.0620377	0.628406	0.260186	0.158708	0.158708	9.08208
13.2552	14.0239	-4.86495	-0.0751326	13.1756	13.7467	13.3158	14.0815	-4.80729	0.129345	0.068095	0.0620289	0.627766	0.260084	1.52917	0.158708	1.52917
13.0275	14.0005	-4.84965	-0.152239	13.1207	13.9437	13.0755	14.0874	-4.80635	0.109452	0.0680599	0.0620901	0.627125	0.260087	0.639517	0.639517	1.52917
12.787	14.0003	-4.84473	-0.135222	13.012	13.4479	12.8351	14.0925	-4.80542	0.0912136	0.0680251	0.0621667	0.626486	0.260023	2.65366	0.639517	2.65366
12.5592	13.9807	-4.83072	-0.195118	12.65	13.9493	12.5949	14.0966	-4.80452	0.074632	0.0679748	0.0623234	0.625848	0.260043	0.484569	0.484569	2.65366
12.3242	14.0065	-4.8247	-0.106993	12.6389	13.9709	12.3546	14.1	-4.80366	0.0597074	0.0679194	0.0624028	0.625211	0.259887	2.40404	0.484569	2.40404
12.1069	14.0508	-4.80986	-0.0412028	12.3331	14.277	12.1144	14.1026	-4.80286	0.0464402	0.0678512	0.0623832	0.624575	0.259653	5.29364	5.29364	2.40404
11.8643	14.0861	-4.80991	0.0481461	11.5246	14.5844	11.8743	14.1046	-4.80214	0.0348309	0.0677838	0.0623254	0.623942	0.25939	2.37293	5.29364	2.37293
11.6135	14.0527	-4.81638	-0.0330901	11.5002	13.8978	11.6342	14.1061	-4.80151	0.0248797	0.0677216	0.0623086	0.62331	0.25914	1.93368	1.93368	2.37293
11.3772	14.1035	-4.81092	0.0961956	11.3723	14.7565	11.3941	14.1072	-4.80098	0.0165867	0.0676574	0.0622459	0.62268	0.258903	4.86292	1.93368	4.86292
11.1203	14.1306	-4.82438	0.129353	11.0254	14.2062	11.1541	14.1078	-4.80056	0.00995216	0.0676062	0.0621915	0.622053	0.258698	0.79961	0.79961	4.86292
10.8852	14.1121	-4.82369	0.0229714	11.244	14.1065	10.914	14.1082	-4.80025	0.00497615	0.0675505	0.0621291	0.621428	0.258438	2.11578	0.79961	2.11578
10.6232	14.1066	-4.83992	-0.00462898	10.468	14.0591	10.674	14.1084	-4.80006	0.00165874	0.067521	0.0620668	0.620806	0.258179	1.32888	1.32888	2.11578
