0.312243	0.58034	0	0	0.312243	0.58034	0.6	0.6	5.19994	0	0.287757	0.0196602	5.19994	0	0
0.655022	0.547004	8.97812	3.01007e-16	0.862916	0.534212	0.859997	0.600045	5.19975	0.00179686	0.249819	0.0399995	4.54508	0.00127057	28.1593
1.16194	0.489868	8.94917	-0.909679	1.17385	0.481073	1.11998	0.600225	5.19943	0.00538996	0.205409	0.071597	4.29636	0.528317	0.155642
1.22463	0.546661	8.4991	0.803101	0.969149	0.397513	1.37996	0.600629	5.19898	0.0107781	0.194104	0.067622	4.07022	0.605213	2.02855
1.63387	0.598652	8.50145	1.2454	1.65063	0.62469	1.6399	0.601347	5.19839	0.0179597	0.173633	0.060495	3.92879	0.77094	0.079275
1.86746	0.574726	5.77726	0.31969	1.62331	0.499091	1.89982	0.60247	5.19766	0.0269323	0.159055	0.0563737	3.59428	0.713845	2.10564
2.16377	0.608887	5.82147	0.456815	2.18882	0.648739	2.1597	0.604086	5.19678	0.0376932	0.147264	0.0522234	3.33602	0.679612	0.157619
2.36733	0.66179	5.32275	0.94445	1.96701	0.557117	2.41954	0.606284	5.19573	0.0502389	0.138984	0.0526449	3.12088	0.709993	2.28931
2.63472	0.688805	5.41969	0.838857	2.65526	0.66598	2.67932	0.609155	5.1945	0.0645654	0.131876	0.056289	2.94336	0.717422	0.0729928
2.91119	0.660759	5.619	0.111119	2.92034	0.645898	2.93904	0.612786	5.19309	0.080668	0.125418	0.0555135	2.79556	0.680675	0.183771
3.12772	0.653122	5.27913	-0.0371168	3.01222	0.637046	3.19869	0.617267	5.19147	0.0985415	0.121481	0.0540228	2.66559	0.650285	0.879691
3.42856	0.516259	5.61496	-1.7194	3.56096	0.485311	3.45825	0.622685	5.18963	0.11818	0.116625	0.0601593	2.55506	0.817939	1.0309
3.74995	0.365407	5.63395	-3.02166	3.89365	0.311793	3.71772	0.62913	5.18754	0.139576	0.112406	0.0932242	2.45794	1.17741	1.54889
4.04174	0.534703	5.00001	-0.277508	4.19786	0.698311	3.97708	0.636689	5.18519	0.162724	0.109687	0.0938772	2.36905	1.14066	4.47748
4.28536	0.543183	4.92667	0.069469	4.30935	0.578564	4.23632	0.645449	5.18256	0.187614	0.106721	0.0944597	2.28967	1.10241	0.133099
4.53581	0.615638	5.27397	0.970734	4.61908	0.68951	4.49542	0.655498	5.17962	0.214238	0.103824	0.0920015	2.21709	1.08402	0.578226
4.62549	0.830897	3.66324	2.6217	4.35143	0.899174	4.75437	0.666921	5.17634	0.242587	0.105463	0.097714	2.18198	1.19956	5.96047
4.91234	0.777435	4.60319	1.47963	5.20901	0.66599	5.01315	0.679804	5.1727	0.272649	0.10521	0.0977094	2.12475	1.19997	3.53159
5.23983	0.73603	5.03712	0.48164	5.51894	0.648233	5.27175	0.694234	5.16867	0.304413	0.102666	0.0955855	2.0683	1.16867	5.74931
5.48917	0.719081	5.77367	-0.0185551	5.22834	0.639362	5.53013	0.710295	5.16422	0.337868	0.100484	0.0931859	2.02053	1.14187	1.19727
5.83856	0.706897	6.32003	-0.34961	6.022	0.708619	5.78828	0.728072	5.15932	0.372999	0.0986745	0.0910575	1.98803	1.12545	2.15721
6.09117	0.506323	5.36607	-2.33425	5.89392	0.373584	6.04618	0.747647	5.15393	0.409793	0.0968818	0.10277	1.94285	1.24552	1.69882
6.35528	0.772498	4.99849	0.706977	6.34249	0.948833	6.30379	0.769103	5.14803	0.448233	0.0953585	0.100514	1.9004	1.21934	4.46841
6.60626	0.819772	5.2803	1.08408	6.62134	0.836138	6.5611	0.792523	5.14157	0.488305	0.0938046	0.0985545	1.86061	1.19984	0.0387046
6.83149	0.766789	5.17132	0.278969	6.78214	0.714036	6.81808	0.817988	5.13452	0.52999	0.0919485	0.0971047	1.82303	1.17667	0.5261
7.09361	0.703929	5.129	-0.495391	7.29121	0.630741	7.07469	0.845578	5.12685	0.573269	0.0902392	0.0991886	1.78763	1.1727	0.757467
7.2646	0.876794	4.54051	1.12201	7.13735	0.957217	7.3309	0.875373	5.11851	0.618123	0.089467	0.0973348	1.75773	1.15486	2.07833
7.58363	0.872621	5.78412	0.769691	8.08349	0.819605	7.58668	0.907449	5.10946	0.664531	0.0878567	0.0958072	1.73076	1.13422	3.5573
7.83585	0.771312	5.5499	-0.629928	7.80533	0.719126	7.84199	0.941886	5.09966	0.712469	0.0863362	0.0993267	1.70271	1.14203	0.506017
8.10827	0.785085	5.29983	-0.463342	8.40453	0.884557	8.0968	0.978759	5.08907	0.761915	0.0849109	0.103862	1.67454	1.14491	1.254
8.3138	0.820185	4.99674	0.00720657	8.24796	0.840322	8.35106	1.01814	5.07766	0.812843	0.0837977	0.108182	1.64737	1.13555	0.376631
8.56747	1.04112	5.29414	2.36356	8.45858	1.41118	8.60472	1.06011	5.06537	0.865226	0.0827404	0.106531	1.62193	1.14862	3.75099
8.79596	1.08729	5.18166	2.25704	8.74615	1.04858	8.85775	1.10473	5.05216	0.919037	0.0821842	0.104949	1.59733	1.15481	0.311354
9.13595	1.13933	5.51258	1.89692	9.8809	1.1419	9.1101	1.15208	5.03798	0.974245	0.0810878	0.103417	1.57576	1.14866	6.8521
9.35474	1.10659	5.11129	0.846627	9.25579	1.04913	9.36172	1.20223	5.0228	1.03082	0.0799297	0.103203	1.55316	1.13256	1.04929
9.65142	1.25681	5.49376	1.86918	10.1016	1.52474	9.61255	1.25524	5.00656	1.08873	0.0790775	0.10176	1.53359	1.12426	3.54963
9.93955	1.40665	5.58942	2.63047	10.0484	1.44598	9.86254	1.31118	4.98922	1.14794	0.0790223	0.101595	1.51594	1.13544	0.899433
10.1983	1.5849	4.90048	3.2867	10.5377	1.72555	10.1117	1.37011	4.97074	1.20841	0.0792321	0.106132	1.4959	1.17002	1.68919
10.3867	1.55034	4.57137	1.86809	10.2492	1.45907	10.3598	1.4321	4.95106	1.2701	0.0783282	0.106459	1.47785	1.15889	2.16522
10.6328	1.65038	4.7428	1.98576	10.9084	1.70343	10.6069	1.49721	4.93014	1.33298	0.0774512	0.107874	1.45956	1.14895	0.95326
10.8332	1.5407	4.41894	0.322021	10.7313	1.45265	10.853	1.56549	4.90794	1.39701	0.0765632	0.106621	1.44367	1.14721	1.66988
11.1281	1.52959	5.59461	-0.257633	11.4783	1.42876	11.0979	1.637	4.8844	1.46213	0.0757893	0.10664	1.43059	1.16412	1.87882
11.4374	1.57871	6.01326	0.102129	11.587	1.61462	11.3416	1.71179	4.85948	1.52832	0.0763138	0.107329	1.42476	1.17088	1.57917
11.6732	1.56654	5.54512	-0.228457	11.4763	1.53917	11.584	1.78992	4.83313	1.59551	0.076631	0.111318	1.41256	1.18971	0.541406
11.8643	1.7106	4.99862	0.96358	11.7788	1.74591	11.8251	1.87144	4.80531	1.66366	0.0760001	0.112655	1.39707	1.18104	0.853176
12.123	1.84546	5.39043	2.01016	12.136	2.14937	12.0647	1.95639	4.77598	1.73273	0.0756589	0.112618	1.38477	1.16884	0.987683
12.3626	1.82484	5.42622	1.18392	12.3226	1.78353	12.3029	2.04482	4.74508	1.80265	0.0753554	0.115942	1.37356	1.15986	0.36112
12.6224	1.86047	5.72262	1.05418	12.5457	1.77728	12.5394	2.13677	4.71257	1.87338	0.0755221	0.121462	1.36697	1.15379	0.162065
12.761	2.14113	4.53894	2.99794	12.5924	2.17509	12.7743	2.23227	4.67842	1.94485	0.0747716	0.120919	1.3531	1.15182	2.5234
13.0329	2.35307	5.17986	4.24404	13.2198	2.6644	13.0075	2.33137	4.64258	2.01701	0.0741077	0.119743	1.34165	1.18294	1.55203
13.2124	2.46397	4.78557	3.64514	13.0875	2.40708	13.2388	2.43409	4.605	2.08981	0.0734707	0.118637	1.32867	1.19136	1.30199
13.3395	2.77322	3.80509	5.19015	12.7087	3.12439	13.4682	2.54047	4.56565	2.16317	0.0749176	0.121844	1.32006	1.2523	5.39511
13.6833	2.6718	4.64613	2.31663	13.836	2.62479	13.6955	2.65053	4.52448	2.23703	0.0742265	0.120724	1.30765	1.24048	3.24601
13.9013	2.78476	4.86965	2.25945	13.8302	2.73893	13.9208	2.7643	4.48147	2.31134	0.0735837	0.119634	1.29656	1.22896	0.0914162
14.1422	2.91745	5.0881	2.35276	14.2106	2.94205	14.1439	2.88179	4.43656	2.38601	0.072912	0.118639	1.28772	1.21774	0.334845
14.4091	2.99608	5.46903	1.93318	14.5568	2.87021	14.3646	3.00303	4.38974	2.46099	0.0725026	0.117578	1.2843	1.20888	0.335662
14.6071	2.96427	5.11015	0.619881	14.4616	2.90734	14.583	3.12802	4.34097	2.5362	0.0719349	0.118544	1.27705	1.22482	1.67174
14.8352	3.15992	5.12963	1.86946	14.6754	3.96041	14.7989	3.25679	4.29021	2.61157	0.0714711	0.118203	1.27078	1.21812	3.91892
15.0135	3.44289	4.13824	3.43777	15.0261	3.5067	15.0122	3.38932	4.23744	2.68703	0.070863	0.117405	1.26003	1.2117	0.744661
15.2309	3.67392	4.10935	4.44006	15.3685	4.14761	15.2228	3.52563	4.18263	2.76249	0.0702778	0.117986	1.24953	1.22092	1.7278
15.4518	3.82777	4.26092	4.12787	15.5236	3.82936	15.4306	3.66572	4.12575	2.83789	0.0697521	0.11884	1.23936	1.22208	0.403728
15.6759	3.93162	4.49515	3.39665	15.7234	3.4105	15.6355	3.80957	4.06678	2.91315	0.0693772	0.118892	1.23053	1.21374	1.45465
15.9134	4.01174	4.69041	2.61566	15.9774	4.00094	15.8375	3.95719	4.00571	2.98817	0.0694852	0.118145	1.22377	1.20499	0.366985
16.1336	4.14032	4.42919	2.3917	16.3376	4.21632	16.0363	4.10854	3.94251	3.0629	0.0700061	0.117286	1.21569	1.19848	0.592723
16.3075	4.39797	4.10045	3.50328	16.3313	4.44499	16.2319	4.26363	3.87716	3.13723	0.0700958	0.117567	1.20662	1.19009	0.3995
16.5335	4.55236	4.4437	3.54843	16.7586	4.48231	16.4242	4.42242	3.80966	3.21109	0.0708532	0.117764	1.19999	1.18177	0.578169
16.6879	4.70169	4.20754	3.34901	16.6039	4.67344	16.613	4.5849	3.74	3.28438	0.0709162	0.117749	1.19237	1.17294	0.496633
16.8564	4.89046	3.60015	3.44376	16.9236	5.10119	16.7983	4.75103	3.66817	3.35704	0.0707442	0.118097	1.1836	1.16433	0.393894
16.9763	5.17374	3.03814	4.47048	16.9955	5.21099	16.9799	4.92077	3.59416	3.42897	0.0702311	0.121129	1.17689	1.16264	0.243437
17.1678	5.29004	3.60815	3.85117	17.3421	4.64623	17.1579	5.09409	3.51797	3.50008	0.0697378	0.12252	1.16851	1.15507	1.87405
17.3122	5.45059	3.54903	3.56443	17.2894	5.43542	17.3319	5.27094	3.4396	3.57028	0.0692843	0.123509	1.16032	1.14691	0.0597552
17.4953	5.51976	3.76063	2.69487	17.6463	4.74597	17.5019	5.45128	3.35907	3.63949	0.0688059	0.122913	1.15321	1.14434	2.39527
17.6981	5.61823	4.10552	2.28414	17.7853	5.62476	17.6679	5.63506	3.27637	3.70762	0.0684241	0.122084	1.14939	1.14863	0.491464
17.8763	5.75683	3.85643	2.20981	17.9216	6.07151	17.8297	5.82221	3.19151	3.77458	0.0681754	0.121494	1.14421	1.15525	0.551094
18.0283	6.07451	3.32954	3.82408	18.1263	6.16985	17.9872	6.01269	3.10453	3.84027	0.0678859	0.120893	1.13685	1.14752	1.68668
18.1824	6.3108	3.21889	4.59654	18.1245	6.79027	18.1402	6.20641	3.01542	3.90462	0.0676109	0.12069	1.12959	1.14271	0.904192
18.2448	6.642	2.17816	5.63582	18.2164	6.66138	18.2888	6.40332	2.92421	3.96753	0.0673573	0.122951	1.12544	1.15107	0.214785
18.3717	6.91186	2.40297	5.98628	18.4022	7.02231	18.4328	6.60333	2.83093	4.0289	0.0672809	0.127057	1.11926	1.16495	0.196051
18.5621	6.86359	2.49833	3.23327	18.5422	6.76013	18.572	6.80638	2.7356	4.08867	0.066863	0.126414	1.11247	1.16155	1.99314
18.707	7.08689	3.16515	4.09466	18.8089	7.24388	18.7064	7.01237	2.63825	4.14672	0.0664438	0.125898	1.10706	1.15428	0.552823
18.9629	7.16494	4.08648	2.9723	19.1441	7.18344	18.8359	7.22122	2.53893	4.20299	0.0675238	0.125274	1.11356	1.15525	2.3486
19.0681	7.29575	3.33052	2.48522	18.5479	7.4012	18.9604	7.43283	2.43767	4.25737	0.0681574	0.125425	1.11114	1.16474	2.87804
19.0554	7.76362	1.2869	4.57394	19.0138	7.8688	19.0798	7.64712	2.3345	4.3098	0.0677982	0.125321	1.11039	1.15807	2.51774
19.2014	7.92936	2.54438	4.67778	19.3089	7.67375	19.1939	7.86397	2.22949	4.36017	0.0673984	0.124777	1.1043	1.15168	0.770103
19.2532	8.15961	2.3034	4.58247	19.132	8.12845	19.3028	8.08329	2.12266	4.40842	0.0672162	0.124317	1.09796	1.14504	0.945205
19.3413	8.36272	2.50723	4.64016	19.0239	8.17194	19.4062	8.30497	2.01409	4.45445	0.0671895	0.123749	1.09285	1.13854	1.66012
19.4573	8.40206	2.73037	3.14918	19.347	8.30741	19.5042	8.5289	1.90381	4.49819	0.066991	0.123785	1.09016	1.14118	1.6221
19.5877	8.53466	2.88195	2.81185	19.6843	8.35902	19.5966	8.75494	1.7919	4.53956	0.0666162	0.125299	1.09016	1.14952	0.110983
19.7735	8.76838	3.43634	3.42695	20.0039	8.8906	19.6835	8.983	1.67841	4.57848	0.0669254	0.126653	1.09992	1.14955	4.21839
19.8692	8.96349	2.65419	3.3	19.6061	9.48659	19.7645	9.21294	1.56341	4.61488	0.0674604	0.128663	1.09981	1.15151	1.04701
19.973	9.31157	2.14103	4.82267	20.1574	9.45949	19.8398	9.44463	1.44697	4.64869	0.0685266	0.128712	1.09617	1.14532	3.7859
20.0067	9.55817	1.3784	5.07661	19.6163	9.76606	19.9093	9.67795	1.32916	4.67984	0.0689065	0.128618	1.09021	1.13982	1.16241
20.0589	9.84435	1.04608	5.48146	20.1573	9.90876	19.9728	9.91275	1.21005	4.70826	0.0691152	0.128122	1.08447	1.13651	0.85294
20.0565	10.2296	0.638777	7.05432	19.1911	11.5493	20.0303	10.1489	1.08972	4.73389	0.0687997	0.12771	1.07969	1.15551	6.27533
20.1243	10.4746	0.95928	6.28837	20.166	10.4687	20.0818	10.3863	0.968259	4.75666	0.0685759	0.127358	1.07399	1.1601	0.240117
20.0968	10.7837	0.191941	6.25775	19.6775	10.803	20.1271	10.6247	0.845742	4.77652	0.068288	0.127729	1.07046	1.16391	1.74354
20.2143	10.9588	0.796298	5.21073	20.371	11.0109	20.1663	10.864	0.722256	4.7934	0.0681098	0.127433	1.06496	1.15867	1.91544
20.1832	11.3127	0.237101	6.24747	19.4335	12.3402	20.1993	11.1041	0.597892	4.80727	0.0677811	0.128519	1.06014	1.16188	3.83263
20.3003	11.4097	1.16197	4.66954	20.3164	11.3483	20.2261	11.3449	0.472738	4.81807	0.0678484	0.128034	1.05704	1.1561	0.825831
20.2303	11.6633	0.227002	4.45306	19.2063	12.2418	20.2466	11.5861	0.346889	4.82575	0.067528	0.127626	1.05181	1.1509	6.7084
20.3719	11.8086	1.02695	3.89789	20.6141	11.9422	20.2608	11.8275	0.220439	4.83027	0.0680958	0.127007	1.04966	1.14894	4.7559
20.3904	12.0172	1.25034	4.52264	19.966	11.9688	20.2687	12.0692	0.093487	4.83159	0.0688244	0.126488	1.05077	1.14371	1.97656
20.3136	12.4146	-0.0575825	5.81566	20.3263	12.4966	20.2701	12.3108	-0.0338694	4.82968	0.068623	0.126287	1.04566	1.14228	0.916349
20.2523	12.6742	-0.694595	5.61315	20.0192	12.4823	20.2652	12.5522	-0.161529	4.82451	0.0683041	0.126247	1.04193	1.1394	1.1163
20.3285	12.8298	-0.133274	4.55647	20.498	12.8924	20.254	12.7933	-0.28939	4.81605	0.0683656	0.125694	1.03707	1.13425	2.21134
20.3584	13.0004	0.153248	4.24501	20.9151	12.2555	20.2363	13.0339	-0.417348	4.80428	0.0690683	0.125142	1.03365	1.13019	1.87385
20.294	13.2182	-0.0563364	4.32783	20.1943	13.1688	20.2122	13.2738	-0.545298	4.78918	0.0691975	0.124672	1.02989	1.12578	0.721179
20.2603	13.4362	-0.105306	4.62214	19.858	13.5236	20.1818	13.5129	-0.673135	4.77072	0.0692903	0.124313	1.02657	1.12065	1.15871
20.2039	13.7728	-0.653904	5.44358	20.3245	13.8896	20.1449	13.7509	-0.800753	4.74892	0.0692025	0.123759	1.02195	1.11748	1.74895
20.1557	13.9938	-0.851616	4.96396	20.3387	13.5307	20.1017	13.9878	-0.928043	4.72374	0.0690799	0.123196	1.01732	1.11262	0.650451
20.0705	14.2841	-1.30754	5.30184	20.1216	14.337	20.0521	14.2233	-1.0549	4.69521	0.0687902	0.122776	1.01301	1.1091	0.33584
19.9826	14.5299	-1.42607	5.36118	19.6717	14.4038	19.9962	14.4573	-1.18121	4.66331	0.0684943	0.122418	1.00874	1.1061	1.28277
19.849	14.8097	-1.82605	5.51426	19.781	14.773	19.934	14.6897	-1.30687	4.62805	0.0686578	0.122397	1.00545	1.10435	0.35242
19.79	15.0025	-1.42029	4.98233	20.1149	14.0165	19.8655	14.9202	-1.43177	4.58944	0.0687205	0.122103	1.00104	1.10011	3.14341
19.84	15.1297	-0.755732	3.99699	20.0208	15.2053	19.7908	15.1486	-1.55581	4.54751	0.0685752	0.121583	0.999462	1.09652	2.42351
19.8069	15.2488	-0.690469	2.35516	20.0157	15.3443	19.7099	15.3749	-1.67887	4.50226	0.0688706	0.121623	0.999367	1.10983	1.51857
19.7597	15.4228	-1.02592	2.71242	19.9131	15.554	19.6229	15.5989	-1.80085	4.45372	0.0697325	0.122191	0.997663	1.11674	2.26746
19.7467	15.5226	-0.592828	2.98291	19.9388	15.0864	19.5298	15.8203	-1.92164	4.40193	0.0722503	0.124719	1.00093	1.11965	1.0804
19.5245	15.934	-2.27583	4.98417	19.4748	16.0098	19.4307	16.039	-2.04114	4.3469	0.0724584	0.124567	0.996947	1.11646	1.65906
19.4057	16.1528	-2.22077	4.95022	19.1556	16.0022	19.3257	16.2549	-2.15925	4.28868	0.0725246	0.124397	0.9928	1.11344	0.999812
19.299	16.3349	-2.03519	4.55384	19.238	16.2719	19.2148	16.4679	-2.27586	4.22731	0.0726286	0.124471	0.988931	1.10923	0.451766
19.1965	16.5193	-2.14087	3.92633	19.4007	16.2962	19.0981	16.6777	-2.39087	4.16284	0.0728762	0.124785	0.98513	1.10488	0.3377
18.9985	16.7939	-3.04073	4.38174	19.0029	16.8387	18.9757	16.8841	-2.50418	4.0953	0.0726085	0.124543	0.982309	1.10068	0.26046
18.8182	17.04	-3.73996	4.31372	18.8373	17.7112	18.8477	17.0872	-2.61571	4.02476	0.0723635	0.124112	0.983536	1.09654	3.00813
18.5753	17.3139	-4.5608	4.41333	18.6148	17.3832	18.7142	17.2866	-2.72534	3.95127	0.0731361	0.123639	0.993255	1.09293	0.420685
18.4576	17.505	-2.96767	4.15989	18.8177	17.0316	18.5752	17.4822	-2.83299	3.87489	0.073595	0.123164	0.989379	1.08888	2.37224
18.28	17.6896	-2.7107	4.10854	18.1023	17.5529	18.4309	17.674	-2.93858	3.79568	0.0745185	0.122686	0.985683	1.08494	2.72809
18.1744	17.825	-2.34025	3.387	18.2749	17.4877	18.2814	17.8617	-3.042	3.71372	0.0748274	0.122249	0.983783	1.08108	0.706058
18.1038	17.9708	-1.94485	3.20407	18.2094	18.0461	18.1268	18.0453	-3.14318	3.62906	0.0745643	0.121951	0.985625	1.07753	0.944063
18.0137	18.0497	-1.50782	1.94306	18.3021	17.498	17.9671	18.2246	-3.24204	3.5418	0.0743893	0.122445	0.993539	1.0825	1.89046
17.8861	18.177	-1.93929	2.14261	17.9018	18.2183	17.8026	18.3994	-3.3385	3.45199	0.074463	0.123515	0.997261	1.08441	0.1453
17.864	18.2546	-1.46443	1.81101	18.8558	18.1364	17.6334	18.5697	-3.43247	3.35973	0.0768484	0.126066	1.00814	1.08867	5.66719
17.4928	18.6394	-3.79579	4.17933	17.3845	18.7039	17.4595	18.7353	-3.5239	3.26509	0.0766135	0.125866	1.00461	1.08746	2.98237
17.3265	18.7667	-3.76465	3.26293	17.7945	18.0801	17.281	18.8962	-3.61271	3.16817	0.0764281	0.125893	1.00095	1.08343	1.76906
17.1655	18.8913	-3.64476	2.86758	17.1762	18.8863	17.0983	19.0521	-3.69883	3.06904	0.0763643	0.126187	0.997242	1.07955	0.0286418
17	19.0566	-3.52288	2.94428	16.9398	19.7311	16.9113	19.203	-3.78221	2.9678	0.0764629	0.126347	0.993818	1.07557	3.08529
16.7477	19.2156	-3.94156	3.11904	16.5734	19.052	16.7201	19.3488	-3.86278	2.86455	0.0762198	0.126399	0.990207	1.07186	3.10064
16.5213	19.4027	-4.57737	3.08504	16.1674	20.2201	16.5251	19.4894	-3.9405	2.75938	0.0759438	0.126156	0.988101	1.06833	3.14567
16.2396	19.5966	-5.16905	3.12881	16.2338	19.6171	16.3262	19.6246	-4.01531	2.65237	0.0760261	0.125724	0.989392	1.06525	0.0734377
16.0326	19.6669	-4.55464	2.45464	16.4366	18.2742	16.1237	19.7545	-4.08716	2.54364	0.0761443	0.125493	0.986643	1.06146	10.1874
15.8493	19.7889	-4.39092	2.15049	15.9243	19.8703	15.9176	19.8789	-4.15602	2.43329	0.0760917	0.125277	0.983338	1.05796	0.666156
15.6984	19.8659	-3.44621	1.86192	16.2328	19.2166	15.7082	19.9978	-4.22185	2.32141	0.0758278	0.125324	0.982028	1.05493	1.92228
15.4144	20.0901	-4.29125	2.85735	15.4332	20.1836	15.4956	20.111	-4.28461	2.2081	0.0758667	0.124898	0.978589	1.05264	0.796374
15.1705	20.2498	-4.90671	2.53482	14.3677	21.3406	15.2799	20.2185	-4.34427	2.09347	0.0761501	0.12449	0.976311	1.04962	5.44323
15.0728	20.3177	-3.79324	1.82581	15.2016	20.4385	15.0613	20.3203	-4.4008	1.97763	0.0758931	0.124061	0.974246	1.04607	1.95608
14.8605	20.3885	-4.06904	1.59197	14.7476	19.9571	14.84	20.4162	-4.4542	1.86068	0.0756518	0.123656	0.971427	1.04272	2.0862
14.6277	20.5209	-4.4503	1.6688	14.6665	20.6088	14.6161	20.5063	-4.50443	1.74272	0.0754002	0.123241	0.968127	1.03919	0.53318
14.3688	20.6263	-4.98006	1.64316	13.841	21.0031	14.3897	20.5904	-4.55149	1.62386	0.0751647	0.122859	0.965494	1.03567	0.806104
14.1189	20.6912	-5.043	1.2946	14.0521	20.5924	14.1611	20.6686	-4.59537	1.50421	0.074992	0.12246	0.962947	1.03233	0.7754
13.8744	20.7693	-4.96741	1.21894	13.8232	20.859	13.9304	20.7408	-4.63606	1.38386	0.0748813	0.122073	0.960113	1.02897	0.068676
13.5699	20.8453	-5.42654	1.22032	13.4686	20.7253	13.6977	20.807	-4.67357	1.26294	0.0753543	0.121708	0.958888	1.02557	1.38211
13.3428	20.8658	-5.20003	0.639542	13.8263	20.4261	13.4632	20.8671	-4.70789	1.14153	0.0757381	0.121307	0.956562	1.023	0.972435
13.1221	20.8767	-4.94413	0.211022	13.1072	20.8294	13.2271	20.9211	-4.73904	1.01975	0.0759659	0.120964	0.953575	1.02174	0.157035
12.9318	20.9092	-4.26699	0.136306	13.2669	21.1579	12.9895	20.969	-4.76702	0.897694	0.0758615	0.120667	0.951328	1.02027	1.95243
12.7874	20.9417	-3.82585	-0.10721	12.8729	21.0592	12.7506	21.0108	-4.79186	0.775469	0.075674	0.120405	0.951423	1.01944	1.20293
12.5251	20.9866	-4.60213	0.0608804	11.5171	21.6724	12.5106	21.0465	-4.81358	0.653175	0.0754401	0.120114	0.94852	1.01727	3.06227
12.223	21.0799	-5.18936	0.64794	12.2062	21.11	12.2695	21.0761	-4.83219	0.530912	0.0752908	0.119731	0.945924	1.01407	0.206127
12.0101	21.0794	-5.17067	-0.0549949	12.3859	21.1066	12.0276	21.0996	-4.84773	0.408778	0.075065	0.119362	0.943276	1.01153	0.856379
11.7576	21.0363	-5.12489	-0.413107	11.6814	20.8651	11.785	21.117	-4.86022	0.286869	0.0748601	0.119158	0.940539	1.00987	1.97691
11.5175	21.0083	-4.79444	-0.495941	11.5265	20.6748	11.5418	21.1283	-4.86971	0.165281	0.0746506	0.119164	0.937614	1.00807	1.0692
11.3223	21.009	-4.50386	-0.671374	11.363	21.0688	11.2982	21.1335	-4.87623	0.0441057	0.0744426	0.119198	0.935159	1.00651	0.308812
11.0592	20.9571	-4.79654	-0.883522	10.5558	20.5567	11.0544	21.1327	-4.87982	-0.076565	0.0742134	0.119628	0.932291	1.0054	4.2608
10.8724	20.9206	-4.42173	-1.19039	10.8903	20.927	10.8105	21.1259	-4.88053	-0.196643	0.074144	0.120339	0.930121	1.00533	0.0452272
10.5692	20.9325	-4.82311	-0.542277	9.30535	21.3896	10.5666	21.1131	-4.8784	-0.31604	0.0739179	0.120797	0.927291	1.00242	4.20276
10.1793	21.0901	-5.78621	1.28165	10.189	21.209	10.3229	21.0943	-4.87349	-0.434674	0.0745369	0.120431	0.927203	1.00827	1.37189
9.95936	21.0417	-5.5459	-0.464516	9.97958	21.2932	10.0795	21.0697	-4.86585	-0.552463	0.0748951	0.120087	0.925912	1.00525	1.61944
9.90955	20.9752	-3.52753	-0.561489	9.99634	20.9797	9.83658	21.0391	-4.85554	-0.669327	0.0748837	0.119829	0.928838	1.00227	1.19964
9.68879	20.9483	-4.07467	-0.849894	9.38223	21.111	9.59422	21.0028	-4.84262	-0.785189	0.0750161	0.119546	0.927963	0.999293	0.326432
9.52494	20.9007	-3.78787	-1.18226	9.53921	20.8762	9.35258	20.9607	-4.82714	-0.899977	0.0759598	0.119281	0.928661	0.996569	0.0747341
9.35568	20.8406	-3.94696	-1.80022	9.63392	20.9724	9.11177	20.9128	-4.80919	-1.01362	0.0780123	0.119059	0.928284	0.995464	0.81722
8.84301	20.8806	-6.32591	-0.0891956	8.70331	20.8221	8.87192	20.8594	-4.78881	-1.12605	0.0778152	0.118721	0.933	0.995711	2.75717
8.65693	20.7776	-5.33072	-1.24633	9.84634	20.009	8.63315	20.8003	-4.76608	-1.2372	0.0776099	0.118388	0.931279	0.992812	5.35752
8.29592	20.6903	-6.1856	-1.37783	8.22277	20.4839	8.39557	20.7358	-4.74108	-1.34701	0.0777552	0.118096	0.935056	0.989941	2.7885
8.02098	20.6233	-5.89411	-1.44858	8.29647	20.4978	8.1593	20.6657	-4.71387	-1.45542	0.0782374	0.117801	0.936648	0.987093	0.231268
7.86556	20.5145	-4.79327	-1.9182	7.88599	20.45	7.92445	20.5903	-4.68453	-1.56237	0.0781404	0.117603	0.934004	0.984636	0.49439
7.68393	20.4282	-4.51804	-2.39403	8.29081	20.6565	7.69111	20.5096	-4.65313	-1.66781	0.07792	0.117429	0.931403	0.983359	2.82826
7.24754	20.3937	-6.06481	-1.84678	7.18029	20.392	7.45939	20.4237	-4.61975	-1.7717	0.0793145	0.117118	0.935098	0.980594	0.839913
6.9694	20.2991	-5.90975	-1.98543	7.09214	20.1196	7.22939	20.3326	-4.58448	-1.87399	0.0814566	0.116816	0.937743	0.977871	0.281904
6.7872	20.1917	-4.96191	-2.28385	6.81542	20.1859	7.00119	20.2364	-4.54738	-1.97462	0.0827885	0.116537	0.935633	0.97541	0.184173
6.58027	20.092	-4.59513	-2.40532	6.89359	20.1536	6.7749	20.1352	-4.50854	-2.07357	0.0838231	0.116257	0.933053	0.973011	0.507946
6.3771	19.9957	-4.31648	-2.58248	6.38914	20.0137	6.55059	20.0292	-4.46805	-2.17079	0.0845799	0.115962	0.93054	0.970802	0.0331235
6.21514	19.8953	-3.94306	-2.85807	6.67637	20.2142	6.32834	19.9183	-4.42598	-2.26625	0.0847636	0.115656	0.92867	0.969124	2.6785
5.89454	19.8173	-4.82349	-2.6686	5.86119	19.8306	6.10823	19.8027	-4.38241	-2.35993	0.085995	0.115345	0.926703	0.966742	0.26809
5.62583	19.6691	-5.2101	-3.07178	5.28178	19.5036	5.89034	19.6824	-4.33744	-2.45178	0.0879498	0.115035	0.926418	0.965194	1.06111
5.60979	19.5063	-3.10278	-3.35812	5.69089	19.5755	5.67472	19.5577	-4.29114	-2.5418	0.0878416	0.114786	0.928033	0.964451	1.24359
5.50955	19.3179	-2.3956	-3.65953	5.9506	18.9859	5.46145	19.4284	-4.24359	-2.62995	0.0876761	0.114763	0.935401	0.964813	1.27011
5.20058	19.2678	-3.44224	-3.00618	5.17021	19.4397	5.25059	19.2948	-4.19488	-2.71622	0.0875178	0.114473	0.934519	0.962464	2.48994
5.12303	19.1356	-2.73348	-3.33026	5.87397	19.301	5.04219	19.157	-4.1451	-2.80059	0.0874837	0.114179	0.937699	0.960678	3.03973
4.91598	19.0026	-3.15524	-3.4366	4.89149	18.982	4.8363	19.015	-4.09432	-2.88305	0.0874442	0.11388	0.937706	0.958978	0.117606
4.67446	18.8535	-4.03748	-3.56819	3.98679	19.0452	4.63297	18.8689	-4.04263	-2.96359	0.0872657	0.113585	0.935235	0.957457	1.72576
4.4529	18.758	-4.27941	-3.19853	4.4685	18.834	4.43224	18.7188	-3.99012	-3.0422	0.0870498	0.113323	0.933019	0.955014	0.402219
4.30274	18.5937	-3.81887	-3.35131	4.69245	18.4634	4.23416	18.5648	-3.93685	-3.11888	0.0869638	0.113047	0.930625	0.952671	0.597875
4.22476	18.449	-2.82117	-3.35917	4.26269	18.481	4.03876	18.4071	-3.88293	-3.19362	0.0877655	0.112794	0.931352	0.950275	0.291434
3.99139	18.305	-3.93957	-4.10202	3.42434	18.8357	3.84606	18.2457	-3.82841	-3.26644	0.0881586	0.112584	0.928983	0.949719	3.77262
3.54281	18.1927	-6.04781	-2.6665	3.45919	18.167	3.65611	18.0807	-3.77339	-3.33732	0.0883057	0.112581	0.940803	0.948498	1.23939
3.38382	18.0271	-5.0156	-3.15846	4.3011	17.9267	3.46891	17.9122	-3.71795	-3.40627	0.0882896	0.112593	0.942967	0.946241	3.29194
3.1293	17.8551	-5.14754	-3.17174	3.12525	17.7493	3.28449	17.7402	-3.66215	-3.47331	0.0887566	0.112604	0.946506	0.944081	0.668979
2.83853	17.6889	-5.72957	-3.94434	2.65664	17.888	3.10287	17.565	-3.60609	-3.53844	0.0905032	0.112664	0.956097	0.942136	0.782609
2.84448	17.5717	-3.26704	-3.70569	2.9449	17.8154	2.92405	17.3866	-3.54982	-3.60167	0.0904516	0.113144	0.953903	0.939794	4.98264
2.73556	17.3482	-2.70118	-4.5831	3.26647	17.0897	2.74805	17.2051	-3.49344	-3.66302	0.0902295	0.113313	0.953162	0.939697	1.74761
2.57008	17.1257	-2.50182	-4.94496	2.55407	17.0853	2.57486	17.0205	-3.437	-3.72251	0.0900054	0.113274	0.953074	0.941314	0.131105
2.4864	16.9327	-1.61154	-4.20399	2.55039	16.8884	2.4045	16.833	-3.38059	-3.78014	0.0899671	0.113211	0.958825	0.939454	0.282656
2.28533	16.7816	-2.21051	-4.05813	2.25371	16.8334	2.23695	16.6427	-3.32428	-3.83595	0.0898094	0.113351	0.95965	0.937267	0.426702
2.09947	16.5501	-2.72921	-4.11567	1.57735	16.0489	2.07221	16.4497	-3.26812	-3.88995	0.0896094	0.113291	0.958038	0.935101	4.80394
1.93425	16.2945	-2.9718	-4.6498	1.88972	16.1054	1.91027	16.254	-3.21219	-3.94216	0.0894062	0.11305	0.955846	0.934126	2.42791
1.78073	16.1162	-3.01744	-4.2976	1.74362	16.2687	1.75112	16.0557	-3.15656	-3.99261	0.0892128	0.112854	0.953573	0.932098	0.306329
1.47298	16.0005	-4.31438	-3.58037	1.44745	16.0853	1.59474	15.8549	-3.10129	-4.04132	0.0893985	0.113035	0.954996	0.930395	0.768424
1.35043	15.7511	-3.67991	-4.77137	1.6097	15.5526	1.44111	15.6517	-3.04644	-4.08832	0.0894047	0.112974	0.953709	0.929364	1.23039
1.17756	15.5074	-3.47275	-4.98844	1.18395	15.4284	1.29021	15.4463	-2.99207	-4.13364	0.0895303	0.112782	0.952006	0.929021	0.395667
0.98633	15.3138	-3.46812	-4.54603	0.828993	15.528	1.14201	15.2386	-2.93825	-4.1773	0.0899607	0.112633	0.95044	0.927156	0.719553
0.744537	15.0869	-4.03953	-4.63372	0.722706	15.0075	0.996486	15.0288	-2.88503	-4.21933	0.0914079	0.112437	0.95151	0.925396	0.466673
0.631982	14.9091	-3.28569	-4.38142	1.03147	15.2134	0.853604	14.8169	-2.83246	-4.25977	0.0924537	0.11235	0.949774	0.923249	2.15709
0.678733	14.7152	-1.53725	-4.0362	0.737301	14.7047	0.71333	14.603	-2.78061	-4.29864	0.0922668	0.112349	0.951364	0.921254	0.732384
0.598269	14.4666	-1.37275	-5.01457	0.722177	14.2445	0.575628	14.3872	-2.72952	-4.33598	0.092064	0.112218	0.953659	0.920269	0.86209
0.325551	14.2307	-2.90601	-4.86494	0.253435	14.2029	0.440459	14.1696	-2.67925	-4.37181	0.0921834	0.112034	0.951564	0.918742	0.950357
0.158267	13.9724	-3.29802	-5.53813	-0.0328023	13.9604	0.307779	13.9502	-2.62984	-4.40617	0.0925306	0.111784	0.950447	0.919843	0.366825
0.367979	13.7025	0.0680323	-4.9941	0.459172	13.6856	0.177545	13.7292	-2.58135	-4.43909	0.0932179	0.111541	0.96516	0.918495	1.94033
0.30888	13.468	0.0575578	-5.35266	0.0524412	13.6377	0.0497099	13.5065	-2.53381	-4.47061	0.0946459	0.111316	0.978807	0.918331	0.871257
-0.0614598	13.263	-2.57297	-4.22591	-0.190344	13.2856	-0.0757753	13.2823	-2.48728	-4.50075	0.0944345	0.111069	0.976587	0.91642	3.02823
-0.181537	13.0391	-2.87037	-4.87587	-0.275043	13.1456	-0.198962	13.0566	-2.44179	-4.52955	0.0942269	0.110823	0.974794	0.914633	0.334276
-0.0476757	12.8558	-0.593678	-4.18452	0.0462308	12.9301	-0.319903	12.8295	-2.39739	-4.55704	0.0957803	0.110586	0.980125	0.912905	1.9305
-0.201575	12.6145	-1.3997	-4.65738	-0.684792	12.3563	-0.438654	12.6011	-2.35412	-4.58326	0.09688	0.11034	0.98001	0.91086	2.87866
-0.418796	12.4009	-2.67995	-4.36947	-0.476482	12.3633	-0.555273	12.3714	-2.31202	-4.60823	0.0970936	0.11011	0.978121	0.908956	0.609863
-0.614814	12.1914	-3.70599	-5.02007	-0.972122	12.5207	-0.669818	12.1404	-2.27111	-4.63198	0.0969463	0.109917	0.980633	0.907296	2.66712
-0.635258	11.9892	-2.26375	-4.81672	-0.582624	12.0386	-0.78235	11.9083	-2.23144	-4.65456	0.0972264	0.109805	0.978454	0.905342	0.660621
-0.882647	11.7436	-3.60315	-5.06175	-1.26757	11.6495	-0.892931	11.6751	-2.19304	-4.67598	0.0970135	0.109656	0.980782	0.903701	1.72231
-1.1426	11.4915	-4.49776	-4.97016	-1.17212	11.3988	-1.00163	11.4409	-2.15594	-4.69628	0.0972507	0.109466	0.990886	0.901892	0.662099
-1.23477	11.2304	-3.4845	-4.89219	-0.891441	10.959	-1.1085	11.2057	-2.12017	-4.71549	0.0973968	0.109238	0.992831	0.899988	2.34842
-1.39763	11.0207	-3.34287	-4.72021	-1.39289	11.0424	-1.21362	10.9695	-2.08575	-4.73364	0.0979416	0.109051	0.994138	0.898021	0.0396034
-1.4886	10.7804	-2.64631	-5.53116	-1.29894	10.9012	-1.31706	10.7324	-2.05273	-4.75075	0.0983809	0.10886	0.992746	0.897543	0.995169
-1.54411	10.5084	-1.71196	-5.61702	-1.49687	10.4198	-1.41889	10.4945	-2.02111	-4.76686	0.0985128	0.108628	0.990804	0.897343	0.682192
-1.62555	10.2319	-1.29981	-5.52384	-1.59293	10.0212	-1.51917	10.2559	-1.99093	-4.78198	0.0985481	0.108405	0.989707	0.896731	0.569881
-1.61516	10.0614	-0.297726	-4.95623	-1.61875	10.2374	-1.61797	10.0165	-1.96221	-4.79615	0.0983366	0.108212	0.993582	0.894866	2.02331
-1.61127	9.84611	0.264722	-4.82697	-1.59702	9.96554	-1.71539	9.77637	-1.93498	-4.80939	0.098362	0.108077	1.00183	0.892953	0.176258
-1.68792	9.64427	-0.0617516	-4.70725	-1.73381	9.71347	-1.81147	9.53564	-1.90924	-4.82172	0.0984828	0.108079	1.00694	0.891082	0.549365
-1.86997	9.37976	-1.64484	-5.14553	-2.27191	9.37316	-1.90631	9.29431	-1.88502	-4.83316	0.0983025	0.107993	1.00492	0.889424	2.89993
-1.93959	9.03095	-1.58212	-5.95577	-1.93833	8.77028	-1.99998	9.05243	-1.86233	-4.84374	0.0981733	0.107774	1.00296	0.890481	4.42825
-1.99597	8.81914	-1.39096	-5.29825	-1.96565	9.13274	-2.09256	8.81003	-1.8412	-4.85347	0.0981667	0.107549	1.00128	0.889076	1.31555
-2.15379	8.55919	-2.11329	-5.43677	-2.1768	8.5411	-2.18412	8.56717	-1.82164	-4.86238	0.0979807	0.107325	0.999361	0.887991	0.131214
-2.41181	8.25351	-3.91116	-5.87039	-2.65862	8.19477	-2.27474	8.32388	-1.80365	-4.87047	0.0981759	0.107198	1.00651	0.888487	1.60055
-2.30918	8.06261	-1.37319	-5.08868	-2.21875	8.15339	-2.3645	8.0802	-1.78726	-4.87778	0.0980368	0.106981	1.00478	0.886746	2.2561
-2.2937	7.8927	-0.511688	-4.85656	-2.273	8.52315	-2.45348	7.83617	-1.77248	-4.8843	0.0983717	0.106822	1.00597	0.884913	5.1682
-2.51612	7.61335	-1.92245	-5.36339	-2.59674	7.60288	-2.54177	7.59184	-1.75931	-4.89006	0.0981829	0.106611	1.00395	0.883613	0.99562
-2.79187	7.32016	-3.96281	-5.50977	-3.08256	7.38874	-2.62944	7.34723	-1.74777	-4.89507	0.0985317	0.106406	1.01188	0.882678	2.18709
-2.85467	7.08856	-2.80444	-5.31004	-2.79865	7.064	-2.71658	7.10238	-1.73786	-4.89933	0.0987254	0.106192	1.01211	0.881265	0.529273
-2.84865	6.8772	-1.40359	-5.16833	-2.79412	7.20818	-2.80326	6.85734	-1.72958	-4.90286	0.098567	0.105984	1.01026	0.879635	2.15974
-2.77488	6.75271	-0.104603	-3.79124	-2.74651	6.86867	-2.88957	6.61214	-1.72295	-4.90566	0.0986376	0.106147	1.01346	0.880712	1.46121
-2.74156	6.56577	0.473342	-3.76246	-2.57673	6.36755	-2.97559	6.36681	-1.71797	-4.90774	0.0995539	0.106683	1.02094	0.881938	0.934563
-2.83325	6.30766	-0.105084	-4.26674	-2.90217	6.22989	-3.0614	6.12139	-1.71464	-4.90911	0.1004	0.107121	1.02398	0.881106	1.12226
-3.0698	6.00589	-2.66574	-4.80216	-3.50172	6.10796	-3.14709	5.87592	-1.71297	-4.90976	0.100319	0.107222	1.02371	0.879369	5.61462
-3.1968	5.71881	-2.90632	-5.14673	-3.1778	5.53101	-3.23274	5.63043	-1.71295	-4.9097	0.100144	0.107154	1.02444	0.877743	2.28338
-3.3022	5.42955	-2.72156	-5.70462	-3.19736	5.19093	-3.31843	5.38496	-1.71458	-4.90893	0.0999505	0.106978	1.02437	0.877432	0.993483
-3.44954	5.14109	-2.90043	-5.7329	-3.43031	5.10507	-3.40424	5.13955	-1.71787	-4.90745	0.0997934	0.106766	1.02504	0.877233	0.101039
-3.49534	4.90851	-1.88237	-5.50179	-3.4281	4.94644	-3.49026	4.89422	-1.72281	-4.90525	0.0995973	0.106559	1.02307	0.876304	0.599305
-3.66604	4.56429	-2.35604	-6.27398	-3.69435	4.52196	-3.57657	4.64902	-1.72939	-4.90233	0.0995596	0.106483	1.02182	0.878792	0.344869
-3.72882	4.32461	-1.95157	-5.2725	-3.50501	4.17643	-3.66325	4.40398	-1.73763	-4.89868	0.0994494	0.10639	1.01991	0.877385	1.31534
-3.91209	4.02249	-2.61505	-5.75171	-4.00238	4.04684	-3.75039	4.15913	-1.74749	-4.8943	0.0997669	0.106524	1.01936	0.877308	0.634775
-3.93539	3.8526	-1.40372	-4.94437	-4.06447	4.10977	-3.83806	3.91452	-1.75899	-4.88918	0.0997576	0.106388	1.01762	0.875613	1.85792
-3.93767	3.7082	-0.756583	-3.92585	-3.88053	3.75177	-3.92635	3.67019	-1.77212	-4.8833	0.0995673	0.106208	1.01761	0.875944	0.602946
-3.96154	3.60057	-0.426675	-3.09628	-4.23729	3.88878	-4.01533	3.42616	-1.78686	-4.87666	0.0994316	0.106554	1.01915	0.881203	2.03382
-4.07867	3.31757	-1.19285	-4.18242	-4.15119	3.21968	-4.10509	3.18248	-1.8032	-4.86925	0.0992544	0.106678	1.0179	0.88054	1.52066
-4.22998	2.99262	-2.36104	-5.37576	-4.27467	2.88187	-4.19571	2.93919	-1.82113	-4.86104	0.0990874	0.106526	1.0165	0.879433	1.30833
-4.38648	2.66037	-2.98325	-5.80012	-4.32451	2.55034	-4.28727	2.69633	-1.84065	-4.85202	0.0990878	0.106346	1.01701	0.879704	1.01614
-4.45007	2.41968	-1.96711	-5.45919	-4.38481	2.39989	-4.37985	2.45393	-1.86173	-4.84218	0.0989944	0.106165	1.0151	0.878857	0.458253
-4.56557	2.10701	-1.92186	-5.94502	-4.61223	2.09192	-4.47352	2.21205	-1.88436	-4.83149	0.0989691	0.106161	1.01319	0.87986	0.180584
-4.61992	1.96805	-1.91644	-4.27346	-4.29257	1.92854	-4.56836	1.97072	-1.90853	-4.81994	0.0988335	0.105961	1.01128	0.878844	2.58984
-4.79041	1.60872	-2.85724	-5.62919	-4.86829	1.53442	-4.66444	1.72998	-1.93422	-4.80751	0.098949	0.106023	1.01097	0.878637	1.24645
-4.89593	1.39086	-2.33434	-4.92707	-4.98165	1.43611	-4.76186	1.48989	-1.9614	-4.79417	0.0991032	0.105998	1.00934	0.877034	0.379589
-4.92758	1.25435	-2.04342	-3.64876	-4.66779	1.28643	-4.86066	1.25049	-1.99007	-4.7799	0.0990029	0.105801	1.00746	0.878114	4.09794
-5.01142	1.10051	-1.91032	-3.23778	-4.98594	1.10894	-4.96095	1.01182	-2.02019	-4.76468	0.0988672	0.105742	1.00562	0.881399	0.0626697
-5.0584	0.888872	-1.86476	-3.44346	-4.85498	0.825661	-5.06277	0.77393	-2.05174	-4.74848	0.0986849	0.105778	1.00383	0.883335	2.50108
-5.19338	0.409482	-1.90918	-6.69877	-4.84736	0.18101	-5.16621	0.536876	-2.08471	-4.73127	0.0985171	0.105865	1.00204	0.889744	6.17606
-5.24555	0.178204	-1.83432	-5.79059	-5.1231	0.257311	-5.27133	0.300706	-2.11906	-4.71303	0.0983489	0.105931	1.00035	0.890504	1.41214
-5.37134	-0.0786055	-1.90341	-5.54569	-5.99809	-0.290765	-5.3782	0.0654719	-2.15477	-4.69374	0.0981702	0.106095	0.998635	0.890367	5.65748
-5.42358	-0.252401	-1.76661	-4.62913	-5.29972	-0.212982	-5.4869	-0.168772	-2.1918	-4.67335	0.0980659	0.106022	0.997148	0.88875	1.04999
-5.54717	-0.292799	-2.24524	-3.37346	-5.64447	-0.144522	-5.59748	-0.401971	-2.23014	-4.65185	0.0979349	0.106034	0.99534	0.89047	2.18427
-5.69411	-0.454148	-2.67096	-3.35456	-5.85359	-0.445801	-5.71001	-0.634069	-2.26974	-4.62919	0.0977626	0.106393	0.993834	0.892154	1.43699
-5.80245	-0.701256	-3.02992	-3.98725	-5.30947	-0.724468	-5.82456	-0.865006	-2.31058	-4.60536	0.0975956	0.106655	0.992983	0.89132	3.30431
-5.90424	-1.12591	-1.97512	-5.9066	-5.87835	-1.26863	-5.94118	-1.09472	-2.35262	-4.58032	0.0974457	0.10648	0.991459	0.893257	2.43955
-5.97687	-1.49225	-1.88947	-7.11492	-5.68069	-1.52871	-6.05993	-1.32316	-2.39581	-4.55404	0.0973981	0.106769	0.99015	0.904699	1.68218
-6.15677	-1.60012	-2.504	-4.75512	-6.27263	-1.50938	-6.18087	-1.55025	-2.44014	-4.52648	0.0972352	0.10662	0.988394	0.903191	2.51315
-6.2872	-1.83586	-3.14529	-4.99565	-6.11355	-1.75966	-6.30406	-1.77593	-2.48555	-4.49762	0.0970679	0.10649	0.987421	0.902076	0.577385
-6.39687	-2.12807	-3.09387	-5.266	-6.34007	-2.13685	-6.42954	-2.00014	-2.532	-4.46742	0.0969157	0.106574	0.986241	0.901731	0.252947
-6.59693	-2.22933	-3.14332	-3.44291	-6.99344	-2.17445	-6.55738	-2.22281	-2.57946	-4.43585	0.0967734	0.106387	0.985072	0.902068	2.93391
-6.74917	-2.42441	-3.42567	-3.47817	-6.79288	-2.4458	-6.68761	-2.44386	-2.62788	-4.40288	0.0966722	0.106206	0.984477	0.902149	0.148373
-6.92851	-2.60109	-3.68357	-3.33606	-7.14408	-2.67584	-6.82029	-2.66323	-2.6772	-4.36847	0.096715	0.106084	0.984554	0.902637	0.611591
-6.95826	-3.01775	-2.01661	-5.10364	-6.8003	-3.10086	-6.95546	-2.88084	-2.7274	-4.3326	0.0965465	0.106207	0.983733	0.902212	3.3408
-7.09426	-3.23602	-2.60246	-5.2548	-7.13937	-3.22028	-7.09316	-3.09663	-2.7784	-4.29523	0.0963788	0.10634	0.982078	0.902417	0.207041
-7.20875	-3.356	-2.70051	-4.0047	-7.12118	-3.26434	-7.23344	-3.3105	-2.83017	-4.25632	0.0962228	0.10619	0.980407	0.900976	1.23623
-7.34638	-3.68732	-2.6611	-5.16812	-7.77186	-4.08999	-7.37632	-3.5224	-2.88265	-4.21586	0.0960729	0.106448	0.978802	0.901158	4.55599
-7.55916	-3.66528	-3.41191	-2.90631	-7.49009	-3.49081	-7.52184	-3.73223	-2.93579	-4.1738	0.0959326	0.106337	0.977517	0.902671	3.33959
-7.69938	-3.86347	-3.80944	-3.4636	-7.52393	-3.88213	-7.67004	-3.93992	-2.98953	-4.13012	0.0957836	0.106249	0.977021	0.901968	0.578698
-7.8206	-4.18331	-3.18279	-4.68798	-7.88049	-4.29783	-7.82094	-4.14538	-3.04381	-4.08479	0.09562	0.106091	0.975386	0.901117	1.43325
-7.96663	-4.43957	-3.04596	-5.09726	-8.08524	-4.57834	-7.97457	-4.34854	-3.09857	-4.03778	0.0954584	0.106043	0.97373	0.901703	0.426334
-8.12257	-4.72436	-3.06126	-5.52836	-8.22492	-4.79812	-8.13095	-4.5493	-3.15376	-3.98906	0.0952977	0.106353	0.972093	0.904623	0.997141
-8.26678	-4.94662	-2.67213	-4.91874	-8.453	-4.95621	-8.2901	-4.74759	-3.2093	-3.93862	0.0951462	0.106802	0.970952	0.904889	0.540364
-8.37304	-5.1434	-2.6123	-4.62738	-8.33552	-5.1059	-8.45204	-4.94331	-3.26514	-3.88641	0.0950965	0.107252	0.970056	0.904387	0.192046
-8.5662	-5.21658	-3.29834	-3.43883	-8.55062	-4.79248	-8.61678	-5.13637	-3.32121	-3.83242	0.094982	0.107173	0.968428	0.903156	2.77785
-8.76146	-5.43454	-3.75041	-3.76518	-8.91477	-5.51752	-8.78433	-5.32669	-3.37745	-3.77663	0.0948323	0.107175	0.967048	0.901645	1.8933
-8.93861	-5.62198	-3.83066	-3.64723	-9.04115	-5.69364	-8.95469	-5.51417	-3.43377	-3.71901	0.0946786	0.107177	0.965707	0.90015	0.184413
-9.07432	-5.81308	-3.65902	-3.73276	-9.03391	-5.80267	-9.12788	-5.69872	-3.49012	-3.65955	0.0945716	0.107202	0.96415	0.898664	0.126541
-9.23948	-5.88206	-3.93581	-2.89348	-8.86897	-5.41973	-9.30388	-5.88026	-3.54643	-3.59823	0.0944876	0.107024	0.962813	0.898091	4.36152
-9.4076	-5.90975	-3.96002	-1.83492	-9.30811	-5.82368	-9.4827	-6.05868	-3.60261	-3.53503	0.0944302	0.107189	0.961443	0.901911	1.1943
-9.61765	-6.08427	-4.51206	-2.42612	-9.80646	-6.41174	-9.66432	-6.23389	-3.6586	-3.46994	0.0943127	0.107356	0.961107	0.902415	1.84295
-9.65712	-6.45765	-2.49471	-4.1135	-9.62547	-6.55958	-9.84874	-6.4058	-3.71431	-3.40295	0.0947951	0.107221	0.962068	0.901852	1.99909
-9.94814	-6.55968	-4.03575	-3.48738	-10.6688	-6.35543	-10.0359	-6.57431	-3.76969	-3.33404	0.0947731	0.107049	0.960615	0.90042	6.27037
-10.1423	-6.78132	-4.1891	-3.93753	-10.2246	-6.83402	-10.2259	-6.73933	-3.82463	-3.26321	0.0947387	0.106902	0.959275	0.899776	0.624012
-10.3345	-6.91762	-4.34425	-3.49523	-10.2205	-6.71044	-10.4186	-6.90075	-3.87907	-3.19046	0.0947062	0.106732	0.958083	0.898482	0.673048
-10.5811	-7.17232	-4.70021	-4.20668	-10.7616	-7.29159	-10.614	-7.05849	-3.93293	-3.11577	0.0945714	0.106756	0.957527	0.899171	3.03232
-10.8308	-7.23655	-4.81872	-2.78175	-10.8944	-6.83335	-10.8121	-7.21245	-3.98613	-3.03916	0.0944247	0.106593	0.95715	0.897839	1.66532
-11.0777	-7.47036	-5.11291	-3.50546	-11.2219	-7.56979	-11.0128	-7.36252	-4.03859	-2.96062	0.0943445	0.106597	0.95755	0.896926	2.05182
-11.2676	-7.57971	-4.6548	-2.85785	-10.986	-7.3707	-11.2161	-7.50862	-4.09021	-2.88015	0.0942383	0.106502	0.956549	0.895489	1.63063
-11.3104	-7.76866	-3.42032	-3.2237	-11.0934	-7.6776	-11.422	-7.65064	-4.14093	-2.79777	0.094299	0.10654	0.955887	0.894381	3.80304
-11.5106	-7.85905	-4.23479	-3.09706	-11.4213	-7.46085	-11.6304	-7.78849	-4.19066	-2.71349	0.0943912	0.106445	0.954367	0.893218	1.76247
-11.6586	-7.91685	-4.03409	-2.38	-11.5269	-7.8215	-11.8413	-7.92208	-4.23932	-2.6273	0.0948017	0.106277	0.952921	0.891908	1.7426
-11.8708	-8.0091	-4.49737	-2.17433	-11.9422	-7.88317	-12.0546	-8.05131	-4.28682	-2.53924	0.0952143	0.106135	0.951486	0.890732	0.158653
-12.0814	-8.08726	-4.66221	-1.88404	-12.09	-8.08828	-12.2702	-8.17609	-4.33309	-2.44932	0.0956536	0.106085	0.950164	0.889893	0.00675249
-12.3504	-8.1661	-5.69658	-1.82799	-12.4462	-8.02117	-12.4881	-8.29633	-4.37802	-2.35756	0.0958145	0.106169	0.951546	0.888989	0.37357
-12.5192	-8.2903	-5.06078	-2.20859	-12.4231	-8.2599	-12.7082	-8.41193	-4.42156	-2.26399	0.0962474	0.106221	0.950727	0.8876	0.73554
-12.748	-8.3465	-4.87137	-1.66622	-12.7461	-8.19449	-12.9304	-8.5228	-4.4636	-2.16863	0.0966363	0.106512	0.949514	0.886657	0.22644
-13.0553	-8.4993	-5.5331	-2.15451	-13.2911	-8.64594	-13.1547	-8.62886	-4.50407	-2.07151	0.096645	0.106592	0.949772	0.885287	4.94034
-13.3638	-8.55119	-5.73109	-1.41028	-13.7929	-8.47158	-13.381	-8.73002	-4.54289	-1.97267	0.0964996	0.106891	0.950605	0.884466	1.70579
-13.5262	-8.63242	-5.07637	-1.56943	-13.384	-8.57583	-13.6092	-8.82619	-4.57997	-1.87214	0.0964607	0.107269	0.949535	0.883257	1.54803
-13.7549	-8.6311	-5.04273	-0.86751	-13.6376	-8.26344	-13.8392	-8.91729	-4.61524	-1.76997	0.0964256	0.108277	0.948366	0.883317	1.40418
-13.9184	-8.88477	-4.31565	-2.46124	-13.9959	-8.99264	-14.0709	-9.00324	-4.64861	-1.6662	0.0966483	0.10831	0.947086	0.883059	1.68608
-14.1824	-8.97342	-5.02382	-2.49234	-14.4737	-8.79552	-14.3043	-9.08395	-4.68001	-1.56086	0.0967358	0.108317	0.945824	0.883211	0.78489
-14.3912	-9.1505	-4.79998	-3.17593	-14.4273	-9.1875	-14.5391	-9.15936	-4.70936	-1.45402	0.0969338	0.108152	0.94439	0.886986	0.210914
-14.5827	-9.2948	-4.16409	-3.11306	-14.5757	-9.32634	-14.7754	-9.22939	-4.73658	-1.34573	0.0973693	0.108048	0.943479	0.890992	0.0782388
-14.9849	-9.10435	-5.1268	-0.0926874	-15.062	-9.04396	-15.013	-9.29397	-4.76161	-1.23603	0.0972335	0.108388	0.942259	0.891868	2.09122
-15.277	-9.18392	-5.80273	-0.295117	-15.6189	-9.69365	-15.2517	-9.35302	-4.78436	-1.125	0.097096	0.108624	0.942499	0.891686	4.15867
-15.5093	-9.39954	-5.24572	-1.73775	-15.6682	-9.56749	-15.4916	-9.40649	-4.80476	-1.01269	0.0969542	0.10846	0.941386	0.89123	3.88296
-15.7498	-9.45055	-4.77222	-1.373	-15.9382	-9.35751	-15.7324	-9.45431	-4.82275	-0.899159	0.0968127	0.108297	0.939971	0.890267	0.357968
-15.9953	-9.54009	-4.98719	-1.618	-16.0862	-9.59819	-15.9741	-9.49642	-4.83827	-0.784484	0.0966743	0.108161	0.938594	0.890102	0.740186
-16.2685	-9.5146	-5.20466	-0.624848	-16.6033	-8.85459	-16.2164	-9.53277	-4.85124	-0.668734	0.0965716	0.108003	0.937388	0.888771	1.97632
-16.4984	-9.42747	-5.09898	0.467148	-16.4229	-9.37029	-16.4594	-9.5633	-4.8616	-0.55198	0.096451	0.108097	0.936077	0.889189	0.646241
-16.6905	-9.42805	-5.44668	0.192131	-16.011	-9.33486	-16.7027	-9.58797	-4.8693	-0.434301	0.0963097	0.108288	0.935214	0.888522	5.25618
-16.9997	-9.37851	-5.88305	0.654898	-17.1132	-9.43043	-16.9464	-9.60673	-4.87427	-0.315773	0.0962104	0.108839	0.935441	0.888777	0.980108
-17.2332	-9.50785	-5.21564	-0.608754	-16.9255	-10.8571	-17.1903	-9.61954	-4.87646	-0.196479	0.0960963	0.108848	0.934238	0.887745	7.6996
-17.4907	-9.53375	-5.30509	-0.780479	-17.5448	-9.57485	-17.4342	-9.62636	-4.87583	-0.0765024	0.0960034	0.108804	0.93315	0.887259	0.283356
-17.7639	-9.53341	-5.04719	-0.438231	-18.1371	-9.39146	-17.6781	-9.62717	-4.87232	0.0440703	0.095975	0.108762	0.931825	0.886339	1.16515
-18.0087	-9.46457	-5.10542	0.215391	-17.9724	-9.42299	-17.9216	-9.62194	-4.86588	0.165151	0.0959502	0.108937	0.930549	0.885043	0.242902
-18.257	-9.42464	-5.31107	0.569248	-18.3083	-9.18778	-18.1648	-9.61064	-4.85648	0.286648	0.0959394	0.109241	0.929512	0.88388	0.211776
-18.3647	-9.58437	-4.14109	-0.890364	-18.2763	-9.60997	-18.4074	-9.59325	-4.84408	0.40847	0.0958272	0.109083	0.928932	0.885372	1.12134
-18.5618	-9.61737	-4.66283	-1.17762	-18.2443	-9.58547	-18.6493	-9.56977	-4.82864	0.530522	0.095804	0.108955	0.927624	0.888868	1.18248
-18.8663	-9.52652	-5.2654	-0.0190382	-18.9545	-9.51544	-18.8904	-9.54017	-4.81012	0.652707	0.0956739	0.108799	0.926603	0.888316	0.799568
-19.0792	-9.4812	-5.3984	0.320027	-18.6983	-9.02886	-19.1305	-9.50447	-4.78851	0.774927	0.0955753	0.108649	0.925844	0.887368	3.70578
-19.3749	-9.19279	-5.27322	2.81165	-19.2983	-9.09865	-19.3694	-9.46265	-4.76378	0.897083	0.0954379	0.109455	0.924913	0.89203	1.49223
-19.6407	-9.07797	-5.83098	2.8171	-19.7037	-8.79906	-19.6069	-9.41472	-4.73591	1.01907	0.0953179	0.110778	0.925447	0.895947	0.441159
-19.8839	-8.95496	-5.47726	2.76607	-19.8731	-8.96417	-19.8431	-9.36071	-4.70487	1.1408	0.0952063	0.112732	0.925044	0.898882	0.0377584
-20.1857	-8.71652	-5.99333	3.84917	-20.3815	-7.6755	-20.0775	-9.30061	-4.67066	1.26215	0.095246	0.11682	0.926424	0.908186	3.2969
-20.1638	-9.37334	-1.67041	-0.399378	-20.1607	-9.59663	-20.3102	-9.23446	-4.63328	1.38303	0.0954307	0.116889	0.938523	0.911868	10.8906
-20.3622	-9.38671	-3.69598	-1.20409	-20.4587	-9.7448	-20.5409	-9.16227	-4.59271	1.50334	0.0957701	0.117334	0.938407	0.921936	1.77495
-20.6326	-9.1461	-3.80794	0.490412	-20.6596	-8.91527	-20.7696	-9.08409	-4.54895	1.62296	0.0959118	0.117214	0.937907	0.9226	5.67031
-20.8817	-9.10513	-4.57104	0.774646	-21.5568	-8.5005	-20.9959	-8.99994	-4.50202	1.74179	0.0959684	0.117182	0.936588	0.922729	3.43016
-21.0862	-8.91624	-4.39747	2.12234	-21.0195	-8.85081	-21.2198	-8.90987	-4.45191	1.85972	0.0960953	0.117017	0.935272	0.921534	0.74412
-21.3507	-8.82863	-5.12157	2.23802	-21.8628	-8.64129	-21.4412	-8.81393	-4.39865	1.97666	0.09608	0.116855	0.934744	0.920343	2.41733
-21.5174	-8.83631	-4.47112	1.24071	-21.5029	-8.87191	-21.6597	-8.71217	-4.34224	2.0925	0.0962405	0.116876	0.933458	0.920158	0.333551
-21.7253	-8.66808	-4.14048	2.01242	-21.9514	-7.41274	-21.8754	-8.60465	-4.2827	2.20712	0.0964328	0.116761	0.932184	0.91893	4.1646
-21.9226	-8.5544	-4.14144	2.23153	-21.9793	-8.57089	-22.0881	-8.49143	-4.22007	2.32043	0.0966936	0.116646	0.930894	0.917661	0.209825
-22.1467	-8.41172	-5.02356	2.6238	-22.1914	-7.70392	-22.2975	-8.37258	-4.15437	2.43232	0.0968854	0.116502	0.930728	0.916441	1.69768
-22.4163	-8.2957	-5.24993	2.50509	-22.5838	-8.35296	-22.5035	-8.24817	-4.08564	2.5427	0.0968598	0.116367	0.931456	0.915173	1.85922
-22.6084	-8.18492	-4.42986	2.34214	-22.3177	-8.57758	-22.7061	-8.11829	-4.01391	2.65145	0.096862	0.116259	0.930426	0.914053	0.828553
-22.9189	-7.73268	-4.37674	5.39225	-22.9861	-7.6724	-22.9049	-7.98301	-3.93923	2.75848	0.0967312	0.11684	0.929427	0.923201	1.55691
-23.1412	-7.55206	-4.43573	4.93492	-23.2693	-8.32031	-23.1	-7.84243	-3.86163	2.8637	0.0966224	0.117668	0.928637	0.928302	2.68521
-23.3293	-7.45273	-3.66504	4.2122	-23.4777	-7.56583	-23.2911	-7.69663	-3.78118	2.967	0.0965106	0.118198	0.927384	0.929318	2.25289
-23.547	-7.21043	-4.72436	4.52626	-23.473	-7.02103	-23.4781	-7.54572	-3.69792	3.06828	0.096446	0.11933	0.927669	0.931171	1.09995
-23.6265	-7.29749	-3.44883	2.05307	-23.5408	-7.36069	-23.6609	-7.3898	-3.61191	3.16746	0.0963312	0.119265	0.926443	0.931719	1.94582
-23.8072	-7.16717	-3.56989	1.93418	-24.0505	-6.56968	-23.8393	-7.22897	-3.52321	3.26445	0.0962148	0.119146	0.925187	0.933033	0.837984
-23.9365	-7.19948	-3.38252	0.865587	-23.9384	-7.26171	-24.0132	-7.06336	-3.43189	3.35916	0.0961672	0.119196	0.923936	0.940767	0.533611
-24.0826	-7.10582	-2.95541	0.779381	-24.3577	-5.94086	-24.1825	-6.89307	-3.33801	3.45149	0.0961772	0.119547	0.922901	0.94971	2.76206
-24.2918	-6.63845	-2.04251	3.62297	-24.2574	-6.4352	-24.347	-6.71823	-3.24166	3.54138	0.0960902	0.119458	0.923757	0.948438	5.60271
-24.4552	-6.56962	-3.03098	2.93064	-24.788	-7.18367	-24.5066	-6.53896	-3.14289	3.62873	0.0959979	0.119308	0.922533	0.947854	3.85966
-24.4922	-6.49361	-2.16961	2.05666	-24.3008	-6.43799	-24.6612	-6.35538	-3.0418	3.71347	0.0962676	0.119363	0.922401	0.950462	2.47729
-24.6246	-6.34904	-2.74362	2.54505	-24.6108	-6.00878	-24.8107	-6.16764	-2.93846	3.79553	0.0966195	0.119571	0.921222	0.95139	0.41666
-24.8993	-5.97768	-2.89668	4.61924	-25.146	-5.91902	-24.955	-5.97587	-2.83295	3.87484	0.0965335	0.119412	0.919999	0.950898	5.17176
-25.0368	-5.76056	-3.31858	4.67301	-24.8975	-5.02285	-25.094	-5.7802	-2.72537	3.95132	0.0964503	0.119257	0.919284	0.950362	1.97617
-25.1682	-5.60629	-3.00601	4.01743	-25.1941	-5.64372	-25.2276	-5.58079	-2.61581	4.02492	0.0963708	0.119106	0.918284	0.949101	0.214689
-25.3252	-5.40021	-3.0373	4.1114	-25.5328	-5.4399	-25.3556	-5.37777	-2.50435	4.09557	0.0962558	0.118954	0.917478	0.947845	0.523489
-25.4921	-5.10856	-3.09593	4.81008	-25.5713	-5.10241	-25.4779	-5.1713	-2.39109	4.16322	0.0961315	0.118841	0.916982	0.947176	0.43209
-25.6031	-4.98417	-2.88476	3.83267	-25.0178	-6.55904	-25.5946	-4.96152	-2.27613	4.22781	0.0960059	0.11869	0.916307	0.946146	5.47903
-25.7055	-4.87745	-2.64976	3.11611	-25.6952	-4.89995	-25.7055	-4.7486	-2.15956	4.2893	0.0958798	0.118718	0.915448	0.946814	0.131011
-25.8184	-4.7142	-2.44945	3.01071	-25.8162	-4.40681	-25.8105	-4.53268	-2.04149	4.34764	0.0957551	0.118926	0.914487	0.948045	0.226107
-25.9565	-4.33998	-2.25266	4.67176	-25.9516	-4.26659	-25.9096	-4.31392	-1.92202	4.40279	0.09566	0.118778	0.913449	0.946906	0.937998
-26.0923	-4.10846	-1.97097	4.88545	-26.8953	-4.43966	-26.0027	-4.0925	-1.80125	4.45471	0.0956448	0.118626	0.9123	0.945927	8.42486
-26.1744	-3.72553	-1.53198	6.12643	-26.1198	-3.67723	-26.0897	-3.86856	-1.67928	4.50337	0.0956179	0.118696	0.911145	0.948313	0.505643
-26.2662	-3.46284	-1.48849	5.8444	-26.5652	-3.85723	-26.1706	-3.64227	-1.55623	4.54875	0.0956179	0.118893	0.909971	0.949377	1.74695
-26.2569	-3.26338	-0.948098	5.03945	-25.9974	-3.24722	-26.2453	-3.41381	-1.4322	4.59081	0.0954961	0.118985	0.909127	0.948424	3.79396
-26.3088	-3.01275	-1.00455	5.03923	-26.2976	-3.01078	-26.3138	-3.18332	-1.30729	4.62954	0.0953733	0.119147	0.908085	0.947429	0.104298
-26.3092	-2.87065	-0.732322	4.16133	-26.1741	-2.87885	-26.376	-2.95098	-1.18162	4.66493	0.0953108	0.119063	0.907203	0.946555	1.12649
-26.3564	-2.70766	-0.824736	3.81867	-26.4681	-3.44967	-26.4319	-2.71697	-1.05529	4.69696	0.0952654	0.118912	0.906115	0.946386	1.38022
-26.4254	-2.66782	-0.760293	2.74839	-26.674	-2.73852	-26.4815	-2.48143	-0.928411	4.72562	0.0951858	0.119133	0.904995	0.95045	3.79912
-26.4728	-2.48744	-0.839877	3.07695	-26.657	-1.72382	-26.5247	-2.24456	-0.80109	4.75091	0.0951005	0.119612	0.903842	0.952994	1.17405
-26.5388	-2.20259	-0.920376	4.06263	-26.6691	-2.17333	-26.5616	-2.0065	-0.673434	4.77284	0.0949863	0.119868	0.902777	0.952455	1.18666
-26.5667	-1.96672	-0.90811	4.43157	-26.3248	-1.32261	-26.5921	-1.76744	-0.545553	4.79141	0.0948744	0.120136	0.901816	0.951418	1.5854
-26.5839	-1.58134	-0.737175	5.72853	-26.4671	-1.53207	-26.6161	-1.52753	-0.417552	4.80664	0.0947681	0.120015	0.900817	0.951345	1.15684
-26.5868	-1.34374	-0.167843	5.30753	-26.4998	-2.19526	-26.6338	-1.28695	-0.289538	4.81852	0.0946779	0.119897	0.8997	0.950461	1.36634
-26.5861	-1.12997	0.0952905	4.91652	-26.5998	-1.14277	-26.6451	-1.04586	-0.161616	4.8271	0.0946049	0.11982	0.898659	0.949273	0.0460303
-26.6159	-0.955406	0.0278012	4.26454	-27.2008	-1.67679	-26.65	-0.804425	-0.0338883	4.83238	0.0945014	0.119909	0.897534	0.948507	5.37643
-26.6406	-0.62397	0.0196577	5.19623	-26.7355	-0.59539	-26.6485	-0.562811	0.0935412	4.83439	0.0943837	0.119797	0.896416	0.947491	0.684894
-26.6352	-0.356117	0.600039	5.34014	-26.9891	0.0351487	-26.6406	-0.321181	0.220572	4.83317	0.0942661	0.11966	0.895496	0.946646	1.87514
-26.5706	0.0320159	1.19644	6.2585	-26.4553	0.0602653	-26.6264	-0.0796947	0.347104	4.82874	0.0941897	0.119641	0.895384	0.948156	0.918049
-26.5528	0.302185	0.920099	5.73802	-26.9537	0.136943	-26.6059	0.161489	0.473041	4.82116	0.0941099	0.119698	0.894548	0.94808	2.19198
-26.5329	0.5792	1.0215	5.66414	-26.6201	0.57588	-26.5792	0.402213	0.598287	4.81045	0.0940213	0.119874	0.893686	0.947857	0.410617
-26.5112	0.838849	0.869988	5.41569	-26.8241	0.381506	-26.5462	0.642323	0.722748	4.79667	0.093921	0.120124	0.892609	0.947184	1.46443
-26.5197	1.06939	0.799294	5.09074	-26.7293	1.06082	-26.5069	0.881666	0.846334	4.77986	0.0938071	0.120338	0.89151	0.94614	2.37812
-26.4639	1.40163	0.815064	5.82008	-25.9562	2.60409	-26.4616	1.12009	0.968955	4.76007	0.0936916	0.120999	0.890444	0.946438	4.62704
-26.4302	1.47667	0.71478	4.1725	-26.3986	1.42212	-26.4101	1.35745	1.09053	4.73737	0.0935817	0.120995	0.889544	0.945689	0.699367
-26.3954	1.54108	0.796937	2.96094	-26.5072	-0.563928	-26.3526	1.59361	1.21096	4.71181	0.093491	0.120874	0.88869	0.948498	7.68838
-26.352	1.77151	1.04613	3.53993	-26.3594	1.79315	-26.2891	1.82841	1.33018	4.68345	0.0934285	0.120759	0.887714	0.949024	0.0997847
-26.292	1.94981	1.44003	3.65194	-26.3475	1.82827	-26.2197	2.06173	1.44811	4.65235	0.0933828	0.120739	0.886631	0.949153	0.122009
-26.2307	2.1717	1.68418	3.83764	-26.2502	2.18481	-26.1444	2.29342	1.56467	4.61859	0.0933664	0.120741	0.885571	0.94878	0.0467122
-26.1669	2.35104	1.46432	3.45965	-26.069	2.27896	-26.0633	2.52336	1.67979	4.58223	0.0933927	0.120893	0.884559	0.94924	0.267534
-26.091	2.74896	1.36849	5.16287	-26.0641	2.80701	-25.9765	2.75141	1.79339	4.54334	0.0934496	0.120746	0.883735	0.94858	0.782101
-26.0035	2.94153	2.28551	4.5638	-26.3234	3.02388	-25.8841	2.97746	1.90543	4.502	0.0935211	0.120613	0.882865	0.947439	1.79904
-25.8416	3.36204	3.26492	5.85811	-25.8345	3.42005	-25.7861	3.20139	2.01582	4.45828	0.0934482	0.120726	0.88393	0.948788	0.669055
-25.7551	3.60846	2.44837	5.14019	-26.1824	3.73376	-25.6826	3.42306	2.12452	4.41227	0.0934035	0.120923	0.883009	0.948319	2.89639
-25.6726	3.68709	2.3635	3.71522	-25.6666	3.63509	-25.5737	3.64239	2.23146	4.36404	0.093417	0.120798	0.881974	0.947714	0.53379
-25.5657	3.82385	2.37582	3.19344	-25.5773	3.13316	-25.4596	3.85924	2.3366	4.31367	0.0934496	0.120665	0.88092	0.948164	0.9191
-25.5247	3.96977	2.26382	2.80744	-25.7492	3.99968	-25.3402	4.07353	2.43989	4.26125	0.0937721	0.120628	0.87991	0.949691	2.8502
-25.4137	4.09011	2.45185	2.57176	-25.3516	3.75691	-25.2157	4.28514	2.54127	4.20686	0.094157	0.120859	0.878873	0.951909	0.335407
-25.2167	4.48	2.77141	4.5946	-25.0214	4.52803	-25.0863	4.49399	2.64071	4.15058	0.0942599	0.120718	0.877852	0.951025	3.17288
-25.0414	4.68287	2.9471	4.47744	-24.2719	4.30917	-24.9518	4.69998	2.73817	4.09251	0.094249	0.120578	0.87687	0.950082	8.1085
-24.9449	4.87636	2.75761	4.15426	-25.0363	4.88499	-24.8126	4.90303	2.83361	4.03273	0.0943569	0.120442	0.875841	0.948977	0.49062
-24.7769	5.08105	3.15998	4.20501	-24.3609	4.95947	-24.6686	5.10304	2.92701	3.97132	0.094392	0.120305	0.87488	0.947925	2.28606
-24.5988	5.35819	3.41948	4.68273	-24.5041	5.35293	-24.5201	5.29995	3.01833	3.90839	0.0943582	0.120196	0.874067	0.947554	0.546598
-24.4235	5.55706	3.8452	4.35164	-24.4379	5.24592	-24.367	5.49367	3.10754	3.84401	0.0942871	0.120094	0.873772	0.94676	0.301482
-24.2411	5.67224	3.86189	3.4541	-24.1159	5.61152	-24.2095	5.68414	3.19464	3.77827	0.094189	0.119955	0.873345	0.945781	1.17855
-24.1004	5.76267	3.59627	2.57476	-24.5638	4.75836	-24.0477	5.8713	3.27959	3.71127	0.0941133	0.11993	0.872459	0.946272	2.95352
-23.9241	5.93486	3.86909	2.58799	-23.9153	5.94377	-23.8818	6.05508	3.36239	3.64309	0.0940258	0.11993	0.871785	0.94654	0.0262004
-23.769	6.0878	3.08623	2.34234	-23.5491	6.44495	-23.7117	6.23542	3.44302	3.57383	0.093957	0.120002	0.87094	0.947302	0.830063
-23.6326	6.27086	3.14294	2.70738	-23.6471	6.29102	-23.5377	6.41227	3.52148	3.50357	0.0939593	0.120056	0.87012	0.946979	0.0705653
-23.4919	6.40283	3.56489	2.73396	-23.7544	6.53746	-23.3598	6.58559	3.59775	3.4324	0.0940656	0.120239	0.869114	0.946479	1.05368
-23.2091	6.83304	3.87318	5.36607	-23.0099	6.86182	-23.1781	6.75533	3.67185	3.36041	0.0939688	0.120158	0.868164	0.950287	3.33037
-22.9959	6.96398	4.21347	4.21524	-22.7862	5.74143	-22.9928	6.92146	3.74376	3.28768	0.0938605	0.120037	0.867456	0.950235	6.15784
-22.7918	7.12263	4.04727	3.91522	-22.6991	7.063	-22.804	7.08393	3.8135	3.21431	0.0937544	0.119913	0.866531	0.949737	0.707658
-22.5643	7.30559	4.6047	3.82917	-22.418	6.76159	-22.6117	7.24273	3.88106	3.14038	0.0936744	0.119814	0.86623	0.94922	1.69648
-22.4349	7.33969	4.0558	2.38505	-22.5083	7.31524	-22.4161	7.39782	3.94647	3.06598	0.0935714	0.119709	0.865254	0.948693	0.723146
-22.2025	7.49257	4.82534	2.44936	-22.0543	7.85452	-22.2173	7.54917	4.00974	2.99118	0.0934672	0.119603	0.865144	0.947963	0.422006
-22.0286	7.6398	4.68914	2.26282	-22.1947	7.69478	-22.0154	7.69679	4.07087	2.91607	0.0933628	0.119497	0.864662	0.947396	1.76809
-21.8214	7.86417	4.30602	2.98665	-21.6178	9.0351	-21.8105	7.84064	4.12989	2.84074	0.0932581	0.119367	0.86372	0.946344	3.83426
-21.6493	7.95822	4.25152	2.42545	-21.6473	7.94	-21.6026	7.98072	4.18681	2.76526	0.0931788	0.119236	0.862745	0.945409	0.067976
-21.4708	8.0563	4.37763	2.12513	-21.8637	7.78661	-21.392	8.11703	4.24166	2.68971	0.0931488	0.119136	0.861793	0.944721	1.24476
-21.2764	7.95421	3.93284	0.526256	-21.0853	7.83229	-21.1787	8.24957	4.29447	2.61417	0.0931592	0.119826	0.860991	0.948854	3.49005
-21.0893	8.0602	3.44961	0.673681	-20.5503	9.28616	-20.9628	8.37833	4.34526	2.53871	0.0932475	0.12064	0.861071	0.951908	4.31397
-20.9145	8.35978	3.12882	2.2502	-21.0519	8.50983	-20.7444	8.50333	4.39406	2.46341	0.093491	0.120696	0.862192	0.950892	3.44753
-20.6561	8.44952	5.26473	1.91693	-19.9265	9.40847	-20.5237	8.62457	4.4409	2.38835	0.0935964	0.120845	0.862108	0.950087	5.44163
-20.3142	8.68981	6.09445	3.06113	-20.21	8.68914	-20.3006	8.74206	4.48582	2.31358	0.0934939	0.120735	0.864497	0.949683	0.939701
-20.0755	8.87953	5.1416	3.40386	-20.2277	8.8532	-20.0753	8.85583	4.52884	2.23919	0.0933895	0.120606	0.864017	0.950217	0.520757
-19.9585	8.8773	4.25563	2.01081	-20.0633	8.86724	-19.848	8.96589	4.57001	2.16524	0.0934311	0.120544	0.863182	0.949186	1.09433
-19.7663	8.96464	4.30022	1.8531	-19.9264	8.78179	-19.6186	9.07227	4.60937	2.09179	0.0935867	0.120517	0.862345	0.948197	0.203749
-19.567	9.01797	4.30371	1.43693	-19.4861	8.96665	-19.3873	9.17499	4.64694	2.01891	0.093865	0.12061	0.861541	0.947542	0.559355
-19.2846	9.19581	5.11566	2.33791	-18.5719	10.2069	-19.1542	9.27409	4.68278	1.94666	0.0939616	0.120533	0.860828	0.946672	4.45787
-18.9666	9.28827	5.67867	1.96453	-18.6786	9.19191	-18.9193	9.36959	4.71692	1.8751	0.0938841	0.12046	0.861064	0.945636	5.48316
-18.7576	9.36189	5.16081	1.60036	-19.2825	8.98189	-18.6827	9.46154	4.7494	1.80429	0.0938465	0.120418	0.860331	0.944642	2.03655
-18.4876	9.48803	5.44761	1.76006	-18.4242	9.46852	-18.4446	9.54996	4.78028	1.73429	0.0937649	0.120321	0.859955	0.943605	0.271704
-18.2282	9.48836	5.42002	0.900107	-18.1634	8.72444	-18.2049	9.63492	4.80959	1.66514	0.0936684	0.120385	0.859487	0.94325	3.23545
-17.8552	9.71649	6.33453	2.2587	-17.7736	9.72478	-17.9639	9.71643	4.83737	1.59691	0.0937038	0.120253	0.861398	0.942726	0.798523
-17.5391	9.88378	6.01563	2.98939	-17.2296	9.97767	-17.7214	9.79457	4.86368	1.52964	0.0939884	0.120194	0.862139	0.944163	0.861655
-17.335	9.91704	5.38033	2.05581	-17.3436	9.88109	-17.4777	9.86936	4.88856	1.46338	0.094122	0.120083	0.861505	0.943539	0.310529
-17.0648	10.0296	5.90945	2.0256	-17.1554	10.212	-17.2328	9.94087	4.91205	1.39818	0.0943455	0.120024	0.861824	0.942967	0.481305
-16.8275	10.1226	5.66541	1.68533	-16.8876	10.145	-16.9868	10.0091	4.93421	1.33408	0.0945344	0.12001	0.861562	0.942086	0.255749
-16.561	10.1985	5.68593	1.46162	-16.5958	10.1078	-16.7396	10.0743	4.95507	1.27113	0.094797	0.12002	0.8613	0.941107	0.0356738
-16.3772	10.2472	5.1321	0.858561	-16.5153	10.3091	-16.4915	10.1362	4.97469	1.20937	0.0948434	0.120001	0.860401	0.940232	1.39273
-16.1177	10.3209	5.43911	0.851498	-16.09	10.5824	-16.2424	10.1952	4.99311	1.14883	0.0949178	0.120014	0.859722	0.93932	0.357404
-15.9681	10.2192	4.54654	-0.539691	-16.006	10.1843	-15.9924	10.2511	5.01039	1.08956	0.0948224	0.119894	0.859067	0.941346	0.537765
-15.7621	10.217	4.25101	-0.71474	-15.7234	10.41	-15.7416	10.3041	5.02655	1.03159	0.0947253	0.119833	0.858896	0.943809	0.206064
-15.5696	10.1906	4.1772	-1.05232	-15.5699	10.1904	-15.4899	10.3543	5.04166	0.974957	0.0946956	0.119944	0.858908	0.947454	1.93611e-05
-15.2493	10.2319	5.1682	-0.398343	-14.2385	10.9109	-15.2376	10.4016	5.05576	0.919692	0.0945959	0.120072	0.858006	0.9484	7.17097
-14.9437	10.4165	5.30451	1.511	-14.9365	10.4722	-14.9846	10.4462	5.06889	0.865828	0.0945138	0.119952	0.85716	0.947857	0.642132
-14.7068	10.3832	5.12421	0.825928	-14.724	9.63507	-14.7309	10.4882	5.0811	0.813394	0.0944197	0.119922	0.85625	0.946848	3.5913
-14.4958	10.3372	4.67366	0.346613	-14.4088	10.222	-14.4766	10.5276	5.09243	0.762418	0.0943236	0.120116	0.855558	0.946036	1.38753
-14.2012	10.389	5.61251	0.581423	-13.9005	10.5238	-14.2218	10.5645	5.10293	0.712926	0.0942284	0.12026	0.854973	0.945053	0.810811
-13.7633	10.7783	5.76873	4.35715	-13.8049	10.9383	-13.9665	10.5989	5.11263	0.664944	0.0945913	0.120416	0.854601	0.959196	3.28517
-13.4751	10.8333	6.38147	2.50195	-13.3956	10.7857	-13.7107	10.631	5.12159	0.618496	0.0951094	0.120647	0.855658	0.962081	1.1052
-13.3623	10.7659	4.20808	1.71019	-13.3556	10.5517	-13.4545	10.6608	5.12983	0.573603	0.0951035	0.120617	0.855803	0.962482	3.84223
-12.9972	10.9027	6.78731	1.69125	-12.9374	10.8137	-13.1979	10.6884	5.13741	0.530288	0.0954479	0.12089	0.858242	0.962942	2.11864
-12.8077	10.9273	5.90732	0.555857	-12.9591	11.0099	-12.9409	10.7138	5.14436	0.48857	0.0955427	0.121158	0.858053	0.961937	2.03265
-12.5077	11.004	5.65482	0.61635	-12.2518	11.2495	-12.6836	10.7373	5.15071	0.448467	0.0957813	0.121644	0.857465	0.960961	0.716373
-12.4159	10.7621	3.81934	-1.4915	-12.3713	10.6091	-12.426	10.7587	5.15651	0.409997	0.0956824	0.121518	0.858746	0.963881	2.73006
-12.2237	10.714	3.34376	-1.7525	-11.9352	10.9161	-12.1681	10.7783	5.16179	0.373177	0.0956164	0.121426	0.861855	0.967752	0.665084
-11.9308	10.8733	3.79503	-0.463329	-11.9451	11.0515	-11.91	10.7961	5.16658	0.338022	0.0955217	0.121351	0.863227	0.967436	3.28213
-11.6574	10.8607	4.81165	-0.431887	-10.9703	10.9676	-11.6516	10.8121	5.17092	0.304546	0.095423	0.121245	0.862486	0.967014	3.82198
-11.429	10.905	4.89679	-0.116996	-11.4548	10.9407	-11.393	10.8265	5.17484	0.272761	0.0953382	0.121172	0.861686	0.966175	0.141643
-11.2086	10.7889	5.21925	-1.69411	-11.3472	10.5111	-11.1342	10.8394	5.17836	0.242681	0.0952996	0.121069	0.860797	0.969183	1.0836
-10.7721	10.8002	6.84346	-1.04464	-10.6009	10.6823	-10.8753	10.8509	5.18153	0.214317	0.0953165	0.120966	0.863214	0.96987	2.98539
-10.4947	10.8059	5.85983	-0.406977	-10.6563	10.8369	-10.6161	10.8609	5.18435	0.187679	0.0953775	0.120867	0.86287	0.969247	0.643953
-10.3096	10.7948	5.18687	-0.637048	-10.4142	10.8747	-10.3569	10.8697	5.18687	0.162776	0.0953037	0.120791	0.861983	0.968929	1.11836
-10.0372	10.8562	5.09683	0.207899	-9.90413	11.2255	-10.0976	10.8772	5.1891	0.139618	0.0952453	0.120671	0.86111	0.967941	1.25346
-9.76588	11.0014	5.27272	1.34791	-9.83445	11.1032	-9.83809	10.8837	5.19106	0.118212	0.0952038	0.120665	0.860237	0.968548	1.03553
-9.62998	10.8811	4.40195	-0.34596	-10.195	10.3498	-9.57852	10.8891	5.19278	0.0985664	0.0951351	0.120542	0.860101	0.967768	4.51166
-9.31244	10.9528	5.30653	-0.205473	-9.3066	11.0348	-9.31887	10.8936	5.19428	0.0806865	0.0950386	0.120449	0.85924	0.966868	0.598372
-9.10202	10.9003	4.77966	-0.571099	-9.2226	10.3527	-9.05915	10.8972	5.19557	0.0645787	0.0949616	0.120327	0.858571	0.96631	2.6121
-8.78098	10.974	5.4104	0.00486498	-8.78899	11.0707	-8.79937	10.9001	5.19667	0.050248	0.0948689	0.120251	0.857753	0.965332	0.747077
-8.62225	10.8624	4.32402	-0.947133	-8.83914	10.0319	-8.53953	10.9023	5.19759	0.0376992	0.0948458	0.120142	0.857786	0.965372	6.44838
-8.58732	10.7283	2.72859	-1.44681	-8.62045	10.6577	-8.27965	10.9039	5.19835	0.0269359	0.0957538	0.12028	0.864079	0.966668	0.874276
-8.36273	10.7072	3.25723	-1.53787	-7.91543	11.1157	-8.01974	10.905	5.19896	0.0179617	0.0968891	0.120487	0.867599	0.968217	2.5465
-7.79066	10.9012	4.62562	1.77401	-7.51971	11.0005	-7.75979	10.9057	5.19942	0.0107791	0.0968015	0.120365	0.867108	0.97047	9.93454
-7.55494	10.8436	5.29208	-0.00254507	-7.25987	10.6458	-7.49981	10.9061	5.19975	0.00539029	0.0967358	0.120277	0.866247	0.969496	2.53138
-7.20593	10.8532	6.1221	0.0169847	-7.15631	10.815	-7.23983	10.9063	5.19994	0.00179692	0.0966507	0.12018	0.866363	0.968524	0.35362
