0.312243	0.58034	0	0	0.312243	0.58034	0.6	0.6	5.19994	0	0.287757	0.0196602	5.19994	0	0	0	0
0.312243	0.58034	0	0	0.862916	0.534212	0.859997	0.600045	5.19975	0.00179686	0.437515	0.0196827	5.19984	0.00127057	0	0	0
1.15493	0.483257	0.042033	-5.21803e-19	1.17385	0.481073	1.11998	0.600225	5.19943	0.00538996	0.357799	0.069417	5.18573	0.00328026	0.733894	0.733894	0
1.15493	0.483257	0.042033	-5.21803e-19	0.969149	0.397513	1.37996	0.600629	5.19898	0.0107781	0.329657	0.0840123	5.17855	0.00609198	0.733894	0.733894	0
1.4145	0.553189	0.577118	0.00220793	1.65063	0.62469	1.6399	0.601347	5.19839	0.0179597	0.311609	0.0781683	5.072	0.00890581	5.63793	5.63793	0
1.4145	0.553189	0.577118	0.00220793	1.62331	0.499091	1.89982	0.60247	5.19766	0.0269323	0.346659	0.0741395	4.99959	0.0129606	5.63793	5.63793	0
1.75559	0.585595	1.95163	0.0995041	2.18882	0.648739	2.1597	0.604086	5.19678	0.0376932	0.355436	0.0689947	4.78847	0.0262636	14.8393	14.8393	0
1.75559	0.585595	1.95163	0.0995041	1.96701	0.557117	2.41954	0.606284	5.19573	0.0502389	0.406997	0.0649518	4.62372	0.0301154	14.8393	14.8393	0
2.19447	0.618777	3.59517	0.48903	2.65526	0.66598	2.67932	0.609155	5.1945	0.0645654	0.416367	0.0613211	4.39176	0.144309	17.382	17.382	0
2.19447	0.618777	3.59517	0.48903	2.92034	0.645898	2.93904	0.612786	5.19309	0.080668	0.459853	0.0582051	4.19692	0.188198	17.382	17.382	0
2.64054	0.621343	4.89581	-0.257801	3.01222	0.637046	3.19869	0.617267	5.19147	0.0985415	0.46964	0.05551	4.0026	0.209147	11.7109	11.7109	0
2.64054	0.621343	4.89581	-0.257801	3.56096	0.485311	3.45825	0.622685	5.18963	0.11818	0.507842	0.0531482	3.83314	0.227766	11.7109	11.7109	0
3.2938	0.388253	5.35013	-3.94852	3.89365	0.311793	3.71772	0.62913	5.18754	0.139576	0.501885	0.0840873	3.68303	1.15476	29.3447	29.3447	0
3.2938	0.388253	5.35013	-3.94852	4.19786	0.698311	3.97708	0.636689	5.18519	0.162724	0.516958	0.104758	3.54933	1.56382	29.3447	29.3447	0
3.91079	0.541194	7.56648	0.483715	4.30935	0.578564	4.23632	0.645449	5.18256	0.187614	0.506452	0.104725	3.48379	1.51272	14.2666	14.2666	0
3.91079	0.541194	7.56648	0.483715	4.61908	0.68951	4.49542	0.655498	5.17962	0.214238	0.511688	0.105349	3.42554	1.46624	14.2666	14.2666	0
4.317	0.787554	7.15463	2.56517	4.35143	0.899174	4.75437	0.666921	5.17634	0.242587	0.507618	0.106309	3.35772	1.52994	1.76371	1.76371	0
4.317	0.787554	7.15463	2.56517	5.20901	0.66599	5.01315	0.679804	5.1727	0.272649	0.51989	0.106389	3.29638	1.58198	1.76371	1.76371	0
4.96457	0.740453	8.56178	1.41	5.51894	0.648233	5.27175	0.694234	5.16867	0.304413	0.510907	0.104093	3.30155	1.56053	22.1055	22.1055	0
4.96457	0.740453	8.56178	1.41	5.22834	0.639362	5.53013	0.710295	5.16422	0.337868	0.513777	0.101681	3.30641	1.5398	22.1055	22.1055	0
5.60134	0.730556	9.37168	0.582392	6.022	0.708619	5.78828	0.728072	5.15932	0.372999	0.503052	0.0992323	3.35511	1.50338	11.9778	11.9778	0
5.60134	0.730556	9.37168	0.582392	5.89392	0.373584	6.04618	0.747647	5.15393	0.409793	0.500553	0.0970192	3.39907	1.46928	11.9778	11.9778	0
6.14756	0.858615	9.61555	1.22385	6.34249	0.948833	6.30379	0.769103	5.14803	0.448233	0.490633	0.0967049	3.45241	1.44605	3.18927	3.18927	0
6.14756	0.858615	9.61555	1.22385	6.62134	0.836138	6.5611	0.792523	5.14157	0.488305	0.487664	0.0956252	3.50093	1.42355	3.18927	3.18927	0
6.67709	0.797012	9.80748	0.123783	6.78214	0.714036	6.81808	0.817988	5.13452	0.52999	0.478643	0.0937871	3.55524	1.39715	1.49398	1.49398	0
6.67709	0.797012	9.80748	0.123783	7.29121	0.630741	7.07469	0.845578	5.12685	0.573269	0.475781	0.0924577	3.60502	1.37285	1.49398	1.49398	0
7.15305	0.887987	9.78721	0.601228	7.13735	0.957217	7.3309	0.875373	5.11851	0.618123	0.46814	0.0907618	3.64995	1.34719	0.510188	0.510188	0
7.15305	0.887987	9.78721	0.601228	8.08349	0.819605	7.58668	0.907449	5.10946	0.664531	0.466952	0.0892022	3.69159	1.32297	0.510188	0.510188	0
7.68625	0.804531	9.89692	-0.378459	7.80533	0.719126	7.84199	0.941886	5.09966	0.712469	0.459741	0.0912865	3.73517	1.31565	1.62661	1.62661	0
7.68625	0.804531	9.89692	-0.378459	8.40453	0.884557	8.0968	0.978759	5.08907	0.761915	0.458186	0.0952223	3.77584	1.31019	1.62661	1.62661	0
8.19559	0.812193	9.94296	-0.409957	8.24796	0.840322	8.35106	1.01814	5.07766	0.812843	0.4516	0.100713	3.81584	1.30746	0.241109	0.241109	0
8.19559	0.812193	9.94296	-0.409957	8.45858	1.41118	8.60472	1.06011	5.06537	0.865226	0.450333	0.108382	3.85345	1.30646	0.241109	0.241109	0
8.70562	0.922993	9.9868	0.283544	8.74615	1.04858	8.85775	1.10473	5.05216	0.919037	0.444247	0.111318	3.89063	1.29126	1.56685	1.56685	0
8.70562	0.922993	9.9868	0.283544	9.8809	1.1419	9.1101	1.15208	5.03798	0.974245	0.443129	0.116494	3.92583	1.27763	1.56685	1.56685	0
9.21549	0.9921	10.0043	0.546609	9.25579	1.04913	9.36172	1.20223	5.0228	1.03082	0.437451	0.120186	3.95989	1.26191	0.385495	0.385495	0
9.21549	0.9921	10.0043	0.546609	10.1016	1.52474	9.61255	1.25524	5.00656	1.08873	0.43638	0.12636	3.99237	1.24753	0.385495	0.385495	0
9.78756	1.2228	10.027	1.71563	10.0484	1.44598	9.86254	1.31118	4.98922	1.14794	0.430619	0.125484	4.02419	1.23409	8.12354	8.12354	0
9.78756	1.2228	10.027	1.71563	10.5377	1.72555	10.1117	1.37011	4.97074	1.20841	0.428155	0.126107	4.05472	1.22052	8.12354	8.12354	0
10.2766	1.37946	9.92306	2.18874	10.2492	1.45907	10.3598	1.4321	4.95106	1.2701	0.42284	0.124765	4.08081	1.21372	0.570801	0.570801	0
10.2766	1.37946	9.92306	2.18874	10.9084	1.70343	10.6069	1.49721	4.93014	1.33298	0.420776	0.124594	4.10609	1.20607	0.570801	0.570801	0
10.7636	1.47585	9.895	2.24423	10.7313	1.45265	10.853	1.56549	4.90794	1.39701	0.415847	0.123859	4.12981	1.19859	0.097265	0.097265	0
10.7636	1.47585	9.895	2.24423	11.4783	1.42876	11.0979	1.637	4.8844	1.46213	0.414092	0.124876	4.15295	1.19037	0.097265	0.097265	0
11.3213	1.58983	9.97963	2.35096	11.587	1.61462	11.3416	1.71179	4.85948	1.52832	0.40926	0.124809	4.17799	1.18312	3.92793	3.92793	0
11.3213	1.58983	9.97963	2.35096	11.4763	1.53917	11.584	1.78992	4.83313	1.59551	0.406518	0.127017	4.20248	1.17513	3.92793	3.92793	0
11.8096	1.72604	9.92044	2.55028	11.7788	1.74591	11.8251	1.87144	4.80531	1.66366	0.401982	0.127454	4.22491	1.16949	0.0859893	0.0859893	0
11.8096	1.72604	9.92044	2.55028	12.136	2.14937	12.0647	1.95639	4.77598	1.73273	0.399364	0.130556	4.24701	1.16297	0.0859893	0.0859893	0
12.3104	1.82785	9.92041	2.55453	12.3226	1.78353	12.3029	2.04482	4.74508	1.80265	0.395095	0.132981	4.26887	1.15575	0.154092	0.154092	0
12.3104	1.82785	9.92041	2.55453	12.5457	1.77728	12.5394	2.13677	4.71257	1.87338	0.392353	0.138938	4.29053	1.14787	0.154092	0.154092	0
12.7578	2.04706	9.73736	3.05291	12.5924	2.17509	12.7743	2.23227	4.67842	1.94485	0.388335	0.140035	4.30758	1.14707	2.79506	2.79506	0
12.7578	2.04706	9.73736	3.05291	13.2198	2.6644	13.0075	2.33137	4.64258	2.01701	0.386051	0.14434	4.32473	1.14495	2.79506	2.79506	0
13.2067	2.28205	9.55452	3.51971	13.0875	2.40708	13.2388	2.43409	4.605	2.08981	0.382274	0.144495	4.33784	1.15122	1.95543	1.95543	0
13.2067	2.28205	9.55452	3.51971	12.7087	3.12439	13.4682	2.54047	4.56565	2.16317	0.380313	0.147518	4.35128	1.15551	1.95543	1.95543	0
13.7008	2.50978	9.46574	3.86274	13.836	2.62479	13.6955	2.65053	4.52448	2.23703	0.376709	0.147393	4.36315	1.16614	1.75447	1.75447	0
13.7008	2.50978	9.46574	3.86274	13.8302	2.73893	13.9208	2.7643	4.48147	2.31134	0.374404	0.150073	4.37545	1.17442	1.75447	1.75447	0
14.1663	2.78138	9.29575	4.30891	14.2106	2.94205	14.1439	2.88179	4.43656	2.38601	0.370997	0.149318	4.38473	1.19223	1.75188	1.75188	0
14.1663	2.78138	9.29575	4.30891	14.5568	2.87021	14.3646	3.00303	4.38974	2.46099	0.368623	0.150914	4.39458	1.20707	1.75188	1.75188	0
14.6058	2.98146	9.18769	4.45488	14.4616	2.90734	14.583	3.12802	4.34097	2.5362	0.365388	0.150839	4.40291	1.22312	1.37912	1.37912	0
14.6058	2.98146	9.18769	4.45488	14.6754	3.96041	14.7989	3.25679	4.29021	2.61157	0.363111	0.153841	4.41191	1.23645	1.37912	1.37912	0
15.0395	3.30005	8.94587	4.95249	15.0261	3.5067	15.0122	3.38932	4.23744	2.68703	0.360038	0.152973	4.4171	1.26091	2.75588	2.75588	0
15.0395	3.30005	8.94587	4.95249	15.3685	4.14761	15.2228	3.52563	4.18263	2.76249	0.357808	0.154464	4.42309	1.28193	2.75588	2.75588	0
15.4734	3.62996	8.70938	5.40554	15.5236	3.82936	15.4306	3.66572	4.12575	2.83789	0.354905	0.153261	4.42577	1.31319	2.53949	2.53949	0
15.4734	3.62996	8.70938	5.40554	15.7234	3.4105	15.6355	3.80957	4.06678	2.91315	0.352633	0.153722	4.42935	1.34047	2.53949	2.53949	0
15.9107	3.92746	8.54541	5.69144	15.9774	4.00094	15.8375	3.95719	4.00571	2.98817	0.349945	0.152543	4.43112	1.37271	0.525677	0.525677	0
15.9107	3.92746	8.54541	5.69144	16.3376	4.21632	16.0363	4.10854	3.94251	3.0629	0.347555	0.15303	4.43386	1.40101	0.525677	0.525677	0
16.3184	4.27827	8.28307	6.0945	16.3313	4.44499	16.2319	4.26363	3.87716	3.13723	0.345038	0.151859	4.43343	1.43777	1.68415	1.68415	0
16.3184	4.27827	8.28307	6.0945	16.7586	4.48231	16.4242	4.42242	3.80966	3.21109	0.342662	0.151745	4.43404	1.47032	1.68415	1.68415	0
16.7017	4.61898	8.02124	6.4221	16.6039	4.67344	16.613	4.5849	3.74	3.28438	0.340267	0.150666	4.4318	1.50881	0.744166	0.744166	0
16.7017	4.61898	8.02124	6.4221	16.9236	5.10119	16.7983	4.75103	3.66817	3.35704	0.337959	0.150409	4.43065	1.54311	0.744166	0.744166	0
17.0616	5.01866	7.66116	6.86123	16.9955	5.21099	16.9799	4.92077	3.59416	3.42897	0.335645	0.149779	4.42559	1.58664	2.56823	2.56823	0
17.0616	5.01866	7.66116	6.86123	17.3421	4.64623	17.1579	5.09409	3.51797	3.50008	0.333438	0.148979	4.42168	1.62568	2.56823	2.56823	0
17.4086	5.39485	7.34649	7.18322	17.2894	5.43542	17.3319	5.27094	3.4396	3.57028	0.331206	0.148655	4.41485	1.67017	0.914418	0.914418	0
17.4086	5.39485	7.34649	7.18322	17.6463	4.74597	17.5019	5.45128	3.35907	3.63949	0.329082	0.147769	4.4092	1.7103	0.914418	0.914418	0
17.783	5.7277	7.18409	7.33283	17.7853	5.62476	17.6679	5.63506	3.27637	3.70762	0.327098	0.147153	4.40271	1.75074	0.618761	0.618761	0
17.783	5.7277	7.18409	7.33283	17.9216	6.07151	17.8297	5.82221	3.19151	3.77458	0.324926	0.146568	4.39743	1.78739	0.618761	0.618761	0
18.1288	6.11591	6.91211	7.59614	18.1263	6.16985	17.9872	6.01269	3.10453	3.84027	0.323166	0.146074	4.39008	1.82764	0.169219	0.169219	0
18.1288	6.11591	6.91211	7.59614	18.1245	6.79027	18.1402	6.20641	3.01542	3.90462	0.321036	0.145481	4.38395	1.8643	0.169219	0.169219	0
18.4094	6.5555	6.46288	7.97273	18.2164	6.66138	18.2888	6.40332	2.92421	3.96753	0.319241	0.14557	4.37402	1.90757	2.91415	2.91415	0
18.4094	6.5555	6.46288	7.97273	18.4022	7.02231	18.4328	6.60333	2.83093	4.0289	0.317199	0.144735	4.36531	1.9472	2.91415	2.91415	0
18.708	6.93419	6.18695	8.15165	18.5422	6.76013	18.572	6.80638	2.7356	4.08867	0.315556	0.144534	4.35494	1.9881	2.89284	2.89284	0
18.708	6.93419	6.18695	8.15165	18.8089	7.24388	18.7064	7.01237	2.63825	4.14672	0.313578	0.143893	4.34578	2.02574	2.89284	2.89284	0
19.0496	7.30366	6.05866	8.24209	19.1441	7.18344	18.8359	7.22122	2.53893	4.20299	0.312539	0.143295	4.33654	2.06261	1.43452	1.43452	0
19.0496	7.30366	6.05866	8.24209	18.5479	7.4012	18.9604	7.43283	2.43767	4.25737	0.310784	0.143131	4.32853	2.09669	1.43452	1.43452	0
19.2679	7.77633	5.52521	8.59874	19.0138	7.8688	19.0798	7.64712	2.3345	4.3098	0.309595	0.142972	4.31661	2.13654	4.35846	4.35846	0
19.2679	7.77633	5.52521	8.59874	19.3089	7.67375	19.1939	7.86397	2.22949	4.36017	0.307853	0.142439	4.30588	2.17355	4.35846	4.35846	0
19.4615	8.23022	5.00751	8.87581	19.132	8.12845	19.3028	8.08329	2.12266	4.40842	0.30652	0.142493	4.29189	2.21439	6.29316	6.29316	0
19.4615	8.23022	5.00751	8.87581	19.0239	8.17194	19.4062	8.30497	2.01409	4.45445	0.304791	0.141891	4.27906	2.25251	6.29316	6.29316	0
19.6599	8.64485	4.60778	9.0343	19.347	8.30741	19.5042	8.5289	1.90381	4.49819	0.303494	0.14162	4.26426	2.29173	10.5193	10.5193	0
19.6599	8.64485	4.60778	9.0343	19.6843	8.35902	19.5966	8.75494	1.7919	4.53956	0.30184	0.141301	4.25058	2.3285	10.5193	10.5193	0
19.9252	9.05653	4.43698	9.10635	20.0039	8.8906	19.6835	8.983	1.67841	4.57848	0.301231	0.140721	4.23673	2.3646	1.97581	1.97581	0
19.9252	9.05653	4.43698	9.10635	19.6061	9.48659	19.7645	9.21294	1.56341	4.61488	0.300031	0.140905	4.224	2.39862	1.97581	1.97581	0
20.1473	9.50534	4.14117	9.24037	20.1574	9.45949	19.8398	9.44463	1.44697	4.64869	0.300114	0.140273	4.21021	2.43348	0.12257	0.12257	0
20.1473	9.50534	4.14117	9.24037	19.6163	9.76606	19.9093	9.67795	1.32916	4.67984	0.299508	0.140665	4.19752	2.46648	0.12257	0.12257	0
20.3079	9.97621	3.69388	9.41457	20.1573	9.90876	19.9728	9.91275	1.21005	4.70826	0.299913	0.140061	4.18283	2.50126	1.44751	1.44751	0
20.3079	9.97621	3.69388	9.41457	19.1911	11.5493	20.0303	10.1489	1.08972	4.73389	0.299685	0.140448	4.16918	2.53432	1.44751	1.44751	0
20.4083	10.4763	3.09714	9.6173	20.166	10.4687	20.0818	10.3863	0.968259	4.75666	0.29998	0.140012	4.15293	2.5698	3.41542	3.41542	0
20.4083	10.4763	3.09714	9.6173	19.6775	10.803	20.1271	10.6247	0.845742	4.77652	0.299791	0.140102	4.13763	2.60369	3.41542	3.41542	0
20.5064	10.9795	2.5593	9.77276	20.371	11.0109	20.1663	10.864	0.722256	4.7934	0.300234	0.13987	4.12047	2.63911	1.17009	1.17009	0
20.5064	10.9795	2.5593	9.77276	19.4335	12.3402	20.1993	11.1041	0.597892	4.80727	0.300305	0.139723	4.10418	2.67309	1.17009	1.17009	0
20.5569	11.475	1.95186	9.89296	20.3164	11.3483	20.2261	11.3449	0.472738	4.81807	0.300629	0.13963	4.0861	2.70802	3.97948	3.97948	0
20.5569	11.475	1.95186	9.89296	19.2063	12.2418	20.2466	11.5861	0.346889	4.82575	0.300727	0.139373	4.06879	2.74168	3.97948	3.97948	0
20.6382	11.9696	1.5165	9.9658	20.6141	11.9422	20.2608	11.8275	0.220439	4.83027	0.301582	0.139399	4.05065	2.77552	0.0676804	0.0676804	0
20.6382	11.9696	1.5165	9.9658	19.966	11.9688	20.2687	12.0692	0.093487	4.83159	0.302323	0.139064	4.0332	2.80828	0.0676804	0.0676804	0
20.6054	12.492	0.766924	10.0466	20.3263	12.4966	20.2701	12.3108	-0.0338694	4.82968	0.302661	0.139534	4.01435	2.8415	4.68532	4.68532	0
20.6054	12.492	0.766924	10.0466	20.0192	12.4823	20.2652	12.5522	-0.161529	4.82451	0.303044	0.138987	3.99604	2.87379	4.68532	4.68532	0
20.6019	12.9897	0.218688	10.0629	20.498	12.8924	20.254	12.7933	-0.28939	4.81605	0.303503	0.139645	3.97728	2.90555	1.06308	1.06308	0
20.6019	12.9897	0.218688	10.0629	20.9151	12.2555	20.2363	13.0339	-0.417348	4.80428	0.304148	0.139051	3.95895	2.93657	1.06308	1.06308	0
20.505	13.474	-0.54683	10.0193	20.1943	13.1688	20.2122	13.2738	-0.545298	4.78918	0.304043	0.139746	3.94041	2.96623	10.0115	10.0115	0
20.505	13.474	-0.54683	10.0193	19.858	13.5236	20.1818	13.5129	-0.673135	4.77072	0.304226	0.139148	3.92215	2.99535	10.0115	10.0115	0
20.4299	13.9691	-1.14628	9.96074	20.3245	13.8896	20.1449	13.7509	-0.800753	4.74892	0.304055	0.140076	3.90425	3.02308	0.957171	0.957171	0
20.4299	13.9691	-1.14628	9.96074	20.3387	13.5307	20.1017	13.9878	-0.928043	4.72374	0.304283	0.13945	3.88652	3.05045	0.957171	0.957171	0
20.2977	14.4567	-1.83787	9.84582	20.1216	14.337	20.0521	14.2233	-1.0549	4.69521	0.303805	0.140576	3.86969	3.07578	2.55084	2.55084	0
20.2977	14.4567	-1.83787	9.84582	19.6717	14.4038	19.9962	14.4573	-1.18121	4.66331	0.303785	0.139947	3.85287	3.10093	2.55084	2.55084	0
20.0823	14.9316	-2.69077	9.63517	19.781	14.773	19.934	14.6897	-1.30687	4.62805	0.30276	0.141173	3.838	3.1229	6.744	6.744	0
20.0823	14.9316	-2.69077	9.63517	20.1149	14.0165	19.8655	14.9202	-1.43177	4.58944	0.302113	0.140556	3.82295	3.14489	6.744	6.744	0
19.9565	15.3908	-3.14817	9.47734	20.0208	15.2053	19.7908	15.1486	-1.55581	4.54751	0.301193	0.141754	3.80918	3.16475	1.92678	1.92678	0
19.9565	15.3908	-3.14817	9.47734	20.0157	15.3443	19.7099	15.3749	-1.67887	4.50226	0.300765	0.141149	3.79518	3.18476	1.92678	1.92678	0
19.8145	15.8333	-3.58143	9.29425	19.9131	15.554	19.6229	15.5989	-1.80085	4.45372	0.3	0.142205	3.78251	3.20254	4.35091	4.35091	0
19.8145	15.8333	-3.58143	9.29425	19.9388	15.0864	19.5298	15.8203	-1.92164	4.40193	0.299874	0.141607	3.76955	3.22058	4.35091	4.35091	0
19.5754	16.2607	-4.23041	8.99663	19.4748	16.0098	19.4307	16.039	-2.04114	4.3469	0.298905	0.142466	3.75904	3.23523	3.81624	3.81624	0
19.5754	16.2607	-4.23041	8.99663	19.1556	16.0022	19.3257	16.2549	-2.15925	4.28868	0.298529	0.141872	3.74811	3.25026	3.81624	3.81624	0
19.3048	16.6556	-4.88133	8.62671	19.238	16.2719	19.2148	16.4679	-2.27586	4.22731	0.297406	0.142312	3.7401	3.26141	7.71028	7.71028	0
19.3048	16.6556	-4.88133	8.62671	19.4007	16.2962	19.0981	16.6777	-2.39087	4.16284	0.296775	0.141741	3.73156	3.27307	7.71028	7.71028	0
19.025	17.0513	-5.44885	8.2606	19.0029	16.8387	18.9757	16.8841	-2.50418	4.0953	0.295599	0.141967	3.72583	3.2813	2.31929	2.31929	0
19.025	17.0513	-5.44885	8.2606	18.8373	17.7112	18.8477	17.0872	-2.61571	4.02476	0.294835	0.14143	3.71949	3.2901	2.31929	2.31929	0
18.7055	17.4402	-6.02104	7.8525	18.6148	17.3832	18.7142	17.2866	-2.72534	3.95127	0.293655	0.141531	3.71629	3.29544	0.692673	0.692673	0
18.7055	17.4402	-6.02104	7.8525	18.8177	17.0316	18.5752	17.4822	-2.83299	3.87489	0.292717	0.141018	3.71239	3.30141	0.692673	0.692673	0
18.3058	17.7706	-6.7198	7.2547	18.1023	17.5529	18.4309	17.674	-2.93858	3.79568	0.291774	0.140724	3.71294	3.30268	5.2482	5.2482	0
18.3058	17.7706	-6.7198	7.2547	18.2749	17.4877	18.2814	17.8617	-3.042	3.71372	0.29064	0.140404	3.71267	3.30461	5.2482	5.2482	0
18.01	18.1311	-7.04141	6.92002	18.2094	18.0461	18.1268	18.0453	-3.14318	3.62906	0.289694	0.140062	3.71414	3.3045	2.50769	2.50769	0
18.01	18.1311	-7.04141	6.92002	18.3021	17.498	17.9671	18.2246	-3.24204	3.5418	0.288602	0.139763	3.71481	3.30508	2.50769	2.50769	0
17.6827	18.4509	-7.39428	6.50019	17.9018	18.2183	17.8026	18.3994	-3.3385	3.45199	0.287689	0.139302	3.71753	3.30319	5.03267	5.03267	0
17.6827	18.4509	-7.39428	6.50019	18.8558	18.1364	17.6334	18.5697	-3.43247	3.35973	0.286629	0.139158	3.71944	3.30199	5.03267	5.03267	0
17.3151	18.7618	-7.75733	6.04976	17.3845	18.7039	17.4595	18.7353	-3.5239	3.26509	0.285824	0.138653	3.72357	3.2984	0.405174	0.405174	0
17.3151	18.7618	-7.75733	6.04976	17.7945	18.0801	17.281	18.8962	-3.61271	3.16817	0.284771	0.138621	3.72689	3.29549	0.405174	0.405174	0
16.954	19.0474	-8.05421	5.60751	17.1762	18.8863	17.0983	19.0521	-3.69883	3.06904	0.283985	0.138107	3.73193	3.29052	3.73173	3.73173	0
16.954	19.0474	-8.05421	5.60751	16.9398	19.7311	16.9113	19.203	-3.78221	2.9678	0.282963	0.138244	3.73619	3.28621	3.73173	3.73173	0
16.5255	19.2717	-8.44156	4.9766	16.5734	19.052	16.7201	19.3488	-3.86278	2.86455	0.282419	0.137896	3.74302	3.27916	2.63485	2.63485	0
16.5255	19.2717	-8.44156	4.9766	16.1674	20.2201	16.5251	19.4894	-3.9405	2.75938	0.281394	0.138639	3.74907	3.2727	2.63485	2.63485	0
16.1296	19.5398	-8.66154	4.57472	16.2338	19.6171	16.3262	19.6246	-4.01531	2.65237	0.280875	0.138327	3.75629	3.26498	1.01489	1.01489	0
16.1296	19.5398	-8.66154	4.57472	16.4366	18.2742	16.1237	19.7545	-4.08716	2.54364	0.279871	0.139022	3.76276	3.25783	1.01489	1.01489	0
15.7378	19.7982	-8.82918	4.21666	15.9243	19.8703	15.9176	19.8789	-4.15602	2.43329	0.279287	0.138695	3.76999	3.24973	2.31	2.31	0
15.7378	19.7982	-8.82918	4.21666	16.2328	19.2166	15.7082	19.9978	-4.22185	2.32141	0.278313	0.139217	3.77654	3.24217	2.31	2.31	0
15.3281	20.0466	-8.98218	3.87238	15.4332	20.1836	15.4956	20.111	-4.28461	2.2081	0.277692	0.138834	3.78376	3.23381	1.81013	1.81013	0
15.3281	20.0466	-8.98218	3.87238	14.3677	21.3406	15.2799	20.2185	-4.34427	2.09347	0.276755	0.139091	3.79035	3.22597	1.81013	1.81013	0
14.9379	20.2994	-9.06786	3.6225	15.2016	20.4385	15.0613	20.3203	-4.4008	1.97763	0.27599	0.138621	3.79709	3.21772	5.15031	5.15031	0
14.9379	20.2994	-9.06786	3.6225	14.7476	19.9571	14.84	20.4162	-4.4542	1.86068	0.275162	0.138484	3.80328	3.21	5.15031	5.15031	0
14.5161	20.5138	-9.18529	3.28469	14.6665	20.6088	14.6161	20.5063	-4.50443	1.74272	0.274349	0.138013	3.80994	3.20159	1.84226	1.84226	0
14.5161	20.5138	-9.18529	3.28469	13.841	21.0031	14.3897	20.5904	-4.55149	1.62386	0.273618	0.137691	3.8161	3.19367	1.84226	1.84226	0
14.0474	20.6486	-9.36293	2.73097	14.0521	20.5924	14.1611	20.6686	-4.59537	1.50421	0.272857	0.137238	3.82327	3.18453	0.182514	0.182514	0
14.0474	20.6486	-9.36293	2.73097	13.8232	20.859	13.9304	20.7408	-4.63606	1.38386	0.272114	0.136986	3.83	3.1758	0.182514	0.182514	0
13.5598	20.7538	-9.5206	2.15026	13.4686	20.7253	13.6977	20.807	-4.67357	1.26294	0.271443	0.136601	3.83763	3.16609	0.494525	0.494525	0
13.5598	20.7538	-9.5206	2.15026	13.8263	20.4261	13.4632	20.8671	-4.70789	1.14153	0.270662	0.13646	3.84485	3.15672	0.494525	0.494525	0
13.0831	20.8452	-9.623	1.61744	13.1072	20.8294	13.2271	20.9211	-4.73904	1.01975	0.270027	0.136152	3.85255	3.14675	0.0409347	0.0409347	0
13.0831	20.8452	-9.623	1.61744	13.2669	21.1579	12.9895	20.969	-4.76702	0.897694	0.269255	0.136075	3.85991	3.13706	0.0409347	0.0409347	0
12.6382	20.9643	-9.65512	1.26978	12.8729	21.0592	12.7506	21.0108	-4.79186	0.775469	0.268537	0.135687	3.86722	3.12717	3.46098	3.46098	0
12.6382	20.9643	-9.65512	1.26978	11.5171	21.6724	12.5106	21.0465	-4.81358	0.653175	0.26787	0.135412	3.87424	3.11753	3.46098	3.46098	0
12.1643	21.0415	-9.6988	0.840552	12.2062	21.11	12.2695	21.0761	-4.83219	0.530912	0.267147	0.135008	3.88137	3.10768	0.386461	0.386461	0
12.1643	21.0415	-9.6988	0.840552	12.3859	21.1066	12.0276	21.0996	-4.84773	0.408778	0.266522	0.134659	3.88826	3.09802	0.386461	0.386461	0
11.6706	21.0176	-9.73196	0.15574	11.6814	20.8651	11.785	21.117	-4.86022	0.286869	0.265838	0.134466	3.89522	3.08828	1.39499	1.39499	0
11.6706	21.0176	-9.73196	0.15574	11.5265	20.6748	11.5418	21.1283	-4.86971	0.165281	0.265201	0.134331	3.90201	3.07861	1.39499	1.39499	0
11.2035	21.0328	-9.71394	-0.302057	11.363	21.0688	11.2982	21.1335	-4.87623	0.0441057	0.264482	0.134148	3.90852	3.06916	1.35717	1.35717	0
11.2035	21.0328	-9.71394	-0.302057	10.5558	20.5567	11.0544	21.1327	-4.87982	-0.076565	0.263924	0.133963	3.9149	3.05972	1.35717	1.35717	0
10.7331	20.9881	-9.66475	-0.875058	10.8903	20.927	10.8105	21.1259	-4.88053	-0.196643	0.263183	0.133987	3.92082	3.05079	1.41008	1.41008	0
10.7331	20.9881	-9.66475	-0.875058	9.30535	21.3896	10.5666	21.1131	-4.8784	-0.31604	0.262701	0.133934	3.92668	3.04178	1.41008	1.41008	0
10.2497	21.0045	-9.6383	-1.16634	10.189	21.209	10.3229	21.0943	-4.87349	-0.434674	0.261966	0.13371	3.9323	3.03309	2.69237	2.69237	0
10.2497	21.0045	-9.6383	-1.16634	9.97958	21.2932	10.0795	21.0697	-4.86585	-0.552463	0.26151	0.133403	3.93789	3.02431	2.69237	2.69237	0
9.79086	20.9473	-9.55152	-1.62884	9.99634	20.9797	9.83658	21.0391	-4.85554	-0.669327	0.26075	0.133192	3.94287	3.01616	2.13486	2.13486	0
9.79086	20.9473	-9.55152	-1.62884	9.38223	21.111	9.59422	21.0028	-4.84262	-0.785189	0.260415	0.132864	3.94787	3.00787	2.13486	2.13486	0
9.33628	20.859	-9.43702	-2.1126	9.53921	20.8762	9.35258	20.9607	-4.82714	-0.899977	0.259646	0.132702	3.95211	3.00041	2.03143	2.03143	0
9.33628	20.859	-9.43702	-2.1126	9.63392	20.9724	9.11177	20.9128	-4.80919	-1.01362	0.259453	0.132375	3.95642	2.99276	2.03143	2.03143	0
8.85157	20.7646	-9.34792	-2.52521	8.70331	20.8221	8.87192	20.8594	-4.78881	-1.12605	0.258698	0.132186	3.96021	2.98591	1.28981	1.28981	0
8.85157	20.7646	-9.34792	-2.52521	9.84634	20.009	8.63315	20.8003	-4.76608	-1.2372	0.258482	0.13183	3.96411	2.97884	1.28981	1.28981	0
8.3752	20.5918	-9.18982	-3.10178	8.22277	20.4839	8.39557	20.7358	-4.74108	-1.34701	0.257739	0.131903	3.96708	2.97321	1.8024	1.8024	0
8.3752	20.5918	-9.18982	-3.10178	8.29647	20.4978	8.1593	20.6657	-4.71387	-1.45542	0.257518	0.131643	3.97019	2.96728	1.8024	1.8024	0
7.91621	20.4324	-9.0276	-3.55233	7.88599	20.45	7.92445	20.5903	-4.68453	-1.56237	0.256782	0.131808	3.97242	2.96262	0.065581	0.065581	0
7.91621	20.4324	-9.0276	-3.55233	8.29081	20.6565	7.69111	20.5096	-4.65313	-1.66781	0.256613	0.131561	3.97482	2.9576	0.065581	0.065581	0
7.43555	20.2927	-8.92417	-3.85341	7.18029	20.392	7.45939	20.4237	-4.61975	-1.7717	0.255893	0.131558	3.97676	2.95338	3.94181	3.94181	0
7.43555	20.2927	-8.92417	-3.85341	7.09214	20.1196	7.22939	20.3326	-4.58448	-1.87399	0.255641	0.131222	3.97889	2.94881	3.94181	3.94181	0
6.97177	20.1218	-8.7843	-4.18843	6.81542	20.1859	7.00119	20.2364	-4.54738	-1.97462	0.254935	0.131135	3.98038	2.94521	1.52129	1.52129	0
6.97177	20.1218	-8.7843	-4.18843	6.89359	20.1536	6.7749	20.1352	-4.50854	-2.07357	0.254649	0.130774	3.98208	2.94125	1.52129	1.52129	0
6.51635	19.9378	-8.6379	-4.49938	6.38914	20.0137	6.55059	20.0292	-4.46805	-2.17079	0.253957	0.130589	3.98314	2.93821	1.21949	1.21949	0
6.51635	19.9378	-8.6379	-4.49938	6.67637	20.2142	6.32834	19.9183	-4.42598	-2.26625	0.253642	0.130238	3.98443	2.9348	1.21949	1.21949	0
6.05715	19.7476	-8.51126	-4.76048	5.86119	19.8306	6.10823	19.8027	-4.38241	-2.35993	0.252976	0.129945	3.98524	2.93215	2.46691	2.46691	0
6.05715	19.7476	-8.51126	-4.76048	5.28178	19.5036	5.89034	19.6824	-4.33744	-2.45178	0.252587	0.129681	3.98629	2.92912	2.46691	2.46691	0
5.63905	19.5151	-8.29682	-5.11177	5.69089	19.5755	5.67472	19.5577	-4.29114	-2.5418	0.251917	0.129367	3.98639	2.92729	0.325874	0.325874	0
5.63905	19.5151	-8.29682	-5.11177	5.9506	18.9859	5.46145	19.4284	-4.24359	-2.62995	0.251577	0.129176	3.98675	2.92508	0.325874	0.325874	0
5.2103	19.2997	-8.14368	-5.34544	5.17021	19.4397	5.25059	19.2948	-4.19488	-2.71622	0.25092	0.12883	3.98655	2.92358	1.28641	1.28641	0
5.2103	19.2997	-8.14368	-5.34544	5.87397	19.301	5.04219	19.157	-4.1451	-2.80059	0.250552	0.128908	3.98662	2.92169	1.28641	1.28641	0
4.82292	19.0079	-7.855	-5.75464	4.89149	18.982	4.8363	19.015	-4.09432	-2.88305	0.24989	0.128567	3.98545	2.92143	0.297827	0.297827	0
4.82292	19.0079	-7.855	-5.75464	3.98679	19.0452	4.63297	18.8689	-4.04263	-2.96359	0.249613	0.128625	3.98456	2.92076	0.297827	0.297827	0
4.43198	18.7371	-7.62783	-6.03941	4.4685	18.834	4.43224	18.7188	-3.99012	-3.0422	0.248958	0.128294	3.98283	2.92116	0.577771	0.577771	0
4.43198	18.7371	-7.62783	-6.03941	4.69245	18.4634	4.23416	18.5648	-3.93685	-3.11888	0.248719	0.128563	3.98136	2.92116	0.577771	0.577771	0
4.08204	18.4227	-7.29994	-6.40676	4.26269	18.481	4.03876	18.4071	-3.88293	-3.19362	0.248094	0.128234	3.97864	2.92275	1.78593	1.78593	0
4.08204	18.4227	-7.29994	-6.40676	3.42434	18.8357	3.84606	18.2457	-3.82841	-3.26644	0.248033	0.128533	3.9762	2.92391	1.78593	1.78593	0
3.67982	18.1319	-7.13805	-6.60639	3.45919	18.167	3.65611	18.0807	-3.77339	-3.33732	0.247402	0.128255	3.9733	2.92579	2.71628	2.71628	0
3.67982	18.1319	-7.13805	-6.60639	4.3011	17.9267	3.46891	17.9122	-3.71795	-3.40627	0.247229	0.128887	3.97067	2.92725	2.71628	2.71628	0
3.30289	17.8021	-6.90883	-6.86775	3.12525	17.7493	3.28449	17.7402	-3.66215	-3.47331	0.246604	0.128634	3.96733	2.92981	1.72481	1.72481	0
3.30289	17.8021	-6.90883	-6.86775	2.65664	17.888	3.10287	17.565	-3.60609	-3.53844	0.246391	0.12941	3.96425	2.93197	1.72481	1.72481	0
2.93038	17.527	-6.77628	-6.9705	2.9449	17.8154	2.92405	17.3866	-3.54982	-3.60167	0.245772	0.129468	3.96089	2.93432	4.6494	4.6494	0
2.93038	17.527	-6.77628	-6.9705	3.26647	17.0897	2.74805	17.2051	-3.49344	-3.66302	0.245495	0.131135	3.95779	2.93631	4.6494	4.6494	0
2.59919	17.1588	-6.46813	-7.26796	2.55407	17.0853	2.57486	17.0205	-3.437	-3.72251	0.24489	0.131171	3.95372	2.93965	0.372517	0.372517	0
2.59919	17.1588	-6.46813	-7.26796	2.55039	16.8884	2.4045	16.833	-3.38059	-3.78014	0.244667	0.132838	3.9499	2.94262	0.372517	0.372517	0
2.27447	16.8001	-6.19782	-7.49839	2.25371	16.8334	2.23695	16.6427	-3.32428	-3.83595	0.244078	0.13297	3.94531	2.94659	0.0932656	0.0932656	0
2.27447	16.8001	-6.19782	-7.49839	1.57735	16.0489	2.07221	16.4497	-3.26812	-3.88995	0.24389	0.134895	3.94097	2.9502	0.0932656	0.0932656	0
1.98584	16.3688	-5.79181	-7.84719	1.88972	16.1054	1.91027	16.254	-3.21219	-3.94216	0.243352	0.134804	3.93548	2.9556	4.02776	4.02776	0
1.98584	16.3688	-5.79181	-7.84719	1.74362	16.2687	1.75112	16.0557	-3.15656	-3.99261	0.243311	0.136235	3.9302	2.96063	4.02776	4.02776	0
1.64685	16.014	-5.65276	-7.95513	1.44745	16.0853	1.59474	15.8549	-3.10129	-4.04132	0.242749	0.136355	3.92471	2.96597	2.64266	2.64266	0
1.64685	16.014	-5.65276	-7.95513	1.6097	15.5526	1.44111	15.6517	-3.04644	-4.08832	0.242585	0.138327	3.91943	2.97095	2.64266	2.64266	0
1.35256	15.5966	-5.36347	-8.17922	1.18395	15.4284	1.29021	15.4463	-2.99207	-4.13364	0.242042	0.138387	3.91348	2.97702	2.77654	2.77654	0
1.35256	15.5966	-5.36347	-8.17922	0.828993	15.528	1.14201	15.2386	-2.93825	-4.1773	0.241902	0.140249	3.90774	2.98273	2.77654	2.77654	0
1.03489	15.1865	-5.18897	-8.32634	0.722706	15.0075	0.996486	15.0288	-2.88503	-4.21933	0.241342	0.140337	3.90169	2.98906	6.52605	6.52605	0
1.03489	15.1865	-5.18897	-8.32634	1.03147	15.2134	0.853604	14.8169	-2.83246	-4.25977	0.241094	0.142288	3.89584	2.99505	6.52605	6.52605	0
0.77943	14.7599	-4.87328	-8.52239	0.737301	14.7047	0.71333	14.603	-2.78061	-4.29864	0.24057	0.14236	3.88933	3.002	0.235793	0.235793	0
0.77943	14.7599	-4.87328	-8.52239	0.722177	14.2445	0.575628	14.3872	-2.72952	-4.33598	0.240412	0.144294	3.883	3.00862	0.235793	0.235793	0
0.493824	14.335	-4.68759	-8.65069	0.253435	14.2029	0.440459	14.1696	-2.67925	-4.37181	0.239879	0.144399	3.87638	3.01576	3.84873	3.84873	0
0.493824	14.335	-4.68759	-8.65069	-0.0328023	13.9604	0.307779	13.9502	-2.62984	-4.40617	0.239658	0.146424	3.86993	3.0226	3.84873	3.84873	0
0.326765	13.8509	-4.15373	-8.92812	0.459172	13.6856	0.177545	13.7292	-2.58135	-4.43909	0.23932	0.14632	3.86248	3.03099	2.69252	2.69252	0
0.326765	13.8509	-4.15373	-8.92812	0.0524412	13.6377	0.0497099	13.5065	-2.53381	-4.47061	0.239506	0.147836	3.85517	3.03906	2.69252	2.69252	0
0.0665739	13.4103	-3.98978	-9.02541	-0.190344	13.2856	-0.0757753	13.2823	-2.48728	-4.50075	0.239152	0.147752	3.8477	3.04749	4.27285	4.27285	0
0.0665739	13.4103	-3.98978	-9.02541	-0.275043	13.1456	-0.198962	13.0566	-2.44179	-4.52955	0.239279	0.149332	3.84036	3.05563	4.27285	4.27285	0
-0.0835843	12.9389	-3.52007	-9.21433	0.0462308	12.9301	-0.319903	12.8295	-2.39739	-4.55704	0.239266	0.149175	3.83241	3.06476	0.994631	0.994631	0
-0.0835843	12.9389	-3.52007	-9.21433	-0.684792	12.3563	-0.438654	12.6011	-2.35412	-4.58326	0.239913	0.150556	3.82457	3.07361	0.994631	0.994631	0
-0.294988	12.4774	-3.29962	-9.31268	-0.476482	12.3633	-0.555273	12.3714	-2.31202	-4.60823	0.240008	0.150386	3.81655	3.08285	2.38887	2.38887	0
-0.294988	12.4774	-3.29962	-9.31268	-0.972122	12.5207	-0.669818	12.1404	-2.27111	-4.63198	0.240778	0.15173	3.80865	3.09181	2.38887	2.38887	0
-0.484667	12.0222	-3.0648	-9.39435	-0.582624	12.0386	-0.78235	11.9083	-2.23144	-4.65456	0.24106	0.151582	3.80058	3.10108	0.593461	0.593461	0
-0.484667	12.0222	-3.0648	-9.39435	-1.26757	11.6495	-0.892931	11.6751	-2.19304	-4.67598	0.242055	0.152998	3.7926	3.11009	0.593461	0.593461	0
-0.751123	11.5682	-3.10725	-9.40896	-1.17212	11.3988	-1.00163	11.4409	-2.15594	-4.69628	0.242092	0.152894	3.78477	3.11895	11.2952	11.2952	0
-0.751123	11.5682	-3.10725	-9.40896	-0.891441	10.959	-1.1085	11.2057	-2.12017	-4.71549	0.242718	0.154437	3.77702	3.12759	11.2952	11.2952	0
-1.01725	11.1211	-3.17585	-9.4039	-1.39289	11.0424	-1.21362	10.9695	-2.08575	-4.73364	0.242534	0.154424	3.76946	3.13598	8.43637	8.43637	0
-1.01725	11.1211	-3.17585	-9.4039	-1.29894	10.9012	-1.31706	10.7324	-2.05273	-4.75075	0.242813	0.156205	3.76198	3.14416	8.43637	8.43637	0
-1.23666	10.6428	-3.10052	-9.45675	-1.49687	10.4198	-1.41889	10.4945	-2.02111	-4.76686	0.242583	0.156171	3.7545	3.15248	6.06127	6.06127	0
-1.23666	10.6428	-3.10052	-9.45675	-1.59293	10.0212	-1.51917	10.2559	-1.99093	-4.78198	0.242769	0.157891	3.74711	3.16062	6.06127	6.06127	0
-1.44806	10.19	-3.04366	-9.47473	-1.61875	10.2374	-1.61797	10.0165	-1.96221	-4.79615	0.242503	0.157961	3.73973	3.16869	1.91861	1.91861	0
-1.44806	10.19	-3.04366	-9.47473	-1.59702	9.96554	-1.71539	9.77637	-1.93498	-4.80939	0.242615	0.159926	3.73244	3.17658	1.91861	1.91861	0
-1.62941	9.72259	-2.91046	-9.51965	-1.73381	9.71347	-1.81147	9.53564	-1.90924	-4.82172	0.242389	0.16005	3.72506	3.1846	0.649093	0.649093	0
-1.62941	9.72259	-2.91046	-9.51965	-2.27191	9.37316	-1.90631	9.29431	-1.88502	-4.83316	0.242546	0.162126	3.71776	3.19245	0.649093	0.649093	0
-1.78544	9.20244	-2.69893	-9.626	-1.93833	8.77028	-1.99998	9.05243	-1.86233	-4.84374	0.242434	0.162077	3.7103	3.20082	10.2712	10.2712	0
-1.78544	9.20244	-2.69893	-9.626	-1.96565	9.13274	-2.09256	8.81003	-1.8412	-4.85347	0.242742	0.163724	3.70292	3.20903	10.2712	10.2712	0
-1.97216	8.71466	-2.63677	-9.66369	-2.1768	8.5411	-2.18412	8.56717	-1.82164	-4.86238	0.242622	0.163659	3.69554	3.21734	3.76534	3.76534	0
-1.97216	8.71466	-2.63677	-9.66369	-2.65862	8.19477	-2.27474	8.32388	-1.80365	-4.87047	0.242902	0.165254	3.68823	3.2255	3.76534	3.76534	0
-2.12546	8.22835	-2.49566	-9.70991	-2.21875	8.15339	-2.3645	8.0802	-1.78726	-4.87778	0.242886	0.165187	3.68085	3.23382	0.755439	0.755439	0
-2.12546	8.22835	-2.49566	-9.70991	-2.273	8.52315	-2.45348	7.83617	-1.77248	-4.8843	0.243299	0.166762	3.67353	3.24201	0.755439	0.755439	0
-2.32931	7.74482	-2.54156	-9.71619	-2.59674	7.60288	-2.54177	7.59184	-1.75931	-4.89006	0.24318	0.166708	3.66631	3.25011	5.06022	5.06022	0
-2.32931	7.74482	-2.54156	-9.71619	-3.08256	7.38874	-2.62944	7.34723	-1.74777	-4.89507	0.243441	0.168301	3.65914	3.25809	5.06022	5.06022	0
-2.53265	7.25472	-2.59545	-9.72465	-2.79865	7.064	-2.71658	7.10238	-1.73786	-4.89933	0.243228	0.168239	3.65207	3.26602	5.74992	5.74992	0
-2.53265	7.25472	-2.59545	-9.72465	-2.79412	7.20818	-2.80326	6.85734	-1.72958	-4.90286	0.243345	0.169798	3.64506	3.27384	5.74992	5.74992	0
-2.686	6.78235	-2.51287	-9.73907	-2.74651	6.86867	-2.88957	6.61214	-1.72295	-4.90566	0.243197	0.1698	3.63802	3.28165	0.625891	0.625891	0
-2.686	6.78235	-2.51287	-9.73907	-2.57673	6.36755	-2.97559	6.36681	-1.71797	-4.90774	0.243402	0.171499	3.63103	3.28936	0.625891	0.625891	0
-2.82922	6.29237	-2.41046	-9.77206	-2.90217	6.22989	-3.0614	6.12139	-1.71464	-4.90911	0.243358	0.171497	3.624	3.29718	0.487176	0.487176	0
-2.82922	6.29237	-2.41046	-9.77206	-3.50172	6.10796	-3.14709	5.87592	-1.71297	-4.90976	0.243702	0.173168	3.61702	3.30492	0.487176	0.487176	0
-2.99432	5.7858	-2.38991	-9.80434	-3.1778	5.53101	-3.23274	5.63043	-1.71295	-4.9097	0.243681	0.173101	3.61006	3.31277	4.97453	4.97453	0
-2.99432	5.7858	-2.38991	-9.80434	-3.19736	5.19093	-3.31843	5.38496	-1.71458	-4.90893	0.244052	0.174593	3.60314	3.32054	4.97453	4.97453	0
-3.18608	5.28996	-2.47214	-9.80552	-3.43031	5.10507	-3.40424	5.13955	-1.71787	-4.90745	0.243955	0.174504	3.59632	3.32825	5.03813	5.03813	0
-3.18608	5.28996	-2.47214	-9.80552	-3.4281	4.94644	-3.49026	4.89422	-1.72281	-4.90525	0.244222	0.175921	3.58954	3.33589	5.03813	5.03813	0
-3.39672	4.78818	-2.61529	-9.79867	-3.69435	4.52196	-3.57657	4.64902	-1.72939	-4.90233	0.244002	0.175792	3.58293	3.34343	8.41312	8.41312	0
-3.39672	4.78818	-2.61529	-9.79867	-3.50501	4.17643	-3.66325	4.40398	-1.73763	-4.89868	0.244094	0.177084	3.57634	3.35092	8.41312	8.41312	0
-3.64008	4.29355	-2.86069	-9.75975	-4.00238	4.04684	-3.75039	4.15913	-1.74749	-4.8943	0.243716	0.176938	3.57005	3.35814	10.445	10.445	0
-3.64008	4.29355	-2.86069	-9.75975	-4.06447	4.10977	-3.83806	3.91452	-1.75899	-4.88918	0.243556	0.178164	3.56379	3.36531	10.445	10.445	0
-3.80489	3.80431	-2.85141	-9.76885	-3.88053	3.75177	-3.92635	3.67019	-1.77212	-4.8833	0.243202	0.178015	3.55753	3.3725	0.459593	0.459593	0
-3.80489	3.80431	-2.85141	-9.76885	-4.23729	3.88878	-4.01533	3.42616	-1.78686	-4.87666	0.243084	0.179214	3.5513	3.37965	0.459593	0.459593	0
-3.99546	3.31528	-2.92853	-9.75808	-4.15119	3.21968	-4.10509	3.18248	-1.8032	-4.86925	0.242713	0.179059	3.54518	3.38672	1.8315	1.8315	0
-3.99546	3.31528	-2.92853	-9.75808	-4.27467	2.88187	-4.19571	2.93919	-1.82113	-4.86104	0.242565	0.180221	3.53906	3.39376	1.8315	1.8315	0
-4.17582	2.80738	-2.96347	-9.77502	-4.32451	2.55034	-4.28727	2.69633	-1.84065	-4.85202	0.242201	0.180008	3.53301	3.40088	4.38057	4.38057	0
-4.17582	2.80738	-2.96347	-9.77502	-4.38481	2.39989	-4.37985	2.45393	-1.86173	-4.84218	0.242068	0.180979	3.52696	3.40798	4.38057	4.38057	0
-4.38806	2.30898	-3.1028	-9.75713	-4.61223	2.09192	-4.47352	2.21205	-1.88436	-4.83149	0.241668	0.180735	3.5211	3.41498	5.07249	5.07249	0
-4.38806	2.30898	-3.1028	-9.75713	-4.29257	1.92854	-4.56836	1.97072	-1.90853	-4.81994	0.241466	0.181584	3.51524	3.42197	5.07249	5.07249	0
-4.61389	1.80732	-3.27335	-9.73303	-4.86829	1.53442	-4.66444	1.72998	-1.93422	-4.80751	0.241034	0.181305	3.5096	3.42883	7.1653	7.1653	0
-4.61389	1.80732	-3.27335	-9.73303	-4.98165	1.43611	-4.76186	1.48989	-1.9614	-4.79417	0.240753	0.182002	3.50397	3.4357	7.1653	7.1653	0
-4.74643	1.31159	-3.14975	-9.77424	-4.66779	1.28643	-4.86066	1.25049	-1.99007	-4.7799	0.240406	0.181702	3.49816	3.4428	0.419486	0.419486	0
-4.74643	1.31159	-3.14975	-9.77424	-4.98594	1.10894	-4.96095	1.01182	-2.02019	-4.76468	0.240315	0.18228	3.49235	3.44991	0.419486	0.419486	0
-4.89054	0.820694	-3.07685	-9.79608	-4.85498	0.825661	-5.06277	0.77393	-2.05174	-4.74848	0.2401	0.181966	3.48646	3.45717	0.0764787	0.0764787	0
-4.89054	0.820694	-3.07685	-9.79608	-4.84736	0.18101	-5.16621	0.536876	-2.08471	-4.73127	0.24024	0.182445	3.48057	3.46444	0.0764787	0.0764787	0
-5.06045	0.327256	-3.08997	-9.80012	-5.1231	0.257311	-5.27133	0.300706	-2.11906	-4.71303	0.240139	0.182117	3.47468	3.47177	0.45066	0.45066	0
-5.06045	0.327256	-3.08997	-9.80012	-5.99809	-0.290765	-5.3782	0.0654719	-2.15477	-4.69374	0.240468	0.182471	3.4688	3.47913	0.45066	0.45066	0
-5.23386	-0.163562	-3.11696	-9.79796	-5.29972	-0.212982	-5.4869	-0.168772	-2.1918	-4.67335	0.240515	0.182139	3.46293	3.48653	0.361192	0.361192	0
-5.23386	-0.163562	-3.11696	-9.79796	-5.64447	-0.144522	-5.59748	-0.401971	-2.23014	-4.65185	0.241074	0.182375	3.45707	3.49396	0.361192	0.361192	0
-5.52152	-0.606898	-3.5189	-9.65519	-5.85359	-0.445801	-5.71001	-0.634069	-2.26974	-4.62919	0.240905	0.182053	3.45164	3.5007	8.34437	8.34437	0
-5.52152	-0.606898	-3.5189	-9.65519	-5.30947	-0.724468	-5.82456	-0.865006	-2.31058	-4.60536	0.241157	0.182383	3.44618	3.5075	8.34437	8.34437	0
-5.73493	-1.0987	-3.63208	-9.63339	-5.87835	-1.26863	-5.94118	-1.09472	-2.35262	-4.58032	0.241041	0.182056	3.44086	3.51425	2.50682	2.50682	0
-5.73493	-1.0987	-3.63208	-9.63339	-5.68069	-1.52871	-6.05993	-1.32316	-2.39581	-4.55404	0.241393	0.182225	3.4355	3.52108	2.50682	2.50682	0
-6.01306	-1.55245	-3.95045	-9.51133	-6.27263	-1.50938	-6.18087	-1.55025	-2.44014	-4.52648	0.241171	0.1819	3.43057	3.52736	4.24024	4.24024	0
-6.01306	-1.55245	-3.95045	-9.51133	-6.11355	-1.75966	-6.30406	-1.77593	-2.48555	-4.49762	0.241366	0.182065	3.42559	3.53374	4.24024	4.24024	0
-6.23821	-2.03189	-4.06484	-9.47625	-6.34007	-2.13685	-6.42954	-2.00014	-2.532	-4.46742	0.241207	0.181753	3.42074	3.54003	1.09302	1.09302	0
-6.23821	-2.03189	-4.06484	-9.47625	-6.99344	-2.17445	-6.55738	-2.22281	-2.57946	-4.43585	0.241526	0.181786	3.41585	3.54643	1.09302	1.09302	0
-6.53568	-2.47723	-4.39895	-9.33185	-6.79288	-2.4458	-6.68761	-2.44386	-2.62788	-4.40288	0.24127	0.181477	3.41147	3.55222	4.0884	4.0884	0
-6.53568	-2.47723	-4.39895	-9.33185	-7.14408	-2.67584	-6.82029	-2.66323	-2.6772	-4.36847	0.241435	0.181493	3.40702	3.55813	4.0884	4.0884	0
-6.75813	-2.95805	-4.45686	-9.31937	-6.8003	-3.10086	-6.95546	-2.88084	-2.7274	-4.3326	0.241295	0.181234	3.40261	3.5641	1.08431	1.08431	0
-6.75813	-2.95805	-4.45686	-9.31937	-7.13937	-3.22028	-7.09316	-3.09663	-2.7784	-4.29523	0.241684	0.181103	3.39814	3.57021	1.08431	1.08431	0
-7.02771	-3.3955	-4.67153	-9.20487	-7.12118	-3.26434	-7.23344	-3.3105	-2.83017	-4.25632	0.241569	0.180859	3.39398	3.57589	1.50091	1.50091	0
-7.02771	-3.3955	-4.67153	-9.20487	-7.77186	-4.08999	-7.37632	-3.5224	-2.88265	-4.21586	0.242019	0.1807	3.38976	3.58172	1.50091	1.50091	0
-7.34426	-3.79602	-5.0203	-8.99632	-7.49009	-3.49081	-7.52184	-3.73223	-2.93579	-4.1738	0.241827	0.180428	3.38613	3.58672	6.4047	6.4047	0
-7.34426	-3.79602	-5.0203	-8.99632	-7.52393	-3.88213	-7.67004	-3.93992	-2.98953	-4.13012	0.242164	0.180316	3.38242	3.59188	6.4047	6.4047	0
-7.66321	-4.2307	-5.3069	-8.84645	-7.88049	-4.29783	-7.82094	-4.14538	-3.04381	-4.08479	0.241926	0.180077	3.37923	3.59652	2.89195	2.89195	0
-7.66321	-4.2307	-5.3069	-8.84645	-8.08524	-4.57834	-7.97457	-4.34854	-3.09857	-4.03778	0.242196	0.179902	3.37593	3.60134	2.89195	2.89195	0
-7.99278	-4.66533	-5.58532	-8.69729	-8.22492	-4.79812	-8.13095	-4.5493	-3.15376	-3.98906	0.241919	0.179724	3.37318	3.60566	3.78045	3.78045	0
-7.99278	-4.66533	-5.58532	-8.69729	-8.453	-4.95621	-8.2901	-4.74759	-3.2093	-3.93862	0.242128	0.179483	3.37031	3.61018	3.78045	3.78045	0
-8.28871	-5.09437	-5.74495	-8.59619	-8.33552	-5.1059	-8.45204	-4.94331	-3.26514	-3.88641	0.241905	0.179395	3.3677	3.61444	0.13016	0.13016	0
-8.28871	-5.09437	-5.74495	-8.59619	-8.55062	-4.79248	-8.61678	-5.13637	-3.32121	-3.83242	0.242246	0.179111	3.36498	3.61891	0.13016	0.13016	0
-8.65771	-5.49461	-6.09192	-8.37032	-8.91477	-5.51752	-8.78433	-5.32669	-3.37745	-3.77663	0.241951	0.179074	3.36301	3.62261	3.83344	3.83344	0
-8.65771	-5.49461	-6.09192	-8.37032	-9.04115	-5.69364	-8.95469	-5.51417	-3.43377	-3.71901	0.242155	0.178779	3.36091	3.62652	3.83344	3.83344	0
-8.99006	-5.88994	-6.30751	-8.20324	-9.03391	-5.80267	-9.12788	-5.69872	-3.49012	-3.65955	0.241883	0.178822	3.35925	3.62995	0.551079	0.551079	0
-8.99006	-5.88994	-6.30751	-8.20324	-8.86897	-5.41973	-9.30388	-5.88026	-3.54643	-3.59823	0.242157	0.178527	3.35744	3.63361	0.551079	0.551079	0
-9.34871	-6.22981	-6.608	-7.92097	-9.30811	-5.82368	-9.4827	-6.05868	-3.60261	-3.53503	0.241879	0.178503	3.35634	3.63635	8.54745	8.54745	0
-9.34871	-6.22981	-6.608	-7.92097	-9.80646	-6.41174	-9.66432	-6.23389	-3.6586	-3.46994	0.242159	0.178209	3.35508	3.63933	8.54745	8.54745	0
-9.67564	-6.61816	-6.74619	-7.79452	-9.62547	-6.55958	-9.84874	-6.4058	-3.71431	-3.40295	0.241964	0.178332	3.35408	3.64205	0.29131	0.29131	0
-9.67564	-6.61816	-6.74619	-7.79452	-10.6688	-6.35543	-10.0359	-6.57431	-3.76969	-3.33404	0.242445	0.178058	3.35291	3.64502	0.29131	0.29131	0
-10.0761	-6.95998	-7.07102	-7.49985	-10.2246	-6.83402	-10.2259	-6.73933	-3.82463	-3.26321	0.242201	0.178213	3.35257	3.64711	2.32765	2.32765	0
-10.0761	-6.95998	-7.07102	-7.49985	-10.2205	-6.71044	-10.4186	-6.90075	-3.87907	-3.19046	0.242594	0.177955	3.35206	3.64945	2.32765	2.32765	0
-10.5052	-7.29512	-7.41548	-7.17998	-10.7616	-7.29159	-10.614	-7.05849	-3.93293	-3.11577	0.24228	0.178176	3.35249	3.65087	3.74758	3.74758	0
-10.5052	-7.29512	-7.41548	-7.17998	-10.8944	-6.83335	-10.8121	-7.21245	-3.98613	-3.03916	0.242516	0.177951	3.35274	3.65256	3.74758	3.74758	0
-10.9561	-7.60511	-7.77609	-6.80807	-11.2219	-7.56979	-11.0128	-7.36252	-4.03859	-2.96062	0.242147	0.178196	3.35405	3.6532	4.16572	4.16572	0
-10.9561	-7.60511	-7.77609	-6.80807	-10.986	-7.3707	-11.2161	-7.50862	-4.09021	-2.88015	0.242207	0.177994	3.35517	3.65411	4.16572	4.16572	0
-11.3237	-7.91918	-7.91646	-6.59817	-11.0934	-7.6776	-11.422	-7.65064	-4.14093	-2.79777	0.241883	0.178357	3.35659	3.65459	5.43652	5.43652	0
-11.3237	-7.91918	-7.91646	-6.59817	-11.4213	-7.46085	-11.6304	-7.78849	-4.19066	-2.71349	0.242117	0.178225	3.35783	3.65534	5.43652	5.43652	0
-11.726	-8.1872	-8.14016	-6.26271	-11.5269	-7.8215	-11.8413	-7.92208	-4.23932	-2.6273	0.24182	0.178568	3.3597	3.65528	8.60397	8.60397	0
-11.726	-8.1872	-8.14016	-6.26271	-11.9422	-7.88317	-12.0546	-8.05131	-4.28682	-2.53924	0.242144	0.178449	3.36137	3.6555	8.60397	8.60397	0
-12.1663	-8.4242	-8.4206	-5.83704	-12.09	-8.08828	-12.2702	-8.17609	-4.33309	-2.44932	0.241832	0.178711	3.36391	3.65469	6.22721	6.22721	0
-12.1663	-8.4242	-8.4206	-5.83704	-12.4462	-8.02117	-12.4881	-8.29633	-4.37802	-2.35756	0.242124	0.178574	3.36626	3.65415	6.22721	6.22721	0
-12.6038	-8.63937	-8.66639	-5.40258	-12.4231	-8.2599	-12.7082	-8.41193	-4.42156	-2.26399	0.241815	0.178748	3.36937	3.65264	8.93934	8.93934	0
-12.6038	-8.63937	-8.66639	-5.40258	-12.7461	-8.19449	-12.9304	-8.5228	-4.4636	-2.16863	0.242126	0.178588	3.3723	3.65141	8.93934	8.93934	0
-13.1059	-8.82886	-8.98459	-4.86264	-13.2911	-8.64594	-13.1547	-8.62886	-4.50407	-2.07151	0.241764	0.178658	3.37631	3.64905	4.14754	4.14754	0
-13.1059	-8.82886	-8.98459	-4.86264	-13.7929	-8.47158	-13.381	-8.73002	-4.54289	-1.97267	0.241875	0.178466	3.38014	3.64693	4.14754	4.14754	0
-13.5749	-8.97914	-9.22376	-4.31359	-13.384	-8.57583	-13.6092	-8.82619	-4.57997	-1.87214	0.241508	0.178392	3.38478	3.64382	10.2412	10.2412	0
-13.5749	-8.97914	-9.22376	-4.31359	-13.6376	-8.26344	-13.8392	-8.91729	-4.61524	-1.76997	0.241581	0.17815	3.38924	3.64093	10.2412	10.2412	0
-14.0498	-9.1487	-9.40712	-3.86871	-13.9959	-8.99264	-14.0709	-9.00324	-4.64861	-1.6662	0.241212	0.178059	3.3943	3.63738	1.44958	1.44958	0
-14.0498	-9.1487	-9.40712	-3.86871	-14.4737	-8.79552	-14.3043	-9.08395	-4.68001	-1.56086	0.241254	0.177821	3.39919	3.63404	1.44958	1.44958	0
-14.5219	-9.30889	-9.55339	-3.4562	-14.4273	-9.1875	-14.5391	-9.15936	-4.70936	-1.45402	0.240887	0.177742	3.40454	3.63017	1.19134	1.19134	0
-14.5219	-9.30889	-9.55339	-3.4562	-14.5757	-9.32634	-14.7754	-9.22939	-4.73658	-1.34573	0.240926	0.177525	3.40973	3.62651	1.19134	1.19134	0
-15.0437	-9.3694	-9.76884	-2.75181	-15.062	-9.04396	-15.013	-9.29397	-4.76161	-1.23603	0.240566	0.177304	3.41572	3.62196	6.25111	6.25111	0
-15.0437	-9.3694	-9.76884	-2.75181	-15.6189	-9.69365	-15.2517	-9.35302	-4.78436	-1.125	0.240474	0.177037	3.42156	3.61757	6.25111	6.25111	0
-15.546	-9.50424	-9.87986	-2.3731	-15.6682	-9.56749	-15.4916	-9.40649	-4.80476	-1.01269	0.240129	0.176851	3.42776	3.61288	0.923977	0.923977	0
-15.546	-9.50424	-9.87986	-2.3731	-15.9382	-9.35751	-15.7324	-9.45431	-4.82275	-0.899159	0.239985	0.176606	3.43383	3.60834	0.923977	0.923977	0
-16.0482	-9.60645	-9.97401	-1.95484	-16.0862	-9.59819	-15.9741	-9.49642	-4.83827	-0.784484	0.239659	0.176444	3.4402	3.60349	0.0803297	0.0803297	0
-16.0482	-9.60645	-9.97401	-1.95484	-16.6033	-8.85459	-16.2164	-9.53277	-4.85124	-0.668734	0.239477	0.176225	3.44646	3.59878	0.0803297	0.0803297	0
-16.5537	-9.62026	-10.0615	-1.31702	-16.4229	-9.37029	-16.4594	-9.5633	-4.8616	-0.55198	0.239175	0.17599	3.45302	3.59365	4.3287	4.3287	0
-16.5537	-9.62026	-10.0615	-1.31702	-16.011	-9.33486	-16.7027	-9.58797	-4.8693	-0.434301	0.238957	0.175736	3.4595	3.58862	4.3287	4.3287	0
-17.0764	-9.60964	-10.125	-0.67242	-17.1132	-9.43043	-16.9464	-9.60673	-4.87427	-0.315773	0.238707	0.175476	3.46618	3.58334	2.04285	2.04285	0
-17.0764	-9.60964	-10.125	-0.67242	-16.9255	-10.8571	-17.1903	-9.61954	-4.87646	-0.196479	0.238434	0.175217	3.4728	3.57813	2.04285	2.04285	0
-17.5816	-9.61881	-10.1419	-0.187195	-17.5448	-9.57485	-17.4342	-9.62636	-4.87583	-0.0765024	0.238217	0.174958	3.47945	3.57285	0.174331	0.174331	0
-17.5816	-9.61881	-10.1419	-0.187195	-18.1371	-9.39146	-17.6781	-9.62717	-4.87232	0.0440703	0.237924	0.174702	3.48607	3.56762	0.174331	0.174331	0
-18.084	-9.56936	-10.1246	0.413396	-17.9724	-9.42299	-17.9216	-9.62194	-4.86588	0.165151	0.237737	0.174468	3.49258	3.56241	1.8373	1.8373	0
-18.084	-9.56936	-10.1246	0.413396	-18.3083	-9.18778	-18.1648	-9.61064	-4.85648	0.286648	0.23743	0.174227	3.49908	3.5572	1.8373	1.8373	0
-18.5584	-9.56466	-10.0788	0.77892	-18.2763	-9.60997	-18.4074	-9.59325	-4.84408	0.40847	0.237224	0.17398	3.50539	3.55207	4.07213	4.07213	0
-18.5584	-9.56466	-10.0788	0.77892	-18.2443	-9.58547	-18.6493	-9.56977	-4.82864	0.530522	0.236929	0.173727	3.51172	3.54693	4.07213	4.07213	0
-19.0513	-9.51643	-10.0262	1.22324	-18.9545	-9.51544	-18.8904	-9.54017	-4.81012	0.652707	0.236744	0.17348	3.51786	3.54192	0.458651	0.458651	0
-19.0513	-9.51643	-10.0262	1.22324	-18.6983	-9.02886	-19.1305	-9.50447	-4.78851	0.774927	0.23644	0.17323	3.52404	3.53688	0.458651	0.458651	0
-19.5306	-9.35171	-9.88848	1.96893	-19.2983	-9.09865	-19.3694	-9.46265	-4.76378	0.897083	0.236258	0.173083	3.52969	3.53225	6.49228	6.49228	0
-19.5306	-9.35171	-9.88848	1.96893	-19.7037	-8.79906	-19.6069	-9.41472	-4.73591	1.01907	0.235954	0.172867	3.53542	3.52754	6.49228	6.49228	0
-20.008	-9.16563	-9.71144	2.67697	-19.8731	-8.96417	-19.8431	-9.36071	-4.70487	1.1408	0.235781	0.172935	3.54051	3.52344	3.37823	3.37823	0
-20.008	-9.16563	-9.71144	2.67697	-20.3815	-7.6755	-20.0775	-9.30061	-4.67066	1.26215	0.235473	0.172838	3.5457	3.51921	3.37823	3.37823	0
-20.4679	-9.17152	-9.67156	2.69598	-20.1607	-9.59663	-20.3102	-9.23446	-4.63328	1.38303	0.235288	0.172625	3.55085	3.51489	15.3897	15.3897	0
-20.4679	-9.17152	-9.67156	2.69598	-20.4587	-9.7448	-20.5409	-9.16227	-4.59271	1.50334	0.234986	0.17238	3.55612	3.51047	15.3897	15.3897	0
-20.9189	-8.98962	-9.47462	3.2616	-20.6596	-8.91527	-20.7696	-9.08409	-4.54895	1.62296	0.234787	0.172209	3.56074	3.50658	3.68925	3.68925	0
-20.9189	-8.98962	-9.47462	3.2616	-21.5568	-8.5005	-20.9959	-8.99994	-4.50202	1.74179	0.234491	0.171967	3.56552	3.50256	3.68925	3.68925	0
-21.3545	-8.81355	-9.26895	3.73105	-21.0195	-8.85081	-21.2198	-8.90987	-4.45191	1.85972	0.23427	0.1718	3.56966	3.49903	5.54904	5.54904	0
-21.3545	-8.81355	-9.26895	3.73105	-21.8628	-8.64129	-21.4412	-8.81393	-4.39865	1.97666	0.233986	0.171559	3.57398	3.49535	5.54904	5.54904	0
-21.7925	-8.67114	-9.11211	4.02616	-21.5029	-8.87191	-21.6597	-8.71217	-4.34224	2.0925	0.233763	0.171332	3.57788	3.49195	6.27645	6.27645	0
-21.7925	-8.67114	-9.11211	4.02616	-21.9514	-7.41274	-21.8754	-8.60465	-4.2827	2.20712	0.233478	0.171129	3.58199	3.4884	6.27645	6.27645	0
-22.2212	-8.4759	-8.90291	4.41904	-21.9793	-8.57089	-22.0881	-8.49143	-4.22007	2.32043	0.233258	0.170892	3.58552	3.4853	3.30553	3.30553	0
-22.2212	-8.4759	-8.90291	4.41904	-22.1914	-7.70392	-22.2975	-8.37258	-4.15437	2.43232	0.232969	0.170741	3.58928	3.48203	3.30553	3.30553	0
-22.6583	-8.26805	-8.70906	4.77071	-22.5838	-8.35296	-22.5035	-8.24817	-4.08564	2.5427	0.232788	0.170508	3.59255	3.47918	0.663446	0.663446	0
-22.6583	-8.26805	-8.70906	4.77071	-22.3177	-8.57758	-22.7061	-8.11829	-4.01391	2.65145	0.23248	0.170454	3.59606	3.47615	0.663446	0.663446	0
-23.0557	-7.92728	-8.3163	5.43675	-22.9861	-7.6724	-22.9049	-7.98301	-3.93923	2.75848	0.232295	0.170244	3.59845	3.47421	4.24809	4.24809	0
-23.0557	-7.92728	-8.3163	5.43675	-23.2693	-8.32031	-23.1	-7.84243	-3.86163	2.8637	0.231987	0.170069	3.60108	3.47205	4.24809	4.24809	0
-23.4608	-7.62712	-8.00969	5.8861	-23.4777	-7.56583	-23.2911	-7.69663	-3.78118	2.967	0.231839	0.169874	3.60295	3.47066	0.226981	0.226981	0
-23.4608	-7.62712	-8.00969	5.8861	-23.473	-7.02103	-23.4781	-7.54572	-3.69792	3.06828	0.231524	0.169696	3.60508	3.46904	0.226981	0.226981	0
-23.817	-7.30944	-7.62635	6.33963	-23.5408	-7.36069	-23.6609	-7.3898	-3.61191	3.16746	0.231352	0.169516	3.60625	3.46827	3.92638	3.92638	0
-23.817	-7.30944	-7.62635	6.33963	-24.0505	-6.56968	-23.8393	-7.22897	-3.52321	3.26445	0.23104	0.169338	3.6077	3.46726	3.92638	3.92638	0
-24.1778	-7.02668	-7.33509	6.63058	-23.9384	-7.26171	-24.0132	-7.06336	-3.43189	3.35916	0.230886	0.169119	3.60853	3.46674	5.58725	5.58725	0
-24.1778	-7.02668	-7.33509	6.63058	-24.3577	-5.94086	-24.1825	-6.89307	-3.33801	3.45149	0.230574	0.169033	3.60964	3.466	5.58725	5.58725	0
-24.4759	-6.60888	-6.76439	7.20544	-24.2574	-6.4352	-24.347	-6.71823	-3.24166	3.54138	0.23036	0.1689	3.60941	3.46655	4.64426	4.64426	0
-24.4759	-6.60888	-6.76439	7.20544	-24.788	-7.18367	-24.5066	-6.53896	-3.14289	3.62873	0.230056	0.168712	3.60944	3.46685	4.64426	4.64426	0
-24.7448	-6.23839	-6.24557	7.60694	-24.3008	-6.43799	-24.6612	-6.35538	-3.0418	3.71347	0.229788	0.168595	3.60841	3.46806	11.6931	11.6931	0
-24.7448	-6.23839	-6.24557	7.60694	-24.6108	-6.00878	-24.8107	-6.16764	-2.93846	3.79553	0.229506	0.168409	3.60764	3.46902	11.6931	11.6931	0
-25.0686	-5.87232	-5.90794	7.87414	-25.146	-5.91902	-24.955	-5.97587	-2.83295	3.87484	0.229275	0.168269	3.60632	3.47055	0.485385	0.485385	0
-25.0686	-5.87232	-5.90794	7.87414	-24.8975	-5.02285	-25.094	-5.7802	-2.72537	3.95132	0.228974	0.168112	3.60526	3.47183	0.485385	0.485385	0
-25.3412	-5.48934	-5.47666	8.15729	-25.1941	-5.64372	-25.2276	-5.58079	-2.61581	4.02492	0.228745	0.167955	3.60349	3.47375	2.22429	2.22429	0
-25.3412	-5.48934	-5.47666	8.15729	-25.5328	-5.4399	-25.3556	-5.37777	-2.50435	4.09557	0.228443	0.167831	3.60197	3.47543	2.22429	2.22429	0
-25.6004	-5.07662	-5.02805	8.43728	-25.5713	-5.10241	-25.4779	-5.1713	-2.39109	4.16322	0.228228	0.16768	3.59976	3.47778	0.0741277	0.0741277	0
-25.6004	-5.07662	-5.02805	8.43728	-25.0178	-6.55904	-25.5946	-4.96152	-2.27613	4.22781	0.227928	0.167563	3.59779	3.47991	0.0741277	0.0741277	0
-25.8346	-4.67779	-4.59244	8.65578	-25.6952	-4.89995	-25.7055	-4.7486	-2.15956	4.2893	0.227725	0.167383	3.59523	3.48253	3.38236	3.38236	0
-25.8346	-4.67779	-4.59244	8.65578	-25.8162	-4.40681	-25.8105	-4.53268	-2.04149	4.34764	0.22743	0.167328	3.59289	3.48495	3.38236	3.38236	0
-26.0345	-4.23491	-4.07019	8.90652	-25.9516	-4.26659	-25.9096	-4.31392	-1.92202	4.40279	0.227222	0.167158	3.58988	3.48799	0.410315	0.410315	0
-26.0345	-4.23491	-4.07019	8.90652	-26.8953	-4.43966	-26.0027	-4.0925	-1.80125	4.45471	0.226932	0.167099	3.58707	3.49085	0.410315	0.410315	0
-26.1945	-3.75977	-3.46818	9.16146	-26.1198	-3.67723	-26.0897	-3.86856	-1.67928	4.50337	0.2267	0.166974	3.58357	3.49439	0.745629	0.745629	0
-26.1945	-3.75977	-3.46818	9.16146	-26.5652	-3.85723	-26.1706	-3.64227	-1.55623	4.54875	0.226409	0.166864	3.58024	3.49775	0.745629	0.745629	0
-26.2723	-3.26208	-2.67944	9.41333	-25.9974	-3.24722	-26.2453	-3.41381	-1.4322	4.59081	0.226121	0.166827	3.57618	3.50181	4.40574	4.40574	0
-26.2723	-3.26208	-2.67944	9.41333	-26.2976	-3.01078	-26.3138	-3.18332	-1.30729	4.62954	0.225839	0.16666	3.57225	3.50572	4.40574	4.40574	0
-26.3491	-2.78383	-1.99901	9.56733	-26.1741	-2.87885	-26.376	-2.95098	-1.18162	4.66493	0.225553	0.166661	3.56789	3.51002	2.0836	2.0836	0
-26.3491	-2.78383	-1.99901	9.56733	-26.4681	-3.44967	-26.4319	-2.71697	-1.05529	4.69696	0.225302	0.166482	3.56364	3.51419	2.0836	2.0836	0
-26.5207	-2.37134	-1.75502	9.5875	-26.674	-2.73852	-26.4815	-2.48143	-0.928411	4.72562	0.225023	0.166362	3.55932	3.51829	8.73533	8.73533	0
-26.5207	-2.37134	-1.75502	9.5875	-26.657	-1.72382	-26.5247	-2.24456	-0.80109	4.75091	0.224736	0.166273	3.5551	3.52228	8.73533	8.73533	0
-26.6298	-1.92652	-1.34741	9.6326	-26.6691	-2.17333	-26.5616	-2.0065	-0.673434	4.77284	0.224476	0.16611	3.55074	3.52633	3.23743	3.23743	0
-26.6298	-1.92652	-1.34741	9.6326	-26.3248	-1.32261	-26.5921	-1.76744	-0.545553	4.79141	0.224199	0.166093	3.54646	3.53029	3.23743	3.23743	0
-26.6338	-1.44189	-0.654467	9.69389	-26.4671	-1.53207	-26.6161	-1.52753	-0.417552	4.80664	0.223917	0.165938	3.54199	3.53438	1.9609	1.9609	0
-26.6338	-1.44189	-0.654467	9.69389	-26.4998	-2.19526	-26.6338	-1.28695	-0.289538	4.81852	0.223634	0.165912	3.53756	3.53841	1.9609	1.9609	0
-26.6472	-0.973494	-0.0934772	9.70011	-26.5998	-1.14277	-26.6451	-1.04586	-0.161616	4.8271	0.223352	0.165742	3.53311	3.5424	1.51084	1.51084	0
-26.6472	-0.973494	-0.0934772	9.70011	-27.2008	-1.67679	-26.65	-0.804425	-0.0338883	4.83238	0.223071	0.165751	3.52867	3.54635	1.51084	1.51084	0
-26.6671	-0.502572	0.361221	9.68593	-26.7355	-0.59539	-26.6485	-0.562811	0.0935412	4.83439	0.222794	0.16557	3.52427	3.55022	0.735415	0.735415	0
-26.6671	-0.502572	0.361221	9.68593	-26.9891	0.0351487	-26.6406	-0.321181	0.220572	4.83317	0.222519	0.165612	3.51987	3.55407	0.735415	0.735415	0
-26.5859	-0.00737837	1.06337	9.64025	-26.4553	0.0602653	-26.6264	-0.0796947	0.347104	4.82874	0.22225	0.165445	3.51566	3.55776	1.28436	1.28436	0
-26.5859	-0.00737837	1.06337	9.64025	-26.9537	0.136943	-26.6059	0.161489	0.473041	4.82116	0.221976	0.165453	3.5114	3.56145	1.28436	1.28436	0
-26.5444	0.480629	1.53357	9.58485	-26.6201	0.57588	-26.5792	0.402213	0.598287	4.81045	0.221707	0.165294	3.50735	3.56497	0.777916	0.777916	0
-26.5444	0.480629	1.53357	9.58485	-26.8241	0.381506	-26.5462	0.642323	0.722748	4.79667	0.221433	0.165285	3.50324	3.56852	0.777916	0.777916	0
-26.5274	0.965379	1.84209	9.53674	-26.7293	1.06082	-26.5069	0.881666	0.846334	4.77986	0.221162	0.165133	3.49927	3.57194	2.90761	2.90761	0
-26.5274	0.965379	1.84209	9.53674	-25.9562	2.60409	-26.4616	1.12009	0.968955	4.76007	0.220913	0.165109	3.49522	3.57541	2.90761	2.90761	0
-26.4159	1.43753	2.37993	9.41581	-26.3986	1.42212	-26.4101	1.35745	1.09053	4.73737	0.220642	0.164953	3.49151	3.57853	0.0299635	0.0299635	0
-26.4159	1.43753	2.37993	9.41581	-26.5072	-0.563928	-26.3526	1.59361	1.21096	4.71181	0.220393	0.164932	3.48771	3.58172	0.0299635	0.0299635	0
-26.3027	1.89536	2.83857	9.2773	-26.3594	1.79315	-26.2891	1.82841	1.33018	4.68345	0.220125	0.164764	3.48424	3.58455	0.695845	0.695845	0
-26.3027	1.89536	2.83857	9.2773	-26.3475	1.82827	-26.2197	2.06173	1.44811	4.65235	0.219895	0.164768	3.48067	3.58745	0.695845	0.695845	0
-26.1715	2.34123	3.27642	9.1154	-26.2502	2.18481	-26.1444	2.29342	1.56467	4.61859	0.219631	0.164584	3.47746	3.58994	1.53866	1.53866	0
-26.1715	2.34123	3.27642	9.1154	-26.069	2.27896	-26.0633	2.52336	1.67979	4.58223	0.219429	0.164629	3.47412	3.59253	1.53866	1.53866	0
-26.014	2.7957	3.70827	8.94784	-26.0641	2.80701	-25.9765	2.75141	1.79339	4.54334	0.219171	0.164444	3.47119	3.59472	0.160397	0.160397	0
-26.014	2.7957	3.70827	8.94784	-26.3234	3.02388	-25.8841	2.97746	1.90543	4.502	0.218999	0.164488	3.46813	3.59702	0.160397	0.160397	0
-25.8286	3.25666	4.13622	8.77315	-25.8345	3.42005	-25.7861	3.20139	2.01582	4.45828	0.218745	0.164312	3.46551	3.59892	1.32912	1.32912	0
-25.8286	3.25666	4.13622	8.77315	-26.1824	3.73376	-25.6826	3.42306	2.12452	4.41227	0.218599	0.164317	3.46275	3.60095	1.32912	1.32912	0
-25.6222	3.68637	4.56469	8.55133	-25.6666	3.63509	-25.5737	3.64239	2.23146	4.36404	0.21835	0.164134	3.46048	3.60247	0.234854	0.234854	0
-25.6222	3.68637	4.56469	8.55133	-25.5773	3.13316	-25.4596	3.85924	2.3366	4.31367	0.218234	0.164155	3.45806	3.60412	0.234854	0.234854	0
-25.4685	4.11563	4.77537	8.41106	-25.7492	3.99968	-25.3402	4.07353	2.43989	4.26125	0.218063	0.163972	3.45581	3.60552	5.12619	5.12619	0
-25.4685	4.11563	4.77537	8.41106	-25.3516	3.75691	-25.2157	4.28514	2.54127	4.20686	0.218152	0.163986	3.45342	3.60706	5.12619	5.12619	0
-25.1708	4.51751	5.33053	8.07993	-25.0214	4.52803	-25.0863	4.49399	2.64071	4.15058	0.217932	0.163795	3.45181	3.60786	1.31284	1.31284	0
-25.1708	4.51751	5.33053	8.07993	-24.2719	4.30917	-24.9518	4.69998	2.73817	4.09251	0.217935	0.163842	3.45002	3.60881	1.31284	1.31284	0
-24.926	4.92011	5.6596	7.84283	-25.0363	4.88499	-24.8126	4.90303	2.83361	4.03273	0.217747	0.16365	3.44868	3.6093	0.743067	0.743067	0
-24.926	4.92011	5.6596	7.84283	-24.3609	4.95947	-24.6686	5.10304	2.92701	3.97132	0.217849	0.163698	3.44717	3.60994	0.743067	0.743067	0
-24.6068	5.3015	6.1188	7.50212	-24.5041	5.35293	-24.5201	5.29995	3.01833	3.90839	0.217633	0.163505	3.44639	3.6099	0.699561	0.699561	0
-24.6068	5.3015	6.1188	7.50212	-24.4379	5.24592	-24.367	5.49367	3.10754	3.84401	0.217687	0.163579	3.44543	3.61002	0.699561	0.699561	0
-24.2477	5.64716	6.61502	7.07523	-24.1159	5.61152	-24.2095	5.68414	3.19464	3.77827	0.21744	0.163397	3.44538	3.60931	1.11814	1.11814	0
-24.2477	5.64716	6.61502	7.07523	-24.5638	4.75836	-24.0477	5.8713	3.27959	3.71127	0.217401	0.163565	3.44512	3.60876	1.11814	1.11814	0
-23.9056	5.98548	6.99121	6.69875	-23.9153	5.94377	-23.8818	6.05508	3.36239	3.64309	0.21715	0.163409	3.44556	3.60757	0.0921914	0.0921914	0
-23.9056	5.98548	6.99121	6.69875	-23.5491	6.44495	-23.7117	6.23542	3.44302	3.57383	0.217099	0.163663	3.4458	3.60652	0.0921914	0.0921914	0
-23.5665	6.31613	7.2957	6.35542	-23.6471	6.29102	-23.5377	6.41227	3.52148	3.50357	0.216852	0.163539	3.4466	3.60495	0.378974	0.378974	0
-23.5665	6.31613	7.2957	6.35542	-23.7544	6.53746	-23.3598	6.58559	3.59775	3.4324	0.216829	0.163863	3.44721	3.60352	0.378974	0.378974	0
-23.1779	6.64652	7.62988	5.99022	-23.0099	6.86182	-23.1781	6.75533	3.67185	3.36041	0.216578	0.163757	3.44847	3.60158	3.64816	3.64816	0
-23.1779	6.64652	7.62988	5.99022	-22.7862	5.74143	-22.9928	6.92146	3.74376	3.28768	0.216511	0.1641	3.44954	3.59977	3.64816	3.64816	0
-22.7831	6.9496	7.93128	5.60688	-22.6991	7.063	-22.804	7.08393	3.8135	3.21431	0.216264	0.164038	3.45123	3.59746	0.976777	0.976777	0
-22.7831	6.9496	7.93128	5.60688	-22.418	6.76159	-22.6117	7.24273	3.88106	3.14038	0.216172	0.16445	3.45272	3.59527	0.976777	0.976777	0
-22.4113	7.24802	8.13678	5.29815	-22.5083	7.31524	-22.4161	7.39782	3.94647	3.06598	0.215925	0.164418	3.45459	3.59274	0.841416	0.841416	0
-22.4113	7.24802	8.13678	5.29815	-22.0543	7.85452	-22.2173	7.54917	4.00974	2.99118	0.215877	0.164859	3.45627	3.59033	0.841416	0.841416	0
-22.0487	7.5561	8.27244	5.07642	-22.1947	7.69478	-22.0154	7.69679	4.07087	2.91607	0.215637	0.164808	3.45815	3.58772	2.46181	2.46181	0
-22.0487	7.5561	8.27244	5.07642	-21.6178	9.0351	-21.8105	7.84064	4.12989	2.84074	0.215691	0.165179	3.45986	3.58522	2.46181	2.46181	0
-21.6445	7.82883	8.46496	4.75899	-21.6473	7.94	-21.6026	7.98072	4.18681	2.76526	0.215456	0.16515	3.46194	3.58242	0.696375	0.696375	0
-21.6445	7.82883	8.46496	4.75899	-21.8637	7.78661	-21.392	8.11703	4.24166	2.68971	0.215546	0.165531	3.46385	3.57971	0.696375	0.696375	0
-21.1763	7.99916	8.7819	4.14471	-21.0853	7.83229	-21.1787	8.24957	4.29447	2.61417	0.215303	0.165772	3.4665	3.57641	2.19045	2.19045	0
-21.1763	7.99916	8.7819	4.14471	-20.5503	9.28616	-20.9628	8.37833	4.34526	2.53871	0.215299	0.16656	3.46899	3.57319	2.19045	2.19045	0
-20.8058	8.28879	8.81831	4.0398	-21.0519	8.50983	-20.7444	8.50333	4.39406	2.46341	0.215077	0.166683	3.47143	3.56996	6.58594	6.58594	0
-20.8058	8.28879	8.81831	4.0398	-19.9265	9.40847	-20.5237	8.62457	4.4409	2.38835	0.21525	0.167254	3.47373	3.56681	6.58594	6.58594	0
-20.356	8.51416	8.98123	3.71299	-20.21	8.68914	-20.3006	8.74206	4.48582	2.31358	0.215025	0.167414	3.47635	3.56343	2.60141	2.60141	0
-20.356	8.51416	8.98123	3.71299	-20.2277	8.8532	-20.0753	8.85583	4.52884	2.23919	0.215194	0.168004	3.47883	3.56014	2.60141	2.60141	0
-19.9383	8.74189	9.06727	3.47959	-20.0633	8.86724	-19.848	8.96589	4.57001	2.16524	0.214997	0.16815	3.48143	3.55671	1.88099	1.88099	0
-19.9383	8.74189	9.06727	3.47959	-19.9264	8.78179	-19.6186	9.07227	4.60937	2.09179	0.215286	0.168683	3.4839	3.55336	1.88099	1.88099	0
-19.4866	8.92012	9.19892	3.1195	-19.4861	8.96665	-19.3873	9.17499	4.64694	2.01891	0.215098	0.168923	3.48663	3.5498	0.126112	0.126112	0
-19.4866	8.92012	9.19892	3.1195	-18.5719	10.2069	-19.1542	9.27409	4.68278	1.94666	0.215428	0.169556	3.48925	3.5463	0.126112	0.126112	0
-18.9895	9.07188	9.36218	2.70225	-18.6786	9.19191	-18.9193	9.36959	4.71692	1.8751	0.215215	0.169945	3.49222	3.54259	5.43838	5.43838	0
-18.9895	9.07188	9.36218	2.70225	-19.2825	8.98189	-18.6827	9.46154	4.7494	1.80429	0.215459	0.17074	3.49508	3.53894	5.43838	5.43838	0
-18.5251	9.25648	9.43958	2.47464	-18.4242	9.46852	-18.4446	9.54996	4.78028	1.73429	0.215256	0.171106	3.49807	3.53522	2.98768	2.98768	0
-18.5251	9.25648	9.43958	2.47464	-18.1634	8.72444	-18.2049	9.63492	4.80959	1.66514	0.215542	0.171835	3.50095	3.53154	2.98768	2.98768	0
-18.0405	9.44122	9.51826	2.2853	-17.7736	9.72478	-17.9639	9.71643	4.83737	1.59691	0.215336	0.172129	3.50397	3.52783	7.75939	7.75939	0
-18.0405	9.44122	9.51826	2.2853	-17.2296	9.97767	-17.7214	9.79457	4.86368	1.52964	0.215617	0.172732	3.50689	3.52415	7.75939	7.75939	0
-17.5572	9.61794	9.58131	2.12027	-17.3436	9.88109	-17.4777	9.86936	4.88856	1.46338	0.215414	0.172942	3.50991	3.52044	6.00221	6.00221	0
-17.5572	9.61794	9.58131	2.12027	-17.1554	10.212	-17.2328	9.94087	4.91205	1.39818	0.21571	0.173409	3.51284	3.51677	6.00221	6.00221	0
-17.0784	9.81477	9.61665	2.06487	-16.8876	10.145	-16.9868	10.0091	4.93421	1.33408	0.215518	0.173457	3.5158	3.51312	7.918	7.918	0
-17.0784	9.81477	9.61665	2.06487	-16.5958	10.1078	-16.7396	10.0743	4.95507	1.27113	0.215861	0.173689	3.51868	3.50951	7.918	7.918	0
-16.6069	10.0087	9.63537	2.03672	-16.5153	10.3091	-16.4915	10.1362	4.97469	1.20937	0.215694	0.173603	3.52155	3.50593	5.66616	5.66616	0
-16.6069	10.0087	9.63537	2.03672	-16.09	10.5824	-16.2424	10.1952	4.99311	1.14883	0.216125	0.173632	3.52435	3.50239	5.66616	5.66616	0
-16.1153	10.1185	9.70015	1.76411	-16.006	10.1843	-15.9924	10.2511	5.01039	1.08956	0.215968	0.173554	3.52727	3.49877	0.811731	0.811731	0
-16.1153	10.1185	9.70015	1.76411	-15.7234	10.41	-15.7416	10.3041	5.02655	1.03159	0.21643	0.173581	3.53013	3.49517	0.811731	0.811731	0
-15.6228	10.194	9.76009	1.42953	-15.5699	10.1904	-15.4899	10.3543	5.04166	0.974957	0.216285	0.173553	3.5331	3.49149	0.141055	0.141055	0
-15.6228	10.194	9.76009	1.42953	-14.2385	10.9109	-15.2376	10.4016	5.05576	0.919692	0.216787	0.173633	3.53601	3.48784	0.141055	0.141055	0
-15.1226	10.3068	9.80215	1.26201	-14.9365	10.4722	-14.9846	10.4462	5.06889	0.865828	0.216649	0.173567	3.539	3.48417	3.21213	3.21213	0
-15.1226	10.3068	9.80215	1.26201	-14.724	9.63507	-14.7309	10.4882	5.0811	0.813394	0.217171	0.173584	3.54193	3.48052	3.21213	3.21213	0
-14.6052	10.3171	9.86856	0.801941	-14.4088	10.222	-14.4766	10.5276	5.09243	0.762418	0.217022	0.173671	3.54501	3.47682	2.5379	2.5379	0
-14.6052	10.3171	9.86856	0.801941	-13.9005	10.5238	-14.2218	10.5645	5.10293	0.712926	0.217508	0.17386	3.54804	3.47314	2.5379	2.5379	0
-14.0995	10.498	9.88487	0.954665	-13.8049	10.9383	-13.9665	10.5989	5.11263	0.664944	0.217364	0.173738	3.55107	3.46949	15.5444	15.5444	0
-14.0995	10.498	9.88487	0.954665	-13.3956	10.7857	-13.7107	10.631	5.12159	0.618496	0.217868	0.173662	3.55406	3.46587	15.5444	15.5444	0
-13.5815	10.5355	9.93062	0.657265	-13.3556	10.5517	-13.4545	10.6608	5.12983	0.573603	0.217717	0.173575	3.55715	3.46222	2.51308	2.51308	0
-13.5815	10.5355	9.93062	0.657265	-12.9374	10.8137	-13.1979	10.6884	5.13741	0.530288	0.218197	0.173534	3.56019	3.45859	2.51308	2.51308	0
-13.0834	10.68	9.93601	0.754457	-12.9591	11.0099	-12.9409	10.7138	5.14436	0.48857	0.218066	0.173358	3.56322	3.45498	7.27383	7.27383	0
-13.0834	10.68	9.93601	0.754457	-12.2518	11.2495	-12.6836	10.7373	5.15071	0.448467	0.218604	0.173197	3.56621	3.45139	7.27383	7.27383	0
-12.5642	10.6791	9.97511	0.394715	-12.3713	10.6091	-12.426	10.7587	5.15651	0.409997	0.218467	0.173054	3.56929	3.44779	2.16167	2.16167	0
-12.5642	10.6791	9.97511	0.394715	-11.9352	10.9161	-12.1681	10.7783	5.16179	0.373177	0.218987	0.172933	3.57233	3.44419	2.16167	2.16167	0
-12.0605	10.7883	9.9839	0.441428	-11.9451	11.0515	-11.91	10.7961	5.16658	0.338022	0.218867	0.172754	3.57537	3.44062	4.82057	4.82057	0
-12.0605	10.7883	9.9839	0.441428	-10.9703	10.9676	-11.6516	10.8121	5.17092	0.304546	0.219431	0.172578	3.57838	3.43705	4.82057	4.82057	0
-11.5535	10.8401	9.99776	0.31888	-11.4548	10.9407	-11.393	10.8265	5.17484	0.272761	0.219326	0.1724	3.5814	3.43349	1.07649	1.07649	0
-11.5535	10.8401	9.99776	0.31888	-11.3472	10.5111	-11.1342	10.8394	5.17836	0.242681	0.219927	0.172222	3.5844	3.42994	1.07649	1.07649	0
-11.0101	10.7988	10.0417	-0.0769198	-10.6009	10.6823	-10.8753	10.8509	5.18153	0.214317	0.219785	0.172061	3.5875	3.42643	9.10881	9.10881	0
-11.0101	10.7988	10.0417	-0.0769198	-10.6563	10.8369	-10.6161	10.8609	5.18435	0.187679	0.220285	0.171907	3.59057	3.42293	9.10881	9.10881	0
-10.5005	10.8116	10.0469	-0.244786	-10.4142	10.8747	-10.3569	10.8697	5.18687	0.162776	0.220155	0.17175	3.59364	3.41946	0.601607	0.601607	0
-10.5005	10.8116	10.0469	-0.244786	-9.90413	11.2255	-10.0976	10.8772	5.1891	0.139618	0.220685	0.1716	3.59668	3.416	0.601607	0.601607	0
-9.98537	10.8778	10.061	-0.20678	-9.83445	11.1032	-9.83809	10.8837	5.19106	0.118212	0.220559	0.171424	3.59975	3.41254	4.20388	4.20388	0
-9.98537	10.8778	10.061	-0.20678	-10.195	10.3498	-9.57852	10.8891	5.19278	0.0985664	0.221099	0.17125	3.60279	3.40908	4.20388	4.20388	0
-9.4672	10.9092	10.0741	-0.266458	-9.3066	11.0348	-9.31887	10.8936	5.19428	0.0806865	0.220976	0.171077	3.60585	3.40564	2.22037	2.22037	0
-9.4672	10.9092	10.0741	-0.266458	-9.2226	10.3527	-9.05915	10.8972	5.19557	0.0645787	0.221516	0.170904	3.60889	3.40221	2.22037	2.22037	0
-8.94815	10.9403	10.0871	-0.305356	-8.78899	11.0707	-8.79937	10.9001	5.19667	0.050248	0.221393	0.17074	3.61195	3.3988	2.27894	2.27894	0
-8.94815	10.9403	10.0871	-0.305356	-8.83914	10.0319	-8.53953	10.9023	5.19759	0.0376992	0.221931	0.170576	3.61499	3.39539	2.27894	2.27894	0
-8.4606	10.8477	10.0516	-0.729239	-8.62045	10.6577	-8.27965	10.9039	5.19835	0.0269359	0.221856	0.170422	3.61792	3.39213	3.47058	3.47058	0
-8.4606	10.8477	10.0516	-0.729239	-7.91543	11.1157	-8.01974	10.905	5.19896	0.0179617	0.222515	0.17027	3.62084	3.38887	3.47058	3.47058	0
-7.91793	10.8616	10.0864	-0.750401	-7.51971	11.0005	-7.75979	10.9057	5.19942	0.0107791	0.222404	0.17011	3.62383	3.38564	8.96946	8.96946	0
-7.91793	10.8616	10.0864	-0.750401	-7.25987	10.6458	-7.49981	10.9061	5.19975	0.00539029	0.222969	0.169951	3.6268	3.3824	8.96946	8.96946	0
-7.39081	10.8199	10.093	-0.934802	-7.15631	10.815	-7.23983	10.9063	5.19994	0.00179692	0.222848	0.169825	3.62978	3.37927	2.68943	2.68943	0
