0.312243	0.58034	0	0	0	0.312243	0.58034	0.6	0.6	5.19994	0	0.00691132	5.19994	0	0	0	0	0.287757	0.0196602	5.19994	0
0.735505	0.629635	7.19981	4.65061e-17	-2.7617e-18	0.862916	0.534212	0.859997	0.600045	5.19975	0.000345566	0.0138215	5.19975	0.00179686	0	74.7698	74.7698	0.221701	0.0251208	3.93952	0.00127057
1.1605	0.494954	7.20287	-0.127222	-0.0118561	1.17385	0.481073	1.11998	0.600225	5.19943	0.00103664	0.0207296	5.19943	0.00538996	0.221181	74.7698	0.221181	0.182523	0.0641457	3.40703	0.530748
1.25809	0.533059	7.18822	0.122915	0.0306568	0.969149	0.397513	1.37996	0.600629	5.19899	0.00207312	0.0276344	5.19898	0.0107781	0.221181	1.82474	1.82474	0.169408	0.0650186	3.10515	0.633031
1.61575	0.595372	7.2016	0.161654	0.0462138	1.65063	0.62469	1.6399	0.601347	5.19842	0.00345484	0.0345348	5.19839	0.0179597	0.167717	1.82474	0.167717	0.151908	0.0582158	2.90562	0.76225
1.85109	0.561724	6.01698	0.0248047	-0.235925	1.62331	0.499091	1.89982	0.60247	5.19773	0.00518158	0.0414297	5.19766	0.0269323	0.167717	7.77226	7.77226	0.140092	0.0556861	2.67337	0.697625
2.16319	0.591011	6.01648	0.0395383	-0.179874	2.18882	0.648739	2.1597	0.604086	5.19691	0.00725307	0.0483182	5.19678	0.0376932	0.254969	7.77226	0.254969	0.129707	0.0517916	2.49416	0.65029
2.37917	0.636678	5.62096	0.0540882	-0.354691	1.96701	0.557117	2.41954	0.606284	5.19597	0.00966898	0.0551989	5.19573	0.0502389	0.254969	6.42861	6.42861	0.122166	0.0496241	2.33772	0.614865
2.65697	0.653495	5.61799	0.0426147	-0.33121	2.65526	0.66598	2.67932	0.609155	5.19491	0.0124289	0.062071	5.1945	0.0645654	0.00968558	6.42861	0.00968558	0.11542	0.0490651	2.20843	0.58262
2.92348	0.646815	5.5544	-0.00624719	-0.489821	2.92034	0.645898	2.93904	0.612786	5.19372	0.0155325	0.0689333	5.19309	0.080668	0.00968558	0.473168	0.473168	0.109608	0.047775	2.09822	0.553925
3.15992	0.641979	5.51081	-0.0198112	-0.452868	3.01222	0.637046	3.19869	0.617267	5.19241	0.0189791	0.0757847	5.19147	0.0985415	1.22266	0.473168	1.22266	0.105159	0.046157	2.00287	0.531847
3.44521	0.537968	5.54126	-0.167845	-0.864138	3.56096	0.485311	3.45825	0.622685	5.19097	0.0227684	0.0826241	5.18963	0.11818	1.22266	1.24722	1.24722	0.100752	0.0505076	1.91923	0.591691
3.74822	0.426008	5.60297	-0.285133	-1.07867	3.89365	0.311793	3.71772	0.62913	5.18942	0.0268996	0.0894504	5.18754	0.139576	2.03924	1.24722	2.03924	0.0971685	0.0743542	1.84468	0.741334
4.02949	0.509528	5.56303	-0.14976	-0.559924	4.19786	0.698311	3.97708	0.636689	5.18775	0.0313721	0.0962627	5.18519	0.162724	2.03924	4.19332	4.19332	0.0946758	0.079301	1.77958	0.762047
4.30371	0.501059	5.54705	-0.142963	-0.476272	4.30935	0.578564	4.23632	0.645449	5.18595	0.0361852	0.10306	5.18256	0.187614	0.395812	4.19332	0.395812	0.0931058	0.0852016	1.72108	0.778305
4.5656	0.534273	5.48306	-0.105971	-0.347622	4.61908	0.68951	4.49542	0.655498	5.18405	0.0413382	0.10984	5.17962	0.214238	0.395812	2.24872	2.24872	0.0918404	0.0878867	1.66782	0.779308
4.7584	0.637707	5.34186	-0.0085336	-0.110489	4.35143	0.899174	4.75437	0.666921	5.18202	0.0468302	0.116604	5.17634	0.242587	13.3826	2.24872	13.3826	0.0891037	0.0855565	1.61852	0.759263
5.01225	0.634255	5.29708	-0.0190352	-0.123302	5.20901	0.66599	5.01315	0.679804	5.17988	0.0526604	0.123349	5.1727	0.272649	13.3826	2.39132	2.39132	0.0865935	0.0838363	1.57319	0.743103
5.31347	0.633888	5.33686	-0.0219539	-0.116792	5.51894	0.648233	5.27175	0.694234	5.17763	0.0588279	0.130074	5.16867	0.304413	2.23098	2.39132	2.23098	0.0848257	0.0827663	1.53171	0.729721
5.57083	0.642328	5.3333	-0.015006	-0.0933069	5.22834	0.639362	5.53013	0.710295	5.17526	0.0653316	0.136779	5.16422	0.337868	2.23098	1.64576	1.64576	0.0831773	0.0820898	1.4934	0.717356
5.86376	0.660843	5.35808	-0.00431149	-0.0676419	6.022	0.708619	5.78828	0.728072	5.17278	0.0721706	0.143463	5.15932	0.372999	1.45469	1.64576	1.45469	0.0828269	0.0814436	1.45805	0.705384
6.10905	0.585581	5.32612	-0.0587953	-0.151068	5.89392	0.373584	6.04618	0.747647	5.1702	0.0793437	0.150124	5.15393	0.409793	1.45469	4.05132	4.05132	0.0820252	0.0867492	1.42495	0.706183
6.36711	0.700389	5.30163	0.0165974	-0.0246006	6.34249	0.948833	6.30379	0.769103	5.16751	0.0868499	0.156761	5.14803	0.448233	4.22967	4.05132	4.22967	0.0813015	0.0860437	1.394	0.694734
6.62031	0.7303	5.27695	0.0298229	-0.0042411	6.62134	0.836138	6.5611	0.792523	5.16471	0.0946879	0.163373	5.14157	0.488305	4.22967	1.06505	1.06505	0.080502	0.0851843	1.36491	0.683453
6.86938	0.730801	5.26361	0.0256201	-0.00976081	6.78214	0.714036	6.81808	0.817988	5.1618	0.102857	0.169959	5.13452	0.52999	0.410688	1.06505	0.410688	0.0795402	0.0852653	1.33758	0.674292
7.11856	0.712151	5.23136	0.00868096	-0.0340902	7.29121	0.630741	7.07469	0.845578	5.1588	0.111355	0.176519	5.12685	0.573269	0.410688	4.15238	4.15238	0.0784686	0.0876086	1.31176	0.669252
7.34402	0.797791	5.19284	0.0532742	0.0277245	7.13735	0.957217	7.3309	0.875373	5.15569	0.120181	0.183051	5.11851	0.618123	3.94725	4.15238	3.94725	0.0770431	0.0872578	1.28731	0.660024
7.6292	0.80962	5.2265	0.0537318	0.0268397	8.08349	0.819605	7.58668	0.907449	5.15249	0.129333	0.189554	5.10946	0.664531	3.94725	3.2257	3.2257	0.0760803	0.0876573	1.26428	0.652178
7.87954	0.790369	5.21782	0.0379972	0.00531061	7.80533	0.719126	7.84199	0.941886	5.14919	0.138811	0.196027	5.09966	0.712469	0.609559	3.2257	0.609559	0.0750815	0.0906117	1.24247	0.647911
8.13467	0.806552	5.19992	0.040163	0.00632863	8.40453	0.884557	8.0968	0.978759	5.14579	0.148612	0.202468	5.08907	0.761915	0.609559	3.05943	3.05943	0.0741426	0.0944738	1.22175	0.644976
8.37457	0.826271	5.18235	0.0454949	0.0127002	8.24796	0.840322	8.35106	1.01814	5.14231	0.158735	0.208879	5.07766	0.812843	0.836542	3.05943	0.836542	0.0730591	0.0991209	1.20201	0.642899
8.63627	0.912406	5.19629	0.0833941	0.0591875	8.45858	1.41118	8.60472	1.06011	5.13873	0.169179	0.215255	5.06537	0.865226	0.836542	6.46552	6.46552	0.0721244	0.100993	1.18325	0.637374
8.87411	0.972912	5.17869	0.10533	0.0822693	8.74615	1.04858	8.85775	1.10473	5.13507	0.179942	0.221599	5.05216	0.919037	1.22918	6.46552	1.22918	0.0710802	0.102064	1.16531	0.631021
9.15733	1.01064	5.20295	0.113453	0.0866991	9.8809	1.1419	9.1101	1.15208	5.13132	0.191022	0.227907	5.03798	0.974245	1.22918	6.26017	6.26017	0.0704941	0.103437	1.14826	0.625172
9.39503	1.04585	5.18579	0.12091	0.0907472	9.25579	1.04913	9.36172	1.20223	5.12748	0.202417	0.234179	5.0228	1.03082	0.988833	6.26017	0.988833	0.0697075	0.105319	1.13194	0.619974
9.66817	1.11609	5.20424	0.142703	0.110948	10.1016	1.52474	9.61255	1.25524	5.12357	0.214126	0.240414	5.00656	1.08873	0.988833	4.36696	4.36696	0.0693548	0.106405	1.11637	0.614057
9.93509	1.24382	5.21772	0.189189	0.15917	10.0484	1.44598	9.86254	1.31118	5.11958	0.226147	0.246611	4.98922	1.14794	3.24564	4.36696	3.24564	0.0694429	0.105539	1.1014	0.606322
10.1892	1.3321	5.21022	0.215711	0.182596	10.5377	1.72555	10.1117	1.37011	5.11551	0.238478	0.252769	4.97074	1.20841	3.24564	4.75849	4.75849	0.0696674	0.104324	1.08698	0.598482
10.4174	1.41574	5.19178	0.238417	0.199319	10.2492	1.45907	10.3598	1.4321	5.11137	0.251116	0.258887	4.95106	1.2701	1.58336	4.75849	1.58336	0.0693835	0.103011	1.07306	0.590801
10.6592	1.50315	5.1737	0.262721	0.219877	10.9084	1.70343	10.6069	1.49721	5.10717	0.26406	0.264964	4.93014	1.33298	1.58336	4.82146	4.82146	0.069008	0.10172	1.05962	0.583372
10.8901	1.53969	5.15515	0.26077	0.205355	10.7313	1.45265	10.853	1.56549	5.10289	0.277309	0.271	4.90794	1.39701	1.70996	4.82146	1.70996	0.0684069	0.100552	1.04668	0.576311
11.1514	1.59198	5.16373	0.262973	0.195196	11.4783	1.42876	11.0979	1.637	5.09855	0.290859	0.276993	4.8844	1.46213	1.70996	1.446	1.446	0.0680893	0.0995905	1.03426	0.569709
11.4246	1.63948	5.17965	0.261379	0.180963	11.587	1.61462	11.3416	1.71179	5.09414	0.304708	0.282942	4.85948	1.52832	1.39977	1.446	1.39977	0.0684718	0.0990416	1.0224	0.563789
11.662	1.70169	5.16385	0.270184	0.182784	11.4763	1.53917	11.584	1.78992	5.08968	0.318855	0.288846	4.83313	1.59551	1.39977	1.38676	1.38676	0.0687031	0.0988092	1.01095	0.558307
11.8951	1.76868	5.15173	0.279472	0.183524	11.7788	1.74591	11.8251	1.87144	5.08516	0.333298	0.294705	4.80531	1.66366	0.705291	1.38676	0.705291	0.0687312	0.0988989	0.999889	0.553251
12.1447	1.85664	5.16051	0.294443	0.188927	12.136	2.14937	12.0647	1.95639	5.08058	0.348033	0.300517	4.77598	1.73273	0.705291	1.0205	1.0205	0.0689943	0.0989175	0.989251	0.548302
12.3889	1.88874	5.15025	0.284822	0.166755	12.3226	1.78353	12.3029	2.04482	5.07596	0.363059	0.306282	4.74508	1.80265	0.898166	1.0205	0.898166	0.0693988	0.100473	0.979096	0.54491
12.6397	1.94868	5.15528	0.285592	0.156103	12.5457	1.77728	12.5394	2.13677	5.07128	0.378373	0.311998	4.71257	1.87338	0.898166	0.857726	0.857726	0.0701813	0.103061	0.969431	0.542618
12.8434	2.08371	5.13633	0.325194	0.1946	12.5924	2.17509	12.7743	2.23227	5.06656	0.393973	0.317665	4.67842	1.94485	3.90116	0.857726	3.90116	0.0701595	0.104188	0.959866	0.538803
13.0982	2.18356	5.15685	0.338074	0.194181	13.2198	2.6644	13.0075	2.33137	5.0618	0.409856	0.323282	4.64258	2.01701	3.90116	3.42379	3.42379	0.0706304	0.105238	0.95074	0.535148
13.3027	2.32578	5.14181	0.376654	0.228984	13.0875	2.40708	13.2388	2.43409	5.057	0.42602	0.328848	4.605	2.08981	2.91763	3.42379	2.91763	0.0705051	0.105299	0.941696	0.530605
13.4963	2.47859	5.11378	0.423131	0.277092	12.7087	3.12439	13.4682	2.54047	5.05217	0.442462	0.334362	4.56565	2.16317	2.91763	11.493	11.493	0.0699328	0.104634	0.932695	0.525551
13.7397	2.5915	5.12365	0.438143	0.277892	13.836	2.62479	13.6955	2.65053	5.0473	0.459181	0.339823	4.52448	2.23703	0.519479	11.493	0.519479	0.0695347	0.103959	0.923989	0.520642
13.9615	2.70921	5.11677	0.458147	0.287292	13.8302	2.73893	13.9208	2.7643	5.0424	0.476172	0.34523	4.48147	2.31134	0.519479	0.389561	0.389561	0.0691102	0.103264	0.915511	0.515841
14.1853	2.85881	5.12375	0.487888	0.304806	14.2106	2.94205	14.1439	2.88179	5.03748	0.493433	0.350583	4.43656	2.38601	0.460542	0.389561	0.460542	0.0687067	0.102368	0.90723	0.511134
14.4276	2.9618	5.13594	0.488071	0.281234	14.5568	2.87021	14.3646	3.00303	5.03253	0.510962	0.355881	4.38974	2.46099	0.460542	1.41078	1.41078	0.0686084	0.101599	0.899307	0.506599
14.6396	3.04322	5.11346	0.488001	0.266466	14.4616	2.90734	14.583	3.12802	5.02756	0.528756	0.361122	4.34097	2.5362	2.58075	1.41078	2.58075	0.0684162	0.101329	0.891687	0.502471
14.864	3.1873	5.12562	0.507341	0.268649	14.6754	3.96041	14.7989	3.25679	5.02257	0.546812	0.366307	4.29021	2.61157	2.58075	3.89722	3.89722	0.068361	0.100865	0.884317	0.498375
15.0653	3.37476	5.13222	0.549624	0.301589	15.0261	3.5067	15.0122	3.38932	5.01757	0.565128	0.371433	4.23744	2.68703	1.24078	3.89722	1.24078	0.0681304	0.100024	0.876978	0.494134
15.2764	3.53788	5.13523	0.579327	0.321169	15.3685	4.14761	15.2228	3.52563	5.01256	0.583699	0.376501	4.18263	2.76249	1.24078	2.41985	2.41985	0.0679136	0.0992	0.869765	0.49004
15.4834	3.72075	5.14634	0.612585	0.340102	15.5236	3.82936	15.4306	3.66572	5.00754	0.602525	0.381509	4.12575	2.83789	0.781203	2.41985	0.781203	0.0676931	0.0986355	0.862674	0.486254
15.6967	3.85427	5.14317	0.622118	0.331299	15.7234	3.4105	15.6355	3.80957	5.00251	0.6216	0.386458	4.06678	2.91315	0.781203	0.918573	0.918573	0.0675928	0.0980014	0.855809	0.482435
15.915	3.99866	5.1473	0.633618	0.325129	15.9774	4.00094	15.8375	3.95719	4.99749	0.640923	0.391345	4.00571	2.98817	0.203032	0.918573	0.203032	0.0677612	0.0973608	0.849179	0.478649
16.1134	4.16598	5.14337	0.66209	0.346181	16.3376	4.21632	16.0363	4.10854	4.99246	0.66049	0.39617	3.94251	3.0629	0.203032	1.68894	1.68894	0.0679168	0.0968636	0.84264	0.475056
16.3074	4.35691	5.15253	0.692435	0.360232	16.3313	4.44499	16.2319	4.26363	4.98744	0.680299	0.400933	3.87716	3.13723	0.484968	1.68894	0.484968	0.0680396	0.0968096	0.836205	0.471766
16.5162	4.51597	5.15789	0.703627	0.350384	16.7586	4.48231	16.4242	4.42242	4.98243	0.700345	0.405632	3.80966	3.21109	0.484968	0.673129	0.673129	0.0684668	0.096761	0.829985	0.468435
16.6958	4.69035	5.15138	0.727122	0.357792	16.6039	4.67344	16.613	4.5849	4.97743	0.720627	0.410268	3.74	3.28438	0.446161	0.673129	0.446161	0.0687032	0.0968965	0.823874	0.46524
16.8532	4.89833	5.13975	0.778656	0.413258	16.9236	5.10119	16.7983	4.75103	4.97244	0.74114	0.414838	3.66817	3.35704	0.446161	4.93815	4.93815	0.0685203	0.0978262	0.817795	0.462822
17.0169	5.11702	5.14788	0.815998	0.431327	16.9955	5.21099	16.9799	4.92077	4.96747	0.761882	0.419343	3.59416	3.42897	0.581778	4.93815	0.581778	0.0681673	0.0999473	0.811887	0.461076
17.1874	5.29913	5.14019	0.840318	0.440288	17.3421	4.64623	17.1579	5.09409	4.96252	0.782849	0.423782	3.51797	3.50008	0.581778	1.91476	1.91476	0.0677706	0.102212	0.806136	0.459453
17.3505	5.48416	5.13261	0.861553	0.440246	17.2894	5.43542	17.3319	5.27094	4.9576	0.804038	0.428154	3.4396	3.57028	0.305234	1.91476	0.305234	0.0673279	0.104597	0.800522	0.45783
17.5062	5.6725	5.12084	0.889557	0.455592	17.6463	4.74597	17.5019	5.45128	4.9527	0.825446	0.432459	3.35907	3.63949	0.305234	3.71898	3.71898	0.0668606	0.10709	0.7951	0.456385
17.706	5.8055	5.10479	0.880531	0.421962	17.7853	5.62476	17.6679	5.63506	4.94783	0.847069	0.436695	3.27637	3.70762	2.41842	3.71898	2.41842	0.0665503	0.108209	0.789642	0.454037
17.8448	6.0209	5.09969	0.921958	0.456758	17.9216	6.07151	17.8297	5.82221	4.943	0.868904	0.440862	3.19151	3.77458	2.41842	1.6858	1.6858	0.0661223	0.109929	0.784392	0.452206
18.0232	6.20232	5.09952	0.930095	0.440422	18.1263	6.16985	17.9872	6.01269	4.9382	0.890947	0.444959	3.10453	3.84027	0.676211	1.6858	0.676211	0.0658114	0.111367	0.779173	0.450092
18.1671	6.41801	5.1017	0.958598	0.44993	18.1245	6.79027	18.1402	6.20641	4.93344	0.913195	0.448987	3.01542	3.90462	0.676211	0.558621	0.558621	0.0654493	0.113264	0.774089	0.448197
18.2918	6.64312	5.10166	0.991084	0.461002	18.2164	6.66138	18.2888	6.40332	4.92872	0.935644	0.452943	2.92421	3.96753	0.344276	0.558621	0.344276	0.0650239	0.115797	0.769188	0.446593
18.4187	6.86642	5.10116	1.02329	0.476085	18.4022	7.02231	18.4328	6.60333	4.92404	0.958291	0.456828	2.83093	4.0289	0.344276	0.309924	0.309924	0.0646252	0.118846	0.764499	0.445259
18.5739	7.01973	5.0708	1.02319	0.453213	18.5422	6.76013	18.572	6.80638	4.91942	0.981133	0.46064	2.7356	4.08867	3.76399	0.309924	3.76399	0.0642152	0.120506	0.759721	0.44326
18.7174	7.23129	5.07396	1.03585	0.436761	18.8089	7.24388	18.7064	7.01237	4.91484	1.00417	0.46438	2.63825	4.14672	3.76399	0.336907	0.336907	0.0638245	0.122227	0.75498	0.441157
18.9196	7.37461	5.05575	1.01547	0.392488	19.1441	7.18344	18.8359	7.22122	4.91032	1.02738	0.468047	2.53893	4.20299	5.26359	0.336907	5.26359	0.0641075	0.12266	0.750437	0.438547
19.0004	7.60601	5.04187	1.06679	0.44383	18.5479	7.4012	18.9604	7.43283	4.90586	1.05079	0.47164	2.43767	4.25737	5.26359	5.13053	5.13053	0.0638683	0.1234	0.745847	0.436212
19.0968	7.84393	5.04367	1.10012	0.455878	19.0138	7.8688	19.0798	7.64712	4.90145	1.07437	0.475158	2.3345	4.3098	0.435844	5.13053	0.435844	0.0635101	0.124543	0.741359	0.434054
19.2111	8.064	5.04084	1.12046	0.452989	19.3089	7.67375	19.1939	7.86397	4.89711	1.09813	0.478601	2.22949	4.36017	0.435844	0.451866	0.451866	0.0631589	0.125708	0.736943	0.4319
19.2956	8.27577	5.02157	1.14777	0.46005	19.132	8.12845	19.3028	8.08329	4.89283	1.12206	0.481969	2.12266	4.40842	2.42353	0.451866	2.42353	0.0627911	0.126698	0.732625	0.42975
19.3884	8.49979	5.01563	1.16862	0.453324	19.0239	8.17194	19.4062	8.30497	4.88863	1.14615	0.48526	2.01409	4.45445	2.42353	2.69776	2.69776	0.0624546	0.127699	0.728374	0.427597
19.4884	8.66606	4.97143	1.17803	0.443567	19.347	8.30741	19.5042	8.5289	4.88449	1.17042	0.488475	1.90381	4.49819	7.61893	2.69776	7.61893	0.0621178	0.127812	0.724176	0.425253
19.5697	8.89449	4.96548	1.20823	0.458823	19.6843	8.35902	19.5966	8.75494	4.88042	1.19484	0.491613	1.7919	4.53956	7.61893	1.10332	1.10332	0.0618304	0.127951	0.720057	0.422973
19.7379	9.06284	4.94491	1.191	0.417646	20.0039	8.8906	19.6835	8.983	4.87643	1.21942	0.494673	1.67841	4.57848	5.93769	1.10332	5.93769	0.0617519	0.127512	0.716188	0.420593
19.8002	9.30242	4.94188	1.23088	0.44914	19.6061	9.48659	19.7645	9.21294	4.87251	1.24416	0.497655	1.56341	4.61488	5.93769	1.12778	1.12778	0.061523	0.127152	0.712253	0.418276
19.9384	9.5049	4.93585	1.2274	0.421792	20.1574	9.45949	19.8398	9.44463	4.86868	1.26904	0.500558	1.44697	4.64869	2.85506	1.12778	2.85506	0.0620511	0.126609	0.708687	0.415971
19.9723	9.74842	4.92832	1.27947	0.472755	19.6163	9.76606	19.9093	9.67795	4.86493	1.29407	0.503383	1.32916	4.67984	2.85506	3.29603	3.29603	0.0620623	0.126133	0.704883	0.413726
20.0678	9.96523	4.92082	1.29024	0.459644	20.1573	9.90876	19.9728	9.91275	4.86127	1.31923	0.506127	1.21005	4.70826	0.657122	3.29603	0.657122	0.0625103	0.125571	0.701261	0.411501
20.1212	10.2149	4.92785	1.31601	0.457449	19.1911	11.5493	20.0303	10.1489	4.85769	1.34454	0.508793	1.08972	4.73389	0.657122	6.26701	6.26701	0.0628795	0.125087	0.697698	0.409322
20.1767	10.4571	4.92939	1.34065	0.459185	20.166	10.4687	20.0818	10.3863	4.85421	1.36998	0.511377	0.968259	4.75666	0.0145761	6.26701	0.0145761	0.0633021	0.124639	0.694201	0.407186
20.1856	10.7044	4.92377	1.39085	0.502239	19.6775	10.803	20.1271	10.6247	4.85081	1.39555	0.513881	0.845742	4.77652	0.0145761	3.30538	3.30538	0.0632536	0.124254	0.690585	0.405118
20.2514	10.9485	4.92988	1.40685	0.491954	20.371	11.0109	20.1663	10.864	4.84751	1.42124	0.516304	0.722256	4.7934	0.94591	3.30538	0.94591	0.0635162	0.123909	0.687067	0.403088
20.2769	11.2019	4.93545	1.43459	0.49174	19.4335	12.3402	20.1993	11.1041	4.84431	1.44706	0.518645	0.597892	4.80727	0.94591	4.47234	4.47234	0.063675	0.12367	0.683592	0.401113
20.3142	11.4316	4.92517	1.45538	0.488831	20.3164	11.3483	20.2261	11.3449	4.8412	1.47299	0.520904	0.472738	4.81807	0.364161	4.47234	0.364161	0.0639684	0.123352	0.680197	0.399152
20.2553	11.687	4.9199	1.53247	0.5729	19.2063	12.2418	20.2466	11.5861	4.8382	1.49904	0.523081	0.346889	4.82575	0.364161	11.2268	11.2268	0.0636538	0.123148	0.676973	0.397254
20.3305	11.9175	4.91684	1.53419	0.545123	20.6141	11.9422	20.2608	11.8275	4.83529	1.52519	0.525176	0.220439	4.83027	4.45791	11.2268	4.45791	0.0637165	0.122864	0.673625	0.395369
20.3516	12.157	4.9137	1.54188	0.506013	19.966	11.9688	20.2687	12.0692	4.83249	1.55145	0.527187	0.093487	4.83159	4.45791	3.83242	3.83242	0.0639325	0.122569	0.670332	0.393506
20.3458	12.4168	4.9239	1.57134	0.509143	20.3263	12.4966	20.2701	12.3108	4.8298	1.57781	0.529115	-0.0338694	4.82968	0.359695	3.83242	0.359695	0.064057	0.122418	0.667077	0.391702
20.2926	12.6606	4.91897	1.63026	0.565565	20.0192	12.4823	20.2652	12.5522	4.82722	1.60426	0.53096	-0.161529	4.82451	0.359695	3.59276	3.59276	0.0638047	0.122291	0.663986	0.389905
20.3189	12.8956	4.91331	1.64187	0.549079	20.498	12.8924	20.254	12.7933	4.82474	1.63081	0.532721	-0.28939	4.81605	1.78199	3.59276	1.78199	0.0638149	0.122116	0.660842	0.388132
20.3011	13.1342	4.90885	1.67087	0.555162	20.9151	12.2555	20.2363	13.0339	4.82237	1.65745	0.534397	-0.417348	4.80428	1.78199	2.30106	2.30106	0.0638246	0.121928	0.657756	0.386375
20.2645	13.3526	4.88922	1.70195	0.560903	20.1943	13.1688	20.2122	13.2738	4.82012	1.68417	0.53599	-0.545298	4.78918	1.95441	2.30106	1.95441	0.0637265	0.121596	0.654738	0.384606
20.2215	13.5915	4.88681	1.72978	0.556451	19.858	13.5236	20.1818	13.5129	4.81798	1.71097	0.537498	-0.673135	4.77072	1.95441	1.4423	1.4423	0.0635461	0.121268	0.651772	0.382857
20.2059	13.8356	4.88876	1.74786	0.546308	20.3245	13.8896	20.1449	13.7509	4.81595	1.73784	0.53892	-0.800753	4.74892	0.902991	1.4423	0.902991	0.0635235	0.120983	0.648801	0.381145
20.1454	14.0688	4.88489	1.78566	0.564958	20.3387	13.5307	20.1017	13.9878	4.81404	1.76479	0.540258	-0.928043	4.72374	0.902991	1.06878	1.06878	0.0633717	0.120679	0.645936	0.379437
20.0954	14.3097	4.887	1.81183	0.562603	20.1216	14.337	20.0521	14.2233	4.81225	1.7918	0.54151	-1.0549	4.69521	0.0738487	1.06878	0.0738487	0.0632192	0.120413	0.643107	0.377755
20.0206	14.5412	4.88438	1.84405	0.565698	19.6717	14.4038	19.9962	14.4573	4.81058	1.81888	0.542677	-1.18121	4.66331	0.0738487	1.54092	1.54092	0.0629786	0.120136	0.64036	0.376083
19.9192	14.7781	4.89012	1.88359	0.576387	19.781	14.773	19.934	14.6897	4.80903	1.84601	0.543759	-1.30687	4.62805	1.04717	1.54092	1.04717	0.0627147	0.119892	0.637792	0.374423
19.8484	15.0025	4.88255	1.90264	0.556062	20.1149	14.0165	19.8655	14.9202	4.80759	1.8732	0.544754	-1.43177	4.58944	1.04717	3.67296	3.67296	0.0624596	0.119614	0.635163	0.372786
19.8136	15.2251	4.86997	1.91433	0.541368	20.0208	15.2053	19.7908	15.1486	4.80628	1.90044	0.545663	-1.55581	4.54751	2.37346	3.67296	2.37346	0.062224	0.119306	0.632445	0.371178
19.6787	15.4372	4.8711	1.98803	0.630366	20.0157	15.3443	19.7099	15.3749	4.80509	1.92772	0.546486	-1.67887	4.50226	2.37346	7.8873	7.8873	0.0620229	0.118931	0.630308	0.369603
19.6395	15.6415	4.84641	1.99975	0.613421	19.9131	15.554	19.6229	15.5989	4.80403	1.95504	0.547223	-1.80085	4.45372	4.49677	7.8873	4.49677	0.0617765	0.118487	0.627923	0.368045
19.5387	15.8549	4.84132	2.02762	0.607713	19.9388	15.0864	19.5298	15.8203	4.80309	1.98241	0.547873	-1.92164	4.40193	4.49677	1.62286	1.62286	0.0615196	0.118027	0.625567	0.36652
19.4374	16.0623	4.83333	2.05608	0.606756	19.4748	16.0098	19.4307	16.039	4.80227	2.0098	0.548437	-2.04114	4.3469	0.21805	1.62286	0.21805	0.0612636	0.117549	0.62324	0.365035
19.3307	16.2759	4.82993	2.073	0.578192	19.1556	16.0022	19.3257	16.2549	4.80158	2.03722	0.548915	-2.15925	4.28868	0.21805	2.01593	2.01593	0.0610095	0.117074	0.620822	0.363546
19.2169	16.4581	4.80831	2.10405	0.582938	19.238	16.2719	19.2148	16.4679	4.80101	2.06467	0.549305	-2.27586	4.22731	1.79612	2.01593	1.79612	0.0607571	0.116593	0.618441	0.362126
19.0928	16.6606	4.80623	2.13385	0.584769	19.4007	16.2962	19.0981	16.6777	4.80057	2.09213	0.549609	-2.39087	4.16284	1.79612	0.399791	0.399791	0.0605095	0.116124	0.616103	0.360749
18.9689	16.8588	4.80184	2.16128	0.583483	19.0029	16.8387	18.9757	16.8841	4.80025	2.11961	0.549826	-2.50418	4.0953	0.083016	0.399791	0.083016	0.0602662	0.115674	0.613784	0.359408
18.8114	17.0489	4.80854	2.2173	0.63883	18.8373	17.7112	18.8477	17.0872	4.80006	2.1471	0.549957	-2.61571	4.02476	0.083016	6.08771	6.08771	0.0601112	0.115258	0.611824	0.358348
18.6555	17.2574	4.82459	2.24836	0.636048	18.6148	17.3832	18.7142	17.2866	4.8	2.1746	0.55	-2.72534	3.95127	0.89775	6.08771	0.89775	0.0600996	0.114825	0.609959	0.357327
18.5462	17.4678	4.81765	2.23651	0.5541	18.8177	17.0316	18.5752	17.4822	4.80006	2.2021	0.549957	-2.83299	3.87489	0.89775	6.39167	6.39167	0.0599162	0.114376	0.607667	0.355988
18.3455	17.6401	4.82655	2.28166	0.570451	18.1023	17.5529	18.4309	17.674	4.80025	2.2296	0.549826	-2.93858	3.79568	3.56018	6.39167	3.56018	0.0601588	0.113965	0.605558	0.354796
18.2067	17.8336	4.82231	2.2862	0.52352	18.2749	17.4877	18.2814	17.8617	4.80057	2.25709	0.549609	-3.042	3.71372	3.56018	2.64701	2.64701	0.0602864	0.113546	0.603283	0.353467
18.0732	18.0188	4.81456	2.3036	0.515646	18.2094	18.0461	18.1268	18.0453	4.80101	2.28457	0.549305	-3.14318	3.62906	1.02717	2.64701	1.02717	0.0602373	0.113129	0.600979	0.352122
17.8949	18.177	4.81114	2.34513	0.543381	18.3021	17.498	17.9671	18.2246	4.80158	2.31204	0.548915	-3.24204	3.5418	1.02717	1.98788	1.98788	0.0603389	0.11277	0.598759	0.35088
17.7522	18.3301	4.78803	2.36831	0.541865	17.9018	18.2183	17.8026	18.3994	4.80227	2.33948	0.548437	-3.3385	3.45199	1.81659	1.98788	1.81659	0.0602693	0.112502	0.596519	0.349665
17.6129	18.5167	4.7841	2.37543	0.51344	18.8558	18.1364	17.6334	18.5697	4.80309	2.3669	0.547873	-3.43247	3.35973	1.81659	6.87383	6.87383	0.0600669	0.11217	0.594256	0.348358
17.4301	18.6832	4.78995	2.40265	0.514387	17.3845	18.7039	17.4595	18.7353	4.80403	2.3943	0.547223	-3.5239	3.26509	0.131407	6.87383	0.131407	0.0598947	0.111839	0.59202	0.347062
17.2451	18.8287	4.78572	2.4365	0.528101	17.7945	18.0801	17.281	18.8962	4.80509	2.42166	0.546486	-3.61271	3.16817	0.131407	1.87118	1.87118	0.0597515	0.111573	0.589813	0.345812
17.0782	18.9687	4.7694	2.4616	0.528387	17.1762	18.8863	17.0983	19.0521	4.80628	2.44898	0.545663	-3.69883	3.06904	0.849594	1.87118	0.849594	0.0595549	0.11139	0.587625	0.344582
16.91	19.1391	4.77151	2.47298	0.506216	16.9398	19.7311	16.9113	19.203	4.80759	2.47627	0.544754	-3.78221	2.9678	0.849594	2.97771	2.97771	0.0593356	0.111115	0.58547	0.343314
16.6963	19.2497	4.76465	2.51318	0.521728	16.5734	19.052	16.7201	19.3488	4.80903	2.5035	0.543759	-3.86278	2.86455	2.8499	2.97771	2.8499	0.0591537	0.111032	0.583329	0.342102
16.5082	19.4006	4.76939	2.53595	0.520652	16.1674	20.2201	16.5251	19.4894	4.81058	2.53069	0.542677	-3.9405	2.75938	2.8499	3.0509	3.0509	0.0589565	0.110887	0.581214	0.340881
16.2996	19.5453	4.78192	2.56139	0.518879	16.2338	19.6171	16.3262	19.6246	4.81225	2.55783	0.54151	-4.01531	2.65237	0.489908	3.0509	0.489908	0.0587873	0.110692	0.579122	0.339663
16.0729	19.6323	4.77619	2.61059	0.552264	16.4366	18.2742	16.1237	19.7545	4.81404	2.5849	0.540258	-4.08716	2.54364	0.489908	10.1897	10.1897	0.0587338	0.110779	0.577056	0.338612
15.8752	19.7687	4.7801	2.63097	0.544665	15.9243	19.8703	15.9176	19.8789	4.81595	2.61191	0.53892	-4.15602	2.43329	0.669693	10.1897	0.669693	0.0586342	0.110775	0.575007	0.337508
15.681	19.897	4.77299	2.63707	0.503178	16.2328	19.2166	15.7082	19.9978	4.81798	2.63886	0.537498	-4.22185	2.32141	0.669693	3.36043	3.36043	0.0584719	0.110707	0.57299	0.33632
15.4667	20.0358	4.78852	2.65544	0.494933	15.4332	20.1836	15.4956	20.111	4.82012	2.66574	0.53599	-4.28461	2.2081	1.19834	3.36043	1.19834	0.0583172	0.110499	0.570999	0.335151
15.2626	20.1721	4.79477	2.66673	0.475235	14.3677	21.3406	15.2799	20.2185	4.82237	2.69253	0.534397	-4.34427	2.09347	1.19834	5.72016	5.72016	0.0581323	0.110182	0.569052	0.334087
15.0714	20.3048	4.79208	2.67842	0.46341	15.2016	20.4385	15.0613	20.3203	4.82474	2.71925	0.532721	-4.4008	1.97763	1.83645	5.72016	1.83645	0.0579375	0.109809	0.567165	0.333209
14.8427	20.3868	4.79167	2.71467	0.482383	14.7476	19.9571	14.84	20.4162	4.82721	2.74589	0.53096	-4.4542	1.86068	1.83645	2.10874	2.10874	0.0577392	0.10946	0.565271	0.332223
14.6304	20.5032	4.79595	2.7315	0.474737	14.6665	20.6088	14.6161	20.5063	4.8298	2.77244	0.529115	-4.50443	1.74272	0.657761	2.10874	0.657761	0.0575547	0.109087	0.563413	0.331386
14.4001	20.5866	4.80057	2.76674	0.496462	13.841	21.0031	14.3897	20.5904	4.8325	2.79889	0.527187	-4.55149	1.62386	0.657761	1.31477	1.31477	0.0573663	0.108718	0.561549	0.330447
14.158	20.6585	4.80712	2.7986	0.50296	14.0521	20.5924	14.1611	20.6686	4.83529	2.82525	0.525176	-4.59537	1.50421	0.815565	1.31477	0.815565	0.057174	0.108356	0.55969	0.329465
13.9257	20.7273	4.80923	2.83351	0.52182	13.8232	20.859	13.9304	20.7408	4.8382	2.85151	0.523081	-4.63606	1.38386	0.815565	0.418219	0.418219	0.0569844	0.108	0.557838	0.328422
13.664	20.7848	4.82654	2.86826	0.529032	13.4686	20.7253	13.6977	20.807	4.8412	2.87767	0.520904	-4.67357	1.26294	2.1622	0.418219	2.1622	0.0568614	0.107657	0.555992	0.327349
13.4204	20.8138	4.82749	2.92069	0.575902	13.8263	20.4261	13.4632	20.8671	4.84431	2.90371	0.518645	-4.70789	1.14153	2.1622	2.50911	2.50911	0.0567806	0.107389	0.55416	0.326341
13.1737	20.8576	4.83308	2.9527	0.578623	13.1072	20.8294	13.2271	20.9211	4.84751	2.92964	0.516304	-4.73904	1.01975	0.26992	2.50911	0.26992	0.0567593	0.10716	0.552346	0.325399
12.9441	20.9142	4.83176	2.97551	0.572308	13.2669	21.1579	12.9895	20.969	4.85081	2.95546	0.513881	-4.76702	0.897694	0.26992	1.68971	1.68971	0.0566929	0.106903	0.55055	0.324439
12.7279	20.9684	4.82085	2.99567	0.564834	12.8729	21.0592	12.7506	21.0108	4.85421	2.98115	0.511377	-4.79186	0.775469	1.51678	1.68971	1.51678	0.0565392	0.106612	0.548774	0.323446
12.4835	21.0044	4.82725	3.0252	0.568965	11.5171	21.6724	12.5106	21.0465	4.85769	3.00672	0.508793	-4.81358	0.653175	1.51678	2.73434	2.73434	0.0563992	0.106323	0.547015	0.322493
12.2382	21.0428	4.83488	3.04929	0.563802	12.2062	21.11	12.2695	21.0761	4.86127	3.03216	0.506127	-4.83219	0.530912	0.294923	2.73434	0.294923	0.0562746	0.106018	0.545272	0.321536
12.001	21.0615	4.83401	3.08111	0.573437	12.3859	21.1066	12.0276	21.0996	4.86493	3.05747	0.503383	-4.84773	0.408778	0.294923	0.933129	0.933129	0.0561359	0.105725	0.543546	0.320651
11.7509	21.0378	4.83285	3.12278	0.586743	11.6814	20.8651	11.785	21.117	4.86868	3.08264	0.500558	-4.86022	0.286869	1.83495	0.933129	1.83495	0.0560242	0.105579	0.541839	0.320019
11.5056	21.0232	4.83322	3.15913	0.595645	11.5265	20.6748	11.5418	21.1283	4.87251	3.10767	0.497655	-4.86971	0.165281	1.83495	1.10069	1.10069	0.0559219	0.105576	0.540151	0.319629
11.2767	21.0235	4.82515	3.18542	0.592897	11.363	21.0688	11.2982	21.1335	4.87643	3.13255	0.494673	-4.87623	0.0441057	0.486194	1.10069	0.486194	0.0557738	0.105604	0.538489	0.31927
11.0265	20.9832	4.82899	3.22605	0.605367	10.5558	20.5567	11.0544	21.1327	4.88042	3.15728	0.491613	-4.87982	-0.076565	0.486194	4.22893	4.22893	0.0556445	0.10593	0.536851	0.319343
10.8007	20.952	4.81698	3.25869	0.609052	10.8903	20.927	10.8105	21.1259	4.88449	3.18186	0.488475	-4.88053	-0.196643	0.449487	4.22893	0.449487	0.0554789	0.10648	0.535255	0.319651
10.5541	20.9503	4.81857	3.26532	0.565156	9.30535	21.3896	10.5666	21.1131	4.88862	3.20629	0.48526	-4.8784	-0.31604	0.449487	5.58413	5.58413	0.0553181	0.106913	0.533674	0.319417
10.2929	20.9714	4.84106	3.2733	0.541827	10.189	21.209	10.3229	21.0943	4.89283	3.23055	0.481969	-4.87349	-0.434674	3.66497	5.58413	3.66497	0.0551997	0.107017	0.532086	0.318832
10.0549	20.9524	4.8403	3.29305	0.532286	9.97958	21.2932	10.0795	21.0697	4.89711	3.25465	0.478601	-4.86585	-0.552463	3.66497	1.00354	1.00354	0.0550664	0.107081	0.530518	0.318169
9.83895	20.9205	4.82293	3.31723	0.531464	9.99634	20.9797	9.83658	21.0391	4.90145	3.27858	0.475158	-4.85554	-0.669327	1.43528	1.00354	1.43528	0.0549016	0.107154	0.528992	0.317499
9.59941	20.9136	4.81777	3.31555	0.482194	9.38223	21.111	9.59422	21.0028	4.90586	3.30234	0.47164	-4.84262	-0.785189	1.43528	2.45472	2.45472	0.0547394	0.107057	0.527469	0.316575
9.38664	20.8656	4.79902	3.34177	0.486074	9.53921	20.8762	9.35258	20.9607	4.91032	3.32592	0.468047	-4.82714	-0.899977	1.19925	2.45472	1.19925	0.0546401	0.10699	0.525992	0.315665
9.15733	20.8271	4.79496	3.3618	0.482036	9.63392	20.9724	9.11177	20.9128	4.91484	3.34932	0.46438	-4.80919	-1.01362	1.19925	1.53802	1.53802	0.0545911	0.106877	0.524538	0.314746
8.89225	20.7875	4.81974	3.37855	0.472375	8.70331	20.8221	8.87192	20.8594	4.91942	3.37254	0.46064	-4.78881	-1.12605	1.9318	1.53802	1.9318	0.0544534	0.106706	0.523062	0.313824
8.66878	20.7108	4.81342	3.41059	0.483586	9.84634	20.009	8.63315	20.8003	4.92404	3.39557	0.456828	-4.76608	-1.2372	1.9318	4.46289	4.46289	0.0543628	0.106614	0.521627	0.312927
8.41281	20.6225	4.83422	3.44123	0.488641	8.22277	20.4839	8.39557	20.7358	4.92872	3.41841	0.452943	-4.74108	-1.34701	2.80223	4.46289	2.80223	0.0542213	0.106654	0.520201	0.31208
8.18476	20.5423	4.83461	3.47024	0.496582	8.29647	20.4978	8.1593	20.6657	4.93344	3.44106	0.448987	-4.71387	-1.45542	2.80223	0.0916822	0.0916822	0.0540998	0.106757	0.518809	0.311284
7.94738	20.462	4.84219	3.4941	0.494983	7.88599	20.45	7.92445	20.5903	4.9382	3.46351	0.444959	-4.68453	-1.56237	0.200242	0.0916822	0.200242	0.0539728	0.106893	0.517433	0.310504
7.73002	20.3759	4.84004	3.5267	0.513747	8.29081	20.6565	7.69111	20.5096	4.943	3.48576	0.440862	-4.65313	-1.66781	0.200242	3.46343	3.46343	0.0538991	0.107064	0.516116	0.309828
7.4551	20.3145	4.87624	3.53527	0.492983	7.18029	20.392	7.45939	20.4237	4.94783	3.5078	0.436695	-4.61975	-1.7717	4.36935	3.46343	4.36935	0.0537476	0.107076	0.51473	0.30904
7.22944	20.2157	4.87734	3.55959	0.490965	7.09214	20.1196	7.22939	20.3326	4.9527	3.52963	0.432459	-4.58448	-1.87399	4.36935	0.249773	0.249773	0.0535964	0.107133	0.513371	0.308273
6.97612	20.1349	4.8984	3.57276	0.477357	6.81542	20.1859	7.00119	20.2364	4.9576	3.55126	0.428154	-4.54738	-1.97462	1.53819	0.249773	1.53819	0.0534794	0.107103	0.511986	0.307459
6.75452	20.0411	4.89535	3.5904	0.468028	6.89359	20.1536	6.7749	20.1352	4.96252	3.57266	0.423782	-4.50854	-2.07357	1.53819	0.347946	0.347946	0.0533522	0.107035	0.510614	0.306627
6.50932	19.9533	4.91108	3.60276	0.455202	6.38914	20.0137	6.55059	20.0292	4.96747	3.59385	0.419343	-4.46805	-2.17079	0.999394	0.347946	0.999394	0.053293	0.106888	0.509228	0.30578
6.2938	19.8578	4.90579	3.6208	0.451677	6.67637	20.2142	6.32834	19.9183	4.97244	3.61482	0.414838	-4.42598	-2.26625	0.999394	2.56628	2.56628	0.053208	0.106688	0.507856	0.304939
6.03944	19.768	4.92866	3.62859	0.434432	5.86119	19.8306	6.10823	19.8027	4.97743	3.63556	0.410268	-4.38241	-2.35993	1.95967	2.56628	1.95967	0.0533055	0.106427	0.506471	0.304131
5.82674	19.6201	4.93933	3.67075	0.468166	5.28178	19.5036	5.89034	19.6824	4.98243	3.65608	0.405632	-4.33744	-2.45178	1.95967	2.51061	2.51061	0.0533668	0.106237	0.505122	0.303319
5.62327	19.5035	4.93058	3.6918	0.466304	5.69089	19.5755	5.67472	19.5577	4.98744	3.67636	0.400933	-4.29114	-2.5418	0.491337	2.51061	0.491337	0.0533567	0.106024	0.503796	0.302509
5.42534	19.3528	4.93008	3.72643	0.482131	5.9506	18.9859	5.46145	19.4284	4.99246	3.6964	0.39617	-4.24359	-2.62995	0.491337	1.64138	1.64138	0.0532789	0.105884	0.502535	0.30177
5.20142	19.2554	4.93285	3.73279	0.463177	5.17021	19.4397	5.25059	19.2948	4.99749	3.71621	0.391345	-4.19488	-2.71622	1.91729	1.64138	1.91729	0.0532577	0.10564	0.501242	0.300972
4.99984	19.1419	4.91918	3.74094	0.439346	5.87397	19.301	5.04219	19.157	5.00251	3.73578	0.386458	-4.1451	-2.80059	1.91729	4.12009	4.12009	0.0532056	0.105365	0.499944	0.300176
4.81529	18.9929	4.9097	3.76896	0.446464	4.89149	18.982	4.8363	19.015	5.00754	3.7551	0.381509	-4.09432	-2.88305	0.32433	4.12009	0.32433	0.0530867	0.105098	0.498695	0.299381
4.61482	18.8426	4.91702	3.79661	0.458172	3.98679	19.0452	4.63297	18.8689	5.01256	3.77418	0.376501	-4.04263	-2.96359	0.32433	1.62681	1.62681	0.0529631	0.104838	0.49749	0.298601
4.42192	18.7119	4.90943	3.81249	0.451205	4.4685	18.834	4.43224	18.7188	5.01757	3.793	0.371433	-3.99012	-3.0422	0.873422	1.62681	0.873422	0.0528296	0.104565	0.496296	0.297819
4.23004	18.5694	4.90118	3.82434	0.431405	4.69245	18.4634	4.23416	18.5648	5.02257	3.81158	0.366307	-3.93685	-3.11888	0.873422	1.29797	1.29797	0.0526927	0.104292	0.495097	0.297049
4.07767	18.4114	4.87701	3.85449	0.442319	4.26269	18.481	4.03876	18.4071	5.02756	3.82989	0.361122	-3.88293	-3.19362	2.02748	1.29797	2.02748	0.0526306	0.104022	0.494009	0.296278
3.90308	18.2396	4.88723	3.89641	0.483131	3.42434	18.8357	3.84606	18.2457	5.03253	3.84795	0.355881	-3.82841	-3.26644	2.02748	7.078	7.078	0.0526541	0.103755	0.493112	0.295573
3.6716	18.1016	4.91169	3.89704	0.455948	3.45919	18.167	3.65611	18.0807	5.03748	3.86574	0.350583	-3.77339	-3.33732	2.81192	7.078	2.81192	0.0525306	0.103499	0.49205	0.294822
3.49594	17.9486	4.89773	3.90735	0.433425	4.3011	17.9267	3.46891	17.9122	5.0424	3.88327	0.34523	-3.71795	-3.40627	2.81192	3.20466	3.20466	0.052432	0.103268	0.490975	0.29407
3.28537	17.7846	4.91799	3.91743	0.419396	3.12525	17.7493	3.28449	17.7402	5.0473	3.90053	0.339823	-3.66215	-3.47331	1.43952	3.20466	1.43952	0.0522988	0.103054	0.489846	0.29333
3.11576	17.6019	4.92665	3.95113	0.444827	2.65664	17.888	3.10287	17.565	5.05217	3.91752	0.334362	-3.60609	-3.53844	1.43952	2.6078	2.6078	0.0521746	0.102827	0.48883	0.292595
2.92333	17.4834	4.91386	3.94803	0.418226	2.9449	17.8154	2.92405	17.3866	5.057	3.93424	0.328848	-3.54982	-3.60167	5.80363	2.6078	5.80363	0.0520434	0.102797	0.487715	0.291885
2.78707	17.2682	4.92089	4.00052	0.46822	3.26647	17.0897	2.74805	17.2051	5.0618	3.95068	0.323282	-3.49344	-3.66302	5.80363	3.46977	3.46977	0.0519864	0.102637	0.486894	0.291188
2.6132	17.0856	4.92781	4.01799	0.461297	2.55407	17.0853	2.57486	17.0205	5.06656	3.96685	0.317665	-3.437	-3.72251	0.196005	3.46977	0.196005	0.0519274	0.102484	0.486093	0.290498
2.44312	16.9157	4.91748	4.02109	0.427311	2.55039	16.8884	2.4045	16.833	5.07128	3.98273	0.311998	-3.38059	-3.78014	0.196005	1.79537	1.79537	0.0518699	0.102395	0.485196	0.289779
2.27449	16.7433	4.91638	4.03302	0.417071	2.25371	16.8334	2.23695	16.6427	5.07596	3.99833	0.306282	-3.32428	-3.83595	0.467235	1.79537	0.467235	0.051809	0.102386	0.484281	0.289065
2.10505	16.5483	4.92182	4.04283	0.395882	1.57735	16.0489	2.07221	16.4497	5.08058	4.01365	0.300517	-3.26812	-3.88995	0.467235	5.18509	5.18509	0.051733	0.102368	0.483323	0.288364
1.95583	16.3215	4.93837	4.07212	0.40517	1.88972	16.1054	1.91027	16.254	5.08516	4.02867	0.294705	-3.21219	-3.94216	2.57824	5.18509	2.57824	0.0517047	0.102227	0.48249	0.287662
1.79386	16.1427	4.93048	4.07493	0.37771	1.74362	16.2687	1.75112	16.0557	5.08968	4.04341	0.288846	-3.15656	-3.99261	2.57824	1.06654	1.06654	0.0516649	0.102159	0.481566	0.286971
1.59584	15.9764	4.94184	4.06797	0.348562	1.44745	16.0853	1.59474	15.8549	5.09414	4.05785	0.282942	-3.10129	-4.04132	2.01684	1.06654	2.01684	0.05154	0.102261	0.48049	0.286346
1.47648	15.7481	4.95164	4.11138	0.38888	1.6097	15.5526	1.44111	15.6517	5.09855	4.07199	0.276993	-3.04644	-4.08832	2.01684	2.1172	2.1172	0.0514744	0.102234	0.479638	0.285657
1.31075	15.5358	4.97057	4.12353	0.379731	1.18395	15.4284	1.29021	15.4463	5.10289	4.08584	0.271	-2.99207	-4.13364	1.41756	2.1172	1.41756	0.0513708	0.102177	0.478757	0.284973
1.15849	15.3418	4.96944	4.13167	0.365322	0.828993	15.528	1.14201	15.2386	5.10717	4.09939	0.264964	-2.93825	-4.1773	1.41756	0.965832	0.965832	0.0512609	0.102182	0.477839	0.284298
0.962487	15.1334	5.00126	4.12916	0.340581	0.722706	15.0075	0.996486	15.0288	5.11138	4.11264	0.258887	-2.88503	-4.21933	3.9155	0.965832	3.9155	0.0511928	0.102194	0.476791	0.28364
0.812304	14.9475	4.98846	4.12867	0.313032	1.03147	15.2134	0.853604	14.8169	5.11551	4.12559	0.252769	-2.83246	-4.25977	3.9155	2.0078	2.0078	0.0511507	0.102347	0.475699	0.28305
0.692602	14.7304	4.98525	4.15172	0.321322	0.737301	14.7047	0.71333	14.603	5.11958	4.13823	0.246611	-2.78061	-4.29864	0.159237	2.0078	0.159237	0.0510502	0.102479	0.474664	0.282433
0.588379	14.4921	4.99453	4.19047	0.355422	0.722177	14.2445	0.575628	14.3872	5.12357	4.15056	0.240414	-2.72952	-4.33598	0.159237	1.90082	1.90082	0.0509383	0.10249	0.473837	0.281773
0.420059	14.2769	5.01563	4.19187	0.336326	0.253435	14.2029	0.440459	14.1696	5.12748	4.16258	0.234179	-2.67925	-4.37181	1.8101	1.90082	1.8101	0.0508387	0.102513	0.472902	0.28112
0.317945	14.0315	5.03415	4.23475	0.380843	-0.0328023	13.9604	0.307779	13.9502	5.13132	4.17429	0.227907	-2.62984	-4.40617	1.8101	4.14357	4.14357	0.0507256	0.102425	0.472295	0.280503
0.271617	13.7778	5.02122	4.28406	0.414887	0.459172	13.6856	0.177545	13.7292	5.13507	4.18568	0.221599	-2.58135	-4.43909	2.62126	4.14357	2.62126	0.0510099	0.102242	0.472405	0.279992
0.179682	13.5384	5.03079	4.31729	0.437144	0.0524412	13.6377	0.0497099	13.5065	5.13873	4.19676	0.215255	-2.53381	-4.47061	2.62126	1.51021	1.51021	0.0516485	0.10203	0.473055	0.279594
0.0184304	13.3169	5.05257	4.31186	0.405206	-0.190344	13.2856	-0.0757753	13.2823	5.14231	4.20752	0.208879	-2.48728	-4.50075	2.58713	1.51021	2.58713	0.0519221	0.101824	0.473266	0.279143
-0.0965482	13.0954	5.04827	4.31867	0.385172	-0.275043	13.1456	-0.198962	13.0566	5.14579	4.21797	0.202468	-2.44179	-4.52955	2.58713	0.711018	0.711018	0.0522621	0.101626	0.473415	0.278651
-0.134163	12.8586	5.02708	4.36037	0.411932	0.0462308	12.9301	-0.319903	12.8295	5.14919	4.22809	0.196027	-2.39739	-4.55704	2.11981	0.711018	2.11981	0.0536197	0.101414	0.474451	0.278233
-0.253357	12.6316	5.02611	4.35886	0.378159	-0.684792	12.3563	-0.438654	12.6011	5.15249	4.23789	0.189554	-2.35412	-4.58326	2.11981	3.70741	3.70741	0.0549253	0.101206	0.475172	0.277747
-0.372686	12.3978	5.03748	4.36358	0.361237	-0.476482	12.3633	-0.555273	12.3714	5.15569	4.24737	0.183051	-2.31202	-4.60823	0.687571	3.70741	0.687571	0.0561494	0.100995	0.47575	0.277252
-0.499417	12.1857	5.03061	4.35581	0.326597	-0.972122	12.5207	-0.669818	12.1404	5.1588	4.25652	0.176519	-2.27111	-4.63198	0.687571	3.7702	3.7702	0.0571691	0.100814	0.475933	0.276687
-0.588394	11.9601	5.02444	4.36914	0.323611	-0.582624	12.0386	-0.78235	11.9083	5.1618	4.26535	0.169959	-2.23144	-4.65456	0.311094	3.7702	0.311094	0.0584891	0.100649	0.476239	0.276119
-0.712721	11.7332	5.02804	4.36343	0.294209	-1.26757	11.6495	-0.892931	11.6751	5.16471	4.27385	0.163373	-2.19304	-4.67598	0.311094	3.03827	3.03827	0.059578	0.100501	0.476229	0.275526
-0.892448	11.5004	5.05772	4.33875	0.247798	-1.17212	11.3988	-1.00163	11.4409	5.16751	4.28201	0.156761	-2.15594	-4.69628	5.10637	3.03827	5.10637	0.0598867	0.100357	0.475623	0.27492
-1.00288	11.2705	5.051	4.33284	0.215434	-0.891441	10.959	-1.1085	11.2057	5.1702	4.28985	0.150124	-2.12017	-4.71549	5.10637	3.14394	3.14394	0.0601632	0.100229	0.474865	0.274321
-1.17289	11.0478	5.0684	4.31054	0.177554	-1.39289	11.0424	-1.21362	10.9695	5.17278	4.29736	0.143463	-2.08575	-4.73364	2.90999	3.14394	2.90999	0.060092	0.100143	0.473876	0.27376
-1.24944	10.8047	5.07453	4.33716	0.206999	-1.29894	10.9012	-1.31706	10.7324	5.17526	4.30453	0.136779	-2.05273	-4.75075	2.90999	1.22463	1.22463	0.0601268	0.100039	0.473016	0.273171
-1.37517	10.5566	5.09438	4.33592	0.193528	-1.49687	10.4198	-1.41889	10.4945	5.17763	4.31137	0.130074	-2.02111	-4.76686	1.74539	1.22463	1.74539	0.0600654	0.0999056	0.472092	0.272585
-1.45206	10.3007	5.10818	4.3613	0.219258	-1.59293	10.0212	-1.51917	10.2559	5.17988	4.31787	0.123349	-1.99093	-4.78198	1.74539	2.00451	2.00451	0.0600975	0.0997335	0.471324	0.271999
-1.56387	10.0836	5.10021	4.35899	0.204863	-1.61875	10.2374	-1.61797	10.0165	5.18202	4.32404	0.116604	-1.96221	-4.79615	1.40375	2.00451	1.40375	0.0600731	0.0996163	0.470489	0.271416
-1.65498	9.85078	5.09502	4.36443	0.196814	-1.59702	9.96554	-1.71539	9.77637	5.18405	4.32987	0.10984	-1.93498	-4.80939	1.40375	0.285521	0.285521	0.0600745	0.0995221	0.46966	0.270838
-1.74196	9.62267	5.08718	4.37208	0.194611	-1.73381	9.71347	-1.81147	9.53564	5.18596	4.33536	0.10306	-1.90924	-4.82172	0.41552	0.285521	0.41552	0.0601178	0.0994723	0.468862	0.270267
-1.84082	9.37807	5.09991	4.38213	0.201982	-2.27191	9.37316	-1.90631	9.29431	5.18775	4.34052	0.0962627	-1.88502	-4.83316	0.41552	2.92248	2.92248	0.0601416	0.0994109	0.46811	0.269694
-1.91626	9.09529	5.12783	4.40027	0.210141	-1.93833	8.77028	-1.99998	9.05243	5.18942	4.34533	0.0894504	-1.86233	-4.84374	5.30808	2.92248	5.30808	0.0602605	0.0992401	0.467495	0.269135
-2.00782	8.86654	5.11736	4.39812	0.189785	-1.96565	9.13274	-2.09256	8.81003	5.19097	4.3498	0.0826241	-1.8412	-4.85347	5.30808	1.34696	1.34696	0.0603841	0.0990991	0.466815	0.26857
-2.10485	8.61597	5.12865	4.40101	0.182124	-2.1768	8.5411	-2.18412	8.56717	5.19241	4.35393	0.0757847	-1.82164	-4.86238	0.564081	1.34696	0.564081	0.0604754	0.0989419	0.466118	0.268011
-2.22226	8.37035	5.14222	4.39423	0.163721	-2.65862	8.19477	-2.27474	8.32388	5.19372	4.35772	0.0689333	-1.80365	-4.87047	0.564081	3.55439	3.55439	0.0604443	0.0987811	0.465317	0.267453
-2.28348	8.1273	5.13554	4.4094	0.171653	-2.21875	8.15339	-2.3645	8.0802	5.19491	4.36117	0.062071	-1.78726	-4.87778	0.270154	3.55439	0.270154	0.0605441	0.0986226	0.464641	0.266902
-2.35918	7.90395	5.11801	4.41283	0.163248	-2.273	8.52315	-2.45348	7.83617	5.19597	4.36427	0.0551989	-1.77248	-4.8843	0.270154	4.84975	4.84975	0.0607222	0.098515	0.463986	0.266351
-2.46835	7.65623	5.13119	4.40775	0.148237	-2.59674	7.60288	-2.54177	7.59184	5.19691	4.36703	0.0483182	-1.75931	-4.89006	1.06455	4.84975	1.06455	0.0607799	0.0983989	0.463245	0.265802
-2.62676	7.42665	5.13847	4.36928	0.0817216	-3.08256	7.38874	-2.62944	7.34723	5.19773	4.36945	0.0414297	-1.74777	-4.89507	1.06455	6.29548	6.29548	0.0606555	0.0983286	0.462297	0.265281
-2.72857	7.17273	5.15234	4.36862	0.076239	-2.79865	7.064	-2.71658	7.10238	5.19842	4.37152	0.0345348	-1.73786	-4.89933	0.851298	6.29548	0.851298	0.0605364	0.0982306	0.461352	0.264757
-2.79683	6.93379	5.14637	4.38378	0.0952305	-2.79412	7.20818	-2.80326	6.85734	5.19899	4.37325	0.0276344	-1.72958	-4.90286	0.851298	1.2426	1.2426	0.0604146	0.0981518	0.460435	0.264227
-2.85591	6.7081	5.12565	4.39523	0.10265	-2.74651	6.86867	-2.88957	6.61214	5.19943	4.37463	0.0207296	-1.72295	-4.90566	1.9188	1.2426	1.9188	0.0603302	0.098143	0.45957	0.263701
-2.9354	6.47445	5.11258	4.38725	0.072416	-2.57673	6.36755	-2.97559	6.36681	5.19975	4.37567	0.0138215	-1.71797	-4.90774	1.9188	4.31728	4.31728	0.0602625	0.0981832	0.458674	0.263199
-2.99481	6.23008	5.10708	4.39927	0.0814814	-2.90217	6.22989	-3.0614	6.12139	5.19994	4.37636	0.00691132	-1.71464	-4.90911	0.471122	4.31728	0.471122	0.0602892	0.0982276	0.45784	0.26269
-3.10714	5.98886	5.11747	4.39137	0.0699753	-3.50172	6.10796	-3.14709	5.87592	5.2	4.3767	-1.76894e-16	-1.71297	-4.90976	0.471122	3.17876	3.17876	0.0602216	0.0982908	0.456965	0.262186
-3.18216	5.72154	5.13408	4.39969	0.0750466	-3.1778	5.53101	-3.23274	5.63043	5.19994	4.3767	-0.00691132	-1.71295	-4.9097	1.82308	3.17876	1.82308	0.0601862	0.0982632	0.456132	0.261667
-3.29093	5.47671	5.14007	4.38113	0.0355523	-3.19736	5.19093	-3.31843	5.38496	5.19975	4.37636	-0.0138215	-1.71458	-4.90893	1.82308	2.50273	2.50273	0.0600916	0.0982382	0.455234	0.261165
-3.38172	5.22006	5.15288	4.38179	0.0343577	-3.43031	5.10507	-3.40424	5.13955	5.19943	4.37567	-0.0207296	-1.71787	-4.90745	0.778803	2.50273	0.778803	0.0599895	0.0981745	0.454342	0.260657
-3.45254	4.97254	5.15293	4.39247	0.0494454	-3.4281	4.94644	-3.49026	4.89422	5.19899	4.37463	-0.0276344	-1.72281	-4.90525	0.778803	0.180579	0.180579	0.0599181	0.0981042	0.453493	0.260145
-3.55568	4.70736	5.17624	4.38942	0.0437974	-3.69435	4.52196	-3.57657	4.64902	5.19842	4.37325	-0.0345348	-1.72939	-4.90233	2.69094	0.180579	2.69094	0.0598148	0.0979798	0.452635	0.259635
-3.66426	4.45891	5.18426	4.37062	0.0047602	-3.50501	4.17643	-3.66325	4.40398	5.19773	4.37152	-0.0414297	-1.73763	-4.89868	2.69094	2.63792	2.63792	0.0596979	0.0978484	0.45175	0.259129
-3.78642	4.20052	5.20747	4.36041	-0.00571419	-4.00238	4.04684	-3.75039	4.15913	5.19691	4.36945	-0.0483182	-1.74749	-4.8943	3.55961	2.63792	3.55961	0.059624	0.097692	0.45088	0.258624
-3.87281	3.95752	5.20654	4.36675	0.00939791	-4.06447	4.10977	-3.83806	3.91452	5.19597	4.36703	-0.0551989	-1.75899	-4.88918	3.55961	0.963138	0.963138	0.0595476	0.0975392	0.450006	0.258123
-3.95003	3.7154	5.2006	4.37048	0.0125394	-3.88053	3.75177	-3.92635	3.67019	5.19491	4.36427	-0.062071	-1.77212	-4.8833	0.311431	0.963138	0.311431	0.0594508	0.0973913	0.44914	0.257627
-4.0606	3.49755	5.18625	4.3505	-0.0229316	-4.23729	3.88878	-4.01533	3.42616	5.19372	4.36117	-0.0689333	-1.78686	-4.87666	0.311431	3.7915	3.7915	0.0594027	0.0973046	0.448285	0.257136
-4.15142	3.25111	5.18907	4.35023	-0.0219543	-4.15119	3.21968	-4.10509	3.18248	5.19241	4.35772	-0.0757847	-1.8032	-4.86925	0.049646	3.7915	0.049646	0.0593581	0.0972109	0.447431	0.256645
-4.26565	3.00303	5.20066	4.33482	-0.0481635	-4.27467	2.88187	-4.19571	2.93919	5.19097	4.35393	-0.0826241	-1.82113	-4.86104	0.049646	1.12934	1.12934	0.0594021	0.0971053	0.446616	0.25616
-4.35067	2.73631	5.21657	4.33938	-0.0404971	-4.32451	2.55034	-4.28727	2.69633	5.18942	4.3498	-0.0894504	-1.84065	-4.85202	1.78899	1.12934	1.78899	0.0594178	0.0969519	0.445782	0.255673
-4.44027	2.48616	5.22056	4.34221	-0.0322777	-4.38481	2.39989	-4.37985	2.45393	5.18775	4.34533	-0.0962627	-1.86173	-4.84218	1.78899	0.246555	0.246555	0.0594216	0.0967884	0.44494	0.255193
-4.54059	2.22823	5.23456	4.3411	-0.0310122	-4.61223	2.09192	-4.47352	2.21205	5.18596	4.34052	-0.10306	-1.88436	-4.83149	1.16177	0.246555	1.16177	0.0594523	0.0966107	0.4441	0.254727
-4.65357	1.99292	5.2343	4.3164	-0.0800654	-4.29257	1.92854	-4.56836	1.97072	5.18405	4.33536	-0.10984	-1.90853	-4.81994	1.16177	4.08243	4.08243	0.05957	0.0964386	0.443316	0.254248
-4.76284	1.73106	5.2541	4.31344	-0.0777596	-4.86829	1.53442	-4.66444	1.72998	5.18202	4.32987	-0.116604	-1.93422	-4.80751	2.43088	4.08243	2.43088	0.0597625	0.0962578	0.442534	0.25378
-4.88705	1.48679	5.26495	4.29428	-0.107198	-4.98165	1.43611	-4.76186	1.48989	5.17988	4.32404	-0.123349	-1.9614	-4.79417	2.43088	1.14335	1.14335	0.0601391	0.0960782	0.441839	0.253308
-4.95086	1.2388	5.25475	4.30283	-0.0937273	-4.66779	1.28643	-4.86066	1.25049	5.17763	4.31787	-0.130074	-1.99007	-4.7799	4.19482	1.14335	4.19482	0.0602786	0.0959021	0.441061	0.252849
-5.05194	1.00884	5.24417	4.29939	-0.0900396	-4.98594	1.10894	-4.96095	1.01182	5.17526	4.31137	-0.136779	-2.02019	-4.76468	4.19482	0.643003	0.643003	0.0604212	0.0957246	0.440273	0.252391
-5.11718	0.763302	5.23348	4.3075	-0.0776893	-4.85498	0.825661	-5.06277	0.77393	5.17278	4.30453	-0.143463	-2.05174	-4.74848	3.68404	0.643003	3.68404	0.0604001	0.09555	0.439461	0.251953
-5.20607	0.486737	5.25905	4.30966	-0.0775225	-4.84736	0.18101	-5.16621	0.536876	5.1702	4.29736	-0.150124	-2.08471	-4.73127	3.68404	5.83018	5.83018	0.0603374	0.0954226	0.438654	0.251573
-5.28298	0.238712	5.25437	4.31468	-0.0683592	-5.1231	0.257311	-5.27133	0.300706	5.16751	4.28985	-0.156761	-2.11906	-4.71303	1.33482	5.83018	1.33482	0.0602309	0.0953215	0.43788	0.251238
-5.39426	0.00126641	5.25236	4.31605	-0.0504376	-5.99809	-0.290765	-5.3782	0.0654719	5.16471	4.28201	-0.163373	-2.15477	-4.69374	1.33482	6.01979	6.01979	0.0601287	0.0952265	0.437147	0.250946
-5.46754	-0.246534	5.24668	4.32296	-0.0405249	-5.29972	-0.212982	-5.4869	-0.168772	5.1618	4.27385	-0.169959	-2.1918	-4.67335	1.50439	6.01979	1.50439	0.0600307	0.0951688	0.436518	0.250725
-5.59142	-0.45187	5.22494	4.30402	-0.0636348	-5.64447	-0.144522	-5.59748	-0.401971	5.1588	4.26535	-0.176519	-2.23014	-4.65185	1.50439	3.87137	3.87137	0.0599229	0.0950437	0.435827	0.25042
-5.73151	-0.653934	5.20677	4.28235	-0.0850859	-5.85359	-0.445801	-5.71001	-0.634069	5.15569	4.25652	-0.183051	-2.26974	-4.62919	3.1292	3.87137	3.1292	0.0598286	0.0948795	0.43508	0.250044
-5.84564	-0.88202	5.20547	4.26322	-0.119191	-5.30947	-0.724468	-5.82456	-0.865006	5.15249	4.24737	-0.189554	-2.31058	-4.60536	3.1292	5.39049	5.39049	0.0597343	0.0947142	0.434308	0.249645
-5.93912	-1.13865	5.217	4.26826	-0.106198	-5.87835	-1.26863	-5.94118	-1.09472	5.14919	4.23789	-0.196027	-2.35262	-4.58032	1.10024	5.39049	1.10024	0.0596273	0.0945808	0.433579	0.24932
-6.02601	-1.39712	5.22729	4.27544	-0.0922893	-5.68069	-1.52871	-6.05993	-1.32316	5.14579	4.22809	-0.202468	-2.39581	-4.55404	1.10024	2.6336	2.6336	0.0595552	0.0945152	0.432944	0.249112
-6.16529	-1.61133	5.21909	4.25716	-0.108329	-6.27263	-1.50938	-6.18087	-1.55025	5.14231	4.21797	-0.208879	-2.44014	-4.52648	1.20929	2.6336	1.20929	0.0594564	0.0944172	0.43226	0.248854
-6.307	-1.83742	5.22917	4.2259	-0.160796	-6.11355	-1.75966	-6.30406	-1.77593	5.13873	4.20752	-0.215255	-2.48555	-4.49762	1.20929	4.37397	4.37397	0.0593511	0.0943207	0.4315	0.248524
-6.41147	-2.08141	5.2335	4.22682	-0.15021	-6.34007	-2.13685	-6.42954	-2.00014	5.13507	4.19676	-0.221599	-2.532	-4.46742	0.455446	4.37397	0.455446	0.0592559	0.0942778	0.430769	0.248269
-6.56382	-2.29094	5.22649	4.20568	-0.165395	-6.99344	-2.17445	-6.55738	-2.22281	5.13132	4.18568	-0.227907	-2.57946	-4.43585	0.455446	3.10185	3.10185	0.0591527	0.0941985	0.430018	0.247959
-6.71284	-2.50346	5.22198	4.18695	-0.177869	-6.79288	-2.4458	-6.68761	-2.44386	5.12748	4.17429	-0.234179	-2.62788	-4.40288	0.547683	3.10185	0.547683	0.0590678	0.0940993	0.429263	0.247616
-6.86845	-2.71619	5.22233	4.1651	-0.196418	-7.14408	-2.67584	-6.82029	-2.66323	5.12357	4.16258	-0.240414	-2.6772	-4.36847	0.547683	1.23279	1.23279	0.0590332	0.0939869	0.428519	0.247242
-6.9598	-2.97315	5.23275	4.17858	-0.168379	-6.8003	-3.10086	-6.95546	-2.88084	5.11958	4.15056	-0.246611	-2.7274	-4.3326	2.37575	1.23279	2.37575	0.0589308	0.0939811	0.427789	0.24702
-7.08955	-3.199	5.2303	4.17453	-0.159511	-7.13937	-3.22028	-7.09316	-3.09663	5.11551	4.13823	-0.252769	-2.7784	-4.29523	2.37575	0.191747	0.191747	0.0588288	0.0940115	0.427085	0.246863
-7.21571	-3.40619	5.2142	4.16502	-0.16201	-7.12118	-3.26434	-7.23344	-3.3105	5.11137	4.12559	-0.258887	-2.83017	-4.25632	1.43275	0.191747	1.43275	0.0587362	0.0940173	0.4264	0.246705
-7.36056	-3.64276	5.22842	4.15825	-0.159525	-7.77186	-4.08999	-7.37632	-3.5224	5.10717	4.11264	-0.264964	-2.88265	-4.21586	1.43275	4.40965	4.40965	0.0586421	0.0941209	0.425735	0.24665
-7.52231	-3.80802	5.19497	4.12793	-0.187376	-7.49009	-3.49081	-7.52184	-3.73223	5.10289	4.09939	-0.271	-2.93579	-4.1738	5.27846	4.40965	5.27846	0.0585413	0.094064	0.425022	0.246402
-7.66633	-4.019	5.1926	4.11595	-0.192526	-7.52393	-3.88213	-7.67004	-3.93992	5.09855	4.08584	-0.276993	-2.98953	-4.13012	5.27846	0.514439	0.514439	0.0584413	0.0940168	0.424315	0.246171
-7.82106	-4.23842	5.19984	4.10516	-0.19366	-7.88049	-4.29783	-7.82094	-4.14538	5.09414	4.07199	-0.282942	-3.04381	-4.08479	0.349532	0.514439	0.349532	0.0583415	0.0940134	0.423614	0.245989
-7.97141	-4.45501	5.20249	4.09686	-0.190987	-8.08524	-4.57834	-7.97457	-4.34854	5.08968	4.05785	-0.288846	-3.09857	-4.03778	0.349532	0.339525	0.339525	0.0582425	0.0940586	0.422929	0.245875
-8.13202	-4.68056	5.2165	4.08799	-0.189719	-8.22492	-4.79812	-8.13095	-4.5493	5.08516	4.04341	-0.294705	-3.15376	-3.98906	1.11101	0.339525	1.11101	0.0581438	0.0942095	0.422255	0.245866
-8.27275	-4.89447	5.20494	4.09129	-0.164229	-8.453	-4.95621	-8.2901	-4.74759	5.08058	4.02867	-0.300517	-3.2093	-3.93862	1.11101	2.66763	2.66763	0.0580542	0.0944369	0.421672	0.246046
-8.40741	-5.11261	5.20276	4.09087	-0.154967	-8.33552	-5.1059	-8.45204	-4.94331	5.07596	4.01365	-0.306282	-3.26514	-3.88641	0.285337	2.66763	0.285337	0.0580142	0.0947882	0.421183	0.246438
-8.55488	-5.30161	5.17808	4.08532	-0.144131	-8.55062	-4.79248	-8.61678	-5.13637	5.07128	3.99833	-0.311998	-3.32121	-3.83242	0.285337	4.78932	4.78932	0.0580277	0.095112	0.420795	0.246909
-8.74793	-5.49421	5.18419	4.06014	-0.165452	-8.91477	-5.51752	-8.78433	-5.32669	5.06656	3.98273	-0.317665	-3.37745	-3.77663	1.54521	4.78932	1.54521	0.0579688	0.0954458	0.420303	0.247295
-8.90552	-5.69756	5.17925	4.05425	-0.159091	-9.04115	-5.69364	-8.95469	-5.51417	5.0618	3.96685	-0.323282	-3.43377	-3.71901	1.54521	0.557957	0.557957	0.0579417	0.095873	0.419883	0.247847
-9.06712	-5.88612	5.16999	4.04114	-0.16545	-9.03391	-5.80267	-9.12788	-5.69872	5.057	3.95068	-0.328848	-3.49012	-3.65955	0.412126	0.557957	0.412126	0.0579513	0.0963212	0.419483	0.248448
-9.20671	-6.0686	5.13914	4.04081	-0.148769	-8.86897	-5.41973	-9.30388	-5.88026	5.05217	3.93424	-0.334362	-3.54643	-3.59823	0.412126	7.99127	7.99127	0.0581249	0.0967704	0.419269	0.249238
-9.39604	-6.19026	5.1003	4.00161	-0.187412	-9.30811	-5.82368	-9.4827	-6.05868	5.0473	3.91752	-0.339823	-3.60261	-3.53503	7.48504	7.99127	7.48504	0.058242	0.0969058	0.418874	0.249549
-9.56756	-6.37982	5.09665	3.99235	-0.184291	-9.80646	-6.41174	-9.66432	-6.23389	5.0424	3.90053	-0.34523	-3.6586	-3.46994	7.48504	1.0314	1.0314	0.0584104	0.0971077	0.418533	0.25
-9.71473	-6.57882	5.0921	3.99269	-0.173043	-9.62547	-6.55958	-9.84874	-6.4058	5.03748	3.88327	-0.350583	-3.71431	-3.40295	0.448741	1.0314	0.448741	0.0588173	0.0974532	0.418349	0.250781
-9.93153	-6.73881	5.09811	3.95747	-0.206588	-10.6688	-6.35543	-10.0359	-6.57431	5.03253	3.86574	-0.355881	-3.76969	-3.33404	0.448741	6.36645	6.36645	0.0590237	0.0977472	0.417963	0.251306
-10.1396	-6.89385	5.09526	3.92765	-0.229785	-10.2246	-6.83402	-10.2259	-6.73933	5.02756	3.84795	-0.361122	-3.82463	-3.26321	0.681637	6.36645	0.681637	0.0591327	0.0979856	0.417478	0.251655
-10.3223	-7.06038	5.08937	3.91137	-0.236191	-10.2205	-6.71044	-10.4186	-6.90075	5.02257	3.82989	-0.366307	-3.87907	-3.19046	0.681637	1.32428	1.32428	0.059291	0.0982483	0.416996	0.252044
-10.5521	-7.22183	5.10362	3.88026	-0.258548	-10.7616	-7.29159	-10.614	-7.05849	5.01757	3.81158	-0.371433	-3.93293	-3.11577	2.5541	1.32428	2.5541	0.0592997	0.0985283	0.41642	0.252296
-10.7562	-7.36854	5.09758	3.85496	-0.273775	-10.8944	-6.83335	-10.8121	-7.21245	5.01256	3.793	-0.376501	-3.98613	-3.03916	2.5541	2.27481	2.27481	0.0592889	0.098768	0.415815	0.252451
-11.0006	-7.51321	5.11199	3.81877	-0.299758	-11.2219	-7.56979	-11.0128	-7.36252	5.00754	3.77418	-0.381509	-4.03859	-2.96062	2.76735	2.27481	2.76735	0.0591976	0.0989786	0.415157	0.25242
-11.1917	-7.66151	5.09749	3.80396	-0.299183	-10.986	-7.3707	-11.2161	-7.50862	5.00251	3.7551	-0.386458	-4.09021	-2.88015	2.76735	1.76627	1.76627	0.0591189	0.0991982	0.41451	0.252427
-11.3493	-7.81694	5.07367	3.80241	-0.28468	-11.0934	-7.6776	-11.422	-7.65064	4.99749	3.73578	-0.391345	-4.14093	-2.79777	4.27339	1.76627	4.27339	0.0591671	0.0994847	0.413918	0.252657
-11.5479	-7.95154	5.05827	3.78279	-0.291129	-11.4213	-7.46085	-11.6304	-7.78849	4.99246	3.71621	-0.39617	-4.19066	-2.71349	4.27339	2.63345	2.63345	0.0592561	0.0997514	0.413331	0.252868
-11.7383	-8.05936	5.02899	3.7574	-0.305683	-11.5269	-7.8215	-11.8413	-7.92208	4.98744	3.6964	-0.400933	-4.23932	-2.6273	5.06545	2.63345	5.06545	0.0594457	0.0998928	0.412744	0.252951
-11.9402	-8.18267	5.00526	3.73692	-0.3119	-11.9422	-7.88317	-12.0546	-8.05131	4.98243	3.67636	-0.405632	-4.28682	-2.53924	5.06545	3.62624	3.62624	0.0596995	0.100008	0.412168	0.252998
-12.1625	-8.27058	4.9886	3.699	-0.339243	-12.09	-8.08828	-12.2702	-8.17609	4.97743	3.65608	-0.410268	-4.33309	-2.44932	2.07418	3.62624	2.07418	0.0599112	0.0999911	0.411556	0.252823
-12.3832	-8.39282	4.99611	3.67724	-0.344293	-12.4462	-8.02117	-12.4881	-8.29633	4.97244	3.63556	-0.414838	-4.37802	-2.35756	2.07418	1.8609	1.8609	0.0601051	0.0999803	0.410934	0.252656
-12.5946	-8.47195	4.97205	3.64373	-0.365124	-12.4231	-8.2599	-12.7082	-8.41193	4.96747	3.61482	-0.419343	-4.42156	-2.26399	3.77418	1.8609	3.77418	0.0603468	0.09988	0.410304	0.252363
-12.8118	-8.56207	4.9496	3.61378	-0.382011	-12.7461	-8.19449	-12.9304	-8.5228	4.96252	3.59385	-0.423782	-4.4636	-2.16863	3.77418	3.44911	3.44911	0.0606164	0.099748	0.409675	0.252011
-13.0809	-8.63823	4.96554	3.56965	-0.409964	-13.2911	-8.64594	-13.1547	-8.62886	4.9576	3.57266	-0.428154	-4.50407	-2.07151	2.403	3.44911	2.403	0.0606619	0.0995938	0.409037	0.251619
-13.3237	-8.73217	4.97589	3.54357	-0.414696	-13.7929	-8.47158	-13.381	-8.73002	4.9527	3.55126	-0.432459	-4.54289	-1.97267	2.403	1.93396	1.93396	0.0606517	0.0994391	0.408406	0.251232
-13.5506	-8.77668	4.9547	3.50315	-0.439506	-13.384	-8.57583	-13.6092	-8.82619	4.94783	3.52963	-0.436695	-4.57997	-1.87214	3.49536	1.93396	3.49536	0.0606456	0.0993233	0.407784	0.250931
-13.7834	-8.81661	4.92947	3.4578	-0.474261	-13.6376	-8.26344	-13.8392	-8.91729	4.943	3.5078	-0.440862	-4.61524	-1.76997	3.49536	5.57351	5.57351	0.0606312	0.0993275	0.407173	0.250889
-14.005	-8.92066	4.93064	3.44931	-0.456548	-13.9959	-8.99264	-14.0709	-9.00324	4.9382	3.48576	-0.444959	-4.64861	-1.6662	0.33622	5.57351	0.33622	0.0606484	0.0992803	0.406556	0.250686
-14.2457	-9.0058	4.94513	3.43549	-0.439774	-14.4737	-8.79552	-14.3043	-9.08395	4.93344	3.46351	-0.448987	-4.68001	-1.56086	0.33622	2.03824	2.03824	0.0606421	0.0992224	0.405943	0.250402
-14.4644	-9.11133	4.94295	3.43221	-0.418501	-14.4273	-9.1875	-14.5391	-9.15936	4.92872	3.44106	-0.452943	-4.70936	-1.45402	0.473647	2.03824	0.473647	0.06069	0.0991061	0.405324	0.250028
-14.6984	-9.17692	4.93754	3.409	-0.423587	-14.5757	-9.32634	-14.7754	-9.22939	4.92404	3.41841	-0.456828	-4.73658	-1.34573	0.473647	0.365868	0.365868	0.0607462	0.0989973	0.404708	0.249656
-14.9713	-9.17318	4.94543	3.35406	-0.461429	-15.062	-9.04396	-15.013	-9.29397	4.91942	3.39557	-0.46064	-4.76161	-1.23603	1.6278	0.365868	1.6278	0.0606974	0.0990708	0.404112	0.249504
-15.2223	-9.24329	4.95751	3.33944	-0.449707	-15.6189	-9.69365	-15.2517	-9.35302	4.91484	3.37254	-0.46438	-4.78436	-1.125	1.6278	3.90242	3.90242	0.0606269	0.0991049	0.403522	0.249264
-15.4719	-9.35378	4.97578	3.34425	-0.416617	-15.6682	-9.56749	-15.4916	-9.40649	4.91032	3.34932	-0.468047	-4.80476	-1.01269	4.41138	3.90242	4.41138	0.0605449	0.0989975	0.402929	0.248888
-15.721	-9.37982	4.97006	3.30814	-0.440942	-15.9382	-9.35751	-15.7324	-9.45431	4.90586	3.32592	-0.47164	-4.82275	-0.899159	4.41138	1.78441	1.78441	0.0604569	0.0989328	0.402345	0.248547
-15.9693	-9.46207	4.97995	3.30493	-0.418484	-16.0862	-9.59819	-15.9741	-9.49642	4.90145	3.30234	-0.475158	-4.83827	-0.784484	1.71266	1.78441	1.71266	0.0603666	0.098802	0.401762	0.248177
-16.2232	-9.46883	4.97814	3.26614	-0.443137	-16.6033	-8.85459	-16.2164	-9.53277	4.89711	3.27858	-0.478601	-4.85124	-0.668734	1.71266	2.20304	2.20304	0.0602773	0.098716	0.401189	0.247821
-16.4723	-9.46293	4.97512	3.22891	-0.460517	-16.4229	-9.37029	-16.4594	-9.5633	4.89283	3.25465	-0.481969	-4.8616	-0.55198	0.625378	2.20304	0.625378	0.0601915	0.098721	0.400623	0.247535
-16.704	-9.45528	4.95733	3.19174	-0.483045	-16.011	-9.33486	-16.7027	-9.58797	4.88862	3.23055	-0.48526	-4.8693	-0.434301	0.625378	5.64744	5.64744	0.0601019	0.0988394	0.400052	0.247374
-16.9733	-9.44547	4.97216	3.15784	-0.492318	-17.1132	-9.43043	-16.9464	-9.60673	4.88449	3.20629	-0.488475	-4.87427	-0.315773	1.0289	5.64744	1.0289	0.0600304	0.0990828	0.399493	0.247338
-17.2211	-9.50379	4.9784	3.16282	-0.452847	-16.9255	-10.8571	-17.1903	-9.61954	4.88042	3.18186	-0.491613	-4.87646	-0.196479	1.0289	7.78658	7.78658	0.059965	0.0991362	0.398939	0.247021
-17.4753	-9.52237	4.98359	3.14696	-0.444691	-17.5448	-9.57485	-17.4342	-9.62636	4.87643	3.15728	-0.494673	-4.87583	-0.0765024	0.391807	7.78658	0.391807	0.0599181	0.0991509	0.398393	0.246672
-17.7316	-9.51139	4.98708	3.11697	-0.457227	-18.1371	-9.39146	-17.6781	-9.62717	4.87252	3.13255	-0.497655	-4.87232	0.0440703	0.391807	1.55318	1.55318	0.0599003	0.0992039	0.397854	0.246346
-17.9829	-9.47989	4.98852	3.08439	-0.467854	-17.9724	-9.42299	-17.9216	-9.62194	4.86868	3.10767	-0.500558	-4.86588	0.165151	0.204526	1.55318	0.204526	0.0599044	0.0993566	0.397319	0.24607
-18.23	-9.43984	4.98535	3.04634	-0.490617	-18.3083	-9.18778	-18.1648	-9.61064	4.86493	3.08264	-0.503383	-4.85648	0.286648	0.204526	0.698474	0.698474	0.0599207	0.0996402	0.396779	0.245919
-18.4478	-9.47596	4.96107	3.04846	-0.464073	-18.2763	-9.60997	-18.4074	-9.59325	4.86127	3.05747	-0.506127	-4.84408	0.40847	2.70787	0.698474	2.70787	0.0598731	0.0996961	0.396234	0.245577
-18.687	-9.45863	4.95673	3.03268	-0.451404	-18.2443	-9.58547	-18.6493	-9.56977	4.85769	3.03216	-0.508793	-4.82864	0.530522	2.70787	1.81741	1.81741	0.0598206	0.0997313	0.395693	0.24522
-18.9328	-9.45258	4.95539	3.02009	-0.440595	-18.9545	-9.51544	-18.8904	-9.54017	4.85421	3.00672	-0.511377	-4.81012	0.652707	0.262702	1.81741	0.262702	0.0597774	0.0996982	0.395163	0.24488
-19.1668	-9.40979	4.94867	2.9966	-0.438911	-18.6983	-9.02886	-19.1305	-9.50447	4.85081	2.98115	-0.513881	-4.78851	0.774927	0.262702	4.16869	4.16869	0.059723	0.0996841	0.394634	0.244548
-19.4046	-9.29823	4.95023	2.94391	-0.472433	-19.2983	-9.09865	-19.3694	-9.46265	4.84751	2.95546	-0.516304	-4.76378	0.897083	2.95136	4.16869	2.95136	0.0596669	0.0999309	0.394095	0.244228
-19.6409	-9.21827	4.94729	2.90216	-0.500459	-19.7037	-8.79906	-19.6069	-9.41472	4.84431	2.92964	-0.518645	-4.73591	1.01907	2.95136	1.16326	1.16326	0.0596089	0.100341	0.393546	0.244017
-19.8824	-9.10439	4.95563	2.85587	-0.522636	-19.8731	-8.96417	-19.8431	-9.36071	4.8412	2.90371	-0.520904	-4.70487	1.1408	1.20233	1.16326	1.20233	0.0595607	0.101133	0.392991	0.244052
-20.1169	-9.00521	4.95812	2.81952	-0.532612	-20.3815	-7.6755	-20.0775	-9.30061	4.8382	2.87767	-0.523081	-4.67066	1.26215	1.20233	4.96852	4.96852	0.0595128	0.102215	0.392433	0.244256
-20.3244	-9.10296	4.90764	2.86201	-0.464605	-20.1607	-9.59663	-20.3102	-9.23446	4.83529	2.85151	-0.525176	-4.63328	1.38303	16.1477	4.96852	16.1477	0.0594328	0.10231	0.391899	0.243913
-20.5647	-9.05387	4.90825	2.84997	-0.449541	-20.4587	-9.7448	-20.5409	-9.16227	4.83249	2.82525	-0.527187	-4.59271	1.50334	16.1477	1.51833	1.51833	0.0593618	0.102328	0.391385	0.243615
-20.7835	-8.96418	4.90025	2.81945	-0.459139	-20.6596	-8.91527	-20.7696	-9.08409	4.8298	2.79889	-0.529115	-4.54895	1.62296	0.90869	1.51833	0.90869	0.0592823	0.102382	0.390866	0.2433
-21.023	-8.8802	4.9067	2.79339	-0.465108	-21.5568	-8.5005	-20.9959	-8.99994	4.82722	2.77244	-0.53096	-4.50202	1.74179	0.90869	2.12887	2.12887	0.0592161	0.102435	0.390357	0.242983
-21.2266	-8.80814	4.88424	2.77258	-0.46507	-21.0195	-8.85081	-21.2198	-8.90987	4.82474	2.74589	-0.532721	-4.45191	1.85972	2.25096	2.12887	2.25096	0.0591338	0.102433	0.389846	0.242696
-21.459	-8.71465	4.8886	2.74505	-0.474483	-21.8628	-8.64129	-21.4412	-8.81393	4.82237	2.71925	-0.534397	-4.39865	1.97666	2.25096	1.66301	1.66301	0.0590582	0.102425	0.389342	0.2424
-21.6643	-8.68024	4.85822	2.74243	-0.455379	-21.5029	-8.87191	-21.6597	-8.71217	4.82012	2.69253	-0.53599	-4.34224	2.0925	3.4595	1.66301	3.4595	0.058976	0.102295	0.388861	0.242302
-21.8612	-8.52224	4.85398	2.6772	-0.522762	-21.9514	-7.41274	-21.8754	-8.60465	4.81798	2.66574	-0.537498	-4.2827	2.20712	3.4595	6.87404	6.87404	0.0588983	0.102245	0.388329	0.24197
-22.067	-8.44908	4.83579	2.66379	-0.511242	-21.9793	-8.57089	-22.0881	-8.49143	4.81595	2.63886	-0.53892	-4.22007	2.32043	1.24555	6.87404	1.24555	0.0588267	0.102127	0.387808	0.241686
-22.2776	-8.33172	4.83567	2.64126	-0.501634	-22.1914	-7.70392	-22.2975	-8.37258	4.81404	2.61191	-0.540258	-4.15437	2.43232	1.24555	1.86042	1.86042	0.0587542	0.102008	0.387297	0.241423
-22.501	-8.24774	4.83332	2.6307	-0.486559	-22.5838	-8.35296	-22.5035	-8.24817	4.81225	2.5849	-0.54151	-4.08564	2.5427	1.00599	1.86042	1.00599	0.0586729	0.101866	0.386821	0.241274
-22.6973	-8.11695	4.82736	2.5958	-0.504878	-22.3177	-8.57758	-22.7061	-8.11829	4.81058	2.55783	-0.542677	-4.01391	2.65145	1.00599	1.3273	1.3273	0.0585937	0.101725	0.386331	0.241062
-22.9064	-7.91689	4.85653	2.54624	-0.527146	-22.9861	-7.6724	-22.9049	-7.98301	4.80903	2.53069	-0.543759	-3.93923	2.75848	3.74063	1.3273	3.74063	0.058513	0.101644	0.385823	0.240736
-23.0977	-7.76234	4.85673	2.49937	-0.567454	-23.2693	-8.32031	-23.1	-7.84243	4.80759	2.5035	-0.544754	-3.86163	2.8637	3.74063	3.62808	3.62808	0.0584326	0.101592	0.385295	0.240417
-23.3113	-7.60711	4.87382	2.47289	-0.563439	-23.4777	-7.56583	-23.2911	-7.69663	4.80628	2.47627	-0.545663	-3.78118	2.967	1.47817	3.62808	1.47817	0.0583621	0.10156	0.384773	0.240105
-23.5096	-7.46644	4.87455	2.46117	-0.531915	-23.473	-7.02103	-23.4781	-7.54572	4.80509	2.44898	-0.546486	-3.69792	3.06828	1.47817	1.64732	1.64732	0.0583056	0.101506	0.384277	0.239776
-23.679	-7.31801	4.85989	2.43303	-0.535316	-23.5408	-7.36069	-23.6609	-7.3898	4.80403	2.42166	-0.547223	-3.61191	3.16746	1.05343	1.64732	1.05343	0.0582338	0.101437	0.383775	0.23945
-23.8675	-7.15938	4.86298	2.41188	-0.523971	-24.0505	-6.56968	-23.8393	-7.22897	4.80309	2.3943	-0.547873	-3.52321	3.26445	1.05343	0.819955	0.819955	0.0581731	0.101364	0.383289	0.239127
-24.0396	-7.04834	4.83419	2.4001	-0.512776	-23.9384	-7.26171	-24.0132	-7.06336	4.80227	2.3669	-0.548437	-3.43189	3.35916	3.01485	0.819955	3.01485	0.0581105	0.10123	0.382832	0.238853
-24.2057	-6.86485	4.83682	2.36243	-0.531034	-24.3577	-5.94086	-24.1825	-6.89307	4.80158	2.33948	-0.548915	-3.33801	3.45149	3.01485	1.85127	1.85127	0.0580444	0.101103	0.382353	0.238546
-24.3536	-6.63714	4.851	2.31468	-0.550985	-24.2574	-6.4352	-24.347	-6.71823	4.80101	2.31204	-0.549305	-3.24166	3.54138	2.81599	1.85127	2.81599	0.0579672	0.101055	0.381843	0.238229
-24.5201	-6.46003	4.85266	2.28246	-0.565554	-24.788	-7.18367	-24.5066	-6.53896	4.80057	2.28457	-0.549609	-3.14289	3.62873	2.81599	3.41454	3.41454	0.0578935	0.101002	0.381332	0.23792
-24.6318	-6.2961	4.81592	2.24874	-0.575653	-24.3008	-6.43799	-24.6612	-6.35538	4.80025	2.25709	-0.549826	-3.0418	3.71347	6.55115	3.41454	6.55115	0.0578359	0.100913	0.380822	0.237609
-24.7727	-6.10175	4.81449	2.21649	-0.579799	-24.6108	-6.00878	-24.8107	-6.16764	4.80006	2.2296	-0.549957	-2.93846	3.79553	6.55115	0.379674	0.379674	0.057792	0.100836	0.380319	0.237305
-24.9456	-5.91617	4.82659	2.19806	-0.567592	-25.146	-5.91902	-24.955	-5.97587	4.8	2.2021	-0.55	-2.83295	3.87484	2.06066	0.379674	2.06066	0.0577169	0.100748	0.379812	0.236995
-25.0756	-5.71052	4.82645	2.16709	-0.567407	-24.8975	-5.02285	-25.094	-5.7802	4.80006	2.1746	-0.549957	-2.72537	3.95132	2.06066	1.89029	1.89029	0.057648	0.100678	0.379307	0.236689
-25.21	-5.53333	4.81336	2.14489	-0.562857	-25.1941	-5.64372	-25.2276	-5.58079	4.80025	2.1471	-0.549826	-2.61581	4.02492	0.670674	1.89029	0.670674	0.0575785	0.100574	0.378804	0.236377
-25.3623	-5.34613	4.81436	2.137	-0.528283	-25.5328	-5.4399	-25.3556	-5.37777	4.80057	2.11961	-0.549609	-2.50435	4.09557	0.670674	1.28661	1.28661	0.0575034	0.100454	0.378324	0.23607
-25.4989	-5.13678	4.82218	2.1126	-0.525295	-25.5713	-5.10241	-25.4779	-5.1713	4.80101	2.09213	-0.549305	-2.39109	4.16322	0.325147	1.28661	0.325147	0.0574376	0.100338	0.377856	0.235764
-25.6331	-4.95032	4.81308	2.10628	-0.488855	-25.0178	-6.55904	-25.5946	-4.96152	4.80158	2.06467	-0.548915	-2.27613	4.22781	0.325147	6.7436	6.7436	0.0573959	0.100207	0.377471	0.235497
-25.7494	-4.76776	4.79513	2.08591	-0.486855	-25.6952	-4.89995	-25.7055	-4.7486	4.80227	2.03722	-0.548437	-2.15956	4.2893	1.0681	6.7436	1.0681	0.0573646	0.10008	0.377119	0.235263
-25.87	-4.56045	4.79515	2.06798	-0.473885	-25.8162	-4.40681	-25.8105	-4.53268	4.80309	2.0098	-0.547873	-2.04149	4.34764	1.0681	0.278747	0.278747	0.0573703	0.0999593	0.376834	0.235054
-25.9753	-4.3338	4.80187	2.03949	-0.477979	-25.9516	-4.26659	-25.9096	-4.31392	4.80403	1.98241	-0.547223	-1.92202	4.40279	0.276511	0.278747	0.276511	0.0573934	0.0998339	0.376554	0.234825
-26.0836	-4.11557	4.80719	1.99932	-0.518667	-26.8953	-4.43966	-26.0027	-4.0925	4.80509	1.95504	-0.546486	-1.80125	4.45471	0.276511	10.7447	10.7447	0.0574672	0.0997108	0.376196	0.234557
-26.1661	-3.85794	4.82662	1.96215	-0.527952	-26.1198	-3.67723	-26.0897	-3.86856	4.80628	1.92772	-0.545663	-1.67928	4.50337	1.88037	10.7447	1.88037	0.0575243	0.0995827	0.375798	0.234261
-26.2396	-3.62514	4.8292	1.91404	-0.572614	-26.5652	-3.85723	-26.1706	-3.64227	4.8076	1.90044	-0.544754	-1.55623	4.54875	1.88037	3.53387	3.53387	0.0575571	0.0994574	0.375327	0.233958
-26.2669	-3.36461	4.8325	1.86404	-0.593688	-25.9974	-3.24722	-26.2453	-3.41381	4.80903	1.8732	-0.543759	-1.4322	4.59081	4.61552	3.53387	4.61552	0.0574931	0.0993603	0.374846	0.233662
-26.3157	-3.12439	4.83386	1.81936	-0.620831	-26.2976	-3.01078	-26.3138	-3.18332	4.81058	1.84601	-0.542677	-1.30729	4.62954	4.61552	0.623866	0.623866	0.0574191	0.0992773	0.374411	0.233378
-26.3418	-2.88327	4.82836	1.77771	-0.632043	-26.1741	-2.87885	-26.376	-2.95098	4.81225	1.81888	-0.54151	-1.18162	4.66493	1.47325	0.623866	1.47325	0.0573714	0.099209	0.374053	0.233098
-26.3998	-2.65452	4.82557	1.75371	-0.620934	-26.4681	-3.44967	-26.4319	-2.71697	4.81404	1.7918	-0.540258	-1.05529	4.69696	1.47325	1.32853	1.32853	0.0573209	0.0991322	0.373681	0.232812
-26.4816	-2.47024	4.7988	1.74255	-0.604546	-26.674	-2.73852	-26.4815	-2.48143	4.81595	1.76479	-0.53892	-0.928411	4.72562	5.83838	1.32853	5.83838	0.0572476	0.0990069	0.373243	0.232514
-26.536	-2.23489	4.80036	1.72485	-0.581793	-26.657	-1.72382	-26.5247	-2.24456	4.81798	1.73784	-0.537498	-0.80109	4.75091	5.83838	0.90818	0.90818	0.0571773	0.0988818	0.372781	0.232217
-26.5876	-2.0252	4.78428	1.70446	-0.575141	-26.6691	-2.17333	-26.5616	-2.0065	4.82012	1.71097	-0.53599	-0.673434	4.77284	1.52032	0.90818	1.52032	0.0571196	0.0987604	0.372311	0.231927
-26.6181	-1.78625	4.78374	1.68398	-0.555143	-26.3248	-1.32261	-26.5921	-1.76744	4.82237	1.68417	-0.534397	-0.545553	4.79141	1.52032	1.99269	1.99269	0.0570622	0.0986395	0.371838	0.231641
-26.6146	-1.54348	4.78167	1.64646	-0.56507	-26.4671	-1.53207	-26.6161	-1.52753	4.82474	1.65745	-0.532721	-0.417552	4.80664	1.15399	1.99269	1.15399	0.05699	0.0985179	0.371378	0.231355
-26.6121	-1.30727	4.77885	1.6051	-0.589576	-26.4998	-2.19526	-26.6338	-1.28695	4.82721	1.63081	-0.53096	-0.289538	4.81852	1.15399	1.78084	1.78084	0.0569284	0.0983987	0.370963	0.231073
-26.6149	-1.07902	4.77052	1.57554	-0.590615	-26.5998	-1.14277	-26.6451	-1.04586	4.8298	1.60426	-0.529115	-0.161616	4.8271	0.221861	1.78084	0.221861	0.0568768	0.0982888	0.370561	0.230799
-26.6439	-0.848069	4.76869	1.55986	-0.573229	-27.2008	-1.67679	-26.65	-0.804425	4.83249	1.57781	-0.527187	-0.0338883	4.83238	0.221861	5.18376	5.18376	0.0568061	0.0981896	0.37012	0.230532
-26.653	-0.608621	4.77162	1.53648	-0.567645	-26.7355	-0.59539	-26.6485	-0.562811	4.83529	1.55145	-0.525176	0.0935412	4.83439	0.366131	5.18376	0.366131	0.0567354	0.0980933	0.369673	0.230266
-26.64	-0.368504	4.77561	1.49974	-0.58759	-26.9891	0.0351487	-26.6406	-0.321181	4.8382	1.52519	-0.523081	0.220572	4.83317	0.366131	2.15109	2.15109	0.0566644	0.0979992	0.369258	0.230004
-26.5927	-0.102784	4.79494	1.46051	-0.595261	-26.4553	0.0602653	-26.6264	-0.0796947	4.8412	1.49904	-0.520904	0.347104	4.82874	2.38684	2.15109	2.38684	0.0566188	0.0978837	0.368907	0.229739
-26.5731	0.134523	4.79645	1.43139	-0.599144	-26.9537	0.136943	-26.6059	0.161489	4.84431	1.47299	-0.518645	0.473041	4.82116	2.38684	1.73682	1.73682	0.056572	0.0977711	0.368574	0.22948
-26.5489	0.399954	4.81946	1.40614	-0.591915	-26.6201	0.57588	-26.5792	0.402213	4.84751	1.44706	-0.516304	0.598287	4.81045	1.86477	1.73682	1.86477	0.0565219	0.0976498	0.368241	0.229212
-26.5361	0.636821	4.817	1.39561	-0.560255	-26.8241	0.381506	-26.5462	0.642323	4.85081	1.42124	-0.513881	0.722748	4.79667	1.86477	1.73605	1.73605	0.0564541	0.0975293	0.367831	0.228944
-26.5285	0.899789	4.83815	1.38157	-0.544057	-26.7293	1.06082	-26.5069	0.881666	4.85421	1.39555	-0.511377	0.846334	4.77986	3.47084	1.73605	3.47084	0.0563945	0.0974129	0.36739	0.228665
-26.4906	1.14743	4.84134	1.37267	-0.503658	-25.9562	2.60409	-26.4616	1.12009	4.85769	1.36998	-0.508793	0.968955	4.76007	3.47084	7.44169	7.44169	0.0563435	0.0973024	0.366938	0.228385
-26.4336	1.38926	4.84565	1.34546	-0.50524	-26.3986	1.42212	-26.4101	1.35745	4.86127	1.34454	-0.506127	1.09053	4.73737	0.120105	7.44169	0.120105	0.0562863	0.0971955	0.366487	0.228105
-26.3948	1.61542	4.83506	1.33311	-0.482606	-26.5072	-0.563928	-26.3526	1.59361	4.86493	1.31923	-0.503383	1.21096	4.71181	0.120105	8.10033	8.10033	0.0562561	0.0970824	0.366055	0.227826
-26.3386	1.84168	4.82865	1.30977	-0.482406	-26.3594	1.79315	-26.2891	1.82841	4.86868	1.29407	-0.500558	1.33018	4.68345	0.144139	8.10033	0.144139	0.0562407	0.0969658	0.365631	0.227549
-26.2714	2.07196	4.82801	1.28254	-0.489034	-26.3475	1.82827	-26.2197	2.06173	4.87252	1.26904	-0.497655	1.44811	4.65235	0.144139	0.182827	0.182827	0.0562302	0.0968488	0.365204	0.227275
-26.207	2.28602	4.81446	1.25939	-0.48891	-26.2502	2.18481	-26.1444	2.29342	4.87643	1.24416	-0.494673	1.56467	4.61859	0.625255	0.182827	0.625255	0.0562468	0.0967316	0.364786	0.227005
-26.1444	2.51663	4.81169	1.24851	-0.462281	-26.069	2.27896	-26.0633	2.52336	4.88042	1.21942	-0.491613	1.67979	4.58223	0.625255	0.88594	0.88594	0.0563204	0.0966147	0.364424	0.226731
-26.0659	2.75286	4.81872	1.22626	-0.460848	-26.0641	2.80701	-25.9765	2.75141	4.88449	1.19484	-0.488475	1.79339	4.54334	0.152231	0.88594	0.152231	0.0564241	0.0964977	0.364074	0.226457
-25.9719	2.97392	4.82102	1.18709	-0.495717	-26.3234	3.02388	-25.8841	2.97746	4.88862	1.17042	-0.48526	1.90543	4.502	0.152231	2.7995	2.7995	0.0565211	0.0963813	0.363668	0.226188
-25.8745	3.22811	4.84652	1.16385	-0.492143	-25.8345	3.42005	-25.7861	3.20139	4.89283	1.14615	-0.481969	2.01582	4.45828	1.98884	2.7995	1.98884	0.0566195	0.096274	0.363261	0.225916
-25.7924	3.45378	4.84734	1.14443	-0.488188	-26.1824	3.73376	-25.6826	3.42306	4.89711	1.12206	-0.478601	2.12452	4.41227	1.98884	2.17015	2.17015	0.0568069	0.09617	0.362872	0.225644
-25.6855	3.66723	4.84362	1.11803	-0.490478	-25.6666	3.63509	-25.5737	3.64239	4.90145	1.09813	-0.475158	2.23146	4.36404	0.0735053	2.17015	0.0735053	0.0570022	0.0960623	0.362478	0.225374
-25.5688	3.87663	4.84093	1.08777	-0.499812	-25.5773	3.13316	-25.4596	3.85924	4.90586	1.07437	-0.47164	2.3366	4.31367	0.0735053	1.06487	1.06487	0.0571841	0.0959511	0.36207	0.225108
-25.4975	4.08035	4.82402	1.07601	-0.487857	-25.7492	3.99968	-25.3402	4.07353	4.91032	1.05079	-0.468047	2.43989	4.26125	3.62783	1.06487	3.62783	0.0576301	0.0958371	0.361711	0.22484
-25.3738	4.28577	4.82212	1.04754	-0.493919	-25.3516	3.75691	-25.2157	4.28514	4.91484	1.02738	-0.46438	2.54127	4.20686	3.62783	0.601186	0.601186	0.058076	0.095723	0.361337	0.224577
-25.2168	4.49461	4.83224	1.01203	-0.504023	-25.0214	4.52803	-25.0863	4.49399	4.91942	1.00417	-0.46064	2.64071	4.15058	2.04414	0.601186	2.04414	0.0583549	0.0956092	0.360928	0.224325
-25.066	4.69262	4.83076	0.987285	-0.491835	-24.2719	4.30917	-24.9518	4.69998	4.92404	0.981133	-0.456828	2.73817	4.09251	2.04414	8.92241	8.92241	0.0585501	0.0954966	0.36052	0.224079
-24.9462	4.89316	4.82667	0.967792	-0.487006	-25.0363	4.88499	-24.8126	4.90303	4.92872	0.958291	-0.452943	2.83361	4.03273	0.426443	8.92241	0.426443	0.0588404	0.0953848	0.360124	0.223832
-24.7903	5.0845	4.8274	0.938119	-0.490943	-24.3609	4.95947	-24.6686	5.10304	4.93344	0.935644	-0.448987	2.92701	3.97132	0.426443	2.3038	2.3038	0.0590671	0.0952765	0.359716	0.2236
-24.626	5.2864	4.84032	0.909164	-0.494356	-24.5041	5.35293	-24.5201	5.29995	4.9382	0.913195	-0.444959	3.01833	3.90839	0.987873	2.3038	0.987873	0.0592207	0.0951666	0.359299	0.223379
-24.4551	5.46262	4.84247	0.866766	-0.525949	-24.4379	5.24592	-24.367	5.49367	4.943	0.890947	-0.440862	3.10754	3.84401	0.987873	0.988649	0.988649	0.059305	0.0950668	0.35888	0.223239
-24.2693	5.63592	4.84587	0.830562	-0.535745	-24.1159	5.61152	-24.2095	5.68414	4.94783	0.868904	-0.436695	3.19464	3.77827	1.26433	0.988649	1.26433	0.059306	0.0949841	0.358477	0.223189
-24.1022	5.80149	4.84191	0.795131	-0.553902	-24.5638	4.75836	-24.0477	5.8713	4.9527	0.847069	-0.432459	3.27959	3.71127	1.26433	3.21113	3.21113	0.0592951	0.094933	0.358098	0.223267
-23.9277	5.96691	4.83965	0.765549	-0.556039	-23.9153	5.94377	-23.8818	6.05508	4.9576	0.825446	-0.428154	3.36239	3.64309	0.0371999	3.21113	0.0371999	0.0592674	0.0949178	0.357733	0.223444
-23.7808	6.15826	4.83347	0.772058	-0.491761	-23.5491	6.44495	-23.7117	6.23542	4.96252	0.804038	-0.423782	3.44302	3.57383	0.0371999	4.68734	4.68734	0.0592922	0.0948804	0.357318	0.223396
-23.6107	6.31988	4.8282	0.747772	-0.491937	-23.6471	6.29102	-23.5377	6.41227	4.96747	0.782849	-0.419343	3.52148	3.50357	0.109905	4.68734	0.109905	0.0593279	0.0948747	0.356904	0.223389
-23.4593	6.50073	4.82307	0.74447	-0.457035	-23.7544	6.53746	-23.3598	6.58559	4.97244	0.761882	-0.414838	3.59775	3.4324	0.109905	1.93794	1.93794	0.0594523	0.0948527	0.356499	0.223271
-23.2478	6.69028	4.85612	0.719767	-0.45607	-23.0099	6.86182	-23.1781	6.75533	4.97743	0.74114	-0.410268	3.67185	3.36041	4.38152	1.93794	4.38152	0.0594778	0.0947947	0.356089	0.223144
-23.051	6.83605	4.8521	0.694991	-0.45178	-22.7862	5.74143	-22.9928	6.92146	4.98243	0.720627	-0.405632	3.74376	3.28768	4.38152	5.53445	5.53445	0.0594749	0.0947741	0.355679	0.223055
-22.8426	6.99841	4.86784	0.669391	-0.453599	-22.6991	7.063	-22.804	7.08393	4.98744	0.700345	-0.400933	3.8135	3.21431	1.2578	5.53445	1.2578	0.0594354	0.0947539	0.35527	0.222992
-22.6321	7.13129	4.86964	0.63391	-0.47236	-22.418	6.76159	-22.6117	7.24273	4.99246	0.680299	-0.39617	3.88106	3.14038	1.2578	1.5052	1.5052	0.0593753	0.0947955	0.354868	0.223074
-22.4452	7.28251	4.86955	0.615601	-0.466893	-22.5083	7.31524	-22.4161	7.39782	4.99749	0.66049	-0.391345	3.94647	3.06598	0.268655	1.5052	0.268655	0.0593237	0.0948475	0.354465	0.22315
-22.2212	7.39985	4.87855	0.566502	-0.513522	-22.0543	7.85452	-22.2173	7.54917	5.00251	0.640923	-0.386458	4.00974	2.99118	0.268655	2.72513	2.72513	0.0592562	0.0950075	0.354097	0.223606
-22.0413	7.56333	4.88335	0.557513	-0.495885	-22.1947	7.69478	-22.0154	7.69679	5.00754	0.6216	-0.381509	4.07087	2.91607	2.20736	2.72513	2.20736	0.0592015	0.0951127	0.35371	0.223914
-21.8583	7.72856	4.88303	0.561542	-0.44917	-21.6178	9.0351	-21.8105	7.84064	5.01256	0.602525	-0.376501	4.12989	2.84074	2.20736	5.87807	5.87807	0.0591782	0.0951547	0.353308	0.223953
-21.6518	7.87218	4.89079	0.544214	-0.443211	-21.6473	7.94	-21.6026	7.98072	5.01757	0.583699	-0.371433	4.18681	2.76526	0.253328	5.87807	0.253328	0.0591574	0.0951872	0.352907	0.223974
-21.459	8.00949	4.88472	0.534332	-0.424541	-21.8637	7.78661	-21.392	8.11703	5.02257	0.565128	-0.366307	4.24166	2.68971	0.253328	1.5608	1.5608	0.0591763	0.0952169	0.352513	0.223927
-21.2208	8.06962	4.8689	0.488186	-0.451667	-21.0853	7.83229	-21.1787	8.24957	5.02756	0.546812	-0.361122	4.29447	2.61417	4.13488	1.5608	4.13488	0.0591432	0.0954929	0.352115	0.224225
-21.0279	8.22692	4.86662	0.502294	-0.388172	-20.5503	9.28616	-20.9628	8.37833	5.03253	0.528756	-0.355881	4.34526	2.53871	4.13488	6.74131	6.74131	0.0591573	0.0956556	0.351738	0.224165
-20.8468	8.38021	4.86498	0.501918	-0.368346	-21.0519	8.50983	-20.7444	8.50333	5.03748	0.510962	-0.350583	4.39406	2.46341	3.13941	6.74131	3.13941	0.0592896	0.0957262	0.351396	0.223988
-20.6117	8.48334	4.87679	0.467757	-0.395094	-19.9265	9.40847	-20.5237	8.62457	5.0424	0.493433	-0.34523	4.4409	2.38835	3.13941	4.3004	4.3004	0.0593697	0.0958523	0.351027	0.223917
-20.3724	8.6075	4.89771	0.449184	-0.392541	-20.21	8.68914	-20.3006	8.74206	5.0473	0.476172	-0.339823	4.48582	2.31358	1.67758	4.3004	1.67758	0.0594002	0.0959564	0.350651	0.223841
-20.1709	8.74204	4.89139	0.455878	-0.347488	-20.2277	8.8532	-20.0753	8.85583	5.05217	0.459181	-0.334362	4.52884	2.23919	1.67758	2.00879	2.00879	0.0595054	0.0959999	0.350319	0.223628
-19.9647	8.85361	4.88486	0.443097	-0.343068	-20.0633	8.86724	-19.848	8.96589	5.057	0.442462	-0.328848	4.57001	2.16524	0.505671	2.00879	0.505671	0.0596936	0.0960392	0.350007	0.223403
-19.7607	8.9808	4.8778	0.448614	-0.30359	-19.9264	8.78179	-19.6186	9.07227	5.0618	0.42602	-0.323282	4.60937	2.09179	0.505671	1.70004	1.70004	0.0600024	0.0960293	0.349764	0.223158
-19.532	9.05974	4.87248	0.423564	-0.314158	-19.4861	8.96665	-19.3873	9.17499	5.06656	0.409856	-0.317665	4.64694	2.01891	0.599709	1.70004	0.599709	0.0603217	0.0960762	0.34951	0.222912
-19.2978	9.16117	4.88294	0.404167	-0.321315	-18.5719	10.2069	-19.1542	9.27409	5.07128	0.393973	-0.311998	4.68278	1.94666	0.599709	4.35395	4.35395	0.0606325	0.0961167	0.349241	0.222668
-19.0243	9.237	4.90795	0.373518	-0.335347	-18.6786	9.19191	-18.9193	9.36959	5.07596	0.378373	-0.306282	4.71692	1.8751	6.18204	4.35395	6.18204	0.0607663	0.0962124	0.348924	0.222458
-18.8041	9.32491	4.9026	0.357406	-0.336285	-19.2825	8.98189	-18.6827	9.46154	5.08058	0.363059	-0.300517	4.7494	1.80429	6.18204	1.59039	1.59039	0.0609663	0.0963201	0.348617	0.222252
-18.5567	9.41949	4.91869	0.341481	-0.334586	-18.4242	9.46852	-18.4446	9.54996	5.08516	0.348033	-0.294705	4.78028	1.73429	1.01285	1.59039	1.01285	0.0611257	0.0964084	0.348301	0.222045
-18.296	9.44544	4.92585	0.286796	-0.394616	-18.1634	8.72444	-18.2049	9.63492	5.08968	0.333298	-0.288846	4.80959	1.66514	1.01285	5.94009	5.94009	0.0612075	0.0967106	0.347941	0.222166
-18.0273	9.55504	4.96386	0.277089	-0.382127	-17.7736	9.72478	-17.9639	9.71643	5.09414	0.318855	-0.282942	4.83737	1.59691	4.81991	5.94009	4.81991	0.0612124	0.0968993	0.347573	0.222205
-17.7864	9.63826	4.96606	0.272628	-0.354385	-17.2296	9.97767	-17.7214	9.79457	5.09855	0.304708	-0.276993	4.86368	1.52964	4.81991	2.98777	2.98777	0.0612208	0.0970686	0.347214	0.222144
-17.524	9.74	4.99497	0.265103	-0.341999	-17.3436	9.88109	-17.4777	9.86936	5.10289	0.290859	-0.271	4.88856	1.46338	2.74729	2.98777	2.74729	0.0611922	0.0971506	0.34685	0.222019
-17.2821	9.80748	4.99784	0.247645	-0.344737	-17.1554	10.212	-17.2328	9.94087	5.10717	0.277309	-0.264964	4.91205	1.39818	2.74729	0.622127	0.622127	0.0611688	0.097244	0.346487	0.221925
-17.0227	9.92654	5.02906	0.250108	-0.322202	-16.8876	10.145	-16.9868	10.0091	5.11138	0.26406	-0.258887	4.93421	1.33408	3.61519	0.622127	3.61519	0.0611254	0.0972147	0.346122	0.221723
-16.7744	9.98347	5.03197	0.231025	-0.326936	-16.5958	10.1078	-16.7396	10.0743	5.11551	0.251116	-0.252769	4.95507	1.27113	3.61519	0.227458	0.227458	0.0610806	0.0972013	0.345758	0.221552
-16.5279	10.098	5.0505	0.236062	-0.30344	-16.5153	10.3091	-16.4915	10.1362	5.11958	0.238478	-0.246611	4.97469	1.20937	2.54179	0.227458	2.54179	0.061038	0.0971125	0.345397	0.221316
-16.279	10.1551	5.05481	0.216996	-0.312302	-16.09	10.5824	-16.2424	10.1952	5.12357	0.226147	-0.240414	4.99311	1.14883	2.54179	0.847505	0.847505	0.0609959	0.0970256	0.345035	0.221096
-16.0289	10.2025	5.05561	0.199221	-0.314537	-16.006	10.1843	-15.9924	10.2511	5.12748	0.214126	-0.234179	5.01039	1.08956	0.045338	0.847505	0.045338	0.0609538	0.0969475	0.344673	0.220896
-15.7838	10.2628	5.05484	0.191684	-0.301135	-15.7234	10.41	-15.7416	10.3041	5.13132	0.202417	-0.227907	5.02655	1.03159	0.045338	0.239294	0.239294	0.0609198	0.0968623	0.344316	0.220682
-15.5399	10.283	5.04476	0.167454	-0.31123	-15.5699	10.1904	-15.4899	10.3543	5.13507	0.191022	-0.221599	5.04166	0.974957	0.533977	0.239294	0.533977	0.0608984	0.0968148	0.343961	0.220533
-15.2629	10.2888	5.06546	0.12322	-0.359638	-14.2385	10.9109	-15.2376	10.4016	5.13873	0.179942	-0.215255	5.05576	0.919692	0.533977	9.0572	9.0572	0.0608446	0.0968519	0.343596	0.220725
-15.0018	10.3521	5.08091	0.117198	-0.346303	-14.9365	10.4722	-14.9846	10.4462	5.14231	0.169179	-0.208879	5.06889	0.865828	1.04202	9.0572	1.04202	0.0607849	0.0968462	0.343231	0.220846
-14.7519	10.3909	5.07272	0.118191	-0.307613	-14.724	9.63507	-14.7309	10.4882	5.14579	0.158735	-0.202468	5.0811	0.813394	1.04202	6.08958	6.08958	0.0607279	0.0968471	0.342872	0.220834
-14.4913	10.3761	5.07031	0.0861569	-0.325449	-14.4088	10.222	-14.4766	10.5276	5.14919	0.148612	-0.196027	5.09243	0.762418	1.6829	6.08958	1.6829	0.0606672	0.0969956	0.342513	0.221111
-14.2333	10.3993	5.07391	0.072684	-0.319663	-13.9005	10.5238	-14.2218	10.5645	5.15249	0.138811	-0.189554	5.10293	0.712926	1.6829	0.795253	0.795253	0.0606052	0.0971907	0.342155	0.221445
-13.9535	10.5343	5.11676	0.10009	-0.271145	-13.8049	10.9383	-13.9665	10.5989	5.15569	0.129333	-0.183051	5.11263	0.664944	10.5442	0.795253	10.5442	0.0605441	0.0971333	0.341795	0.221324
-13.6997	10.5933	5.11545	0.111883	-0.227371	-13.3956	10.7857	-13.7107	10.631	5.1588	0.120181	-0.176519	5.12159	0.618496	10.5442	2.37026	2.37026	0.0604823	0.0970463	0.341439	0.221101
-13.436	10.6064	5.1204	0.0947268	-0.233352	-13.3556	10.5517	-13.4545	10.6608	5.1618	0.111355	-0.169959	5.12983	0.573603	0.488579	2.37026	0.488579	0.0604246	0.0969761	0.341082	0.220906
-13.1768	10.6288	5.12437	0.0815619	-0.236408	-12.9374	10.8137	-13.1979	10.6884	5.16471	0.102857	-0.163373	5.13741	0.530288	0.488579	0.411489	0.411489	0.0603688	0.0969127	0.340727	0.220734
-12.9204	10.7269	5.13781	0.0992186	-0.204727	-12.9591	11.0099	-12.9409	10.7138	5.16751	0.0946879	-0.156761	5.14436	0.48857	4.6134	0.411489	4.6134	0.0603128	0.0968129	0.340372	0.220505
-12.6611	10.7736	5.1423	0.10101	-0.186584	-12.2518	11.2495	-12.6836	10.7373	5.1702	0.0868499	-0.150124	5.15071	0.448467	4.6134	1.80079	1.80079	0.0602585	0.0967258	0.34002	0.220297
-12.4043	10.758	5.13699	0.0766822	-0.202494	-12.3713	10.6091	-12.426	10.7587	5.17278	0.0793437	-0.143463	5.15651	0.409997	1.3015	1.80079	1.3015	0.0602037	0.0966248	0.339668	0.220068
-12.147	10.7961	5.13759	0.0803383	-0.178748	-11.9352	10.9161	-12.1681	10.7783	5.17526	0.0721706	-0.136779	5.16179	0.373177	1.3015	0.806635	0.806635	0.0601487	0.0965275	0.339319	0.219846
-11.8936	10.8649	5.14265	0.0897236	-0.159395	-11.9451	11.0515	-11.91	10.7961	5.17763	0.0653316	-0.130074	5.16658	0.338022	2.08075	0.806635	2.08075	0.0600908	0.0964782	0.338973	0.219689
-11.6241	10.8815	5.15238	0.0792694	-0.161694	-10.9703	10.9676	-11.6516	10.8121	5.17988	0.0588279	-0.123349	5.17092	0.304546	2.08075	3.14324	3.14324	0.0600414	0.0964298	0.338625	0.219512
-11.3772	10.9077	5.14567	0.0741209	-0.158697	-11.4548	10.9407	-11.393	10.8265	5.18202	0.0526604	-0.116604	5.17484	0.272761	0.360074	3.14324	0.360074	0.0599836	0.0964007	0.33828	0.21934
-11.1155	10.839	5.15051	0.00608184	-0.261556	-11.3472	10.5111	-11.1342	10.8394	5.18405	0.0468302	-0.10984	5.17836	0.242681	0.360074	9.84482	9.84482	0.0599276	0.0963011	0.337932	0.219323
-10.83	10.8113	5.16918	-0.0180502	-0.272794	-10.6009	10.6823	-10.8753	10.8509	5.18596	0.0413382	-0.10306	5.18153	0.214317	3.51835	9.84482	3.51835	0.0599011	0.0962185	0.337584	0.219542
-10.5737	10.8069	5.16796	-0.0309915	-0.272226	-10.6563	10.8369	-10.6161	10.8609	5.18775	0.0361852	-0.0962627	5.18435	0.187679	3.51835	0.0788556	0.0788556	0.0598704	0.0961507	0.337238	0.219883
-10.326	10.8111	5.16124	-0.0392586	-0.266755	-10.4142	10.8747	-10.3569	10.8697	5.18942	0.0313721	-0.0894504	5.18687	0.162776	0.605295	0.0788556	0.605295	0.0598253	0.0960886	0.336894	0.22028
-10.0706	10.8692	5.15518	-0.00568311	-0.18738	-9.90413	11.2255	-10.0976	10.8772	5.19097	0.0268996	-0.0826241	5.1891	0.139618	0.605295	6.57117	6.57117	0.0597764	0.0959908	0.336552	0.220187
-9.81053	10.9145	5.16141	0.00266647	-0.168317	-9.83445	11.1032	-9.83809	10.8837	5.19241	0.0227684	-0.0757847	5.19106	0.118212	2.00736	6.57117	2.00736	0.0597283	0.0959027	0.336211	0.220012
-9.56478	10.904	5.14995	-0.00706928	-0.166788	-10.195	10.3498	-9.57852	10.8891	5.19372	0.0189791	-0.0689333	5.19278	0.0985664	2.00736	3.84263	3.84263	0.0596705	0.0958072	0.335873	0.219872
-9.30448	10.928	5.15447	-0.00557813	-0.156315	-9.3066	11.0348	-9.31887	10.8936	5.19491	0.0155325	-0.062071	5.19428	0.0806865	0.633974	3.84263	0.633974	0.0596133	0.0957222	0.335536	0.219704
-9.04948	10.9143	5.14981	-0.0132243	-0.150157	-9.2226	10.3527	-9.05915	10.8972	5.19597	0.0124289	-0.0551989	5.19557	0.0645787	0.633974	2.73469	2.73469	0.0595542	0.095628	0.335201	0.219562
-8.78836	10.9417	5.15515	-0.00919685	-0.137986	-8.78899	11.0707	-8.79937	10.9001	5.19691	0.00966898	-0.0483182	5.19667	0.050248	0.920635	2.73469	0.920635	0.0594959	0.0955494	0.334866	0.219383
-8.53603	10.9063	5.14825	-0.0264692	-0.147015	-8.83914	10.0319	-8.53953	10.9023	5.19773	0.00725307	-0.0414297	5.19759	0.0376992	0.920635	6.55479	6.55479	0.0594358	0.0954528	0.334535	0.219301
-8.32617	10.8448	5.10714	-0.0528264	-0.167152	-8.62045	10.6577	-8.27965	10.9039	5.19842	0.00518158	-0.0345348	5.19835	0.0269359	6.47017	6.55479	6.47017	0.0594126	0.0953933	0.334226	0.219484
-8.06866	10.8622	5.10773	-0.041406	-0.134756	-7.91543	11.1157	-8.01974	10.905	5.19899	0.00345484	-0.0276344	5.19896	0.0179617	6.47017	1.41984	1.41984	0.0593933	0.0953165	0.333917	0.219505
-7.774	10.8856	5.14129	-0.0356794	-0.121409	-7.51971	11.0005	-7.75979	10.9057	5.19943	0.00207312	-0.0207296	5.19942	0.0107791	4.08654	1.41984	4.08654	0.0593369	0.0952248	0.333592	0.219457
-7.51066	10.8877	5.14377	-0.0281235	-0.0938469	-7.25987	10.6458	-7.49981	10.9061	5.19975	0.00103664	-0.0138215	5.19975	0.00539029	4.08654	2.20786	2.20786	0.0592793	0.0951328	0.333267	0.219339
-7.24292	10.8697	5.15193	-0.0365036	-0.0976583	-7.15631	10.815	-7.23983	10.9063	5.19994	0.000345566	-0.00691132	5.19994	0.00179692	0.532462	2.20786	0.532462	0.0592201	0.0950516	0.332941	0.219284
